Log file open, 05/05/17 19:53:42
LogInit:Display: Running engine for game: TOJam2017
LogPlatformFile: Not using cached read wrapper
LogInit:Display: RandInit(-1736103158) SRandInit(-1736103158).
LogTaskGraph: Started task graph with 5 named threads and 8 total threads with 1 sets of task threads.
LogStats: Stats thread started at 0.082073
LogInit: Using libcurl 7.47.1
LogInit:  - built for x86_64-pc-win32
LogInit:  - supports SSL with OpenSSL/1.0.2g
LogInit:  - supports HTTP deflate (compression) using libz 1.2.8
LogInit:  - other features:
LogInit:      CURL_VERSION_SSL
LogInit:      CURL_VERSION_LIBZ
LogInit:      CURL_VERSION_IPV6
LogInit:      CURL_VERSION_ASYNCHDNS
LogInit:      CURL_VERSION_LARGEFILE
LogInit:      CURL_VERSION_IDN
LogInit:  CurlRequestOptions (configurable via config and command line):
LogInit:  - bVerifyPeer = false  - Libcurl will NOT verify peer certificate
LogInit:  - bUseHttpProxy = false  - Libcurl will NOT use HTTP proxy
LogInit:  - bDontReuseConnections = false  - Libcurl will reuse connections
LogInit:  - CertBundlePath = nullptr  - Libcurl will use whatever was configured at build time.
LogInit: Build: ++UE4+Release-4.15-CL-3416026
LogInit: Engine Version: 4.15.2-3416026+++UE4+Release-4.15
LogInit: Compatible Engine Version: 4.15.0-3299760+++UE4+Release-4.15
LogInit: Net CL: 3299760
LogDevObjectVersion: Number of dev versions registered: 14
LogDevObjectVersion:   Dev-Blueprints (B0D832E4-1F89-4F0D-ACCF-7EB736FD4AA2): 8
LogDevObjectVersion:   Dev-Build (E1C64328-A22C-4D53-A36C-8E866417BD8C): 0
LogDevObjectVersion:   Dev-Core (375EC13C-06E4-48FB-B500-84F0262A717E): 2
LogDevObjectVersion:   Dev-Editor (E4B068ED-F494-42E9-A231-DA0B2E46BB41): 14
LogDevObjectVersion:   Dev-Framework (CFFC743F-43B0-4480-9391-14DF171D2073): 22
LogDevObjectVersion:   Dev-Mobile (B02B49B5-BB20-44E9-A304-32B752E40360): 0
LogDevObjectVersion:   Dev-Networking (A4E4105C-59A1-49B5-A7C5-40C4547EDFEE): 0
LogDevObjectVersion:   Dev-Online (39C831C9-5AE6-47DC-9A44-9C173E1C8E7C): 0
LogDevObjectVersion:   Dev-Physics (78F01B33-EBEA-4F98-B9B4-84EACCB95AA2): 0
LogDevObjectVersion:   Dev-Platform (6631380F-2D4D-43E0-8009-CF276956A95A): 0
LogDevObjectVersion:   Dev-Rendering (12F88B9F-8875-4AFC-A67C-D90C383ABD29): 12
LogDevObjectVersion:   Dev-Sequencer (7B5AE74C-D270-4C10-A958-57980B212A5A): 3
LogDevObjectVersion:   Dev-VR (D7296918-1DD6-4BDD-9DE2-64A83CC13884): 0
LogDevObjectVersion:   Dev-LoadTimes (C2A15278-BFE7-4AFE-6C17-90FF531DF755): 1
LogInit: Compiled (64-bit): May  1 2017 13:11:28
LogInit: Compiled with Visual C++: 19.00.23026.00
LogInit: Build Configuration: Development
LogInit: Branch Name: ++UE4+Release-4.15
LogInit: Command line:  
LogInit: Base directory: C:/Program Files/Epic Games/UE_4.15/Engine/Binaries/Win64/
LogInit: Installed Engine Build: 1
LogInit: Presizing for max 8388607 objects, including 0 objects not considered by GC, pre-allocating 0 bytes for permanent pool.
LogInit: Object subsystem initialized
[2017.05.05-23.53.43:571][  0]LogInit: Selected Device Profile: [Windows]
[2017.05.05-23.53.43:571][  0]LogInit: Applying CVar settings loaded from the selected device profile: [Windows]
[2017.05.05-23.53.43:686][  0]LogInit: Computer: DESKTOP-76DH9LH
[2017.05.05-23.53.43:686][  0]LogInit: User: nijas
[2017.05.05-23.53.43:686][  0]LogInit: CPU Page size=65536, Cores=4
[2017.05.05-23.53.43:686][  0]LogInit: High frequency timer resolution =2.435773 MHz
[2017.05.05-23.53.43:687][  0]LogMemory: Memory total: Physical=7.9GB (8GB approx)
[2017.05.05-23.53.43:687][  0]LogMemory: Platform Memory Stats for Windows
[2017.05.05-23.53.43:687][  0]LogMemory: Process Physical Memory: 264.21 MB used, 264.21 MB peak
[2017.05.05-23.53.43:687][  0]LogMemory: Process Virtual Memory: 262.64 MB used, 262.64 MB peak
[2017.05.05-23.53.43:687][  0]LogMemory: Physical Memory: 5680.45 MB used,  2429.01 MB free, 8109.46 MB total
[2017.05.05-23.53.43:687][  0]LogMemory: Virtual Memory: 645.25 MB used,  2429.01 MB free, 134217728.00 MB total
[2017.05.05-23.53.43:959][  0]LogTextLocalizationManager: No specific translations for ('en-CA') exist, so ('en') translations will be used.
[2017.05.05-23.53.49:927][  0]LogD3D11RHI: D3D11 adapters:
[2017.05.05-23.53.50:577][  0]LogD3D11RHI:    0. 'NVIDIA GeForce GTX 850M' (Feature Level 11_0)
[2017.05.05-23.53.50:577][  0]LogD3D11RHI:       2018/0/4054 MB DedicatedVideo/DedicatedSystem/SharedSystem, Outputs:1, VendorId:0x10de
[2017.05.05-23.53.50:585][  0]LogD3D11RHI:    1. 'Intel(R) HD Graphics 4600' (Feature Level 11_0)
[2017.05.05-23.53.50:585][  0]LogD3D11RHI:       112/0/2048 MB DedicatedVideo/DedicatedSystem/SharedSystem, Outputs:0, VendorId:0x8086
[2017.05.05-23.53.50:586][  0]LogD3D11RHI:    2. 'Microsoft Basic Render Driver' (Feature Level 11_0)
[2017.05.05-23.53.50:586][  0]LogD3D11RHI:       0/0/4054 MB DedicatedVideo/DedicatedSystem/SharedSystem, Outputs:0, VendorId:0x1414
[2017.05.05-23.53.50:586][  0]LogD3D11RHI: Chosen D3D11 Adapter: 0
[2017.05.05-23.53.50:592][  0]LogD3D11RHI: Creating new Direct3DDevice
[2017.05.05-23.53.50:592][  0]LogD3D11RHI:     GPU DeviceId: 0x1391 (for the marketing name, search the web for "GPU Device Id")
[2017.05.05-23.53.50:592][  0]LogWindows: EnumDisplayDevices:
[2017.05.05-23.53.50:592][  0]LogWindows:    0. 'Intel(R) HD Graphics 4600' (P:1 D:1)
[2017.05.05-23.53.50:592][  0]LogWindows:    1. 'Intel(R) HD Graphics 4600' (P:0 D:0)
[2017.05.05-23.53.50:592][  0]LogWindows:    2. 'Intel(R) HD Graphics 4600' (P:0 D:0)
[2017.05.05-23.53.50:592][  0]LogWindows: DebugString: PrimaryIsNotTheChoosenAdapter PrimaryIsNotTheChoosenAdapter PrimaryIsNotTheChoosenAdapter FoundDriverCount:0 
[2017.05.05-23.53.50:592][  0]LogD3D11RHI:     Adapter Name: NVIDIA GeForce GTX 850M
[2017.05.05-23.53.50:592][  0]LogD3D11RHI:   Driver Version: Unknown (internal:Unknown, unified:Unknown)
[2017.05.05-23.53.50:592][  0]LogD3D11RHI:      Driver Date: Unknown
[2017.05.05-23.53.50:592][  0]LogRHI: Texture pool is 1361 MB (70% of 1945 MB)
[2017.05.05-23.53.51:157][  0]LogD3D11RHI: [Aftermath] Aftermath enabled but failed to initialize due to reason: DriverVersionNotSupported
[2017.05.05-23.53.51:157][  0]LogD3D11RHI: Async texture creation enabled
[2017.05.05-23.53.51:257][  0]LogD3D11RHI: GPU Timing Frequency: 1000.000000 (Debug: 2 1)
[2017.05.05-23.53.51:259][  0]LogShaderCompilers: Guid format shader working directory is -16 characters bigger than the processId version (../../../../../../GameDev/_GameProjects/UnrealGames/TOJam2017/Intermediate/Shaders/WorkingDirectory/12108/).
[2017.05.05-23.53.51:259][  0]LogShaderCompilers: Cleaned the shader compiler working directory 'C:/Users/nijas/AppData/Local/Temp/UnrealShaderWorkingDir/CC5550E148C6FA233D8B78AE0407B604/'.
[2017.05.05-23.53.51:259][  0]LogShaderCompilers:Display: Using Local Shader Compiler.
[2017.05.05-23.53.57:506][  0]LogTemp:Display: Loaded TP AllDesktopTargetPlatform
[2017.05.05-23.53.57:561][  0]LogTemp:Display: Loaded TP MacClientTargetPlatform
[2017.05.05-23.53.57:615][  0]LogTemp:Display: Loaded TP MacNoEditorTargetPlatform
[2017.05.05-23.53.57:669][  0]LogTemp:Display: Loaded TP MacServerTargetPlatform
[2017.05.05-23.53.57:772][  0]LogTemp:Display: Loaded TP MacTargetPlatform
[2017.05.05-23.53.57:852][  0]LogTemp:Display: Loaded TP WindowsClientTargetPlatform
[2017.05.05-23.53.57:907][  0]LogTemp:Display: Loaded TP WindowsNoEditorTargetPlatform
[2017.05.05-23.53.57:962][  0]LogTemp:Display: Loaded TP WindowsServerTargetPlatform
[2017.05.05-23.53.58:008][  0]LogTemp:Display: Loaded TP WindowsTargetPlatform
[2017.05.05-23.53.58:118][  0]LogTemp:Display: Loaded TP AndroidTargetPlatform
[2017.05.05-23.53.58:172][  0]LogTemp:Display: Loaded TP Android_ASTCTargetPlatform
[2017.05.05-23.53.58:228][  0]LogTemp:Display: Loaded TP Android_ATCTargetPlatform
[2017.05.05-23.53.58:282][  0]LogTemp:Display: Loaded TP Android_DXTTargetPlatform
[2017.05.05-23.53.58:336][  0]LogTemp:Display: Loaded TP Android_ETC1TargetPlatform
[2017.05.05-23.53.58:390][  0]LogTemp:Display: Loaded TP Android_ETC2TargetPlatform
[2017.05.05-23.53.58:498][  0]LogTemp:Display: Loaded TP Android_MultiTargetPlatform
[2017.05.05-23.53.58:498][  0]LogTemp:Display: Loaded TP Android_PVRTCTargetPlatform
[2017.05.05-23.53.58:535][  0]LogTemp:Display: Loaded TP HTML5TargetPlatform
[2017.05.05-23.53.58:642][  0]LogTemp:Display: Loaded TP IOSTargetPlatform
[2017.05.05-23.53.58:702][  0]LogTemp:Display: Loaded TP TVOSTargetPlatform
[2017.05.05-23.53.58:757][  0]LogTemp:Display: Loaded TP LinuxClientTargetPlatform
[2017.05.05-23.53.58:814][  0]LogTemp:Display: Loaded TP LinuxNoEditorTargetPlatform
[2017.05.05-23.53.58:867][  0]LogTemp:Display: Loaded TP LinuxServerTargetPlatform
[2017.05.05-23.53.58:971][  0]LogTemp:Display: Loaded TP LinuxTargetPlatform
[2017.05.05-23.53.58:971][  0]LogTargetPlatformManager:Display: Building Assets For Windows
[2017.05.05-23.53.59:647][  0]LogDerivedDataCache:Display: Max Cache Size: 512 MB
[2017.05.05-23.54.00:414][  0]LogDerivedDataCache: Loaded boot cache 0.77s 50MB C:/Users/nijas/AppData/Local/UnrealEngine/4.15/DerivedDataCache/Boot.ddc.
[2017.05.05-23.54.00:414][  0]LogDerivedDataCache:Display: Loaded Boot cache: C:/Users/nijas/AppData/Local/UnrealEngine/4.15/DerivedDataCache/Boot.ddc
[2017.05.05-23.54.00:414][  0]LogDerivedDataCache: FDerivedDataBackendGraph:  Pak pak cache file ../../../../../../GameDev/_GameProjects/UnrealGames/TOJam2017/DerivedDataCache/DDC.ddp not found, will not use a pak cache.
[2017.05.05-23.54.00:414][  0]LogDerivedDataCache: Unable to find inner node Pak for hierarchical cache Hierarchy.
[2017.05.05-23.54.00:414][  0]LogDerivedDataCache: FDerivedDataBackendGraph:  CompressedPak pak cache file ../../../../../../GameDev/_GameProjects/UnrealGames/TOJam2017/DerivedDataCache/Compressed.ddp not found, will not use a pak cache.
[2017.05.05-23.54.00:414][  0]LogDerivedDataCache: Unable to find inner node CompressedPak for hierarchical cache Hierarchy.
[2017.05.05-23.54.00:500][  0]LogDerivedDataCache:Display: Pak cache opened for reading ../../../Engine/DerivedDataCache/Compressed.ddp.
[2017.05.05-23.54.00:513][  0]LogDerivedDataCache: Using Local data cache path C:/Users/nijas/AppData/Local/UnrealEngine/Common/DerivedDataCache: Writable
[2017.05.05-23.54.00:522][  0]LogSlate: Using Freetype 2.6.0
[2017.05.05-23.54.00:558][  0]LogSlate: SlateFontCache - WITH_FREETYPE: 1, WITH_HARFBUZZ: 1
[2017.05.05-23.54.00:558][  0]LogSlate: SlateFontCache - WITH_FREETYPE: 1, WITH_HARFBUZZ: 1
[2017.05.05-23.54.06:032][  0]LogInit: Selected Device Profile: [Windows]
[2017.05.05-23.54.06:034][  0]LogContentStreaming: Texture pool size is 0.00 MB
[2017.05.05-23.54.06:248][  0]LogMeshUtilities: Using QuadricMeshReduction for automatic static mesh reduction
[2017.05.05-23.54.06:290][  0]LogSimplygon: Simplygon DLL not present - disabling.
[2017.05.05-23.54.06:335][  0]LogMeshUtilities: Using SimplygonSwarm for distributed automatic mesh merging
[2017.05.05-23.54.06:335][  0]LogMeshUtilities: No automatic skeletal mesh reduction module available
[2017.05.05-23.54.06:335][  0]LogMeshUtilities: No automatic mesh merging module available
[2017.05.05-23.54.07:046][  0]LogNetVersion: GetLocalNetworkVersion: CL: 3299760, ProjectName: tojam2017, ProjectVersion: , EngineNetworkVersion: 2, GameNetworkVersion: 0, NetworkChecksum: 4065219163
[2017.05.05-23.54.07:095][  0]LogAssetRegistry: FAssetRegistry took 0.0215 seconds to start up
[2017.05.05-23.54.07:156][  0]LogPackageLocalizationCache: Processed 3 localized package path(s) for 2 prioritized culture(s) in 0.029862 seconds
[2017.05.05-23.54.07:162][  0]LogUObjectArray: 32493 objects as part of root set at end of initial load.
[2017.05.05-23.54.07:162][  0]LogUObjectAllocator: 7077024 out of 0 bytes used by permanent object pool.
[2017.05.05-23.54.07:162][  0]LogUObjectArray: CloseDisregardForGC: 0/0 objects in disregard for GC pool
[2017.05.05-23.54.07:226][  0]LogInit: WinSock: version 1.1 (2.2), MaxSocks=32767, MaxUdp=65467
[2017.05.05-23.54.34:084][  0]LogTcpMessaging: Initializing TcpMessaging bridge
[2017.05.05-23.54.34:143][  0]LogUdpMessaging: Initializing bridge on interface 0.0.0.0:0 to multicast group 230.0.0.1:6666.
[2017.05.05-23.54.35:201][  0]LogMaterial: Uniform references updated for custom material expression Custom.
[2017.05.05-23.54.35:937][  0]SourceControl: Info Source control is disabled
[2017.05.05-23.54.38:460][  0]LogEngine: Initializing Engine...
[2017.05.05-23.54.38:460][  0]LogHMD: Failed to initialize OpenVR with code 110
[2017.05.05-23.54.38:586][  0]LogStats: UGameplayTagsManager::ConstructGameplayTagTree: Construct from data asset -  0.000 s
[2017.05.05-23.54.38:586][  0]LogStats: UGameplayTagsManager::ConstructGameplayTagTree: GameplayTagTreeChangedEvent.Broadcast -  0.000 s
[2017.05.05-23.54.38:732][  0]LogAIModule: Creating AISystem for world Untitled
[2017.05.05-23.54.38:746][  0]LogInit: XAudio2 using 'Speakers (Realtek High Definition Audio)' : 2 channels at 48 kHz using 32 bits per sample (channel mask 0x3)
[2017.05.05-23.54.38:767][  0]LogInit: FAudioDevice initialized.
[2017.05.05-23.54.38:808][  0]LogDerivedDataCache: Saved boot cache 0.04s 50MB C:/Users/nijas/AppData/Local/UnrealEngine/4.15/DerivedDataCache/Boot.ddc.
[2017.05.05-23.54.38:820][  0]LogInit: Texture streaming: Enabled
[2017.05.05-23.54.38:931][  0]LogEngineSessionManager: EngineSessionManager initialized
[2017.05.05-23.54.39:049][  0]LogInit: Transaction tracking system initialized
[2017.05.05-23.54.39:479][  0]BlueprintLog: New page: Editor Load
[2017.05.05-23.54.40:608][  0]LocalizationService: Info Localization service is disabled
[2017.05.05-23.54.41:671][  0]LogConsoleResponse:Display: 
[2017.05.05-23.54.42:093][  0]LogCook:Display: Max memory allowance for cook 16384mb min free memory 0mb
[2017.05.05-23.54.42:094][  0]LogCook:Display: Mobile HDR setting 1
[2017.05.05-23.54.43:171][  0]LogFileCache: Scanning file cache for directory 'C:/GameDev/_GameProjects/UnrealGames/TOJam2017/Content/' took 0.04s
[2017.05.05-23.54.44:194][  0]Cmd: MAP LOAD FILE="../../../../../../GameDev/_GameProjects/UnrealGames/TOJam2017/Content/Maps/LevelOne.umap" TEMPLATE=0 SHOWPROGRESS=1 FEATURELEVEL=3
[2017.05.05-23.54.44:195][  0]LightingResults: New page: Lighting Build
[2017.05.05-23.54.44:234][  0]MapCheck: New page: Map Check
[2017.05.05-23.54.44:234][  0]LightingResults: New page: Lighting Build
[2017.05.05-23.54.44:756][  0]LogAIModule: Creating AISystem for world LevelOne
[2017.05.05-23.54.44:791][  0]LogEditorServer: Finished looking for orphan Actors (0.000 secs)
[2017.05.05-23.54.44:792][  0]Cmd: MAP CHECKDEP NOCLEARLOG
[2017.05.05-23.54.44:845][  0]MapCheck: Info Map check complete: 0 Error(s), 0 Warning(s), took 53.026ms to complete.
[2017.05.05-23.54.44:845][  0]LogFileHelpers: Loading map 'LevelOne' took 0.651
[2017.05.05-23.54.45:212][  0]LogCollectionManager: Loaded 0 collections in 0.001678 seconds
[2017.05.05-23.54.45:289][  0]LogFileCache: Scanning file cache for directory 'C:/GameDev/_GameProjects/UnrealGames/TOJam2017/Saved/Collections/' took 0.01s
[2017.05.05-23.54.45:289][  0]LogFileCache: Scanning file cache for directory 'C:/GameDev/_GameProjects/UnrealGames/TOJam2017/Content/Developers/nijas/Collections/' took 0.01s
[2017.05.05-23.54.45:289][  0]LogFileCache: Scanning file cache for directory 'C:/GameDev/_GameProjects/UnrealGames/TOJam2017/Content/Collections/' took 0.01s
[2017.05.05-23.54.45:289][  0]LogCollectionManager: Rebuilt the GUID cache for 0 collections in 0.000002 seconds
[2017.05.05-23.54.45:298][  0]LogContentBrowser: Native class hierarchy populated in 0.0084 seconds. Added 2245 classes and 453 folders.
[2017.05.05-23.54.45:373][  0]LogContentBrowser: Native class hierarchy updated for 'WidgetCarousel' in 0.0010 seconds. Added 0 classes and 0 folders.
[2017.05.05-23.54.47:005][  0]LogContentBrowser: Native class hierarchy updated for 'AddContentDialog' in 0.0019 seconds. Added 0 classes and 0 folders.
[2017.05.05-23.54.47:132][  0]LogContentBrowser: Native class hierarchy updated for 'SceneOutliner' in 0.0007 seconds. Added 1 classes and 2 folders.
[2017.05.05-23.54.47:271][  0]LogCrashTracker: Crashtracker disabled due to settings.
[2017.05.05-23.54.50:076][  0]LogSlate: Only BGRA pngs, bmps or icos are supported in by External Image Picker
[2017.05.05-23.54.50:143][  0]LogUObjectGlobals:Warning: Failed to find object 'Class None.'
[2017.05.05-23.54.50:223][  0]LogContentBrowser: Native class hierarchy updated for 'HierarchicalLODOutliner' in 0.0005 seconds. Added 1 classes and 2 folders.
[2017.05.05-23.54.50:224][  0]LogLoad: (Engine Initialization) Total time: 70.92 seconds
[2017.05.05-23.54.50:224][  0]LogLoad: (Engine Initialization) Total Blueprint compile time: 0.19 seconds
[2017.05.05-23.54.50:224][  0]LogExternalProfiler: Found external profiler: VSPerf
[2017.05.05-23.54.50:224][  0]LogExternalProfiler: Using external profiler: VSPerf
[2017.05.05-23.54.50:565][  0]LogTemp:Display: Executing iPhonePackager certificates Engine -bundlename com.YourCompany.TOJam2017

[2017.05.05-23.54.50:565][  0]LogTemp:Display: CWD: C:\Program Files\Epic Games\UE_4.15\Engine\Binaries\DotNET\IOS

[2017.05.05-23.54.50:565][  0]LogTemp:Display: Initial Dir: C:\Program Files\Epic Games\UE_4.15

[2017.05.05-23.54.50:565][  0]LogTemp:Display: Env CWD: C:\Program Files\Epic Games\UE_4.15\Engine\Binaries\DotNET\IOS

[2017.05.05-23.54.50:565][  0]LogTemp:Display: BranchPath = DESKTOP-76DH9LH/C/Program Files/Epic Games/UE_4.15/Engine/Binaries --- GameBranchPath = DESKTOP-76DH9LH/C/Program Files/Epic Games/UE_4.15/Engine/Binaries

[2017.05.05-23.54.50:565][  0]LogTemp:Display: IPP ERROR: Application exception: System.IO.DirectoryNotFoundException: Could not find a part of the path 'C:\Users\nijas\AppData\Local\Apple Computer\MobileDevice\Provisioning Profiles'.

[2017.05.05-23.54.50:565][  0]LogTemp:Display:    at System.IO.__Error.WinIOError(Int32 errorCode, String maybeFullPath)

[2017.05.05-23.54.50:565][  0]LogTemp:Display:    at System.IO.FileSystemEnumerableIterator`1.CommonInit()

[2017.05.05-23.54.50:566][  0]LogTemp:Display:    at System.IO.Directory.EnumerateFiles(String path, String searchPattern)

[2017.05.05-23.54.50:566][  0]LogTemp:Display:    at iPhonePackager.CodeSignatureBuilder.FindProvisions(String CFBundleIdentifier)

[2017.05.05-23.54.50:566][  0]LogTemp:Display:    at iPhonePackager.Program.Main(String[] args)

[2017.05.05-23.54.50:566][  0]LogOcInput: OculusInput pre-init called
[2017.05.05-23.54.50:610][  0]SourceControl: Info On branch master
[2017.05.05-23.54.50:610][  0]SourceControl: Info Changes not staged for commit:
[2017.05.05-23.54.50:610][  0]SourceControl: Info   (use "git add <file>..." to update what will be committed)
[2017.05.05-23.54.50:610][  0]SourceControl: Info   (use "git checkout -- <file>..." to discard changes in working directory)
[2017.05.05-23.54.50:610][  0]SourceControl: Info 	modified:   Intermediate/CachedAssetRegistry.bin
[2017.05.05-23.54.50:610][  0]SourceControl: Info 	modified:   Saved/Config/Windows/Editor.ini
[2017.05.05-23.54.50:610][  0]SourceControl: Info 	modified:   Saved/Config/Windows/EditorPerProjectUserSettings.ini
[2017.05.05-23.54.50:611][  0]SourceControl: Info 	modified:   Saved/Config/Windows/Engine.ini
[2017.05.05-23.54.50:611][  0]SourceControl: Info 	modified:   Saved/Logs/TOJam2017.log
[2017.05.05-23.54.50:611][  0]SourceControl: Info Untracked files:
[2017.05.05-23.54.50:611][  0]SourceControl: Info   (use "git add <file>..." to include in what will be committed)
[2017.05.05-23.54.50:611][  0]SourceControl: Info 	Saved/Logs/TOJam2017-backup-2017.05.05-19.53.42.log
[2017.05.05-23.54.50:611][  0]SourceControl: Info 	Saved/Logs/UE4CC-Windows-9045476A49B443205E847F817C0269AD/
[2017.05.05-23.54.50:611][  0]SourceControl: Info no changes added to commit (use "git add" and/or "git commit -a")
[2017.05.05-23.54.50:612][  0]LogContentStreaming: Texture pool size now 1000 MB
[2017.05.05-23.54.50:616][  0]LogSlate: Took 0.000761 seconds to synchronously load lazily loaded font '../../../Engine/Content/Slate/Fonts/Roboto-Regular.ttf' (155K)
[2017.05.05-23.54.50:660][  0]LogSlate: Took 0.024409 seconds to synchronously load lazily loaded font '../../../Engine/Content/Slate/Fonts/Roboto-Bold.ttf' (160K)
[2017.05.05-23.54.50:698][  0]LogSlate: Took 0.025368 seconds to synchronously load lazily loaded font '../../../Engine/Content/Editor/Slate/Fonts/FontAwesome.ttf' (139K)
[2017.05.05-23.54.50:994][  0]LogSlate: Took 0.030567 seconds to synchronously load lazily loaded font '../../../Engine/Content/Slate/Fonts/Roboto-Light.ttf' (159K)
[2017.05.05-23.54.51:019][  0]LogRenderer: Reallocating scene render targets to support 892x448 NumSamples 1 (Frame:2).
[2017.05.05-23.54.51:433][  2]LogAssetRegistry: Asset discovery search completed in 44.3600 seconds
[2017.05.05-23.54.51:433][  2]LogCollectionManager: Rebuilt the object cache for 0 collections in 0.000016 seconds (found 0 objects)
[2017.05.05-23.54.51:433][  2]LogCollectionManager: Fixed up redirectors for 0 collections in 0.000064 seconds (updated 0 objects)
[2017.05.05-23.54.51:762][  3]LogSlate: Took 0.000930 seconds to synchronously load lazily loaded font '../../../Engine/Content/Slate/Fonts/Roboto-Light.ttf' (159K)
[2017.05.05-23.55.07:070][801]LogTexture:Display: Building textures: Ganfaul_glow (AutoDXT, 2048X2048) - 213 MB total VRAM
[2017.05.05-23.55.07:654][801]LogTexture:Display: Building textures: Ganfaul_normal (BC5, 2048X2048) - 213 MB total VRAM
[2017.05.05-23.55.08:195][801]LogTexture:Display: Building textures: Ganfaul_specular (AutoDXT, 2048X2048) - 213 MB total VRAM
[2017.05.05-23.55.09:540][801]LogTexture:Display: Building textures: Ganfaul_diffuse (AutoDXT, 2048X2048) - 213 MB total VRAM
[2017.05.05-23.55.11:808][801]LogMaterial: Missing cached shader map for material Ganfaul_Body, compiling. 
[2017.05.05-23.55.11:808][801]LogTemp:Display: Added material ShaderMap 0x000001FFBD833C80 with Material 0x000001FFBD7ED480 to ShaderMapsBeingCompiled
[2017.05.05-23.55.11:860][801]LogTemp:Display: Kicking off shader compilation for Ganfaul_Body, GameThreadShaderMap 0x000001FFBD833C80
[2017.05.05-23.55.11:865][801]LogSlate: Took 0.000186 seconds to synchronously load lazily loaded font '../../../Engine/Content/Slate/Fonts/Roboto-Light.ttf' (159K)
[2017.05.05-23.55.12:001][801]LogContentBrowser: Native class hierarchy updated for 'SkeletonEditor' in 0.0006 seconds. Added 1 classes and 2 folders.
[2017.05.05-23.55.12:677][801]LogSlate: Took 0.000258 seconds to synchronously load lazily loaded font '../../../Engine/Content/Slate/Fonts/Roboto-Regular.ttf' (155K)
[2017.05.05-23.55.12:924][801]LogTexture:Display: Building textures: Arrow00_diff (AutoDXT, 512X1024) - 230 MB total VRAM
[2017.05.05-23.55.13:024][801]LogMaterial: Missing cached shader map for material Arrow00_mat, compiling. 
[2017.05.05-23.55.13:024][801]LogTemp:Display: Added material ShaderMap 0x000001FFB818C100 with Material 0x000001FFA5C6EF80 to ShaderMapsBeingCompiled
[2017.05.05-23.55.13:056][801]LogTemp:Display: Kicking off shader compilation for Arrow00_mat, GameThreadShaderMap 0x000001FFB818C100
[2017.05.05-23.55.13:252][801]LogTexture:Display: Building textures: Bow00_diff (AutoDXT, 512X1024) - 230 MB total VRAM
[2017.05.05-23.55.13:382][801]LogMaterial: Missing cached shader map for material Bow00_mat, compiling. 
[2017.05.05-23.55.13:383][801]LogTemp:Display: Added material ShaderMap 0x000001FFE02BD980 with Material 0x000001FFB812B880 to ShaderMapsBeingCompiled
[2017.05.05-23.55.13:418][801]LogTemp:Display: Kicking off shader compilation for Bow00_mat, GameThreadShaderMap 0x000001FFE02BD980
[2017.05.05-23.55.13:444][801]LogActorComponent: RegisterComponentWithWorld: (/Engine/Transient.World_1:PersistentLevel.Actor_0.DebugSkelMeshComponent_0) Already registered. Aborting.
[2017.05.05-23.55.13:652][801]LogSkeletalMesh: USkeletalMeshComponent::InitArticulated : Bodies already created (/Engine/Transient.World_1:PersistentLevel.Actor_0.DebugSkelMeshComponent_0) - call TermArticulated first.
[2017.05.05-23.55.13:965][801]LogSlate: Took 0.024081 seconds to synchronously load lazily loaded font '../../../Engine/Content/Editor/Slate/Fonts/Roboto-Italic.ttf' (157K)
[2017.05.05-23.55.14:039][801]LogRenderer: Reallocating scene render targets to support 912x672 NumSamples 1 (Frame:1066).
[2017.05.05-23.55.17:004][877]LogActorComponent: RegisterComponentWithWorld: (/Engine/Transient.World_4:PersistentLevel.Actor_1.DebugSkelMeshComponent_1) Already registered. Aborting.
[2017.05.05-23.55.17:168][877]LogSkeletalMesh: USkeletalMeshComponent::InitArticulated : Bodies already created (/Engine/Transient.World_4:PersistentLevel.Actor_1.DebugSkelMeshComponent_1) - call TermArticulated first.
[2017.05.05-23.55.20:803][982]LogTemp:Display: Finished compile of shader map 0x000001FFBD833C80
[2017.05.05-23.55.20:804][982]LogTemp:Display: Shader map Ganfaul_Body complete, GameThreadShaderMap 0x000001FFBD833C80, marking material Ganfaul_Body as finished
[2017.05.05-23.55.20:804][982]LogTemp:Display: Marking material as finished 0x000001FFBD7ED480
[2017.05.05-23.55.25:819][148]LogTemp:Display: Finished compile of shader map 0x000001FFB818C100
[2017.05.05-23.55.25:819][148]LogTemp:Display: Shader map Arrow00_mat complete, GameThreadShaderMap 0x000001FFB818C100, marking material Arrow00_mat as finished
[2017.05.05-23.55.25:819][148]LogTemp:Display: Marking material as finished 0x000001FFA5C6EF80
[2017.05.05-23.55.29:057][236]LogTemp:Display: Finished compile of shader map 0x000001FFE02BD980
[2017.05.05-23.55.29:057][236]LogTemp:Display: Shader map Bow00_mat complete, GameThreadShaderMap 0x000001FFE02BD980, marking material Bow00_mat as finished
[2017.05.05-23.55.29:057][236]LogTemp:Display: Marking material as finished 0x000001FFB812B880
[2017.05.05-23.55.47:924][581]LogContentBrowser: Native class hierarchy updated for 'BlueprintGraph' in 0.0009 seconds. Added 112 classes and 0 folders.
[2017.05.05-23.55.48:621][581]LogSlate: Took 0.020721 seconds to synchronously load lazily loaded font '../../../Engine/Content/Editor/Slate/Fonts/Roboto-BoldCondensed.ttf' (158K)
[2017.05.05-23.56.07:396][581]LogEditorViewport: Clicking on Actor (LMB): BP_Sky_Sphere_C (Sky Sphere)
[2017.05.06-00.00.55:073][488]LogTexture:Display: Building textures: sword_c (AutoDXT, 256X1024) - 258 MB total VRAM
[2017.05.06-00.00.55:158][488]LogMaterial: Missing cached shader map for material 01_-_Default, compiling. 
[2017.05.06-00.00.55:159][488]LogTemp:Display: Added material ShaderMap 0x000001FFAE419D00 with Material 0x0000020015D01900 to ShaderMapsBeingCompiled
[2017.05.06-00.00.55:188][488]LogTemp:Display: Kicking off shader compilation for 01_-_Default, GameThreadShaderMap 0x000001FFAE419D00
[2017.05.06-00.00.55:442][488]LogTexture:Display: Building textures: Shield00_diff (AutoDXT, 1024X1024) - 258 MB total VRAM
[2017.05.06-00.00.55:746][488]LogMaterial: Missing cached shader map for material Shield00_mat, compiling. 
[2017.05.06-00.00.55:747][488]LogTemp:Display: Added material ShaderMap 0x0000020019987200 with Material 0x0000020015CE1300 to ShaderMapsBeingCompiled
[2017.05.06-00.00.55:808][488]LogTemp:Display: Kicking off shader compilation for Shield00_mat, GameThreadShaderMap 0x0000020019987200
[2017.05.06-00.00.55:816][488]LogActorComponent: RegisterComponentWithWorld: (/Engine/Transient.World_6:PersistentLevel.Actor_2.DebugSkelMeshComponent_2) Already registered. Aborting.
[2017.05.06-00.00.55:932][488]LogSkeletalMesh: USkeletalMeshComponent::InitArticulated : Bodies already created (/Engine/Transient.World_6:PersistentLevel.Actor_2.DebugSkelMeshComponent_2) - call TermArticulated first.
[2017.05.06-00.01.03:757][783]LogTemp: Repeting last play command: Selected Viewport
[2017.05.06-00.01.03:785][783]LogBlueprintUserMessages: Early PlayInEditor Detection: Level '/Game/Maps/LevelOne.LevelOne:PersistentLevel' has LevelScriptBlueprint '/Game/Maps/LevelOne.LevelOne:PersistentLevel.LevelOne' with GeneratedClass '/Game/Maps/LevelOne.LevelOne_C' with ClassGeneratedBy '/Game/Maps/LevelOne.LevelOne:PersistentLevel.LevelOne'
[2017.05.06-00.01.03:785][783]LogPlayLevel: PlayLevel: No blueprints needed recompiling
[2017.05.06-00.01.03:787][783]PIE: New page: PIE session: LevelOne (May 5, 2017, 4:01:03 PM)
[2017.05.06-00.01.03:788][783]LogPlayLevel: Creating play world package: /Game/Maps/UEDPIE_0_LevelOne
[2017.05.06-00.01.03:800][783]LogPlayLevel: PIE: StaticDuplicateObject took: (0.012512s)
[2017.05.06-00.01.03:802][783]LogAIModule: Creating AISystem for world LevelOne
[2017.05.06-00.01.03:803][783]LogPlayLevel: PIE: World Init took: (0.002423s)
[2017.05.06-00.01.03:803][783]LogPlayLevel: PIE: Created PIE world by copying editor world from /Game/Maps/LevelOne.LevelOne to /Game/Maps/UEDPIE_0_LevelOne.LevelOne (0.015804s)
[2017.05.06-00.01.03:928][783]LogInit: XAudio2 using 'Speakers (Realtek High Definition Audio)' : 2 channels at 48 kHz using 32 bits per sample (channel mask 0x3)
[2017.05.06-00.01.03:950][783]LogInit: FAudioDevice initialized.
[2017.05.06-00.01.04:049][783]LogLoad: Game class is 'BP_GameMode_C'
[2017.05.06-00.01.04:054][783]LogWorld: Bringing World /Game/Maps/UEDPIE_0_LevelOne.LevelOne up for play (max tick rate 60) at 2017.05.05-20.01.04
[2017.05.06-00.01.04:054][783]LogWorld: Bringing up level for play took: 0.002657
[2017.05.06-00.01.04:193][783]LogContentBrowser: Native class hierarchy updated for 'MovieSceneCapture' in 0.0024 seconds. Added 11 classes and 0 folders.
[2017.05.06-00.01.04:200][783]PIE: Info Play in editor start time for /Game/Maps/UEDPIE_0_LevelOne 0.096
[2017.05.06-00.01.04:201][783]LogBlueprintUserMessages: Late PlayInEditor Detection: Level '/Game/Maps/LevelOne.LevelOne:PersistentLevel' has LevelScriptBlueprint '/Game/Maps/LevelOne.LevelOne:PersistentLevel.LevelOne' with GeneratedClass '/Game/Maps/LevelOne.LevelOne_C' with ClassGeneratedBy '/Game/Maps/LevelOne.LevelOne:PersistentLevel.LevelOne'
[2017.05.06-00.01.04:342][786]LogTemp:Display: Finished compile of shader map 0x000001FFAE419D00
[2017.05.06-00.01.04:342][786]LogTemp:Display: Shader map 01_-_Default complete, GameThreadShaderMap 0x000001FFAE419D00, marking material 01_-_Default as finished
[2017.05.06-00.01.04:342][786]LogTemp:Display: Marking material as finished 0x0000020015D01900
[2017.05.06-00.01.07:838][979]LogTemp:Display: Finished compile of shader map 0x0000020019987200
[2017.05.06-00.01.07:838][979]LogTemp:Display: Shader map Shield00_mat complete, GameThreadShaderMap 0x0000020019987200, marking material Shield00_mat as finished
[2017.05.06-00.01.07:838][979]LogTemp:Display: Marking material as finished 0x0000020015CE1300
[2017.05.06-00.01.09:720][ 92]LogBlueprintUserMessages: Early EndPlayMap Detection: Level '/Game/Maps/LevelOne.LevelOne:PersistentLevel' has LevelScriptBlueprint '/Game/Maps/LevelOne.LevelOne:PersistentLevel.LevelOne' with GeneratedClass '/Game/Maps/LevelOne.LevelOne_C' with ClassGeneratedBy '/Game/Maps/LevelOne.LevelOne:PersistentLevel.LevelOne'
[2017.05.06-00.01.09:774][ 92]LogBlueprintUserMessages: Late EndPlayMap Detection: Level '/Game/Maps/LevelOne.LevelOne:PersistentLevel' has LevelScriptBlueprint '/Game/Maps/LevelOne.LevelOne:PersistentLevel.LevelOne' with GeneratedClass '/Game/Maps/LevelOne.LevelOne_C' with ClassGeneratedBy '/Game/Maps/LevelOne.LevelOne:PersistentLevel.LevelOne'
[2017.05.06-00.01.16:830][501]LogEditorViewport: Clicking on Actor (LMB): SkeletalMeshActor (Paladin_J_Nordstrom)
[2017.05.06-00.01.17:718][554]Cmd: DELETE
[2017.05.06-00.01.17:718][554]Cmd: ACTOR DELETE
[2017.05.06-00.01.17:719][554]LogEditorActor: Deleted Actor: SkeletalMeshActor
[2017.05.06-00.01.17:735][554]LogEditorActor: Deleted 1 Actors (0.017 secs)
[2017.05.06-00.04.53:807][443]LogTemp: Repeting last play command: Selected Viewport
[2017.05.06-00.04.53:826][443]LogBlueprintUserMessages: Early PlayInEditor Detection: Level '/Game/Maps/LevelOne.LevelOne:PersistentLevel' has LevelScriptBlueprint '/Game/Maps/LevelOne.LevelOne:PersistentLevel.LevelOne' with GeneratedClass '/Game/Maps/LevelOne.LevelOne_C' with ClassGeneratedBy '/Game/Maps/LevelOne.LevelOne:PersistentLevel.LevelOne'
[2017.05.06-00.04.53:826][443]LogPlayLevel: PlayLevel: No blueprints needed recompiling
[2017.05.06-00.04.53:826][443]PIE: New page: PIE session: LevelOne (May 5, 2017, 4:04:53 PM)
[2017.05.06-00.04.53:826][443]LogPlayLevel: Creating play world package: /Game/Maps/UEDPIE_0_LevelOne
[2017.05.06-00.04.53:831][443]LogPlayLevel: PIE: StaticDuplicateObject took: (0.005198s)
[2017.05.06-00.04.53:833][443]LogAIModule: Creating AISystem for world LevelOne
[2017.05.06-00.04.53:833][443]LogPlayLevel: PIE: World Init took: (0.001930s)
[2017.05.06-00.04.53:834][443]LogPlayLevel: PIE: Created PIE world by copying editor world from /Game/Maps/LevelOne.LevelOne to /Game/Maps/UEDPIE_0_LevelOne.LevelOne (0.007481s)
[2017.05.06-00.04.53:851][443]LogInit: XAudio2 using 'Speakers (Realtek High Definition Audio)' : 2 channels at 48 kHz using 32 bits per sample (channel mask 0x3)
[2017.05.06-00.04.53:861][443]LogInit: FAudioDevice initialized.
[2017.05.06-00.04.53:892][443]LogLoad: Game class is 'BP_GameMode_C'
[2017.05.06-00.04.53:895][443]LogWorld: Bringing World /Game/Maps/UEDPIE_0_LevelOne.LevelOne up for play (max tick rate 60) at 2017.05.05-20.04.53
[2017.05.06-00.04.53:895][443]LogWorld: Bringing up level for play took: 0.001368
[2017.05.06-00.04.53:897][443]PIE: Info Play in editor start time for /Game/Maps/UEDPIE_0_LevelOne -0.207
[2017.05.06-00.04.53:898][443]LogBlueprintUserMessages: Late PlayInEditor Detection: Level '/Game/Maps/LevelOne.LevelOne:PersistentLevel' has LevelScriptBlueprint '/Game/Maps/LevelOne.LevelOne:PersistentLevel.LevelOne' with GeneratedClass '/Game/Maps/LevelOne.LevelOne_C' with ClassGeneratedBy '/Game/Maps/LevelOne.LevelOne:PersistentLevel.LevelOne'
[2017.05.06-00.05.00:342][829]LogBlueprintUserMessages: Early EndPlayMap Detection: Level '/Game/Maps/LevelOne.LevelOne:PersistentLevel' has LevelScriptBlueprint '/Game/Maps/LevelOne.LevelOne:PersistentLevel.LevelOne' with GeneratedClass '/Game/Maps/LevelOne.LevelOne_C' with ClassGeneratedBy '/Game/Maps/LevelOne.LevelOne:PersistentLevel.LevelOne'
[2017.05.06-00.05.00:378][829]LogBlueprintUserMessages: Late EndPlayMap Detection: Level '/Game/Maps/LevelOne.LevelOne:PersistentLevel' has LevelScriptBlueprint '/Game/Maps/LevelOne.LevelOne:PersistentLevel.LevelOne' with GeneratedClass '/Game/Maps/LevelOne.LevelOne_C' with ClassGeneratedBy '/Game/Maps/LevelOne.LevelOne:PersistentLevel.LevelOne'
[2017.05.06-00.05.21:619][ 93]Cmd: DELETE
[2017.05.06-00.05.21:619][ 93]Cmd: ACTOR DELETE
[2017.05.06-00.05.21:620][ 93]LogEditorActor: Deleted Actor: BaseCharacter_C
[2017.05.06-00.05.21:635][ 93]LogEditorActor: Deleted 1 Actors (0.016 secs)
[2017.05.06-00.11.39:253][195]Cmd: OBJ SAVEPACKAGE PACKAGE="/Game/Maps/LevelOne" FILE="../../../../../../GameDev/_GameProjects/UnrealGames/TOJam2017/Content/Maps/LevelOne.umap" SILENT=true AUTOSAVING=false KEEPDIRTY=false
[2017.05.06-00.11.39:412][195]LogSavePackage: Save=138.40ms
[2017.05.06-00.11.39:412][195]LogSavePackage: Moving '../../../../../../GameDev/_GameProjects/UnrealGames/TOJam2017/Saved/LevelOneE0865E43441AB2648097179958178DC4.tmp' to '../../../../../../GameDev/_GameProjects/UnrealGames/TOJam2017/Content/Maps/LevelOne.umap'
[2017.05.06-00.11.39:415][195]LogSavePackage:Display: Finished SavePackage ../../../../../../GameDev/_GameProjects/UnrealGames/TOJam2017/Content/Maps/LevelOne.umap
[2017.05.06-00.11.39:443][195]LogFileHelpers: Saving map 'LevelOne' took 0.247
[2017.05.06-00.11.41:106][295]SourceControl: Info fatal: C:/Program Files/Epic Games/UE_4.15/Engine/Content/: 'C:/Program Files/Epic Games/UE_4.15/Engine/Content/' is outside repository
[2017.05.06-00.11.41:222][295]LogPackageName:Error: Illegal call to DoesPackageExist: '../../../../../../GameDev/_GameProjects/UnrealGames/TOJam2017/TOJam2017.uproject' is not a standard unreal filename or a long path name. Reason: Path should be no less than 4 characters long.
[2017.05.06-00.11.41:468][295]LogStats: FPlatformStackWalk::StackWalkAndDump -  0.246 s
[2017.05.06-00.11.41:468][295]LogOutputDevice:Error: === Handled ensure: ===
[2017.05.06-00.11.41:468][295]LogOutputDevice:Error: 
[2017.05.06-00.11.41:468][295]LogOutputDevice:Error: Ensure condition failed: false [File:D:\Build\++UE4+Release-4.15+Compile\Sync\Engine\Source\Runtime\CoreUObject\Private\Misc\PackageName.cpp] [Line: 650]
[2017.05.06-00.11.41:468][295]LogOutputDevice:Error: Illegal call to DoesPackageExist: '../../../../../../GameDev/_GameProjects/UnrealGames/TOJam2017/TOJam2017.uproject' is not a standard unreal filename or a long path name. Reason: Path should be no less than 4 characters long.
[2017.05.06-00.11.41:468][295]LogOutputDevice:Error: Stack: 
[2017.05.06-00.11.41:468][295]LogOutputDevice:Error: UE4Editor-Core.dll!0x00000000CECE95E6
[2017.05.06-00.11.41:468][295]LogOutputDevice:Error: UE4Editor-Core.dll!0x00000000CEA99B82
[2017.05.06-00.11.41:468][295]LogOutputDevice:Error: UE4Editor-Core.dll!0x00000000CEAAB666
[2017.05.06-00.11.41:468][295]LogOutputDevice:Error: UE4Editor-CoreUObject.dll!0x00000000CE47A6E8
[2017.05.06-00.11.41:468][295]LogOutputDevice:Error: UE4Editor-SourceControl.dll!0x00000000C4123D22
[2017.05.06-00.11.41:468][295]LogOutputDevice:Error: UE4Editor-SourceControl.dll!0x00000000C4123EB9
[2017.05.06-00.11.41:468][295]LogOutputDevice:Error: UE4Editor-SourceControlWindows.dll!0x00000000C0E71D2E
[2017.05.06-00.11.41:468][295]LogOutputDevice:Error: UE4Editor-SourceControlWindows.dll!0x00000000C0E2B4B5
[2017.05.06-00.11.41:468][295]LogOutputDevice:Error: UE4Editor-SourceControlWindows.dll!0x00000000C0E2AA8D
[2017.05.06-00.11.41:468][295]LogOutputDevice:Error: UE4Editor-SourceControlWindows.dll!0x00000000C0E3F274
[2017.05.06-00.11.41:468][295]LogOutputDevice:Error: UE4Editor-GitSourceControl.dll!0x00000000ECDEB851
[2017.05.06-00.11.41:468][295]LogOutputDevice:Error: UE4Editor-GitSourceControl.dll!0x00000000ECDFD1ED
[2017.05.06-00.11.41:468][295]LogOutputDevice:Error: UE4Editor-SourceControl.dll!0x00000000C4129C5C
[2017.05.06-00.11.41:468][295]LogOutputDevice:Error: UE4Editor-UnrealEd.dll!0x00000000C8EA7517
[2017.05.06-00.11.41:468][295]LogOutputDevice:Error: UE4Editor-UnrealEd.dll!0x00000000C96B2156
[2017.05.06-00.11.41:468][295]LogOutputDevice:Error: UE4Editor.exe!0x00000000CB04DEE3
[2017.05.06-00.11.41:468][295]LogOutputDevice:Error: UE4Editor.exe!0x00000000CB03EB40
[2017.05.06-00.11.41:468][295]LogOutputDevice:Error: UE4Editor.exe!0x00000000CB03EBBA
[2017.05.06-00.11.41:468][295]LogOutputDevice:Error: UE4Editor.exe!0x00000000CB050A29
[2017.05.06-00.11.41:468][295]LogOutputDevice:Error: UE4Editor.exe!0x00000000CB0522B6
[2017.05.06-00.11.41:468][295]LogOutputDevice:Error: KERNEL32.DLL!0x0000000032C78364
[2017.05.06-00.11.41:468][295]LogOutputDevice:Error: ntdll.dll!0x00000000351170D1
[2017.05.06-00.11.41:468][295]LogOutputDevice:Error: 
[2017.05.06-00.11.41:472][295]LogStats:                SubmitErrorReport -  0.000 s
