Log file open, 05/07/17 05:50:31
LogInit:Display: Running engine for game: TOJam2017
LogPlatformFile: Not using cached read wrapper
LogInit:Display: RandInit(977992385) SRandInit(977992385).
LogTaskGraph: Started task graph with 5 named threads and 8 total threads with 1 sets of task threads.
LogStats: Stats thread started at 0.072670
LogInit: Using libcurl 7.47.1
LogInit:  - built for x86_64-pc-win32
LogInit:  - supports SSL with OpenSSL/1.0.2g
LogInit:  - supports HTTP deflate (compression) using libz 1.2.8
LogInit:  - other features:
LogInit:      CURL_VERSION_SSL
LogInit:      CURL_VERSION_LIBZ
LogInit:      CURL_VERSION_IPV6
LogInit:      CURL_VERSION_ASYNCHDNS
LogInit:      CURL_VERSION_LARGEFILE
LogInit:      CURL_VERSION_IDN
LogInit:  CurlRequestOptions (configurable via config and command line):
LogInit:  - bVerifyPeer = false  - Libcurl will NOT verify peer certificate
LogInit:  - bUseHttpProxy = false  - Libcurl will NOT use HTTP proxy
LogInit:  - bDontReuseConnections = false  - Libcurl will reuse connections
LogInit:  - CertBundlePath = nullptr  - Libcurl will use whatever was configured at build time.
LogInit: Build: ++UE4+Release-4.15-CL-3416026
LogInit: Engine Version: 4.15.2-3416026+++UE4+Release-4.15
LogInit: Compatible Engine Version: 4.15.0-3299760+++UE4+Release-4.15
LogInit: Net CL: 3299760
LogDevObjectVersion: Number of dev versions registered: 14
LogDevObjectVersion:   Dev-Blueprints (B0D832E4-1F89-4F0D-ACCF-7EB736FD4AA2): 8
LogDevObjectVersion:   Dev-Build (E1C64328-A22C-4D53-A36C-8E866417BD8C): 0
LogDevObjectVersion:   Dev-Core (375EC13C-06E4-48FB-B500-84F0262A717E): 2
LogDevObjectVersion:   Dev-Editor (E4B068ED-F494-42E9-A231-DA0B2E46BB41): 14
LogDevObjectVersion:   Dev-Framework (CFFC743F-43B0-4480-9391-14DF171D2073): 22
LogDevObjectVersion:   Dev-Mobile (B02B49B5-BB20-44E9-A304-32B752E40360): 0
LogDevObjectVersion:   Dev-Networking (A4E4105C-59A1-49B5-A7C5-40C4547EDFEE): 0
LogDevObjectVersion:   Dev-Online (39C831C9-5AE6-47DC-9A44-9C173E1C8E7C): 0
LogDevObjectVersion:   Dev-Physics (78F01B33-EBEA-4F98-B9B4-84EACCB95AA2): 0
LogDevObjectVersion:   Dev-Platform (6631380F-2D4D-43E0-8009-CF276956A95A): 0
LogDevObjectVersion:   Dev-Rendering (12F88B9F-8875-4AFC-A67C-D90C383ABD29): 12
LogDevObjectVersion:   Dev-Sequencer (7B5AE74C-D270-4C10-A958-57980B212A5A): 3
LogDevObjectVersion:   Dev-VR (D7296918-1DD6-4BDD-9DE2-64A83CC13884): 0
LogDevObjectVersion:   Dev-LoadTimes (C2A15278-BFE7-4AFE-6C17-90FF531DF755): 1
LogInit: Compiled (64-bit): May  1 2017 13:11:28
LogInit: Compiled with Visual C++: 19.00.23026.00
LogInit: Build Configuration: Development
LogInit: Branch Name: ++UE4+Release-4.15
LogInit: Command line: -EpicPortal 
LogInit: Base directory: d:/Program Files/Epic Games/UE_4.15/Engine/Binaries/Win64/
LogInit: Installed Engine Build: 1
LogInit: Presizing for max 8388607 objects, including 0 objects not considered by GC, pre-allocating 0 bytes for permanent pool.
LogInit: Object subsystem initialized
[2017.05.07-09.50.32:257][  0]LogInit: Selected Device Profile: [Windows]
[2017.05.07-09.50.32:257][  0]LogInit: Applying CVar settings loaded from the selected device profile: [Windows]
[2017.05.07-09.50.32:268][  0]LogInit: Computer: DESKTOP-QN8JF5I
[2017.05.07-09.50.32:268][  0]LogInit: User: khizer
[2017.05.07-09.50.32:268][  0]LogInit: CPU Page size=65536, Cores=4
[2017.05.07-09.50.32:268][  0]LogInit: High frequency timer resolution =2.143473 MHz
[2017.05.07-09.50.32:268][  0]LogMemory: Memory total: Physical=7.7GB (8GB approx)
[2017.05.07-09.50.32:268][  0]LogMemory: Platform Memory Stats for Windows
[2017.05.07-09.50.32:268][  0]LogMemory: Process Physical Memory: 264.70 MB used, 264.70 MB peak
[2017.05.07-09.50.32:268][  0]LogMemory: Process Virtual Memory: 262.85 MB used, 262.85 MB peak
[2017.05.07-09.50.32:268][  0]LogMemory: Physical Memory: 3157.82 MB used,  4690.54 MB free, 7848.36 MB total
[2017.05.07-09.50.32:268][  0]LogMemory: Virtual Memory: 645.24 MB used,  4690.54 MB free, 134217728.00 MB total
[2017.05.07-09.50.32:332][  0]LogTextLocalizationManager: No specific translations for ('en-CA') exist, so ('en') translations will be used.
[2017.05.07-09.50.33:215][  0]LogD3D11RHI: D3D11 adapters:
[2017.05.07-09.50.33:287][  0]LogD3D11RHI:    0. 'NVIDIA GeForce GTX 760M' (Feature Level 11_0)
[2017.05.07-09.50.33:287][  0]LogD3D11RHI:       2020/0/3924 MB DedicatedVideo/DedicatedSystem/SharedSystem, Outputs:1, VendorId:0x10de
[2017.05.07-09.50.33:306][  0]LogD3D11RHI:    1. 'Intel(R) HD Graphics 4600' (Feature Level 11_0)
[2017.05.07-09.50.33:306][  0]LogD3D11RHI:       112/0/2048 MB DedicatedVideo/DedicatedSystem/SharedSystem, Outputs:0, VendorId:0x8086
[2017.05.07-09.50.33:311][  0]LogD3D11RHI:    2. 'Microsoft Basic Render Driver' (Feature Level 11_0)
[2017.05.07-09.50.33:311][  0]LogD3D11RHI:       0/0/3924 MB DedicatedVideo/DedicatedSystem/SharedSystem, Outputs:0, VendorId:0x1414
[2017.05.07-09.50.33:311][  0]LogD3D11RHI: Chosen D3D11 Adapter: 0
[2017.05.07-09.50.33:322][  0]LogD3D11RHI: Creating new Direct3DDevice
[2017.05.07-09.50.33:323][  0]LogD3D11RHI:     GPU DeviceId: 0x11e3 (for the marketing name, search the web for "GPU Device Id")
[2017.05.07-09.50.33:323][  0]LogWindows: EnumDisplayDevices:
[2017.05.07-09.50.33:323][  0]LogWindows:    0. 'Intel(R) HD Graphics 4600' (P:1 D:1)
[2017.05.07-09.50.33:324][  0]LogWindows:    1. 'Intel(R) HD Graphics 4600' (P:0 D:0)
[2017.05.07-09.50.33:324][  0]LogWindows:    2. 'Intel(R) HD Graphics 4600' (P:0 D:0)
[2017.05.07-09.50.33:325][  0]LogWindows: DebugString: PrimaryIsNotTheChoosenAdapter PrimaryIsNotTheChoosenAdapter PrimaryIsNotTheChoosenAdapter FoundDriverCount:0 
[2017.05.07-09.50.33:325][  0]LogD3D11RHI:     Adapter Name: NVIDIA GeForce GTX 760M
[2017.05.07-09.50.33:325][  0]LogD3D11RHI:   Driver Version: Unknown (internal:Unknown, unified:Unknown)
[2017.05.07-09.50.33:325][  0]LogD3D11RHI:      Driver Date: Unknown
[2017.05.07-09.50.33:325][  0]LogRHI: Texture pool is 1361 MB (70% of 1945 MB)
[2017.05.07-09.50.33:361][  0]LogD3D11RHI:Warning: Timestamp queries are currently disabled on this hardware due to instability. Realtime GPU stats will not be available. You can override this behaviour by setting r.NVIDIATimestampWorkaround to 0
[2017.05.07-09.50.33:367][  0]LogD3D11RHI: [Aftermath] Aftermath enabled but failed to initialize due to reason: NvApiIncompatible
[2017.05.07-09.50.33:367][  0]LogD3D11RHI: Async texture creation enabled
[2017.05.07-09.50.33:394][  0]LogD3D11RHI: GPU Timing Frequency: 1000.000000 (Debug: 2 1)
[2017.05.07-09.50.33:397][  0]LogShaderCompilers: Guid format shader working directory is 9 characters bigger than the processId version (../../../../../../ToJamProject/TOJAM17/Intermediate/Shaders/WorkingDirectory/3844/).
[2017.05.07-09.50.33:397][  0]LogShaderCompilers: Cleaned the shader compiler working directory 'C:/Users/khizer/AppData/Local/Temp/UnrealShaderWorkingDir/3A76A3174DF8D1DED84BA693461C3C00/'.
[2017.05.07-09.50.33:397][  0]LogShaderCompilers:Display: Using Local Shader Compiler.
[2017.05.07-09.50.35:328][  0]LogTemp:Display: Loaded TP AllDesktopTargetPlatform
[2017.05.07-09.50.35:399][  0]LogTemp:Display: Loaded TP MacClientTargetPlatform
[2017.05.07-09.50.35:469][  0]LogTemp:Display: Loaded TP MacNoEditorTargetPlatform
[2017.05.07-09.50.35:540][  0]LogTemp:Display: Loaded TP MacServerTargetPlatform
[2017.05.07-09.50.35:611][  0]LogTemp:Display: Loaded TP MacTargetPlatform
[2017.05.07-09.50.35:681][  0]LogTemp:Display: Loaded TP WindowsClientTargetPlatform
[2017.05.07-09.50.35:752][  0]LogTemp:Display: Loaded TP WindowsNoEditorTargetPlatform
[2017.05.07-09.50.35:822][  0]LogTemp:Display: Loaded TP WindowsServerTargetPlatform
[2017.05.07-09.50.35:875][  0]LogTemp:Display: Loaded TP WindowsTargetPlatform
[2017.05.07-09.50.35:944][  0]LogTemp:Display: Loaded TP AndroidTargetPlatform
[2017.05.07-09.50.36:013][  0]LogTemp:Display: Loaded TP Android_ASTCTargetPlatform
[2017.05.07-09.50.36:082][  0]LogTemp:Display: Loaded TP Android_ATCTargetPlatform
[2017.05.07-09.50.36:151][  0]LogTemp:Display: Loaded TP Android_DXTTargetPlatform
[2017.05.07-09.50.36:221][  0]LogTemp:Display: Loaded TP Android_ETC1TargetPlatform
[2017.05.07-09.50.36:290][  0]LogTemp:Display: Loaded TP Android_ETC2TargetPlatform
[2017.05.07-09.50.36:430][  0]LogTemp:Display: Loaded TP Android_MultiTargetPlatform
[2017.05.07-09.50.36:430][  0]LogTemp:Display: Loaded TP Android_PVRTCTargetPlatform
[2017.05.07-09.50.36:472][  0]LogTemp:Display: Loaded TP HTML5TargetPlatform
[2017.05.07-09.50.36:588][  0]LogTemp:Display: Loaded TP IOSTargetPlatform
[2017.05.07-09.50.36:636][  0]LogTemp:Display: Loaded TP TVOSTargetPlatform
[2017.05.07-09.50.36:706][  0]LogTemp:Display: Loaded TP LinuxClientTargetPlatform
[2017.05.07-09.50.36:774][  0]LogTemp:Display: Loaded TP LinuxNoEditorTargetPlatform
[2017.05.07-09.50.36:843][  0]LogTemp:Display: Loaded TP LinuxServerTargetPlatform
[2017.05.07-09.50.36:912][  0]LogTemp:Display: Loaded TP LinuxTargetPlatform
[2017.05.07-09.50.36:912][  0]LogTargetPlatformManager:Display: Building Assets For Windows
[2017.05.07-09.50.37:390][  0]LogDerivedDataCache:Display: Max Cache Size: 512 MB
[2017.05.07-09.50.37:465][  0]LogDerivedDataCache: Loaded boot cache 0.07s 50MB C:/Users/khizer/AppData/Local/UnrealEngine/4.15/DerivedDataCache/Boot.ddc.
[2017.05.07-09.50.37:465][  0]LogDerivedDataCache:Display: Loaded Boot cache: C:/Users/khizer/AppData/Local/UnrealEngine/4.15/DerivedDataCache/Boot.ddc
[2017.05.07-09.50.37:465][  0]LogDerivedDataCache: FDerivedDataBackendGraph:  Pak pak cache file ../../../../../../ToJamProject/TOJAM17/DerivedDataCache/DDC.ddp not found, will not use a pak cache.
[2017.05.07-09.50.37:465][  0]LogDerivedDataCache: Unable to find inner node Pak for hierarchical cache Hierarchy.
[2017.05.07-09.50.37:465][  0]LogDerivedDataCache: FDerivedDataBackendGraph:  CompressedPak pak cache file ../../../../../../ToJamProject/TOJAM17/DerivedDataCache/Compressed.ddp not found, will not use a pak cache.
[2017.05.07-09.50.37:465][  0]LogDerivedDataCache: Unable to find inner node CompressedPak for hierarchical cache Hierarchy.
[2017.05.07-09.50.37:496][  0]LogDerivedDataCache:Display: Pak cache opened for reading ../../../Engine/DerivedDataCache/Compressed.ddp.
[2017.05.07-09.50.37:509][  0]LogDerivedDataCache: Using Local data cache path C:/Users/khizer/AppData/Local/UnrealEngine/Common/DerivedDataCache: Writable
[2017.05.07-09.50.37:523][  0]LogSlate: Using Freetype 2.6.0
[2017.05.07-09.50.37:524][  0]LogSlate: SlateFontCache - WITH_FREETYPE: 1, WITH_HARFBUZZ: 1
[2017.05.07-09.50.37:524][  0]LogSlate: SlateFontCache - WITH_FREETYPE: 1, WITH_HARFBUZZ: 1
[2017.05.07-09.50.37:898][  0]LogInit: Selected Device Profile: [Windows]
[2017.05.07-09.50.37:902][  0]LogContentStreaming: Texture pool size is 0.00 MB
[2017.05.07-09.50.38:175][  0]LogMeshUtilities: Using QuadricMeshReduction for automatic static mesh reduction
[2017.05.07-09.50.38:222][  0]LogSimplygon: Simplygon DLL not present - disabling.
[2017.05.07-09.50.38:272][  0]LogMeshUtilities: Using SimplygonSwarm for distributed automatic mesh merging
[2017.05.07-09.50.38:272][  0]LogMeshUtilities: No automatic skeletal mesh reduction module available
[2017.05.07-09.50.38:272][  0]LogMeshUtilities: No automatic mesh merging module available
[2017.05.07-09.50.38:983][  0]LogNetVersion: GetLocalNetworkVersion: CL: 3299760, ProjectName: tojam2017, ProjectVersion: , EngineNetworkVersion: 2, GameNetworkVersion: 0, NetworkChecksum: 4065219163
[2017.05.07-09.50.39:032][  0]LogAssetRegistry: FAssetRegistry took 0.0217 seconds to start up
[2017.05.07-09.50.39:088][  0]LogPackageLocalizationCache: Processed 3 localized package path(s) for 2 prioritized culture(s) in 0.033450 seconds
[2017.05.07-09.50.39:096][  0]LogUObjectArray: 32493 objects as part of root set at end of initial load.
[2017.05.07-09.50.39:096][  0]LogUObjectAllocator: 7077024 out of 0 bytes used by permanent object pool.
[2017.05.07-09.50.39:096][  0]LogUObjectArray: CloseDisregardForGC: 0/0 objects in disregard for GC pool
[2017.05.07-09.50.39:163][  0]LogInit: WinSock: version 1.1 (2.2), MaxSocks=32767, MaxUdp=65467
[2017.05.07-09.50.41:107][  0]LogTcpMessaging: Initializing TcpMessaging bridge
[2017.05.07-09.50.41:148][  0]LogUdpMessaging: Initializing bridge on interface 0.0.0.0:0 to multicast group 230.0.0.1:6666.
[2017.05.07-09.50.41:681][  0]LogMaterial: Uniform references updated for custom material expression Custom.
[2017.05.07-09.50.42:124][  0]SourceControl: Info Source control is disabled
[2017.05.07-09.50.43:637][  0]LogEngine: Initializing Engine...
[2017.05.07-09.50.43:638][  0]LogHMD: Failed to initialize OpenVR with code 110
[2017.05.07-09.50.43:745][  0]LogStats: UGameplayTagsManager::ConstructGameplayTagTree: Construct from data asset -  0.000 s
[2017.05.07-09.50.43:745][  0]LogStats: UGameplayTagsManager::ConstructGameplayTagTree: GameplayTagTreeChangedEvent.Broadcast -  0.000 s
[2017.05.07-09.50.43:828][  0]LogAIModule: Creating AISystem for world Untitled
[2017.05.07-09.50.43:833][  0]LogInit: XAudio2 using 'Speakers (Realtek High Definition Audio)' : 2 channels at 48 kHz using 32 bits per sample (channel mask 0x3)
[2017.05.07-09.50.43:855][  0]LogInit: FAudioDevice initialized.
[2017.05.07-09.50.43:881][  0]LogDerivedDataCache: Saved boot cache 0.03s 50MB C:/Users/khizer/AppData/Local/UnrealEngine/4.15/DerivedDataCache/Boot.ddc.
[2017.05.07-09.50.43:887][  0]LogInit: Texture streaming: Enabled
[2017.05.07-09.50.43:952][  0]LogEngineSessionManager: EngineSessionManager initialized
[2017.05.07-09.50.44:013][  0]LogInit: Transaction tracking system initialized
[2017.05.07-09.50.44:247][  0]BlueprintLog: New page: Editor Load
[2017.05.07-09.50.44:851][  0]LocalizationService: Info Localization service is disabled
[2017.05.07-09.50.45:510][  0]LogConsoleResponse:Display: 
[2017.05.07-09.50.45:622][  0]LogCook:Display: Max memory allowance for cook 16384mb min free memory 0mb
[2017.05.07-09.50.45:622][  0]LogCook:Display: Mobile HDR setting 1
[2017.05.07-09.50.46:442][  0]LogFileCache: Scanning file cache for directory 'd:/ToJamProject/TOJAM17/Content/' took 0.02s
[2017.05.07-09.50.46:442][  0]Cmd: MAP LOAD FILE="../../../../../../ToJamProject/TOJAM17/Content/Maps/Level1.umap" TEMPLATE=0 SHOWPROGRESS=1 FEATURELEVEL=3
[2017.05.07-09.50.46:442][  0]LightingResults: New page: Lighting Build
[2017.05.07-09.50.46:471][  0]MapCheck: New page: Map Check
[2017.05.07-09.50.46:471][  0]LightingResults: New page: Lighting Build
[2017.05.07-09.50.47:559][  0]LogAIModule: Creating AISystem for world Level1
[2017.05.07-09.50.47:593][  0]LogEditorServer: Finished looking for orphan Actors (0.000 secs)
[2017.05.07-09.50.47:594][  0]Cmd: MAP CHECKDEP NOCLEARLOG
[2017.05.07-09.50.47:642][  0]MapCheck: Info Map check complete: 0 Error(s), 0 Warning(s), took 48.519ms to complete.
[2017.05.07-09.50.47:642][  0]LogFileHelpers: Loading map 'Level1' took 1.201
[2017.05.07-09.50.47:700][  0]LogWindowsTextInputMethodSystem:Display: IME system now deactivated.
[2017.05.07-09.50.47:864][  0]LogCollectionManager: Loaded 0 collections in 0.000920 seconds
[2017.05.07-09.50.47:931][  0]LogFileCache: Scanning file cache for directory 'd:/ToJamProject/TOJAM17/Saved/Collections/' took 0.01s
[2017.05.07-09.50.47:931][  0]LogFileCache: Scanning file cache for directory 'd:/ToJamProject/TOJAM17/Content/Developers/khizer/Collections/' took 0.01s
[2017.05.07-09.50.47:931][  0]LogFileCache: Scanning file cache for directory 'd:/ToJamProject/TOJAM17/Content/Collections/' took 0.01s
[2017.05.07-09.50.47:931][  0]LogCollectionManager: Rebuilt the GUID cache for 0 collections in 0.000001 seconds
[2017.05.07-09.50.47:941][  0]LogContentBrowser: Native class hierarchy populated in 0.0092 seconds. Added 2245 classes and 453 folders.
[2017.05.07-09.50.47:988][  0]LogContentBrowser: Native class hierarchy updated for 'WidgetCarousel' in 0.0005 seconds. Added 0 classes and 0 folders.
[2017.05.07-09.50.48:022][  0]LogContentBrowser: Native class hierarchy updated for 'AddContentDialog' in 0.0005 seconds. Added 0 classes and 0 folders.
[2017.05.07-09.50.48:053][  0]LogContentBrowser: Native class hierarchy updated for 'SceneOutliner' in 0.0005 seconds. Added 1 classes and 2 folders.
[2017.05.07-09.50.48:095][  0]LogCrashTracker: Crashtracker disabled due to settings.
[2017.05.07-09.50.48:101][  0]LogUObjectGlobals:Warning: Failed to find object 'Class None.'
[2017.05.07-09.50.48:156][  0]LogContentBrowser: Native class hierarchy updated for 'HierarchicalLODOutliner' in 0.0006 seconds. Added 1 classes and 2 folders.
[2017.05.07-09.50.48:156][  0]LogLoad: (Engine Initialization) Total time: 17.57 seconds
[2017.05.07-09.50.48:156][  0]LogLoad: (Engine Initialization) Total Blueprint compile time: 0.37 seconds
[2017.05.07-09.50.48:156][  0]LogExternalProfiler: Found external profiler: VSPerf
[2017.05.07-09.50.48:156][  0]LogExternalProfiler: Using external profiler: VSPerf
[2017.05.07-09.50.48:173][  0]LogOcInput: OculusInput pre-init called
[2017.05.07-09.50.48:195][  0]SourceControl: Info On branch master
[2017.05.07-09.50.48:195][  0]SourceControl: Info Your branch is up-to-date with 'origin/master'.
[2017.05.07-09.50.48:195][  0]SourceControl: Info Changes to be committed:
[2017.05.07-09.50.48:195][  0]SourceControl: Info   (use "git reset HEAD <file>..." to unstage)
[2017.05.07-09.50.48:195][  0]SourceControl: Info 	modified:   Content/Maps/Level4.umap
[2017.05.07-09.50.48:195][  0]SourceControl: Info 	new file:   Content/Maps/Level5.umap
[2017.05.07-09.50.48:195][  0]SourceControl: Info 	new file:   Content/Maps/Level66.umap
[2017.05.07-09.50.48:195][  0]SourceControl: Info 	new file:   Content/Maps/Levelt.umap
[2017.05.07-09.50.48:195][  0]SourceControl: Info Changes not staged for commit:
[2017.05.07-09.50.48:195][  0]SourceControl: Info   (use "git add/rm <file>..." to update what will be committed)
[2017.05.07-09.50.48:195][  0]SourceControl: Info   (use "git checkout -- <file>..." to discard changes in working directory)
[2017.05.07-09.50.48:195][  0]SourceControl: Info 	modified:   Config/DefaultEngine.ini
[2017.05.07-09.50.48:195][  0]SourceControl: Info 	modified:   Config/DefaultInput.ini
[2017.05.07-09.50.48:195][  0]SourceControl: Info 	modified:   Content/Blueprints/Characters/BP_BowCharacter.uasset
[2017.05.07-09.50.48:195][  0]SourceControl: Info 	modified:   Content/Blueprints/Characters/BP_ShieldCharacter.uasset
[2017.05.07-09.50.48:195][  0]SourceControl: Info 	modified:   Content/Blueprints/Characters/BaseCharacter.uasset
[2017.05.07-09.50.48:195][  0]SourceControl: Info 	modified:   Content/Blueprints/Projectile/BP_Projectile.uasset
[2017.05.07-09.50.48:195][  0]SourceControl: Info 	modified:   Content/Blueprints/Target/BP_Target.uasset
[2017.05.07-09.50.48:195][  0]SourceControl: Info 	modified:   Content/Maps/Level2.umap
[2017.05.07-09.50.48:195][  0]SourceControl: Info 	modified:   Content/Maps/Level4.umap
[2017.05.07-09.50.48:195][  0]SourceControl: Info 	modified:   Content/Maps/Level5.umap
[2017.05.07-09.50.48:195][  0]SourceControl: Info 	deleted:    Content/Maps/Level66.umap
[2017.05.07-09.50.48:195][  0]SourceControl: Info 	deleted:    Content/Maps/Levelt.umap
[2017.05.07-09.50.48:195][  0]SourceControl: Info 	modified:   Intermediate/CachedAssetRegistry.bin
[2017.05.07-09.50.48:195][  0]SourceControl: Info 	modified:   Intermediate/Config/CoalescedSourceConfigs/Engine.ini
[2017.05.07-09.50.48:195][  0]SourceControl: Info 	modified:   Intermediate/Config/CoalescedSourceConfigs/Input.ini
[2017.05.07-09.50.48:195][  0]SourceControl: Info 	modified:   Saved/AutoScreenshot.png
[2017.05.07-09.50.48:195][  0]SourceControl: Info 	modified:   Saved/Autosaves/PackageRestoreData.json
[2017.05.07-09.50.48:195][  0]SourceControl: Info 	modified:   Saved/Config/Windows/Editor.ini
[2017.05.07-09.50.48:195][  0]SourceControl: Info 	modified:   Saved/Config/Windows/EditorPerProjectUserSettings.ini
[2017.05.07-09.50.48:195][  0]SourceControl: Info 	deleted:    Saved/Logs/TOJam2017-backup-2017.05.06-13.00.48.log
[2017.05.07-09.50.48:195][  0]SourceControl: Info 	deleted:    Saved/Logs/TOJam2017-backup-2017.05.06-15.48.48.log
[2017.05.07-09.50.48:195][  0]SourceControl: Info 	modified:   Saved/Logs/TOJam2017.log
[2017.05.07-09.50.48:195][  0]SourceControl: Info Untracked files:
[2017.05.07-09.50.48:195][  0]SourceControl: Info   (use "git add <file>..." to include in what will be committed)
[2017.05.07-09.50.48:195][  0]SourceControl: Info 	Intermediate/AssetRegistryCache/9cd4830f.bin
[2017.05.07-09.50.48:195][  0]SourceControl: Info 	Saved/Backup/BP_BowCharacter_2017-05-07-05-16-22.uasset
[2017.05.07-09.50.48:195][  0]SourceControl: Info 	Saved/Backup/BP_Projectile_2017-05-07-04-57-36.uasset
[2017.05.07-09.50.48:195][  0]SourceControl: Info 	Saved/Backup/BP_Projectile_2017-05-07-05-15-04.uasset
[2017.05.07-09.50.48:195][  0]SourceControl: Info 	Saved/Backup/BP_ShieldCharacter_2017-05-07-05-16-22.uasset
[2017.05.07-09.50.48:195][  0]SourceControl: Info 	Saved/Backup/BP_Target_2017-05-07-05-30-01.uasset
[2017.05.07-09.50.48:195][  0]SourceControl: Info 	Saved/Backup/BaseCharacter_2017-05-07-05-12-15.uasset
[2017.05.07-09.50.48:195][  0]SourceControl: Info 	Saved/Backup/Level2_2017-05-07-05-12-14.umap
[2017.05.07-09.50.48:195][  0]SourceControl: Info 	Saved/Backup/Level4_2017-05-07-05-18-46.umap
[2017.05.07-09.50.48:195][  0]SourceControl: Info 	Saved/Backup/Level4_2017-05-07-05-30-00.umap
[2017.05.07-09.50.48:195][  0]SourceControl: Info 	Saved/Backup/Level4_2017-05-07-05-35-22.umap
[2017.05.07-09.50.48:195][  0]SourceControl: Info 	Saved/Backup/Level4_2017-05-07-05-40-37.umap
[2017.05.07-09.50.48:195][  0]SourceControl: Info 	Saved/Backup/Level4_2017-05-07-05-47-46.umap
[2017.05.07-09.50.48:195][  0]SourceControl: Info 	Saved/Backup/Level5_2017-05-07-05-18-51.umap
[2017.05.07-09.50.48:195][  0]SourceControl: Info 	Saved/Backup/Level66_2017-05-07-05-16-22.umap
[2017.05.07-09.50.48:195][  0]SourceControl: Info 	Saved/Backup/Levelt_2017-05-07-05-17-44.umap
[2017.05.07-09.50.48:195][  0]SourceControl: Info 	Saved/Config/WorldState/2103942512.json
[2017.05.07-09.50.48:195][  0]SourceControl: Info 	Saved/Config/WorldState/350426433.json
[2017.05.07-09.50.48:195][  0]SourceControl: Info 	Saved/Config/WorldState/3835320900.json
[2017.05.07-09.50.48:195][  0]SourceControl: Info 	Saved/Config/WorldState/4253117189.json
[2017.05.07-09.50.48:195][  0]SourceControl: Info 	Saved/Logs/TOJam2017-backup-2017.05.07-04.55.25.log
[2017.05.07-09.50.48:195][  0]SourceControl: Info 	Saved/Logs/TOJam2017-backup-2017.05.07-05.50.31.log
[2017.05.07-09.50.48:195][  0]SourceControl: Info 	Saved/Logs/UE4CC-Windows-5A7AF1D040A8A303C4AC9696129550FD/
[2017.05.07-09.50.48:195][  0]SourceControl: Info 	Saved/Logs/UE4CC-Windows-880461CF43C3343DF7C9CB811FF162CD/
[2017.05.07-09.50.48:196][  0]LogContentStreaming: Texture pool size now 400 MB
[2017.05.07-09.50.48:197][  0]LogSlate: Took 0.000173 seconds to synchronously load lazily loaded font '../../../Engine/Content/Slate/Fonts/Roboto-Regular.ttf' (155K)
[2017.05.07-09.50.48:200][  0]LogSlate: Took 0.000270 seconds to synchronously load lazily loaded font '../../../Engine/Content/Slate/Fonts/Roboto-Bold.ttf' (160K)
[2017.05.07-09.50.48:206][  0]LogSlate: Took 0.000268 seconds to synchronously load lazily loaded font '../../../Engine/Content/Editor/Slate/Fonts/FontAwesome.ttf' (139K)
[2017.05.07-09.50.48:338][  0]LogSlate: Took 0.000226 seconds to synchronously load lazily loaded font '../../../Engine/Content/Slate/Fonts/Roboto-Light.ttf' (159K)
[2017.05.07-09.50.48:380][  0]LogRenderer: Reallocating scene render targets to support 980x452 NumSamples 1 (Frame:2).
[2017.05.07-09.50.48:495][  2]LogAssetRegistry: Asset discovery search completed in 9.4854 seconds
[2017.05.07-09.50.48:495][  2]LogCollectionManager: Rebuilt the object cache for 0 collections in 0.000007 seconds (found 0 objects)
[2017.05.07-09.50.48:495][  2]LogCollectionManager: Fixed up redirectors for 0 collections in 0.000021 seconds (updated 0 objects)
[2017.05.07-09.50.49:201][ 32]LogSlate: Took 0.000240 seconds to synchronously load lazily loaded font '../../../Engine/Content/Slate/Fonts/Roboto-Light.ttf' (159K)
[2017.05.07-09.51.00:149][685]LogTemp: Repeting last play command: Selected Viewport
[2017.05.07-09.51.00:177][685]LogBlueprintUserMessages: Early PlayInEditor Detection: Level '/Game/Maps/Level1.Level1:PersistentLevel' has LevelScriptBlueprint '/Game/Maps/Level1.Level1:PersistentLevel.Level1' with GeneratedClass '/Game/Maps/Level1.Level1_C' with ClassGeneratedBy '/Game/Maps/Level1.Level1:PersistentLevel.Level1'
[2017.05.07-09.51.00:177][685]LogPlayLevel: PlayLevel: No blueprints needed recompiling
[2017.05.07-09.51.00:177][685]PIE: New page: PIE session: Level1 (May 7, 2017, 1:51:00 AM)
[2017.05.07-09.51.00:177][685]LogPlayLevel: Creating play world package: /Game/Maps/UEDPIE_0_Level1
[2017.05.07-09.51.00:184][685]LogPlayLevel: PIE: StaticDuplicateObject took: (0.006586s)
[2017.05.07-09.51.00:184][685]LogAIModule: Creating AISystem for world Level1
[2017.05.07-09.51.00:185][685]LogPlayLevel: PIE: World Init took: (0.000719s)
[2017.05.07-09.51.00:185][685]LogPlayLevel: PIE: Created PIE world by copying editor world from /Game/Maps/Level1.Level1 to /Game/Maps/UEDPIE_0_Level1.Level1 (0.007529s)
[2017.05.07-09.51.00:195][685]LogInit: XAudio2 using 'Speakers (Realtek High Definition Audio)' : 2 channels at 48 kHz using 32 bits per sample (channel mask 0x3)
[2017.05.07-09.51.00:204][685]LogInit: FAudioDevice initialized.
[2017.05.07-09.51.00:247][685]LogLoad: Game class is 'BP_GameMode_C'
[2017.05.07-09.51.00:251][685]LogWorld: Bringing World /Game/Maps/UEDPIE_0_Level1.Level1 up for play (max tick rate 60) at 2017.05.07-05.51.00
[2017.05.07-09.51.00:252][685]LogWorld: Bringing up level for play took: 0.003172
[2017.05.07-09.51.00:252][685]LogGameMode: FindPlayerStart: PATHS NOT DEFINED or NO PLAYERSTART with positive rating
[2017.05.07-09.51.00:281][685]LogContentBrowser: Native class hierarchy updated for 'MovieSceneCapture' in 0.0006 seconds. Added 11 classes and 0 folders.
[2017.05.07-09.51.00:282][685]LogPlayerManagement:Error: Failed to Create Player: A local player already exists for controller ID 0,
[2017.05.07-09.51.00:283][685]LogGameMode: FindPlayerStart: PATHS NOT DEFINED or NO PLAYERSTART with positive rating
[2017.05.07-09.51.00:284][685]PIE: Info Play in editor start time for /Game/Maps/UEDPIE_0_Level1 -0.84
[2017.05.07-09.51.00:284][685]LogBlueprintUserMessages: Late PlayInEditor Detection: Level '/Game/Maps/Level1.Level1:PersistentLevel' has LevelScriptBlueprint '/Game/Maps/Level1.Level1:PersistentLevel.Level1' with GeneratedClass '/Game/Maps/Level1.Level1_C' with ClassGeneratedBy '/Game/Maps/Level1.Level1:PersistentLevel.Level1'
[2017.05.07-09.51.00:296][685]LogAudio:Warning: Detected orphaned looping sound 'Ambience_-_Mystical_beat_loop'.
[2017.05.07-09.51.03:396][870]LogScript:Warning: Accessed None trying to read property K2Node_DynamicCast_AsBP_Target2
	BP_Projectile_C /Game/Maps/UEDPIE_0_Level1.Level1:PersistentLevel.BP_Projectile_C_0
	Function /Game/Blueprints/Projectile/BP_Projectile.BP_Projectile_C:ExecuteUbergraph_BP_Projectile:0937
[2017.05.07-09.51.03:397][870]PIE:Error: Error Blueprint Runtime Error: Accessed None trying to read property K2Node_DynamicCast_AsBP_Target2 from function: 'ExecuteUbergraph_BP_Projectile' from node: Branch in graph: EventGraph in object: BP_Projectile with description: Accessed None trying to read property K2Node_DynamicCast_AsBP_Target2
[2017.05.07-09.51.03:397][870]LogBlueprintUserMessages: [BP_Projectile_C_0] hit wall
[2017.05.07-09.51.04:231][920]LogBlueprintUserMessages: Early EndPlayMap Detection: Level '/Game/Maps/Level1.Level1:PersistentLevel' has LevelScriptBlueprint '/Game/Maps/Level1.Level1:PersistentLevel.Level1' with GeneratedClass '/Game/Maps/Level1.Level1_C' with ClassGeneratedBy '/Game/Maps/Level1.Level1:PersistentLevel.Level1'
[2017.05.07-09.51.04:267][920]LogBlueprintUserMessages: Late EndPlayMap Detection: Level '/Game/Maps/Level1.Level1:PersistentLevel' has LevelScriptBlueprint '/Game/Maps/Level1.Level1:PersistentLevel.Level1' with GeneratedClass '/Game/Maps/Level1.Level1_C' with ClassGeneratedBy '/Game/Maps/Level1.Level1:PersistentLevel.Level1'
[2017.05.07-09.51.05:655][  1]LogTemp: Repeting last play command: Selected Viewport
[2017.05.07-09.51.05:682][  1]LogBlueprintUserMessages: Early PlayInEditor Detection: Level '/Game/Maps/Level1.Level1:PersistentLevel' has LevelScriptBlueprint '/Game/Maps/Level1.Level1:PersistentLevel.Level1' with GeneratedClass '/Game/Maps/Level1.Level1_C' with ClassGeneratedBy '/Game/Maps/Level1.Level1:PersistentLevel.Level1'
[2017.05.07-09.51.05:682][  1]LogPlayLevel: PlayLevel: No blueprints needed recompiling
[2017.05.07-09.51.05:683][  1]PIE: New page: PIE session: Level1 (May 7, 2017, 1:51:05 AM)
[2017.05.07-09.51.05:683][  1]LogPlayLevel: Creating play world package: /Game/Maps/UEDPIE_0_Level1
[2017.05.07-09.51.05:690][  1]LogPlayLevel: PIE: StaticDuplicateObject took: (0.007200s)
[2017.05.07-09.51.05:691][  1]LogAIModule: Creating AISystem for world Level1
[2017.05.07-09.51.05:691][  1]LogPlayLevel: PIE: World Init took: (0.000716s)
[2017.05.07-09.51.05:691][  1]LogPlayLevel: PIE: Created PIE world by copying editor world from /Game/Maps/Level1.Level1 to /Game/Maps/UEDPIE_0_Level1.Level1 (0.008150s)
[2017.05.07-09.51.05:703][  1]LogInit: XAudio2 using 'Speakers (Realtek High Definition Audio)' : 2 channels at 48 kHz using 32 bits per sample (channel mask 0x3)
[2017.05.07-09.51.05:713][  1]LogInit: FAudioDevice initialized.
[2017.05.07-09.51.05:745][  1]LogLoad: Game class is 'BP_GameMode_C'
[2017.05.07-09.51.05:749][  1]LogWorld: Bringing World /Game/Maps/UEDPIE_0_Level1.Level1 up for play (max tick rate 60) at 2017.05.07-05.51.05
[2017.05.07-09.51.05:750][  1]LogWorld: Bringing up level for play took: 0.003173
[2017.05.07-09.51.05:750][  1]LogGameMode: FindPlayerStart: PATHS NOT DEFINED or NO PLAYERSTART with positive rating
[2017.05.07-09.51.05:751][  1]LogPlayerManagement:Error: Failed to Create Player: A local player already exists for controller ID 0,
[2017.05.07-09.51.05:752][  1]LogGameMode: FindPlayerStart: PATHS NOT DEFINED or NO PLAYERSTART with positive rating
[2017.05.07-09.51.05:753][  1]PIE: Info Play in editor start time for /Game/Maps/UEDPIE_0_Level1 0.628
[2017.05.07-09.51.05:753][  1]LogBlueprintUserMessages: Late PlayInEditor Detection: Level '/Game/Maps/Level1.Level1:PersistentLevel' has LevelScriptBlueprint '/Game/Maps/Level1.Level1:PersistentLevel.Level1' with GeneratedClass '/Game/Maps/Level1.Level1_C' with ClassGeneratedBy '/Game/Maps/Level1.Level1:PersistentLevel.Level1'
[2017.05.07-09.51.05:756][  1]LogAudio:Warning: Detected orphaned looping sound 'Ambience_-_Mystical_beat_loop'.
[2017.05.07-09.51.14:627][462]LogBlueprintUserMessages: [BP_Projectile_C_0] 180.0
[2017.05.07-09.51.14:627][462]LogBlueprintUserMessages: [BP_Projectile_C_0] 180.0
[2017.05.07-09.51.15:153][480]LogBlueprintUserMessages: [BP_Mirror3] 45.000397
[2017.05.07-09.51.15:723][500]LogBlueprintUserMessages: [BP_Mirror3] Reached
[2017.05.07-09.51.16:021][509]LogBlueprintUserMessages: [BP_Mirror4] 5.00111
[2017.05.07-09.51.16:131][513]LogBlueprintUserMessages: [BP_Projectile_C_0] HitTarget!
[2017.05.07-09.51.16:131][513]LogBlueprintUserMessages: [BP_GameMode_C_0] All targets destroyed
[2017.05.07-09.51.16:567][526]LogBlueprintUserMessages: Early EndPlayMap Detection: Level '/Game/Maps/Level1.Level1:PersistentLevel' has LevelScriptBlueprint '/Game/Maps/Level1.Level1:PersistentLevel.Level1' with GeneratedClass '/Game/Maps/Level1.Level1_C' with ClassGeneratedBy '/Game/Maps/Level1.Level1:PersistentLevel.Level1'
[2017.05.07-09.51.16:615][526]LogBlueprintUserMessages: Late EndPlayMap Detection: Level '/Game/Maps/Level1.Level1:PersistentLevel' has LevelScriptBlueprint '/Game/Maps/Level1.Level1:PersistentLevel.Level1' with GeneratedClass '/Game/Maps/Level1.Level1_C' with ClassGeneratedBy '/Game/Maps/Level1.Level1:PersistentLevel.Level1'
[2017.05.07-09.51.24:306][973]SourceControl: Info fatal: d:/Program Files/Epic Games/UE_4.15/Engine/Content/: 'd:/Program Files/Epic Games/UE_4.15/Engine/Content/' is outside repository
[2017.05.07-09.51.24:458][973]LogPackageName:Error: Illegal call to DoesPackageExist: '../../../../../../ToJamProject/TOJAM17/TOJam2017.uproject' is not a standard unreal filename or a long path name. Reason: Path should be no less than 4 characters long.
[2017.05.07-09.51.24:750][973]LogStats: FPlatformStackWalk::StackWalkAndDump -  0.282 s
[2017.05.07-09.51.24:750][973]LogOutputDevice:Error: === Handled ensure: ===
[2017.05.07-09.51.24:750][973]LogOutputDevice:Error: 
[2017.05.07-09.51.24:750][973]LogOutputDevice:Error: Ensure condition failed: false [File:D:\Build\++UE4+Release-4.15+Compile\Sync\Engine\Source\Runtime\CoreUObject\Private\Misc\PackageName.cpp] [Line: 650]
[2017.05.07-09.51.24:750][973]LogOutputDevice:Error: Illegal call to DoesPackageExist: '../../../../../../ToJamProject/TOJAM17/TOJam2017.uproject' is not a standard unreal filename or a long path name. Reason: Path should be no less than 4 characters long.
[2017.05.07-09.51.24:750][973]LogOutputDevice:Error: Stack: 
[2017.05.07-09.51.24:750][973]LogOutputDevice:Error: UE4Editor-Core.dll!0x00000000E6FC95E6
[2017.05.07-09.51.24:750][973]LogOutputDevice:Error: UE4Editor-Core.dll!0x00000000E6D79B82
[2017.05.07-09.51.24:750][973]LogOutputDevice:Error: UE4Editor-Core.dll!0x00000000E6D8B666
[2017.05.07-09.51.24:750][973]LogOutputDevice:Error: UE4Editor-CoreUObject.dll!0x00000000E643A6E8
[2017.05.07-09.51.24:750][973]LogOutputDevice:Error: UE4Editor-SourceControl.dll!0x00000000F68F3D22
[2017.05.07-09.51.24:750][973]LogOutputDevice:Error: UE4Editor-SourceControl.dll!0x00000000F68F3EB9
[2017.05.07-09.51.24:750][973]LogOutputDevice:Error: UE4Editor-SourceControlWindows.dll!0x00000000DF251D2E
[2017.05.07-09.51.24:750][973]LogOutputDevice:Error: UE4Editor-SourceControlWindows.dll!0x00000000DF20B4B5
[2017.05.07-09.51.24:750][973]LogOutputDevice:Error: UE4Editor-SourceControlWindows.dll!0x00000000DF20AA8D
[2017.05.07-09.51.24:750][973]LogOutputDevice:Error: UE4Editor-SourceControlWindows.dll!0x00000000DF21F274
[2017.05.07-09.51.24:750][973]LogOutputDevice:Error: UE4Editor-GitSourceControl.dll!0x00000000CB2EB851
[2017.05.07-09.51.24:750][973]LogOutputDevice:Error: UE4Editor-GitSourceControl.dll!0x00000000CB2FD1ED
[2017.05.07-09.51.24:750][973]LogOutputDevice:Error: UE4Editor-SourceControl.dll!0x00000000F68F9C5C
[2017.05.07-09.51.24:750][973]LogOutputDevice:Error: UE4Editor-UnrealEd.dll!0x00000000DC677517
[2017.05.07-09.51.24:750][973]LogOutputDevice:Error: UE4Editor-UnrealEd.dll!0x00000000DCE82156
[2017.05.07-09.51.24:750][973]LogOutputDevice:Error: UE4Editor.exe!0x00000000AD80DEE3
[2017.05.07-09.51.24:750][973]LogOutputDevice:Error: UE4Editor.exe!0x00000000AD7FEB40
[2017.05.07-09.51.24:750][973]LogOutputDevice:Error: UE4Editor.exe!0x00000000AD7FEBBA
[2017.05.07-09.51.24:750][973]LogOutputDevice:Error: UE4Editor.exe!0x00000000AD810A29
[2017.05.07-09.51.24:750][973]LogOutputDevice:Error: UE4Editor.exe!0x00000000AD8122B6
[2017.05.07-09.51.24:750][973]LogOutputDevice:Error: KERNEL32.DLL!0x000000000D408364
[2017.05.07-09.51.24:750][973]LogOutputDevice:Error: ntdll.dll!0x000000000DB070D1
[2017.05.07-09.51.24:750][973]LogOutputDevice:Error: 
[2017.05.07-09.51.24:757][973]LogStats:                SubmitErrorReport -  0.000 s
