Log file open, 05/06/17 13:01:54
LogInit:Display: Running engine for game: TOJam2017
LogPlatformFile: Not using cached read wrapper
LogInit:Display: RandInit(-2091086427) SRandInit(-2091086427).
LogTaskGraph: Started task graph with 5 named threads and 8 total threads with 1 sets of task threads.
LogStats: Stats thread started at 0.073642
LogInit: Using libcurl 7.47.1
LogInit:  - built for x86_64-pc-win32
LogInit:  - supports SSL with OpenSSL/1.0.2g
LogInit:  - supports HTTP deflate (compression) using libz 1.2.8
LogInit:  - other features:
LogInit:      CURL_VERSION_SSL
LogInit:      CURL_VERSION_LIBZ
LogInit:      CURL_VERSION_IPV6
LogInit:      CURL_VERSION_ASYNCHDNS
LogInit:      CURL_VERSION_LARGEFILE
LogInit:      CURL_VERSION_IDN
LogInit:  CurlRequestOptions (configurable via config and command line):
LogInit:  - bVerifyPeer = false  - Libcurl will NOT verify peer certificate
LogInit:  - bUseHttpProxy = false  - Libcurl will NOT use HTTP proxy
LogInit:  - bDontReuseConnections = false  - Libcurl will reuse connections
LogInit:  - CertBundlePath = nullptr  - Libcurl will use whatever was configured at build time.
LogInit: Build: ++UE4+Release-4.15-CL-3416026
LogInit: Engine Version: 4.15.2-3416026+++UE4+Release-4.15
LogInit: Compatible Engine Version: 4.15.0-3299760+++UE4+Release-4.15
LogInit: Net CL: 3299760
LogDevObjectVersion: Number of dev versions registered: 14
LogDevObjectVersion:   Dev-Blueprints (B0D832E4-1F89-4F0D-ACCF-7EB736FD4AA2): 8
LogDevObjectVersion:   Dev-Build (E1C64328-A22C-4D53-A36C-8E866417BD8C): 0
LogDevObjectVersion:   Dev-Core (375EC13C-06E4-48FB-B500-84F0262A717E): 2
LogDevObjectVersion:   Dev-Editor (E4B068ED-F494-42E9-A231-DA0B2E46BB41): 14
LogDevObjectVersion:   Dev-Framework (CFFC743F-43B0-4480-9391-14DF171D2073): 22
LogDevObjectVersion:   Dev-Mobile (B02B49B5-BB20-44E9-A304-32B752E40360): 0
LogDevObjectVersion:   Dev-Networking (A4E4105C-59A1-49B5-A7C5-40C4547EDFEE): 0
LogDevObjectVersion:   Dev-Online (39C831C9-5AE6-47DC-9A44-9C173E1C8E7C): 0
LogDevObjectVersion:   Dev-Physics (78F01B33-EBEA-4F98-B9B4-84EACCB95AA2): 0
LogDevObjectVersion:   Dev-Platform (6631380F-2D4D-43E0-8009-CF276956A95A): 0
LogDevObjectVersion:   Dev-Rendering (12F88B9F-8875-4AFC-A67C-D90C383ABD29): 12
LogDevObjectVersion:   Dev-Sequencer (7B5AE74C-D270-4C10-A958-57980B212A5A): 3
LogDevObjectVersion:   Dev-VR (D7296918-1DD6-4BDD-9DE2-64A83CC13884): 0
LogDevObjectVersion:   Dev-LoadTimes (C2A15278-BFE7-4AFE-6C17-90FF531DF755): 1
LogInit: Compiled (64-bit): May  1 2017 13:11:28
LogInit: Compiled with Visual C++: 19.00.23026.00
LogInit: Build Configuration: Development
LogInit: Branch Name: ++UE4+Release-4.15
LogInit: Command line:  
LogInit: Base directory: d:/Program Files/Epic Games/UE_4.15/Engine/Binaries/Win64/
LogInit: Installed Engine Build: 1
LogInit: Presizing for max 8388607 objects, including 0 objects not considered by GC, pre-allocating 0 bytes for permanent pool.
LogInit: Object subsystem initialized
[2017.05.06-17.01.55:665][  0]LogInit: Selected Device Profile: [Windows]
[2017.05.06-17.01.55:665][  0]LogInit: Applying CVar settings loaded from the selected device profile: [Windows]
[2017.05.06-17.01.55:716][  0]LogInit: Computer: DESKTOP-QN8JF5I
[2017.05.06-17.01.55:716][  0]LogInit: User: khizer
[2017.05.06-17.01.55:716][  0]LogInit: CPU Page size=65536, Cores=4
[2017.05.06-17.01.55:716][  0]LogInit: High frequency timer resolution =2.143471 MHz
[2017.05.06-17.01.55:717][  0]LogMemory: Memory total: Physical=7.7GB (8GB approx)
[2017.05.06-17.01.55:717][  0]LogMemory: Platform Memory Stats for Windows
[2017.05.06-17.01.55:717][  0]LogMemory: Process Physical Memory: 263.20 MB used, 263.20 MB peak
[2017.05.06-17.01.55:717][  0]LogMemory: Process Virtual Memory: 262.70 MB used, 262.70 MB peak
[2017.05.06-17.01.55:717][  0]LogMemory: Physical Memory: 4616.71 MB used,  3231.64 MB free, 7848.36 MB total
[2017.05.06-17.01.55:717][  0]LogMemory: Virtual Memory: 645.24 MB used,  3231.64 MB free, 134217728.00 MB total
[2017.05.06-17.01.55:789][  0]LogTextLocalizationManager: No specific translations for ('en-CA') exist, so ('en') translations will be used.
[2017.05.06-17.01.56:408][  0]LogD3D11RHI: D3D11 adapters:
[2017.05.06-17.01.56:434][  0]LogD3D11RHI:    0. 'NVIDIA GeForce GTX 760M' (Feature Level 11_0)
[2017.05.06-17.01.56:434][  0]LogD3D11RHI:       2020/0/3924 MB DedicatedVideo/DedicatedSystem/SharedSystem, Outputs:1, VendorId:0x10de
[2017.05.06-17.01.56:441][  0]LogD3D11RHI:    1. 'Intel(R) HD Graphics 4600' (Feature Level 11_0)
[2017.05.06-17.01.56:441][  0]LogD3D11RHI:       112/0/2048 MB DedicatedVideo/DedicatedSystem/SharedSystem, Outputs:0, VendorId:0x8086
[2017.05.06-17.01.56:442][  0]LogD3D11RHI:    2. 'Microsoft Basic Render Driver' (Feature Level 11_0)
[2017.05.06-17.01.56:442][  0]LogD3D11RHI:       0/0/3924 MB DedicatedVideo/DedicatedSystem/SharedSystem, Outputs:0, VendorId:0x1414
[2017.05.06-17.01.56:442][  0]LogD3D11RHI: Chosen D3D11 Adapter: 0
[2017.05.06-17.01.56:446][  0]LogD3D11RHI: Creating new Direct3DDevice
[2017.05.06-17.01.56:446][  0]LogD3D11RHI:     GPU DeviceId: 0x11e3 (for the marketing name, search the web for "GPU Device Id")
[2017.05.06-17.01.56:446][  0]LogWindows: EnumDisplayDevices:
[2017.05.06-17.01.56:447][  0]LogWindows:    0. 'Intel(R) HD Graphics 4600' (P:1 D:1)
[2017.05.06-17.01.56:447][  0]LogWindows:    1. 'Intel(R) HD Graphics 4600' (P:0 D:0)
[2017.05.06-17.01.56:447][  0]LogWindows:    2. 'Intel(R) HD Graphics 4600' (P:0 D:0)
[2017.05.06-17.01.56:447][  0]LogWindows: DebugString: PrimaryIsNotTheChoosenAdapter PrimaryIsNotTheChoosenAdapter PrimaryIsNotTheChoosenAdapter FoundDriverCount:0 
[2017.05.06-17.01.56:447][  0]LogD3D11RHI:     Adapter Name: NVIDIA GeForce GTX 760M
[2017.05.06-17.01.56:447][  0]LogD3D11RHI:   Driver Version: Unknown (internal:Unknown, unified:Unknown)
[2017.05.06-17.01.56:447][  0]LogD3D11RHI:      Driver Date: Unknown
[2017.05.06-17.01.56:447][  0]LogRHI: Texture pool is 1361 MB (70% of 1945 MB)
[2017.05.06-17.01.56:459][  0]LogD3D11RHI:Warning: Timestamp queries are currently disabled on this hardware due to instability. Realtime GPU stats will not be available. You can override this behaviour by setting r.NVIDIATimestampWorkaround to 0
[2017.05.06-17.01.56:461][  0]LogD3D11RHI: [Aftermath] Aftermath enabled but failed to initialize due to reason: NvApiIncompatible
[2017.05.06-17.01.56:461][  0]LogD3D11RHI: Async texture creation enabled
[2017.05.06-17.01.56:472][  0]LogD3D11RHI: GPU Timing Frequency: 1000.000000 (Debug: 2 1)
[2017.05.06-17.01.56:473][  0]LogShaderCompilers: Guid format shader working directory is 9 characters bigger than the processId version (../../../../../../ToJamProject/TOJAM17/Intermediate/Shaders/WorkingDirectory/4212/).
[2017.05.06-17.01.56:473][  0]LogShaderCompilers: Cleaned the shader compiler working directory 'C:/Users/khizer/AppData/Local/Temp/UnrealShaderWorkingDir/6420DC9D4E9B21B87C5460BB52410529/'.
[2017.05.06-17.01.56:473][  0]LogShaderCompilers:Display: Using Local Shader Compiler.
[2017.05.06-17.01.57:607][  0]LogTemp:Display: Loaded TP AllDesktopTargetPlatform
[2017.05.06-17.01.57:656][  0]LogTemp:Display: Loaded TP MacClientTargetPlatform
[2017.05.06-17.01.57:714][  0]LogTemp:Display: Loaded TP MacNoEditorTargetPlatform
[2017.05.06-17.01.57:763][  0]LogTemp:Display: Loaded TP MacServerTargetPlatform
[2017.05.06-17.01.57:810][  0]LogTemp:Display: Loaded TP MacTargetPlatform
[2017.05.06-17.01.57:861][  0]LogTemp:Display: Loaded TP WindowsClientTargetPlatform
[2017.05.06-17.01.57:911][  0]LogTemp:Display: Loaded TP WindowsNoEditorTargetPlatform
[2017.05.06-17.01.57:958][  0]LogTemp:Display: Loaded TP WindowsServerTargetPlatform
[2017.05.06-17.01.57:995][  0]LogTemp:Display: Loaded TP WindowsTargetPlatform
[2017.05.06-17.01.58:042][  0]LogTemp:Display: Loaded TP AndroidTargetPlatform
[2017.05.06-17.01.58:089][  0]LogTemp:Display: Loaded TP Android_ASTCTargetPlatform
[2017.05.06-17.01.58:134][  0]LogTemp:Display: Loaded TP Android_ATCTargetPlatform
[2017.05.06-17.01.58:178][  0]LogTemp:Display: Loaded TP Android_DXTTargetPlatform
[2017.05.06-17.01.58:223][  0]LogTemp:Display: Loaded TP Android_ETC1TargetPlatform
[2017.05.06-17.01.58:269][  0]LogTemp:Display: Loaded TP Android_ETC2TargetPlatform
[2017.05.06-17.01.58:360][  0]LogTemp:Display: Loaded TP Android_MultiTargetPlatform
[2017.05.06-17.01.58:360][  0]LogTemp:Display: Loaded TP Android_PVRTCTargetPlatform
[2017.05.06-17.01.58:389][  0]LogTemp:Display: Loaded TP HTML5TargetPlatform
[2017.05.06-17.01.58:477][  0]LogTemp:Display: Loaded TP IOSTargetPlatform
[2017.05.06-17.01.58:510][  0]LogTemp:Display: Loaded TP TVOSTargetPlatform
[2017.05.06-17.01.58:558][  0]LogTemp:Display: Loaded TP LinuxClientTargetPlatform
[2017.05.06-17.01.58:607][  0]LogTemp:Display: Loaded TP LinuxNoEditorTargetPlatform
[2017.05.06-17.01.58:657][  0]LogTemp:Display: Loaded TP LinuxServerTargetPlatform
[2017.05.06-17.01.58:702][  0]LogTemp:Display: Loaded TP LinuxTargetPlatform
[2017.05.06-17.01.58:702][  0]LogTargetPlatformManager:Display: Building Assets For Windows
[2017.05.06-17.01.59:042][  0]LogDerivedDataCache:Display: Max Cache Size: 512 MB
[2017.05.06-17.01.59:096][  0]LogDerivedDataCache: Loaded boot cache 0.05s 50MB C:/Users/khizer/AppData/Local/UnrealEngine/4.15/DerivedDataCache/Boot.ddc.
[2017.05.06-17.01.59:096][  0]LogDerivedDataCache:Display: Loaded Boot cache: C:/Users/khizer/AppData/Local/UnrealEngine/4.15/DerivedDataCache/Boot.ddc
[2017.05.06-17.01.59:096][  0]LogDerivedDataCache: FDerivedDataBackendGraph:  Pak pak cache file ../../../../../../ToJamProject/TOJAM17/DerivedDataCache/DDC.ddp not found, will not use a pak cache.
[2017.05.06-17.01.59:096][  0]LogDerivedDataCache: Unable to find inner node Pak for hierarchical cache Hierarchy.
[2017.05.06-17.01.59:096][  0]LogDerivedDataCache: FDerivedDataBackendGraph:  CompressedPak pak cache file ../../../../../../ToJamProject/TOJAM17/DerivedDataCache/Compressed.ddp not found, will not use a pak cache.
[2017.05.06-17.01.59:096][  0]LogDerivedDataCache: Unable to find inner node CompressedPak for hierarchical cache Hierarchy.
[2017.05.06-17.01.59:117][  0]LogDerivedDataCache:Display: Pak cache opened for reading ../../../Engine/DerivedDataCache/Compressed.ddp.
[2017.05.06-17.01.59:129][  0]LogDerivedDataCache: Using Local data cache path C:/Users/khizer/AppData/Local/UnrealEngine/Common/DerivedDataCache: Writable
[2017.05.06-17.01.59:139][  0]LogSlate: Using Freetype 2.6.0
[2017.05.06-17.01.59:140][  0]LogSlate: SlateFontCache - WITH_FREETYPE: 1, WITH_HARFBUZZ: 1
[2017.05.06-17.01.59:140][  0]LogSlate: SlateFontCache - WITH_FREETYPE: 1, WITH_HARFBUZZ: 1
[2017.05.06-17.01.59:417][  0]LogInit: Selected Device Profile: [Windows]
[2017.05.06-17.01.59:420][  0]LogContentStreaming: Texture pool size is 0.00 MB
[2017.05.06-17.01.59:625][  0]LogMeshUtilities: Using QuadricMeshReduction for automatic static mesh reduction
[2017.05.06-17.01.59:660][  0]LogSimplygon: Simplygon DLL not present - disabling.
[2017.05.06-17.01.59:697][  0]LogMeshUtilities: Using SimplygonSwarm for distributed automatic mesh merging
[2017.05.06-17.01.59:697][  0]LogMeshUtilities: No automatic skeletal mesh reduction module available
[2017.05.06-17.01.59:697][  0]LogMeshUtilities: No automatic mesh merging module available
[2017.05.06-17.02.00:392][  0]LogNetVersion: GetLocalNetworkVersion: CL: 3299760, ProjectName: tojam2017, ProjectVersion: , EngineNetworkVersion: 2, GameNetworkVersion: 0, NetworkChecksum: 4065219163
[2017.05.06-17.02.00:433][  0]LogAssetRegistry: FAssetRegistry took 0.0211 seconds to start up
[2017.05.06-17.02.00:478][  0]LogPackageLocalizationCache: Processed 3 localized package path(s) for 2 prioritized culture(s) in 0.024371 seconds
[2017.05.06-17.02.00:484][  0]LogUObjectArray: 32493 objects as part of root set at end of initial load.
[2017.05.06-17.02.00:484][  0]LogUObjectAllocator: 7077032 out of 0 bytes used by permanent object pool.
[2017.05.06-17.02.00:484][  0]LogUObjectArray: CloseDisregardForGC: 0/0 objects in disregard for GC pool
[2017.05.06-17.02.00:534][  0]LogInit: WinSock: version 1.1 (2.2), MaxSocks=32767, MaxUdp=65467
[2017.05.06-17.02.09:579][  0]LogTcpMessaging: Initializing TcpMessaging bridge
[2017.05.06-17.02.09:632][  0]LogUdpMessaging: Initializing bridge on interface 0.0.0.0:0 to multicast group 230.0.0.1:6666.
[2017.05.06-17.02.10:271][  0]LogMaterial: Uniform references updated for custom material expression Custom.
[2017.05.06-17.02.10:599][  0]SourceControl: Info Source control is disabled
[2017.05.06-17.02.12:311][  0]LogEngine: Initializing Engine...
[2017.05.06-17.02.12:311][  0]LogHMD: Failed to initialize OpenVR with code 110
[2017.05.06-17.02.12:489][  0]LogStats: UGameplayTagsManager::ConstructGameplayTagTree: Construct from data asset -  0.000 s
[2017.05.06-17.02.12:490][  0]LogStats: UGameplayTagsManager::ConstructGameplayTagTree: GameplayTagTreeChangedEvent.Broadcast -  0.000 s
[2017.05.06-17.02.12:653][  0]LogAIModule: Creating AISystem for world Untitled
[2017.05.06-17.02.12:658][  0]LogInit: XAudio2 using 'Speakers (Realtek High Definition Audio)' : 2 channels at 48 kHz using 32 bits per sample (channel mask 0x3)
[2017.05.06-17.02.12:670][  0]LogInit: FAudioDevice initialized.
[2017.05.06-17.02.12:698][  0]LogDerivedDataCache: Saved boot cache 0.03s 50MB C:/Users/khizer/AppData/Local/UnrealEngine/4.15/DerivedDataCache/Boot.ddc.
[2017.05.06-17.02.12:707][  0]LogInit: Texture streaming: Enabled
[2017.05.06-17.02.12:781][  0]LogEngineSessionManager: EngineSessionManager initialized
[2017.05.06-17.02.12:849][  0]LogInit: Transaction tracking system initialized
[2017.05.06-17.02.13:111][  0]BlueprintLog: New page: Editor Load
[2017.05.06-17.02.13:848][  0]LocalizationService: Info Localization service is disabled
[2017.05.06-17.02.14:728][  0]LogConsoleResponse:Display: 
[2017.05.06-17.02.14:868][  0]LogCook:Display: Max memory allowance for cook 16384mb min free memory 0mb
[2017.05.06-17.02.14:868][  0]LogCook:Display: Mobile HDR setting 1
[2017.05.06-17.02.15:373][  0]LogFileCache: Scanning file cache for directory 'd:/ToJamProject/TOJAM17/Content/' took 0.02s
[2017.05.06-17.02.15:992][  0]Cmd: MAP LOAD FILE="../../../../../../ToJamProject/TOJAM17/Content/Maps/LevelOne.umap" TEMPLATE=0 SHOWPROGRESS=1 FEATURELEVEL=3
[2017.05.06-17.02.16:002][  0]LogWindowsTextInputMethodSystem:Display: IME system now deactivated.
[2017.05.06-17.02.16:010][  0]LogSlate: Took 0.000188 seconds to synchronously load lazily loaded font '../../../Engine/Content/Slate/Fonts/Roboto-Regular.ttf' (155K)
[2017.05.06-17.02.17:246][  0]LogWindowsTextInputMethodSystem:Display: IME system now deactivated.
[2017.05.06-17.02.17:247][  0]LogWindowsTextInputMethodSystem:Display: IME system now deactivated.
[2017.05.06-17.02.17:248][  0]LightingResults: New page: Lighting Build
[2017.05.06-17.02.17:288][  0]MapCheck: New page: Map Check
[2017.05.06-17.02.17:289][  0]LightingResults: New page: Lighting Build
[2017.05.06-17.02.17:301][  0]LogAIModule: Creating AISystem for world Untitled
[2017.05.06-17.02.17:304][  0]LoadErrors: New page: New Map
[2017.05.06-17.02.17:554][  0]LogCollectionManager: Loaded 0 collections in 0.000771 seconds
[2017.05.06-17.02.17:653][  0]LogFileCache: Scanning file cache for directory 'd:/ToJamProject/TOJAM17/Saved/Collections/' took 0.01s
[2017.05.06-17.02.17:654][  0]LogFileCache: Scanning file cache for directory 'd:/ToJamProject/TOJAM17/Content/Developers/khizer/Collections/' took 0.01s
[2017.05.06-17.02.17:654][  0]LogFileCache: Scanning file cache for directory 'd:/ToJamProject/TOJAM17/Content/Collections/' took 0.01s
[2017.05.06-17.02.17:654][  0]LogCollectionManager: Rebuilt the GUID cache for 0 collections in 0.000005 seconds
[2017.05.06-17.02.17:687][  0]LogContentBrowser: Native class hierarchy populated in 0.0325 seconds. Added 2245 classes and 453 folders.
[2017.05.06-17.02.17:748][  0]LogContentBrowser: Native class hierarchy updated for 'WidgetCarousel' in 0.0005 seconds. Added 0 classes and 0 folders.
[2017.05.06-17.02.18:153][  0]LogContentBrowser: Native class hierarchy updated for 'AddContentDialog' in 0.0007 seconds. Added 0 classes and 0 folders.
[2017.05.06-17.02.18:190][  0]LogContentBrowser: Native class hierarchy updated for 'SceneOutliner' in 0.0005 seconds. Added 1 classes and 2 folders.
[2017.05.06-17.02.18:291][  0]LogCrashTracker: Crashtracker disabled due to settings.
[2017.05.06-17.02.18:298][  0]LogUObjectGlobals:Warning: Failed to find object 'Class None.'
[2017.05.06-17.02.18:357][  0]LogContentBrowser: Native class hierarchy updated for 'HierarchicalLODOutliner' in 0.0005 seconds. Added 1 classes and 2 folders.
[2017.05.06-17.02.18:358][  0]LogLoad: (Engine Initialization) Total time: 25.41 seconds
[2017.05.06-17.02.18:358][  0]LogLoad: (Engine Initialization) Total Blueprint compile time: 0.17 seconds
[2017.05.06-17.02.18:358][  0]LogExternalProfiler: Found external profiler: VSPerf
[2017.05.06-17.02.18:358][  0]LogExternalProfiler: Using external profiler: VSPerf
[2017.05.06-17.02.18:697][  0]LogOcInput: OculusInput pre-init called
[2017.05.06-17.02.18:717][  0]SourceControl: Info On branch master
[2017.05.06-17.02.18:717][  0]SourceControl: Info Your branch is up-to-date with 'origin/master'.
[2017.05.06-17.02.18:717][  0]SourceControl: Info Changes to be committed:
[2017.05.06-17.02.18:717][  0]SourceControl: Info   (use "git reset HEAD <file>..." to unstage)
[2017.05.06-17.02.18:717][  0]SourceControl: Info 	new file:   Content/Blueprints/Mirror/Test/Pointing_Base.uasset
[2017.05.06-17.02.18:717][  0]SourceControl: Info 	new file:   Content/Blueprints/Mirror/Test/Pointing_Base_Skeleton.uasset
[2017.05.06-17.02.18:717][  0]SourceControl: Info 	new file:   Content/Blueprints/Mirror/Test/Pointing_Top.uasset
[2017.05.06-17.02.18:717][  0]SourceControl: Info 	new file:   Content/Blueprints/Mirror/Test/Pointing_Top_PhysicsAsset.uasset
[2017.05.06-17.02.18:717][  0]SourceControl: Info 	new file:   Content/Blueprints/Mirror/Test/Pointing_Top_Skeleton.uasset
[2017.05.06-17.02.18:717][  0]SourceControl: Info 	new file:   Content/Blueprints/Mirror/Test/Pointing_Tramp.uasset
[2017.05.06-17.02.18:717][  0]SourceControl: Info 	new file:   Content/Blueprints/Mirror/Test/Pointing_Tramp_Anim.uasset
[2017.05.06-17.02.18:717][  0]SourceControl: Info 	new file:   Content/Blueprints/Mirror/Test/Pointing_Tramp_PhysicsAsset.uasset
[2017.05.06-17.02.18:717][  0]SourceControl: Info 	new file:   Content/Blueprints/Mirror/Test/Pointing_Tramp_Skeleton.uasset
[2017.05.06-17.02.18:717][  0]SourceControl: Info Changes not staged for commit:
[2017.05.06-17.02.18:717][  0]SourceControl: Info   (use "git add/rm <file>..." to update what will be committed)
[2017.05.06-17.02.18:717][  0]SourceControl: Info   (use "git checkout -- <file>..." to discard changes in working directory)
[2017.05.06-17.02.18:717][  0]SourceControl: Info 	modified:   Intermediate/CachedAssetRegistry.bin
[2017.05.06-17.02.18:717][  0]SourceControl: Info 	modified:   Saved/AutoScreenshot.png
[2017.05.06-17.02.18:717][  0]SourceControl: Info 	modified:   Saved/Autosaves/PackageRestoreData.json
[2017.05.06-17.02.18:717][  0]SourceControl: Info 	modified:   Saved/Config/Windows/Editor.ini
[2017.05.06-17.02.18:717][  0]SourceControl: Info 	modified:   Saved/Config/Windows/EditorPerProjectUserSettings.ini
[2017.05.06-17.02.18:717][  0]SourceControl: Info 	deleted:    Saved/Logs/TOJam2017-backup-2017.05.05-18.01.00.log
[2017.05.06-17.02.18:717][  0]SourceControl: Info 	deleted:    Saved/Logs/TOJam2017-backup-2017.05.05-20.09.16.log
[2017.05.06-17.02.18:717][  0]SourceControl: Info 	modified:   Saved/Logs/TOJam2017.log
[2017.05.06-17.02.18:717][  0]SourceControl: Info Untracked files:
[2017.05.06-17.02.18:717][  0]SourceControl: Info   (use "git add <file>..." to include in what will be committed)
[2017.05.06-17.02.18:717][  0]SourceControl: Info 	Saved/Logs/TOJam2017-backup-2017.05.06-13.00.48.log
[2017.05.06-17.02.18:717][  0]SourceControl: Info 	Saved/Logs/TOJam2017_2.log
[2017.05.06-17.02.18:717][  0]SourceControl: Info 	Saved/Logs/UE4CC-Windows-4824914E48FAF197AA8A8D9AD0158E7B/
[2017.05.06-17.02.18:717][  0]SourceControl: Info 	Saved/Logs/UE4CC-Windows-4952D93C4FC32ADE02E9188F19140B6E/
[2017.05.06-17.02.18:717][  0]LogContentStreaming: Texture pool size now 400 MB
[2017.05.06-17.02.18:721][  0]LogSlate: Took 0.000202 seconds to synchronously load lazily loaded font '../../../Engine/Content/Slate/Fonts/Roboto-Bold.ttf' (160K)
[2017.05.06-17.02.18:726][  0]LogSlate: Took 0.000372 seconds to synchronously load lazily loaded font '../../../Engine/Content/Editor/Slate/Fonts/FontAwesome.ttf' (139K)
[2017.05.06-17.02.18:899][  0]LogRenderer: Reallocating scene render targets to support 884x448 NumSamples 1 (Frame:2).
[2017.05.06-17.02.19:197][  1]LogAssetRegistry: Asset discovery search completed in 18.7854 seconds
[2017.05.06-17.02.19:197][  1]LogCollectionManager: Rebuilt the object cache for 0 collections in 0.000007 seconds (found 0 objects)
[2017.05.06-17.02.19:197][  1]LogCollectionManager: Fixed up redirectors for 0 collections in 0.000023 seconds (updated 0 objects)
[2017.05.06-17.02.21:646][  8]LogWindowsTextInputMethodSystem:Display: IME system now deactivated.
[2017.05.06-17.02.21:838][  9]Cmd: QUIT_EDITOR
[2017.05.06-17.02.21:991][  9]LogExit: Preparing to exit.
[2017.05.06-17.02.22:792][  9]LogDirectoryWatcher: A directory notification for 'd:/ToJamProject/TOJAM17/Content/' was aborted.
[2017.05.06-17.02.22:805][  9]LogExit: Editor shut down
[2017.05.06-17.02.22:805][  9]LogExit: Transaction tracking system shut down
[2017.05.06-17.02.22:868][  9]LogObj: Freed 0b from 0 cluster array pools.
[2017.05.06-17.02.22:868][  9]LogExit: Object subsystem successfully closed.
[2017.05.06-17.02.22:920][  9]LogD3D11RHI: Shutdown
[2017.05.06-17.02.22:920][  9]LogD3D11RHI: CleanupD3DDevice
[2017.05.06-17.02.23:135][  9]LogD3D11RHI: ~FD3D11DynamicRHI
[2017.05.06-17.02.23:149][  9]LogModuleManager: Shutting down and abandoning module HierarchicalLODOutliner (498)
[2017.05.06-17.02.23:149][  9]LogModuleManager: Shutting down and abandoning module CrashTracker (496)
[2017.05.06-17.02.23:149][  9]LogModuleManager: Shutting down and abandoning module SceneOutliner (494)
[2017.05.06-17.02.23:149][  9]LogModuleManager: Shutting down and abandoning module AddContentDialog (492)
[2017.05.06-17.02.23:149][  9]LogDirectoryWatcher: A directory notification for 'd:/Program Files/Epic Games/UE_4.15/FeaturePacks/' was aborted.
[2017.05.06-17.02.23:150][  9]LogModuleManager: Shutting down and abandoning module WidgetCarousel (491)
[2017.05.06-17.02.23:150][  9]LogModuleManager: Shutting down and abandoning module EditorWidgets (488)
[2017.05.06-17.02.23:150][  9]LogModuleManager: Shutting down and abandoning module CollectionManager (486)
[2017.05.06-17.02.23:150][  9]LogDirectoryWatcher: A directory notification for 'd:/ToJamProject/TOJAM17/Content/Collections/' was aborted.
[2017.05.06-17.02.23:150][  9]LogDirectoryWatcher: A directory notification for 'd:/ToJamProject/TOJAM17/Content/Developers/khizer/Collections/' was aborted.
[2017.05.06-17.02.23:150][  9]LogDirectoryWatcher: A directory notification for 'd:/ToJamProject/TOJAM17/Saved/Collections/' was aborted.
[2017.05.06-17.02.23:150][  9]LogModuleManager: Shutting down and abandoning module StatsViewer (484)
[2017.05.06-17.02.23:151][  9]LogModuleManager: Shutting down and abandoning module FoliageEdit (482)
[2017.05.06-17.02.23:151][  9]LogModuleManager: Shutting down and abandoning module LandscapeEditor (480)
[2017.05.06-17.02.23:151][  9]LogModuleManager: Shutting down and abandoning module SceneDepthPickerMode (478)
[2017.05.06-17.02.23:151][  9]LogModuleManager: Shutting down and abandoning module ActorPickerMode (476)
[2017.05.06-17.02.23:151][  9]LogModuleManager: Shutting down and abandoning module GeometryMode (474)
[2017.05.06-17.02.23:151][  9]LogModuleManager: Shutting down and abandoning module TextureAlignMode (472)
[2017.05.06-17.02.23:151][  9]LogModuleManager: Shutting down and abandoning module BspMode (470)
[2017.05.06-17.02.23:151][  9]LogModuleManager: Shutting down and abandoning module HardwareSurvey (468)
[2017.05.06-17.02.23:151][  9]LogModuleManager: Shutting down and abandoning module SequenceRecorderSections (466)
[2017.05.06-17.02.23:151][  9]LogModuleManager: Shutting down and abandoning module AutomationWorker (464)
[2017.05.06-17.02.23:151][  9]LogModuleManager: Shutting down and abandoning module MatineeToLevelSequence (462)
[2017.05.06-17.02.23:151][  9]LogModuleManager: Shutting down and abandoning module LevelSequenceEditor (460)
[2017.05.06-17.02.23:151][  9]LogModuleManager: Shutting down and abandoning module PlacementMode (459)
[2017.05.06-17.02.23:151][  9]LogModuleManager: Shutting down and abandoning module WmfMediaFactory (456)
[2017.05.06-17.02.23:151][  9]LogModuleManager: Shutting down and abandoning module WmfMediaEditor (454)
[2017.05.06-17.02.23:151][  9]LogModuleManager: Shutting down and abandoning module MfMediaFactory (452)
[2017.05.06-17.02.23:151][  9]LogModuleManager: Shutting down and abandoning module MfMediaEditor (450)
[2017.05.06-17.02.23:151][  9]LogModuleManager: Shutting down and abandoning module AvfMediaFactory (448)
[2017.05.06-17.02.23:151][  9]LogModuleManager: Shutting down and abandoning module AvfMediaEditor (446)
[2017.05.06-17.02.23:151][  9]LogModuleManager: Shutting down and abandoning module AndroidMediaFactory (444)
[2017.05.06-17.02.23:151][  9]LogModuleManager: Shutting down and abandoning module Media (443)
[2017.05.06-17.02.23:151][  9]LogModuleManager: Shutting down and abandoning module AndroidMediaEditor (440)
[2017.05.06-17.02.23:151][  9]LogModuleManager: Shutting down and abandoning module CharacterAI (438)
[2017.05.06-17.02.23:151][  9]LogModuleManager: Shutting down and abandoning module AudioCapture (436)
[2017.05.06-17.02.23:151][  9]LogModuleManager: Shutting down and abandoning module SequenceRecorder (435)
[2017.05.06-17.02.23:151][  9]LogModuleManager: Shutting down and abandoning module SmartSnapping (432)
[2017.05.06-17.02.23:151][  9]LogModuleManager: Shutting down and abandoning module SessionServices (430)
[2017.05.06-17.02.23:151][  9]LogModuleManager: Shutting down and abandoning module ViewportSnapping (428)
[2017.05.06-17.02.23:151][  9]LogModuleManager: Shutting down and abandoning module ViewportInteraction (426)
[2017.05.06-17.02.23:151][  9]LogModuleManager: Shutting down and abandoning module LogVisualizer (424)
[2017.05.06-17.02.23:151][  9]LogModuleManager: Shutting down and abandoning module IntroTutorials (422)
[2017.05.06-17.02.23:151][  9]LogModuleManager: Shutting down and abandoning module GameProjectGeneration (421)
[2017.05.06-17.02.23:151][  9]LogModuleManager: Shutting down and abandoning module EditorLiveStreaming (418)
[2017.05.06-17.02.23:151][  9]LogModuleManager: Shutting down and abandoning module IOSPlatformEditor (416)
[2017.05.06-17.02.23:151][  9]LogModuleManager: Shutting down and abandoning module HTML5PlatformEditor (414)
[2017.05.06-17.02.23:151][  9]LogModuleManager: Shutting down and abandoning module AndroidPlatformEditor (412)
[2017.05.06-17.02.23:151][  9]LogModuleManager: Shutting down and abandoning module AndroidDeviceDetection (411)
[2017.05.06-17.02.23:171][  9]LogModuleManager: Shutting down and abandoning module IOSRuntimeSettings (408)
[2017.05.06-17.02.23:171][  9]LogModuleManager: Shutting down and abandoning module AndroidRuntimeSettings (406)
[2017.05.06-17.02.23:171][  9]LogModuleManager: Shutting down and abandoning module InputBindingEditor (404)
[2017.05.06-17.02.23:171][  9]LogModuleManager: Shutting down and abandoning module NiagaraEditor (402)
[2017.05.06-17.02.23:171][  9]LogModuleManager: Shutting down and abandoning module MergeActors (400)
[2017.05.06-17.02.23:171][  9]LogModuleManager: Shutting down and abandoning module SizeMap (398)
[2017.05.06-17.02.23:171][  9]LogModuleManager: Shutting down and abandoning module TreeMap (396)
[2017.05.06-17.02.23:171][  9]LogModuleManager: Shutting down and abandoning module ReferenceViewer (394)
[2017.05.06-17.02.23:171][  9]LogModuleManager: Shutting down and abandoning module LocalizationDashboard (392)
[2017.05.06-17.02.23:171][  9]LogModuleManager: Shutting down and abandoning module LocalizationService (391)
[2017.05.06-17.02.23:171][  9]LogModuleManager: Shutting down and abandoning module HardwareTargeting (388)
[2017.05.06-17.02.23:171][  9]LogModuleManager: Shutting down and abandoning module DeviceProfileEditor (386)
[2017.05.06-17.02.23:171][  9]LogModuleManager: Shutting down and abandoning module UndoHistory (384)
[2017.05.06-17.02.23:171][  9]LogModuleManager: Shutting down and abandoning module UserFeedback (382)
[2017.05.06-17.02.23:171][  9]LogModuleManager: Shutting down and abandoning module XmlParser (380)
[2017.05.06-17.02.23:171][  9]LogModuleManager: Shutting down and abandoning module Blutility (378)
[2017.05.06-17.02.23:171][  9]LogModuleManager: Shutting down and abandoning module ProjectSettingsViewer (376)
[2017.05.06-17.02.23:171][  9]LogModuleManager: Shutting down and abandoning module ProjectTargetPlatformEditor (375)
[2017.05.06-17.02.23:171][  9]LogModuleManager: Shutting down and abandoning module EditorSettingsViewer (372)
[2017.05.06-17.02.23:171][  9]LogModuleManager: Shutting down and abandoning module SettingsEditor (370)
[2017.05.06-17.02.23:171][  9]LogModuleManager: Shutting down and abandoning module ProjectLauncher (368)
[2017.05.06-17.02.23:171][  9]LogModuleManager: Shutting down and abandoning module SessionFrontend (366)
[2017.05.06-17.02.23:171][  9]LogModuleManager: Shutting down and abandoning module ProfilerClient (364)
[2017.05.06-17.02.23:171][  9]LogModuleManager: Shutting down and abandoning module DeviceManager (362)
[2017.05.06-17.02.23:171][  9]LogModuleManager: Shutting down and abandoning module TargetDeviceServices (361)
[2017.05.06-17.02.23:223][  9]LogModuleManager: Shutting down and abandoning module AutomationController (358)
[2017.05.06-17.02.23:223][  9]LogModuleManager: Shutting down and abandoning module AutomationWindow (356)
[2017.05.06-17.02.23:223][  9]LogModuleManager: Shutting down and abandoning module Layers (354)
[2017.05.06-17.02.23:223][  9]LogModuleManager: Shutting down and abandoning module ComponentVisualizers (352)
[2017.05.06-17.02.23:223][  9]LogModuleManager: Shutting down and abandoning module DetailCustomizations (350)
[2017.05.06-17.02.23:223][  9]LogModuleManager: Shutting down and abandoning module PackagesDialog (348)
[2017.05.06-17.02.23:223][  9]LogModuleManager: Shutting down and abandoning module Persona (346)
[2017.05.06-17.02.23:223][  9]LogModuleManager: Shutting down and abandoning module AnimGraph (345)
[2017.05.06-17.02.23:223][  9]LogModuleManager: Shutting down and abandoning module Kismet (342)
[2017.05.06-17.02.23:223][  9]LogModuleManager: Shutting down and abandoning module GraphEditor (340)
[2017.05.06-17.02.23:223][  9]LogModuleManager: Shutting down and abandoning module ClassViewer (338)
[2017.05.06-17.02.23:223][  9]LogModuleManager: Shutting down and abandoning module Toolbox (336)
[2017.05.06-17.02.23:223][  9]LogModuleManager: Shutting down and abandoning module ModuleUI (334)
[2017.05.06-17.02.23:223][  9]LogModuleManager: Shutting down and abandoning module MovieSceneTools (332)
[2017.05.06-17.02.23:223][  9]LogModuleManager: Shutting down and abandoning module OutputLog (330)
[2017.05.06-17.02.23:223][  9]LogModuleManager: Shutting down and abandoning module GammaUI (328)
[2017.05.06-17.02.23:223][  9]LogModuleManager: Shutting down and abandoning module Documentation (326)
[2017.05.06-17.02.23:223][  9]LogModuleManager: Shutting down and abandoning module Niagara (324)
[2017.05.06-17.02.23:223][  9]LogModuleManager: Shutting down and abandoning module StreamingPauseRendering (322)
[2017.05.06-17.02.23:223][  9]LogModuleManager: Shutting down and abandoning module AnalyticsET (320)
[2017.05.06-17.02.23:223][  9]LogModuleManager: Shutting down and abandoning module PortalServices (318)
[2017.05.06-17.02.23:223][  9]LogModuleManager: Shutting down and abandoning module PortalRpc (316)
[2017.05.06-17.02.23:223][  9]LogModuleManager: Shutting down and abandoning module MessagingRpc (314)
[2017.05.06-17.02.23:223][  9]LogModuleManager: Shutting down and abandoning module AIModule (312)
[2017.05.06-17.02.23:223][  9]LogModuleManager: Shutting down and abandoning module GameplayDebugger (311)
[2017.05.06-17.02.23:223][  9]LogModuleManager: Shutting down and abandoning module AITestSuite (309)
[2017.05.06-17.02.23:223][  9]LogModuleManager: Shutting down and abandoning module ProfilerService (306)
[2017.05.06-17.02.23:264][  9]LogModuleManager: Shutting down and abandoning module TaskGraph (304)
[2017.05.06-17.02.23:264][  9]LogModuleManager: Shutting down and abandoning module SteamVRController (302)
[2017.05.06-17.02.23:264][  9]LogModuleManager: Shutting down and abandoning module SteamVR (300)
[2017.05.06-17.02.23:264][  9]LogModuleManager: Shutting down and abandoning module ProceduralMeshComponentEditor (298)
[2017.05.06-17.02.23:264][  9]LogModuleManager: Shutting down and abandoning module ProceduralMeshComponent (296)
[2017.05.06-17.02.23:264][  9]LogModuleManager: Shutting down and abandoning module OculusLibrary (294)
[2017.05.06-17.02.23:264][  9]LogModuleManager: Shutting down and abandoning module OculusInput (292)
[2017.05.06-17.02.23:264][  9]LogModuleManager: Shutting down and abandoning module MobilePatchingUtils (290)
[2017.05.06-17.02.23:264][  9]LogModuleManager: Shutting down and abandoning module CustomMeshComponent (288)
[2017.05.06-17.02.23:264][  9]LogModuleManager: Shutting down and abandoning module CableComponent (286)
[2017.05.06-17.02.23:264][  9]LogModuleManager: Shutting down and abandoning module ArchVisCharacter (284)
[2017.05.06-17.02.23:264][  9]LogModuleManager: Shutting down and abandoning module MediaPlayerEditor (280)
[2017.05.06-17.02.23:264][  9]LogModuleManager: Shutting down and abandoning module HTML5Networking (278)
[2017.05.06-17.02.23:264][  9]LogModuleManager: Shutting down and abandoning module AlembicImporter (276)
[2017.05.06-17.02.23:264][  9]LogModuleManager: Shutting down and abandoning module AlembicLibrary (275)
[2017.05.06-17.02.23:264][  9]LogModuleManager: Shutting down and abandoning module GeometryCache (274)
[2017.05.06-17.02.23:264][  9]LogModuleManager: Shutting down and abandoning module GeometryCacheEd (273)
[2017.05.06-17.02.23:264][  9]LogModuleManager: Shutting down and abandoning module SuperSearchEditor (268)
[2017.05.06-17.02.23:264][  9]LogModuleManager: Shutting down and abandoning module SuperSearch (267)
[2017.05.06-17.02.23:264][  9]LogModuleManager: Shutting down and abandoning module SpeedTreeImporter (264)
[2017.05.06-17.02.23:264][  9]LogModuleManager: Shutting down and abandoning module PluginBrowser (262)
[2017.05.06-17.02.23:265][  9]LogModuleManager: Shutting down and abandoning module MobileLauncherProfileWizard (260)
[2017.05.06-17.02.23:265][  9]LogModuleManager: Shutting down and abandoning module EpicSurvey (258)
[2017.05.06-17.02.23:265][  9]LogModuleManager: Shutting down and abandoning module VisualStudioSourceCodeAccess (256)
[2017.05.06-17.02.23:265][  9]LogModuleManager: Shutting down and abandoning module DesktopPlatform (255)
[2017.05.06-17.02.23:265][  9]LogModuleManager: Shutting down and abandoning module UObjectPlugin (252)
[2017.05.06-17.02.23:265][  9]LogModuleManager: Shutting down and abandoning module SubversionSourceControl (250)
[2017.05.06-17.02.23:265][  9]LogModuleManager: Shutting down and abandoning module PerforceSourceControl (248)
[2017.05.06-17.02.23:265][  9]LogModuleManager: Shutting down and abandoning module GitSourceControl (246)
[2017.05.06-17.02.23:265][  9]LogModuleManager: Shutting down and abandoning module SourceControl (245)
[2017.05.06-17.02.23:265][  9]LogModuleManager: Shutting down and abandoning module LightPropagationVolumeEditor (242)
[2017.05.06-17.02.23:265][  9]LogModuleManager: Shutting down and abandoning module PaperTiledImporter (240)
[2017.05.06-17.02.23:265][  9]LogModuleManager: Shutting down and abandoning module PaperSpriteSheetImporter (238)
[2017.05.06-17.02.23:265][  9]LogModuleManager: Shutting down and abandoning module Paper2DEditor (236)
[2017.05.06-17.02.23:265][  9]LogModuleManager: Shutting down and abandoning module MeshPaint (235)
[2017.05.06-17.02.23:265][  9]LogModuleManager: Shutting down and abandoning module LevelEditor (233)
[2017.05.06-17.02.23:267][  9]LogModuleManager: Shutting down and abandoning module PixelInspectorModule (232)
[2017.05.06-17.02.23:267][  9]LogModuleManager: Shutting down and abandoning module MainFrame (230)
[2017.05.06-17.02.23:267][  9]LogModuleManager: Shutting down and abandoning module HotReload (229)
[2017.05.06-17.02.23:268][  9]LogModuleManager: Shutting down and abandoning module ContentBrowser (225)
[2017.05.06-17.02.23:271][  9]LogModuleManager: Shutting down and abandoning module PhysXVehiclesEditor (222)
[2017.05.06-17.02.23:271][  9]LogModuleManager: Shutting down and abandoning module PhysXVehicles (220)
[2017.05.06-17.02.23:271][  9]LogModuleManager: Shutting down and abandoning module LocationServicesBPLibrary (218)
[2017.05.06-17.02.23:271][  9]LogModuleManager: Shutting down and abandoning module UdpMessaging (216)
[2017.05.06-17.02.23:372][  9]LogModuleManager: Shutting down and abandoning module TcpMessaging (214)
[2017.05.06-17.02.23:584][  9]LogModuleManager: Shutting down and abandoning module GameplayTagsEditor (212)
[2017.05.06-17.02.23:584][  9]LogModuleManager: Shutting down and abandoning module FacialAnimationEditor (210)
[2017.05.06-17.02.23:584][  9]LogModuleManager: Shutting down and abandoning module FacialAnimation (208)
[2017.05.06-17.02.23:584][  9]LogModuleManager: Shutting down and abandoning module LightPropagationVolumeRuntime (206)
[2017.05.06-17.02.23:584][  9]LogModuleManager: Shutting down and abandoning module Paper2D (204)
[2017.05.06-17.02.23:584][  9]LogModuleManager: Shutting down and abandoning module WindowsMoviePlayer (202)
[2017.05.06-17.02.23:584][  9]LogModuleManager: Shutting down and abandoning module WmfMedia (200)
[2017.05.06-17.02.23:585][  9]LogModuleManager: Shutting down and abandoning module MfMedia (198)
[2017.05.06-17.02.23:585][  9]LogModuleManager: Shutting down and abandoning module MediaAssets (196)
[2017.05.06-17.02.23:585][  9]LogModuleManager: Shutting down and abandoning module GameLiveStreaming (194)
[2017.05.06-17.02.23:585][  9]LogModuleManager: Shutting down and abandoning module VREditor (192)
[2017.05.06-17.02.23:585][  9]LogModuleManager: Shutting down and abandoning module GameplayTasksEditor (190)
[2017.05.06-17.02.23:585][  9]LogModuleManager: Shutting down and abandoning module BehaviorTreeEditor (188)
[2017.05.06-17.02.23:585][  9]LogModuleManager: Shutting down and abandoning module FunctionalTesting (186)
[2017.05.06-17.02.23:585][  9]LogModuleManager: Shutting down and abandoning module CollisionAnalyzer (184)
[2017.05.06-17.02.23:585][  9]LogModuleManager: Shutting down and abandoning module UMG (182)
[2017.05.06-17.02.23:585][  9]LogModuleManager: Shutting down and abandoning module UMGEditor (181)
[2017.05.06-17.02.23:585][  9]LogModuleManager: Shutting down and abandoning module Sequencer (180)
[2017.05.06-17.02.23:586][  9]LogModuleManager: Shutting down and abandoning module AssetTools (178)
[2017.05.06-17.02.23:586][  9]LogModuleManager: Shutting down and abandoning module MessageLog (177)
[2017.05.06-17.02.23:586][  9]LogModuleManager: Shutting down and abandoning module WorkspaceMenuStructure (176)
[2017.05.06-17.02.23:586][  9]LogModuleManager: Shutting down and abandoning module SlateReflector (170)
[2017.05.06-17.02.23:586][  9]LogModuleManager: Shutting down and abandoning module Slate (168)
[2017.05.06-17.02.23:586][  9]LogModuleManager: Shutting down and abandoning module EditorStyle (166)
[2017.05.06-17.02.23:593][  9]LogModuleManager: Shutting down and abandoning module SourceCodeAccess (164)
[2017.05.06-17.02.23:593][  9]LogModuleManager: Shutting down and abandoning module HeadMountedDisplay (162)
[2017.05.06-17.02.23:593][  9]LogModuleManager: Shutting down and abandoning module XAudio2 (160)
[2017.05.06-17.02.23:593][  9]LogModuleManager: Shutting down and abandoning module Networking (158)
[2017.05.06-17.02.23:593][  9]LogModuleManager: Shutting down and abandoning module Core (154)
[2017.05.06-17.02.23:593][  9]LogModuleManager: Shutting down and abandoning module AssetRegistry (152)
[2017.05.06-17.02.23:715][  9]LogDirectoryWatcher: A directory notification for '../../../Engine/Content/' was aborted.
[2017.05.06-17.02.23:715][  9]LogDirectoryWatcher: A directory notification for '../../../../../../ToJamProject/TOJAM17/Content/' was aborted.
[2017.05.06-17.02.23:715][  9]LogDirectoryWatcher: A directory notification for '../../../Engine/Plugins/2D/Paper2D/Content/' was aborted.
[2017.05.06-17.02.23:715][  9]LogModuleManager: Shutting down and abandoning module DirectoryWatcher (151)
[2017.05.06-17.02.23:716][  9]LogModuleManager: Shutting down and abandoning module KismetCompiler (148)
[2017.05.06-17.02.23:716][  9]LogModuleManager: Shutting down and abandoning module PhysXFormats (146)
[2017.05.06-17.02.23:716][  9]LogModuleManager: Shutting down and abandoning module MeshUtilities (144)
[2017.05.06-17.02.23:716][  9]LogModuleManager: Shutting down and abandoning module SimplygonSwarm (143)
[2017.05.06-17.02.23:716][  9]LogModuleManager: Shutting down and abandoning module SimplygonMeshReduction (141)
[2017.05.06-17.02.23:716][  9]LogModuleManager: Shutting down and abandoning module QuadricMeshReduction (139)
[2017.05.06-17.02.23:716][  9]LogModuleManager: Shutting down and abandoning module PropertyEditor (137)
[2017.05.06-17.02.23:716][  9]LogModuleManager: Shutting down and abandoning module DerivedDataCache (134)
[2017.05.06-17.02.24:164][  9]LogDerivedDataCache: Shutdown
[2017.05.06-17.02.24:164][  9]LogModuleManager: Shutting down and abandoning module TargetPlatform (132)
[2017.05.06-17.02.24:164][  9]LogModuleManager: Shutting down and abandoning module VulkanShaderFormat (131)
[2017.05.06-17.02.24:164][  9]LogModuleManager: Shutting down and abandoning module ShaderFormatOpenGL (129)
[2017.05.06-17.02.24:164][  9]LogModuleManager: Shutting down and abandoning module ShaderFormatD3D (127)
[2017.05.06-17.02.24:164][  9]LogModuleManager: Shutting down and abandoning module MetalShaderFormat (125)
[2017.05.06-17.02.24:164][  9]LogModuleManager: Shutting down and abandoning module TextureFormatUncompressed (123)
[2017.05.06-17.02.24:164][  9]LogModuleManager: Shutting down and abandoning module TextureFormatPVR (121)
[2017.05.06-17.02.24:164][  9]LogModuleManager: Shutting down and abandoning module TextureFormatDXT (119)
[2017.05.06-17.02.24:164][  9]LogModuleManager: Shutting down and abandoning module TextureFormatIntelISPCTexComp (117)
[2017.05.06-17.02.24:164][  9]LogModuleManager: Shutting down and abandoning module TextureFormatASTC (115)
[2017.05.06-17.02.24:164][  9]LogModuleManager: Shutting down and abandoning module ImageWrapper (114)
[2017.05.06-17.02.24:164][  9]LogModuleManager: Shutting down and abandoning module TextureFormatAndroid (111)
[2017.05.06-17.02.24:164][  9]LogModuleManager: Shutting down and abandoning module AudioFormatOpus (109)
[2017.05.06-17.02.24:165][  9]LogModuleManager: Shutting down and abandoning module AudioFormatOgg (107)
[2017.05.06-17.02.24:165][  9]LogModuleManager: Shutting down and abandoning module AudioFormatADPCM (105)
[2017.05.06-17.02.24:165][  9]LogModuleManager: Shutting down and abandoning module LinuxTargetPlatform (103)
[2017.05.06-17.02.24:165][  9]LogModuleManager: Shutting down and abandoning module LinuxServerTargetPlatform (101)
[2017.05.06-17.02.24:165][  9]LogModuleManager: Shutting down and abandoning module LinuxNoEditorTargetPlatform (99)
[2017.05.06-17.02.24:165][  9]LogModuleManager: Shutting down and abandoning module LinuxClientTargetPlatform (97)
[2017.05.06-17.02.24:165][  9]LogModuleManager: Shutting down and abandoning module TVOSTargetPlatform (95)
[2017.05.06-17.02.24:165][  9]LogModuleManager: Shutting down and abandoning module Messaging (93)
[2017.05.06-17.02.24:165][  9]LogModuleManager: Shutting down and abandoning module IOSTargetPlatform (91)
[2017.05.06-17.02.24:165][  9]LogModuleManager: Shutting down and abandoning module HTML5TargetPlatform (89)
[2017.05.06-17.02.24:165][  9]LogModuleManager: Shutting down and abandoning module Android_PVRTCTargetPlatform (87)
[2017.05.06-17.02.24:165][  9]LogModuleManager: Shutting down and abandoning module Android_MultiTargetPlatform (85)
[2017.05.06-17.02.24:165][  9]LogModuleManager: Shutting down and abandoning module Android_ETC2TargetPlatform (83)
[2017.05.06-17.02.24:165][  9]LogModuleManager: Shutting down and abandoning module Android_ETC1TargetPlatform (81)
[2017.05.06-17.02.24:165][  9]LogModuleManager: Shutting down and abandoning module Android_DXTTargetPlatform (79)
[2017.05.06-17.02.24:165][  9]LogModuleManager: Shutting down and abandoning module Android_ATCTargetPlatform (77)
[2017.05.06-17.02.24:165][  9]LogModuleManager: Shutting down and abandoning module Android_ASTCTargetPlatform (75)
[2017.05.06-17.02.24:165][  9]LogModuleManager: Shutting down and abandoning module AndroidTargetPlatform (73)
[2017.05.06-17.02.24:165][  9]LogModuleManager: Shutting down and abandoning module WindowsTargetPlatform (71)
[2017.05.06-17.02.24:165][  9]LogModuleManager: Shutting down and abandoning module WindowsServerTargetPlatform (69)
[2017.05.06-17.02.24:165][  9]LogModuleManager: Shutting down and abandoning module WindowsNoEditorTargetPlatform (67)
[2017.05.06-17.02.24:165][  9]LogModuleManager: Shutting down and abandoning module WindowsClientTargetPlatform (65)
[2017.05.06-17.02.24:165][  9]LogModuleManager: Shutting down and abandoning module MacTargetPlatform (63)
[2017.05.06-17.02.24:165][  9]LogModuleManager: Shutting down and abandoning module MacServerTargetPlatform (61)
[2017.05.06-17.02.24:165][  9]LogModuleManager: Shutting down and abandoning module MacNoEditorTargetPlatform (59)
[2017.05.06-17.02.24:165][  9]LogModuleManager: Shutting down and abandoning module MacClientTargetPlatform (57)
[2017.05.06-17.02.24:165][  9]LogModuleManager: Shutting down and abandoning module AllDesktopTargetPlatform (55)
[2017.05.06-17.02.24:165][  9]LogModuleManager: Shutting down and abandoning module InputCore (52)
[2017.05.06-17.02.24:165][  9]LogModuleManager: Shutting down and abandoning module Settings (50)
[2017.05.06-17.02.24:165][  9]LogModuleManager: Shutting down and abandoning module OculusRift (48)
[2017.05.06-17.02.24:165][  9]LogModuleManager: Shutting down and abandoning module GearVR (46)
[2017.05.06-17.02.24:166][  9]LogModuleManager: Shutting down and abandoning module ExampleDeviceProfileSelector (44)
[2017.05.06-17.02.24:166][  9]LogModuleManager: Shutting down and abandoning module OnlineBlueprintSupport (42)
[2017.05.06-17.02.24:166][  9]LogModuleManager: Shutting down and abandoning module OnlineSubsystem (38)
[2017.05.06-17.02.24:166][  9]LogOnline:Display: Unloading online subsystem: NULL
[2017.05.06-17.02.24:166][  9]LogModuleManager: Shutting down and abandoning module XMPP (37)
[2017.05.06-17.02.24:166][  9]LogModuleManager: Shutting down and abandoning module HTTP (35)
[2017.05.06-17.02.24:166][  9]LogHttp:Display: Http module shutting down, but needs to wait on 2 outstanding Http requests:
[2017.05.06-17.02.24:166][  9]LogHttp:Display: 	verb=[GET] url=[http://cdn.unrealengine.com/surveys/en/index.json] status=Processing
[2017.05.06-17.02.24:166][  9]LogHttp:Display: 	verb=[POST] url=[https://datarouter.ol.epicgames.com/datarouter/api/v1/public/data?SessionID=%7B5B07FC91-47F7-2D60-1CF4-7CB6A8F61842%7D&AppID=UEEditor.Rocket.Release&AppVersion=4.15.2-3416026%2B%2B%2BUE4%2BRelease-4.15&UserID=c5b402cf49c63dace635ba838d11588f%7C96dae05c1d2b439eb3e9c8ed0f078533%7C118f4c32-a4b9-44d1-8e1c-bba63ea92925&AppEnvironment=datacollector-binary&UploadType=eteventstream] status=Processing
[2017.05.06-17.02.24:166][  9]LogHttp:Display: Sleeping 0.5s to wait for 1 outstanding Http requests.
[2017.05.06-17.02.24:667][  9]LogHttp:Display: Sleeping 0.5s to wait for 1 outstanding Http requests.
[2017.05.06-17.02.25:199][  9]LogModuleManager: Shutting down and abandoning module SSL (34)
[2017.05.06-17.02.25:203][  9]LogModuleManager: Shutting down and abandoning module AudioEditor (30)
[2017.05.06-17.02.25:203][  9]LogModuleManager: Shutting down and abandoning module TextureCompressor (28)
[2017.05.06-17.02.25:203][  9]LogModuleManager: Shutting down and abandoning module ShaderCore (26)
[2017.05.06-17.02.25:203][  9]LogModuleManager: Shutting down and abandoning module Landscape (24)
[2017.05.06-17.02.25:203][  9]LogModuleManager: Shutting down and abandoning module SlateRHIRenderer (22)
[2017.05.06-17.02.25:205][  9]LogModuleManager: Shutting down and abandoning module OpenGLDrv (20)
[2017.05.06-17.02.25:205][  9]LogModuleManager: Shutting down and abandoning module D3D11RHI (18)
[2017.05.06-17.02.25:205][  9]LogModuleManager: Shutting down and abandoning module AnimGraphRuntime (16)
[2017.05.06-17.02.25:205][  9]LogModuleManager: Shutting down and abandoning module Renderer (14)
[2017.05.06-17.02.25:205][  9]LogModuleManager: Shutting down and abandoning module Engine (12)
[2017.05.06-17.02.25:205][  9]LogModuleManager: Shutting down and abandoning module CoreUObject (10)
[2017.05.06-17.02.25:205][  9]LogModuleManager: Shutting down and abandoning module NetworkFile (8)
[2017.05.06-17.02.25:205][  9]LogModuleManager: Shutting down and abandoning module StreamingFile (6)
[2017.05.06-17.02.25:205][  9]LogModuleManager: Shutting down and abandoning module SandboxFile (4)
[2017.05.06-17.02.25:206][  9]LogModuleManager: Shutting down and abandoning module PakFile (2)
[2017.05.06-17.02.25:210][  9]LogExit: Exiting.
[2017.05.06-17.02.25:215][  9]Log file closed, 05/06/17 13:02:25
