Log file open, 05/06/17 15:53:40
LogInit:Display: Running engine for game: TOJam2017
LogPlatformFile: Not using cached read wrapper
LogInit:Display: RandInit(-1473259569) SRandInit(-1473259569).
LogTaskGraph: Started task graph with 5 named threads and 8 total threads with 1 sets of task threads.
LogStats: Stats thread started at 0.071401
LogInit: Using libcurl 7.47.1
LogInit:  - built for x86_64-pc-win32
LogInit:  - supports SSL with OpenSSL/1.0.2g
LogInit:  - supports HTTP deflate (compression) using libz 1.2.8
LogInit:  - other features:
LogInit:      CURL_VERSION_SSL
LogInit:      CURL_VERSION_LIBZ
LogInit:      CURL_VERSION_IPV6
LogInit:      CURL_VERSION_ASYNCHDNS
LogInit:      CURL_VERSION_LARGEFILE
LogInit:      CURL_VERSION_IDN
LogInit:  CurlRequestOptions (configurable via config and command line):
LogInit:  - bVerifyPeer = false  - Libcurl will NOT verify peer certificate
LogInit:  - bUseHttpProxy = false  - Libcurl will NOT use HTTP proxy
LogInit:  - bDontReuseConnections = false  - Libcurl will reuse connections
LogInit:  - CertBundlePath = nullptr  - Libcurl will use whatever was configured at build time.
LogInit: Build: ++UE4+Release-4.15-CL-3416026
LogInit: Engine Version: 4.15.2-3416026+++UE4+Release-4.15
LogInit: Compatible Engine Version: 4.15.0-3299760+++UE4+Release-4.15
LogInit: Net CL: 3299760
LogDevObjectVersion: Number of dev versions registered: 14
LogDevObjectVersion:   Dev-Blueprints (B0D832E4-1F89-4F0D-ACCF-7EB736FD4AA2): 8
LogDevObjectVersion:   Dev-Build (E1C64328-A22C-4D53-A36C-8E866417BD8C): 0
LogDevObjectVersion:   Dev-Core (375EC13C-06E4-48FB-B500-84F0262A717E): 2
LogDevObjectVersion:   Dev-Editor (E4B068ED-F494-42E9-A231-DA0B2E46BB41): 14
LogDevObjectVersion:   Dev-Framework (CFFC743F-43B0-4480-9391-14DF171D2073): 22
LogDevObjectVersion:   Dev-Mobile (B02B49B5-BB20-44E9-A304-32B752E40360): 0
LogDevObjectVersion:   Dev-Networking (A4E4105C-59A1-49B5-A7C5-40C4547EDFEE): 0
LogDevObjectVersion:   Dev-Online (39C831C9-5AE6-47DC-9A44-9C173E1C8E7C): 0
LogDevObjectVersion:   Dev-Physics (78F01B33-EBEA-4F98-B9B4-84EACCB95AA2): 0
LogDevObjectVersion:   Dev-Platform (6631380F-2D4D-43E0-8009-CF276956A95A): 0
LogDevObjectVersion:   Dev-Rendering (12F88B9F-8875-4AFC-A67C-D90C383ABD29): 12
LogDevObjectVersion:   Dev-Sequencer (7B5AE74C-D270-4C10-A958-57980B212A5A): 3
LogDevObjectVersion:   Dev-VR (D7296918-1DD6-4BDD-9DE2-64A83CC13884): 0
LogDevObjectVersion:   Dev-LoadTimes (C2A15278-BFE7-4AFE-6C17-90FF531DF755): 1
LogInit: Compiled (64-bit): May  1 2017 13:11:28
LogInit: Compiled with Visual C++: 19.00.23026.00
LogInit: Build Configuration: Development
LogInit: Branch Name: ++UE4+Release-4.15
LogInit: Command line:  
LogInit: Base directory: d:/Program Files/Epic Games/UE_4.15/Engine/Binaries/Win64/
LogInit: Installed Engine Build: 1
LogInit: Presizing for max 8388607 objects, including 0 objects not considered by GC, pre-allocating 0 bytes for permanent pool.
LogInit: Object subsystem initialized
[2017.05.06-19.53.41:539][  0]LogInit: Selected Device Profile: [Windows]
[2017.05.06-19.53.41:539][  0]LogInit: Applying CVar settings loaded from the selected device profile: [Windows]
[2017.05.06-19.53.41:550][  0]LogInit: Computer: DESKTOP-QN8JF5I
[2017.05.06-19.53.41:550][  0]LogInit: User: khizer
[2017.05.06-19.53.41:550][  0]LogInit: CPU Page size=65536, Cores=4
[2017.05.06-19.53.41:550][  0]LogInit: High frequency timer resolution =2.143471 MHz
[2017.05.06-19.53.41:550][  0]LogMemory: Memory total: Physical=7.7GB (8GB approx)
[2017.05.06-19.53.41:551][  0]LogMemory: Platform Memory Stats for Windows
[2017.05.06-19.53.41:551][  0]LogMemory: Process Physical Memory: 263.61 MB used, 263.61 MB peak
[2017.05.06-19.53.41:551][  0]LogMemory: Process Virtual Memory: 262.85 MB used, 262.85 MB peak
[2017.05.06-19.53.41:551][  0]LogMemory: Physical Memory: 3466.02 MB used,  4382.34 MB free, 7848.36 MB total
[2017.05.06-19.53.41:551][  0]LogMemory: Virtual Memory: 645.24 MB used,  4382.34 MB free, 134217728.00 MB total
[2017.05.06-19.53.41:619][  0]LogTextLocalizationManager: No specific translations for ('en-CA') exist, so ('en') translations will be used.
[2017.05.06-19.53.42:212][  0]LogD3D11RHI: D3D11 adapters:
[2017.05.06-19.53.42:236][  0]LogD3D11RHI:    0. 'NVIDIA GeForce GTX 760M' (Feature Level 11_0)
[2017.05.06-19.53.42:236][  0]LogD3D11RHI:       2020/0/3924 MB DedicatedVideo/DedicatedSystem/SharedSystem, Outputs:1, VendorId:0x10de
[2017.05.06-19.53.42:243][  0]LogD3D11RHI:    1. 'Intel(R) HD Graphics 4600' (Feature Level 11_0)
[2017.05.06-19.53.42:243][  0]LogD3D11RHI:       112/0/2048 MB DedicatedVideo/DedicatedSystem/SharedSystem, Outputs:0, VendorId:0x8086
[2017.05.06-19.53.42:244][  0]LogD3D11RHI:    2. 'Microsoft Basic Render Driver' (Feature Level 11_0)
[2017.05.06-19.53.42:244][  0]LogD3D11RHI:       0/0/3924 MB DedicatedVideo/DedicatedSystem/SharedSystem, Outputs:0, VendorId:0x1414
[2017.05.06-19.53.42:244][  0]LogD3D11RHI: Chosen D3D11 Adapter: 0
[2017.05.06-19.53.42:248][  0]LogD3D11RHI: Creating new Direct3DDevice
[2017.05.06-19.53.42:248][  0]LogD3D11RHI:     GPU DeviceId: 0x11e3 (for the marketing name, search the web for "GPU Device Id")
[2017.05.06-19.53.42:248][  0]LogWindows: EnumDisplayDevices:
[2017.05.06-19.53.42:248][  0]LogWindows:    0. 'Intel(R) HD Graphics 4600' (P:1 D:1)
[2017.05.06-19.53.42:249][  0]LogWindows:    1. 'Intel(R) HD Graphics 4600' (P:0 D:0)
[2017.05.06-19.53.42:249][  0]LogWindows:    2. 'Intel(R) HD Graphics 4600' (P:0 D:0)
[2017.05.06-19.53.42:249][  0]LogWindows: DebugString: PrimaryIsNotTheChoosenAdapter PrimaryIsNotTheChoosenAdapter PrimaryIsNotTheChoosenAdapter FoundDriverCount:0 
[2017.05.06-19.53.42:249][  0]LogD3D11RHI:     Adapter Name: NVIDIA GeForce GTX 760M
[2017.05.06-19.53.42:249][  0]LogD3D11RHI:   Driver Version: Unknown (internal:Unknown, unified:Unknown)
[2017.05.06-19.53.42:249][  0]LogD3D11RHI:      Driver Date: Unknown
[2017.05.06-19.53.42:249][  0]LogRHI: Texture pool is 1361 MB (70% of 1945 MB)
[2017.05.06-19.53.42:260][  0]LogD3D11RHI:Warning: Timestamp queries are currently disabled on this hardware due to instability. Realtime GPU stats will not be available. You can override this behaviour by setting r.NVIDIATimestampWorkaround to 0
[2017.05.06-19.53.42:262][  0]LogD3D11RHI: [Aftermath] Aftermath enabled but failed to initialize due to reason: NvApiIncompatible
[2017.05.06-19.53.42:262][  0]LogD3D11RHI: Async texture creation enabled
[2017.05.06-19.53.42:273][  0]LogD3D11RHI: GPU Timing Frequency: 1000.000000 (Debug: 2 1)
[2017.05.06-19.53.42:274][  0]LogShaderCompilers: Guid format shader working directory is 9 characters bigger than the processId version (../../../../../../ToJamProject/TOJAM17/Intermediate/Shaders/WorkingDirectory/6312/).
[2017.05.06-19.53.42:274][  0]LogShaderCompilers: Cleaned the shader compiler working directory 'C:/Users/khizer/AppData/Local/Temp/UnrealShaderWorkingDir/3679C34641EEC9A5931FE881305A70D6/'.
[2017.05.06-19.53.42:274][  0]LogShaderCompilers:Display: Using Local Shader Compiler.
[2017.05.06-19.53.43:347][  0]LogTemp:Display: Loaded TP AllDesktopTargetPlatform
[2017.05.06-19.53.43:392][  0]LogTemp:Display: Loaded TP MacClientTargetPlatform
[2017.05.06-19.53.43:437][  0]LogTemp:Display: Loaded TP MacNoEditorTargetPlatform
[2017.05.06-19.53.43:481][  0]LogTemp:Display: Loaded TP MacServerTargetPlatform
[2017.05.06-19.53.43:526][  0]LogTemp:Display: Loaded TP MacTargetPlatform
[2017.05.06-19.53.43:572][  0]LogTemp:Display: Loaded TP WindowsClientTargetPlatform
[2017.05.06-19.53.43:617][  0]LogTemp:Display: Loaded TP WindowsNoEditorTargetPlatform
[2017.05.06-19.53.43:662][  0]LogTemp:Display: Loaded TP WindowsServerTargetPlatform
[2017.05.06-19.53.43:698][  0]LogTemp:Display: Loaded TP WindowsTargetPlatform
[2017.05.06-19.53.43:743][  0]LogTemp:Display: Loaded TP AndroidTargetPlatform
[2017.05.06-19.53.43:806][  0]LogTemp:Display: Loaded TP Android_ASTCTargetPlatform
[2017.05.06-19.53.43:851][  0]LogTemp:Display: Loaded TP Android_ATCTargetPlatform
[2017.05.06-19.53.43:895][  0]LogTemp:Display: Loaded TP Android_DXTTargetPlatform
[2017.05.06-19.53.43:941][  0]LogTemp:Display: Loaded TP Android_ETC1TargetPlatform
[2017.05.06-19.53.43:986][  0]LogTemp:Display: Loaded TP Android_ETC2TargetPlatform
[2017.05.06-19.53.44:075][  0]LogTemp:Display: Loaded TP Android_MultiTargetPlatform
[2017.05.06-19.53.44:075][  0]LogTemp:Display: Loaded TP Android_PVRTCTargetPlatform
[2017.05.06-19.53.44:103][  0]LogTemp:Display: Loaded TP HTML5TargetPlatform
[2017.05.06-19.53.44:185][  0]LogTemp:Display: Loaded TP IOSTargetPlatform
[2017.05.06-19.53.44:215][  0]LogTemp:Display: Loaded TP TVOSTargetPlatform
[2017.05.06-19.53.44:259][  0]LogTemp:Display: Loaded TP LinuxClientTargetPlatform
[2017.05.06-19.53.44:304][  0]LogTemp:Display: Loaded TP LinuxNoEditorTargetPlatform
[2017.05.06-19.53.44:348][  0]LogTemp:Display: Loaded TP LinuxServerTargetPlatform
[2017.05.06-19.53.44:391][  0]LogTemp:Display: Loaded TP LinuxTargetPlatform
[2017.05.06-19.53.44:391][  0]LogTargetPlatformManager:Display: Building Assets For Windows
[2017.05.06-19.53.44:708][  0]LogDerivedDataCache:Display: Max Cache Size: 512 MB
[2017.05.06-19.53.44:780][  0]LogDerivedDataCache: Loaded boot cache 0.07s 50MB C:/Users/khizer/AppData/Local/UnrealEngine/4.15/DerivedDataCache/Boot.ddc.
[2017.05.06-19.53.44:780][  0]LogDerivedDataCache:Display: Loaded Boot cache: C:/Users/khizer/AppData/Local/UnrealEngine/4.15/DerivedDataCache/Boot.ddc
[2017.05.06-19.53.44:780][  0]LogDerivedDataCache: FDerivedDataBackendGraph:  Pak pak cache file ../../../../../../ToJamProject/TOJAM17/DerivedDataCache/DDC.ddp not found, will not use a pak cache.
[2017.05.06-19.53.44:780][  0]LogDerivedDataCache: Unable to find inner node Pak for hierarchical cache Hierarchy.
[2017.05.06-19.53.44:780][  0]LogDerivedDataCache: FDerivedDataBackendGraph:  CompressedPak pak cache file ../../../../../../ToJamProject/TOJAM17/DerivedDataCache/Compressed.ddp not found, will not use a pak cache.
[2017.05.06-19.53.44:780][  0]LogDerivedDataCache: Unable to find inner node CompressedPak for hierarchical cache Hierarchy.
[2017.05.06-19.53.44:800][  0]LogDerivedDataCache:Display: Pak cache opened for reading ../../../Engine/DerivedDataCache/Compressed.ddp.
[2017.05.06-19.53.44:811][  0]LogDerivedDataCache: Using Local data cache path C:/Users/khizer/AppData/Local/UnrealEngine/Common/DerivedDataCache: Writable
[2017.05.06-19.53.44:822][  0]LogSlate: Using Freetype 2.6.0
[2017.05.06-19.53.44:822][  0]LogSlate: SlateFontCache - WITH_FREETYPE: 1, WITH_HARFBUZZ: 1
[2017.05.06-19.53.44:822][  0]LogSlate: SlateFontCache - WITH_FREETYPE: 1, WITH_HARFBUZZ: 1
[2017.05.06-19.53.45:087][  0]LogInit: Selected Device Profile: [Windows]
[2017.05.06-19.53.45:090][  0]LogContentStreaming: Texture pool size is 0.00 MB
[2017.05.06-19.53.45:276][  0]LogMeshUtilities: Using QuadricMeshReduction for automatic static mesh reduction
[2017.05.06-19.53.45:308][  0]LogSimplygon: Simplygon DLL not present - disabling.
[2017.05.06-19.53.45:341][  0]LogMeshUtilities: Using SimplygonSwarm for distributed automatic mesh merging
[2017.05.06-19.53.45:341][  0]LogMeshUtilities: No automatic skeletal mesh reduction module available
[2017.05.06-19.53.45:341][  0]LogMeshUtilities: No automatic mesh merging module available
[2017.05.06-19.53.45:857][  0]LogNetVersion: GetLocalNetworkVersion: CL: 3299760, ProjectName: tojam2017, ProjectVersion: , EngineNetworkVersion: 2, GameNetworkVersion: 0, NetworkChecksum: 4065219163
[2017.05.06-19.53.45:898][  0]LogAssetRegistry: FAssetRegistry took 0.0222 seconds to start up
[2017.05.06-19.53.45:934][  0]LogPackageLocalizationCache: Processed 3 localized package path(s) for 2 prioritized culture(s) in 0.019201 seconds
[2017.05.06-19.53.45:940][  0]LogUObjectArray: 32493 objects as part of root set at end of initial load.
[2017.05.06-19.53.45:940][  0]LogUObjectAllocator: 7077032 out of 0 bytes used by permanent object pool.
[2017.05.06-19.53.45:940][  0]LogUObjectArray: CloseDisregardForGC: 0/0 objects in disregard for GC pool
[2017.05.06-19.53.45:985][  0]LogInit: WinSock: version 1.1 (2.2), MaxSocks=32767, MaxUdp=65467
[2017.05.06-19.53.47:331][  0]LogTcpMessaging: Initializing TcpMessaging bridge
[2017.05.06-19.53.47:364][  0]LogUdpMessaging: Initializing bridge on interface 0.0.0.0:0 to multicast group 230.0.0.1:6666.
[2017.05.06-19.53.47:729][  0]LogMaterial: Uniform references updated for custom material expression Custom.
[2017.05.06-19.53.48:029][  0]SourceControl: Info Source control is disabled
[2017.05.06-19.53.48:058][  0]SourceControl: Info Source control is disabled
[2017.05.06-19.53.48:095][  0]SourceControl: Info Source control is disabled
[2017.05.06-19.53.48:131][  0]SourceControl: Info Source control is disabled
[2017.05.06-19.53.49:070][  0]LogEngine: Initializing Engine...
[2017.05.06-19.53.49:071][  0]LogHMD: Failed to initialize OpenVR with code 110
[2017.05.06-19.53.49:191][  0]LogStats: UGameplayTagsManager::ConstructGameplayTagTree: Construct from data asset -  0.000 s
[2017.05.06-19.53.49:191][  0]LogStats: UGameplayTagsManager::ConstructGameplayTagTree: GameplayTagTreeChangedEvent.Broadcast -  0.000 s
[2017.05.06-19.53.49:281][  0]LogAIModule: Creating AISystem for world Untitled
[2017.05.06-19.53.49:286][  0]LogInit: XAudio2 using 'Speakers (Realtek High Definition Audio)' : 2 channels at 48 kHz using 32 bits per sample (channel mask 0x3)
[2017.05.06-19.53.49:313][  0]LogInit: FAudioDevice initialized.
[2017.05.06-19.53.49:339][  0]LogDerivedDataCache: Saved boot cache 0.03s 50MB C:/Users/khizer/AppData/Local/UnrealEngine/4.15/DerivedDataCache/Boot.ddc.
[2017.05.06-19.53.49:348][  0]LogInit: Texture streaming: Enabled
[2017.05.06-19.53.49:417][  0]LogEngineSessionManager: EngineSessionManager initialized
[2017.05.06-19.53.49:482][  0]LogInit: Transaction tracking system initialized
[2017.05.06-19.53.49:752][  0]BlueprintLog: New page: Editor Load
[2017.05.06-19.53.50:415][  0]LocalizationService: Info Localization service is disabled
[2017.05.06-19.53.51:168][  0]LogConsoleResponse:Display: 
[2017.05.06-19.53.51:285][  0]LogCook:Display: Max memory allowance for cook 16384mb min free memory 0mb
[2017.05.06-19.53.51:285][  0]LogCook:Display: Mobile HDR setting 1
[2017.05.06-19.53.52:026][  0]LogFileCache: Scanning file cache for directory 'd:/ToJamProject/TOJAM17/Content/' took 0.01s
[2017.05.06-19.53.52:026][  0]SourceControl: Info Source control is disabled
[2017.05.06-19.53.52:026][  0]Cmd: MAP LOAD FILE="../../../../../../ToJamProject/TOJAM17/Content/Maps/LevelOne.umap" TEMPLATE=0 SHOWPROGRESS=1 FEATURELEVEL=3
[2017.05.06-19.53.52:034][  0]LogWindowsTextInputMethodSystem:Display: IME system now deactivated.
[2017.05.06-19.53.52:042][  0]LogSlate: Took 0.000190 seconds to synchronously load lazily loaded font '../../../Engine/Content/Slate/Fonts/Roboto-Regular.ttf' (155K)
[2017.05.06-19.53.53:182][  0]LogWindowsTextInputMethodSystem:Display: IME system now deactivated.
[2017.05.06-19.53.53:184][  0]LogWindowsTextInputMethodSystem:Display: IME system now deactivated.
[2017.05.06-19.53.53:185][  0]LightingResults: New page: Lighting Build
[2017.05.06-19.53.53:224][  0]MapCheck: New page: Map Check
[2017.05.06-19.53.53:224][  0]LightingResults: New page: Lighting Build
[2017.05.06-19.53.53:240][  0]LogAIModule: Creating AISystem for world Untitled
[2017.05.06-19.53.53:242][  0]LoadErrors: New page: New Map
[2017.05.06-19.53.53:428][  0]LogCollectionManager: Loaded 0 collections in 0.001033 seconds
[2017.05.06-19.53.53:496][  0]LogFileCache: Scanning file cache for directory 'd:/ToJamProject/TOJAM17/Saved/Collections/' took 0.01s
[2017.05.06-19.53.53:496][  0]LogFileCache: Scanning file cache for directory 'd:/ToJamProject/TOJAM17/Content/Developers/khizer/Collections/' took 0.01s
[2017.05.06-19.53.53:496][  0]LogFileCache: Scanning file cache for directory 'd:/ToJamProject/TOJAM17/Content/Collections/' took 0.01s
[2017.05.06-19.53.53:496][  0]LogCollectionManager: Rebuilt the GUID cache for 0 collections in 0.000002 seconds
[2017.05.06-19.53.53:505][  0]LogContentBrowser: Native class hierarchy populated in 0.0094 seconds. Added 2245 classes and 453 folders.
[2017.05.06-19.53.53:554][  0]LogContentBrowser: Native class hierarchy updated for 'WidgetCarousel' in 0.0005 seconds. Added 0 classes and 0 folders.
[2017.05.06-19.53.53:590][  0]LogContentBrowser: Native class hierarchy updated for 'AddContentDialog' in 0.0005 seconds. Added 0 classes and 0 folders.
[2017.05.06-19.53.53:624][  0]LogContentBrowser: Native class hierarchy updated for 'SceneOutliner' in 0.0009 seconds. Added 1 classes and 2 folders.
[2017.05.06-19.53.53:671][  0]LogCrashTracker: Crashtracker disabled due to settings.
[2017.05.06-19.53.53:677][  0]LogUObjectGlobals:Warning: Failed to find object 'Class None.'
[2017.05.06-19.53.53:732][  0]LogContentBrowser: Native class hierarchy updated for 'HierarchicalLODOutliner' in 0.0006 seconds. Added 1 classes and 2 folders.
[2017.05.06-19.53.53:732][  0]LogLoad: (Engine Initialization) Total time: 13.84 seconds
[2017.05.06-19.53.53:732][  0]LogLoad: (Engine Initialization) Total Blueprint compile time: 0.03 seconds
[2017.05.06-19.53.53:732][  0]LogExternalProfiler: Found external profiler: VSPerf
[2017.05.06-19.53.53:732][  0]LogExternalProfiler: Using external profiler: VSPerf
[2017.05.06-19.53.53:750][  0]LogOcInput: OculusInput pre-init called
[2017.05.06-19.53.53:770][  0]LogContentStreaming: Texture pool size now 400 MB
[2017.05.06-19.53.53:773][  0]LogSlate: Took 0.000189 seconds to synchronously load lazily loaded font '../../../Engine/Content/Slate/Fonts/Roboto-Bold.ttf' (160K)
[2017.05.06-19.53.53:779][  0]LogSlate: Took 0.000178 seconds to synchronously load lazily loaded font '../../../Engine/Content/Editor/Slate/Fonts/FontAwesome.ttf' (139K)
[2017.05.06-19.53.53:901][  0]LogSlate: Took 0.000399 seconds to synchronously load lazily loaded font '../../../Engine/Content/Slate/Fonts/Roboto-Light.ttf' (159K)
[2017.05.06-19.53.53:944][  0]LogRenderer: Reallocating scene render targets to support 964x436 NumSamples 1 (Frame:2).
[2017.05.06-19.53.54:016][  1]LogAssetRegistry: Asset discovery search completed in 8.1401 seconds
[2017.05.06-19.53.54:016][  1]LogCollectionManager: Rebuilt the object cache for 0 collections in 0.000006 seconds (found 0 objects)
[2017.05.06-19.53.54:016][  1]LogCollectionManager: Fixed up redirectors for 0 collections in 0.000020 seconds (updated 0 objects)
[2017.05.06-19.54.04:939][655]LogSlate: Took 0.000205 seconds to synchronously load lazily loaded font '../../../Engine/Content/Slate/Fonts/Roboto-Light.ttf' (159K)
[2017.05.06-19.54.05:174][655]LogLinker:Error: bIsDestroyed has an inappropriate outermost, it was probably saved with a deprecated outer (file: ../../../../../../ToJamProject/TOJAM17/Content/Blueprints/BP_GameMode.uasset)
[2017.05.06-19.54.05:213][655]LogLinker:Error: bIsDestroyed has an inappropriate outermost, it was probably saved with a deprecated outer (file: ../../../../../../ToJamProject/TOJAM17/Content/Blueprints/BP_GameMode.uasset)
[2017.05.06-19.54.05:770][655]LogSlate: Took 0.000470 seconds to synchronously load lazily loaded font '../../../Engine/Content/Slate/Fonts/Roboto-Regular.ttf' (155K)
[2017.05.06-19.54.06:636][655]LogAIModule: Creating AISystem for world Level1
[2017.05.06-19.54.23:164][534]LogSpawn:Warning: UWorld::DestroyActor: World has no context! World: Level1BAKCup, Actor: /Game/Maps/Level1BAKCup.Level1BAKCup:PersistentLevel.Level1_C_0
[2017.05.06-19.54.23:214][534]LogMetaData: Removing '/Game/Maps/Level1BAKCup.Level1BAKCup:PersistentLevel.Level1BAKCup.EventGraph.K2Node_Event_0' ref from Metadata '/Game/Maps/Level1.PackageMetaData'
[2017.05.06-19.54.23:214][534]LogMetaData: Removing '/Game/Maps/Level1BAKCup.Level1BAKCup:PersistentLevel.Level1BAKCup.EventGraph.K2Node_Event_1' ref from Metadata '/Game/Maps/Level1.PackageMetaData'
[2017.05.06-19.54.23:214][534]LogMetaData: Removing '/Game/Maps/Level1BAKCup.Level1BAKCup_C' ref from Metadata '/Game/Maps/Level1.PackageMetaData'
[2017.05.06-19.54.23:214][534]LogMetaData: Removing '/Game/Maps/Level1BAKCup.SKEL_Level1BAKCup_C' ref from Metadata '/Game/Maps/Level1.PackageMetaData'
[2017.05.06-19.54.23:271][534]Cmd: OBJ SAVEPACKAGE PACKAGE="/Game/Maps/Level1BAKCup" FILE="../../../../../../ToJamProject/TOJAM17/Content/Maps/Level1BAKCup.umap" SILENT=true AUTOSAVING=false KEEPDIRTY=false
[2017.05.06-19.54.23:297][534]LogSpawn:Warning: UWorld::DestroyActor: World has no context! World: Level1BAKCup, Actor: /Game/Maps/Level1BAKCup.Level1BAKCup:PersistentLevel.Level1BAKCup_C_0
[2017.05.06-19.54.23:430][534]LogSavePackage: Save=137.32ms
[2017.05.06-19.54.23:431][534]LogSavePackage: Moving '../../../../../../ToJamProject/TOJAM17/Saved/Level1BAKCup398260214CF2772524866F82E11E8C44.tmp' to '../../../../../../ToJamProject/TOJAM17/Content/Maps/Level1BAKCup.umap'
[2017.05.06-19.54.23:435][534]LogSavePackage:Display: Finished SavePackage ../../../../../../ToJamProject/TOJAM17/Content/Maps/Level1BAKCup.umap
[2017.05.06-19.54.23:442][534]LogFileHelpers: Saving map 'Level1BAKCup' took 0.214
[2017.05.06-19.54.23:448][534]Cmd: OBJ SAVEPACKAGE PACKAGE="/Game/Maps/Level1" FILE="../../../../../../ToJamProject/TOJAM17/Content/Maps/Level1.umap" SILENT=true
[2017.05.06-19.54.23:481][534]LogSavePackage: Save=8.15ms
[2017.05.06-19.54.23:481][534]LogSavePackage: Moving '../../../../../../ToJamProject/TOJAM17/Saved/Level1DD4DB52B414CA54CF93C6DB1FD2275FF.tmp' to '../../../../../../ToJamProject/TOJAM17/Content/Maps/Level1.umap'
[2017.05.06-19.54.23:483][534]LogSavePackage:Display: Finished SavePackage ../../../../../../ToJamProject/TOJAM17/Content/Maps/Level1.umap
[2017.05.06-19.54.33:843][123]LogContentBrowser: Native class hierarchy updated for 'BlueprintGraph' in 0.0010 seconds. Added 112 classes and 0 folders.
[2017.05.06-19.54.34:638][123]LogSlate: Took 0.000176 seconds to synchronously load lazily loaded font '../../../Engine/Content/Editor/Slate/Fonts/Roboto-BoldCondensed.ttf' (158K)
[2017.05.06-19.54.35:025][141]LogSlate: Took 0.000289 seconds to synchronously load lazily loaded font '../../../Engine/Content/Editor/Slate/Fonts/Roboto-Italic.ttf' (157K)
[2017.05.06-19.54.39:628][408]LogSpawn:Warning: UWorld::DestroyActor: World has no context! World: Level1BAKCup, Actor: /Game/Maps/Level1BAKCup.Level1BAKCup:PersistentLevel.REINST_BP_Targetadasd_C_0
[2017.05.06-19.54.40:087][408]LogMetaData: Removing '/Game/Blueprints/Target/BP_Targetadasd.BP_Targetadasd_C' ref from Metadata '/Game/Blueprints/Target/BP_Target.PackageMetaData'
[2017.05.06-19.54.40:087][408]LogMetaData: Removing '/Game/Blueprints/Target/BP_Targetadasd.BP_Targetadasd:EventGraph.K2Node_Event_1' ref from Metadata '/Game/Blueprints/Target/BP_Target.PackageMetaData'
[2017.05.06-19.54.40:087][408]LogMetaData: Removing '/Game/Blueprints/Target/BP_Targetadasd.BP_Targetadasd:EventGraph.K2Node_Event_2' ref from Metadata '/Game/Blueprints/Target/BP_Target.PackageMetaData'
[2017.05.06-19.54.40:087][408]LogMetaData: Removing '/Game/Blueprints/Target/BP_Targetadasd.BP_Targetadasd:UserConstructionScript.K2Node_FunctionEntry_0' ref from Metadata '/Game/Blueprints/Target/BP_Target.PackageMetaData'
[2017.05.06-19.54.40:087][408]LogMetaData: Removing '/Game/Blueprints/Target/BP_Targetadasd.SKEL_BP_Targetadasd_C' ref from Metadata '/Game/Blueprints/Target/BP_Target.PackageMetaData'
[2017.05.06-19.54.40:169][408]Cmd: OBJ SAVEPACKAGE PACKAGE="/Game/Blueprints/Target/BP_Targetadasd" FILE="../../../../../../ToJamProject/TOJAM17/Content/Blueprints/Target/BP_Targetadasd.uasset" SILENT=true
[2017.05.06-19.54.40:194][408]LogSavePackage: Save=23.62ms
[2017.05.06-19.54.40:194][408]LogSavePackage: Moving '../../../../../../ToJamProject/TOJAM17/Saved/BP_Targetadasd9AF975024E515F252758E88B8B5B0176.tmp' to '../../../../../../ToJamProject/TOJAM17/Content/Blueprints/Target/BP_Targetadasd.uasset'
[2017.05.06-19.54.40:196][408]LogSavePackage:Display: Finished SavePackage ../../../../../../ToJamProject/TOJAM17/Content/Blueprints/Target/BP_Targetadasd.uasset
[2017.05.06-19.54.40:199][408]Cmd: OBJ SAVEPACKAGE PACKAGE="/Game/Blueprints/Target/BP_Target" FILE="../../../../../../ToJamProject/TOJAM17/Content/Blueprints/Target/BP_Target.uasset" SILENT=true
[2017.05.06-19.54.40:214][408]LogSavePackage: Save=5.18ms
[2017.05.06-19.54.40:214][408]LogSavePackage: Moving '../../../../../../ToJamProject/TOJAM17/Saved/BP_Target1C66FE8344DB9E6DBB30A5B00DEC6D56.tmp' to '../../../../../../ToJamProject/TOJAM17/Content/Blueprints/Target/BP_Target.uasset'
[2017.05.06-19.54.40:215][408]LogSavePackage:Display: Finished SavePackage ../../../../../../ToJamProject/TOJAM17/Content/Blueprints/Target/BP_Target.uasset
[2017.05.06-19.54.52:041][970]LogMaterial: Missing cached shader map for material Rock, compiling. 
[2017.05.06-19.54.52:042][970]LogTemp:Display: Added material ShaderMap 0x000001DC2965C480 with Material 0x000001DC2E8AA680 to ShaderMapsBeingCompiled
[2017.05.06-19.54.52:081][970]LogTemp:Display: Kicking off shader compilation for Rock, GameThreadShaderMap 0x000001DC2965C480
[2017.05.06-19.54.52:083][970]LogTemp:Display: Added shader map 0x000001DC2965C480 from material 0x000001DC2E8AA680
[2017.05.06-19.54.52:083][970]LogTemp:Display: Found existing compiling shader for material Rock, linking to other GameThreadShaderMap 0x000001DC2965C480
[2017.05.06-19.54.52:124][970]LogObjectTools:Warning: ForceReplaceReferences replaced references for a transient object 'TRASH_StaticMeshComponent_2' or package '/Engine/Transient'.
[2017.05.06-19.54.52:124][970]LogObjectTools:Warning: ForceReplaceReferences replaced references for a transient object 'TRASH_StaticMeshComponent_1' or package '/Engine/Transient'.
[2017.05.06-19.54.52:125][970]LogObjectTools:Warning: ForceReplaceReferences replaced references for a transient object 'TRASH_StaticMeshComponent_7' or package '/Engine/Transient'.
[2017.05.06-19.54.52:125][970]LogObjectTools:Warning: ForceReplaceReferences replaced references for a transient object 'TRASH_StaticMeshComponent_8' or package '/Engine/Transient'.
[2017.05.06-19.54.52:728][970]LogTemp:Display: Removed shader map 0x000001DC2965C480 from material 0x000001DC2E8AA680
[2017.05.06-19.54.56:993][ 98]Cmd: OBJ SAVEPACKAGE PACKAGE="/Game/Blueprints/Target/BP_Targetadasd" FILE="../../../../../../ToJamProject/TOJAM17/Content/Blueprints/Target/BP_Targetadasd.uasset" SILENT=true
[2017.05.06-19.54.57:022][ 98]LogSavePackage: Save=16.75ms
[2017.05.06-19.54.57:022][ 98]LogSavePackage: Moving '../../../../../../ToJamProject/TOJAM17/Saved/BP_Targetadasd798FC2804F8F14F1439A8EA0BFF5A35B.tmp' to '../../../../../../ToJamProject/TOJAM17/Content/Blueprints/Target/BP_Targetadasd.uasset'
[2017.05.06-19.54.57:024][ 98]LogSavePackage:Display: Finished SavePackage ../../../../../../ToJamProject/TOJAM17/Content/Blueprints/Target/BP_Targetadasd.uasset
[2017.05.06-19.54.57:075][ 98]Cmd: OBJ SAVEPACKAGE PACKAGE="/Game/Maps/Level1BAKCup" FILE="../../../../../../ToJamProject/TOJAM17/Content/Maps/Level1BAKCup.umap" SILENT=true AUTOSAVING=false KEEPDIRTY=false
[2017.05.06-19.54.57:112][ 98]LogSpawn:Warning: UWorld::DestroyActor: World has no context! World: Level1BAKCup, Actor: /Game/Maps/Level1BAKCup.Level1BAKCup:PersistentLevel.Level1BAKCup_C_1
[2017.05.06-19.54.57:251][ 98]LogSavePackage: Save=143.22ms
[2017.05.06-19.54.57:251][ 98]LogSavePackage: Moving '../../../../../../ToJamProject/TOJAM17/Saved/Level1BAKCupAC1D30694B5538D926087F97F3B59D60.tmp' to '../../../../../../ToJamProject/TOJAM17/Content/Maps/Level1BAKCup.umap'
[2017.05.06-19.54.57:253][ 98]LogSavePackage:Display: Finished SavePackage ../../../../../../ToJamProject/TOJAM17/Content/Maps/Level1BAKCup.umap
[2017.05.06-19.54.57:259][ 98]LogFileHelpers: Saving map 'Level1BAKCup' took 0.232
[2017.05.06-19.55.18:668][286]Cmd: OBJ SAVEPACKAGE PACKAGE="/Game/Maps/Level1BAKCup" FILE="../../../../../../ToJamProject/TOJAM17/Content/Maps/Level1BAKCup.umap" SILENT=true AUTOSAVING=false KEEPDIRTY=false
[2017.05.06-19.55.18:701][286]LogSpawn:Warning: UWorld::DestroyActor: World has no context! World: Level1BAKCup, Actor: /Game/Maps/Level1BAKCup.Level1BAKCup:PersistentLevel.Level1BAKCup_C_0
[2017.05.06-19.55.18:843][286]LogSavePackage: Save=145.47ms
[2017.05.06-19.55.18:843][286]LogSavePackage: Moving '../../../../../../ToJamProject/TOJAM17/Saved/Level1BAKCup654121D446BEF979A74C5782757F7CC5.tmp' to '../../../../../../ToJamProject/TOJAM17/Content/Maps/Level1BAKCup.umap'
[2017.05.06-19.55.18:844][286]LogSavePackage:Display: Finished SavePackage ../../../../../../ToJamProject/TOJAM17/Content/Maps/Level1BAKCup.umap
[2017.05.06-19.55.18:849][286]LogFileHelpers: Saving map 'Level1BAKCup' took 0.233
[2017.05.06-19.55.18:857][286]Cmd: MAP LOAD FILE="../../../../../../ToJamProject/TOJAM17/Content/Maps/Level1BAKCup.umap" TEMPLATE=0 SHOWPROGRESS=1 FEATURELEVEL=3
[2017.05.06-19.55.18:857][286]LightingResults: New page: Lighting Build
[2017.05.06-19.55.18:858][286]LoadErrors: New page: Loading map: Level1BAKCup.umap
[2017.05.06-19.55.18:859][286]MapCheck: New page: Map Check
[2017.05.06-19.55.18:859][286]LightingResults: New page: Lighting Build
[2017.05.06-19.55.18:882][286]LogEditorServer: Finished looking for orphan Actors (0.000 secs)
[2017.05.06-19.55.18:920][286]Cmd: MAP CHECKDEP NOCLEARLOG
[2017.05.06-19.55.18:962][286]MapCheck: Info Map check complete: 0 Error(s), 0 Warning(s), took 41.493ms to complete.
[2017.05.06-19.55.18:962][286]LogFileHelpers: Loading map 'Level1BAKCup' took 0.107
[2017.05.06-19.55.21:118][412]LogLinker:Error: bIsDestroyed has an inappropriate outermost, it was probably saved with a deprecated outer (file: ../../../../../../ToJamProject/TOJAM17/Content/Blueprints/BP_GameMode.uasset)
[2017.05.06-19.55.21:280][412]LogAIModule: Creating AISystem for world Level2
[2017.05.06-19.55.22:144][412]Cmd: OBJ SAVEPACKAGE PACKAGE="/Game/Maps/Level1BAKCup" FILE="../../../../../../ToJamProject/TOJAM17/Content/Maps/Level1BAKCup.umap" SILENT=true AUTOSAVING=false KEEPDIRTY=false
[2017.05.06-19.55.22:309][412]LogSavePackage: Save=144.62ms
[2017.05.06-19.55.22:309][412]LogSavePackage: Moving '../../../../../../ToJamProject/TOJAM17/Saved/Level1BAKCup25055CA74011CA025A92B391D06B1D9D.tmp' to '../../../../../../ToJamProject/TOJAM17/Content/Maps/Level1BAKCup.umap'
[2017.05.06-19.55.22:311][412]LogSavePackage:Display: Finished SavePackage ../../../../../../ToJamProject/TOJAM17/Content/Maps/Level1BAKCup.umap
[2017.05.06-19.55.22:351][412]LogFileHelpers: Saving map 'Level1BAKCup' took 0.254
[2017.05.06-19.55.22:352][412]Cmd: MAP LOAD FILE="../../../../../../ToJamProject/TOJAM17/Content/Maps/Level2.umap" TEMPLATE=0 SHOWPROGRESS=1 FEATURELEVEL=3
[2017.05.06-19.55.22:352][412]LightingResults: New page: Lighting Build
[2017.05.06-19.55.22:354][412]LoadErrors: New page: Loading map: Level2.umap
[2017.05.06-19.55.22:355][412]MapCheck: New page: Map Check
[2017.05.06-19.55.22:355][412]LightingResults: New page: Lighting Build
[2017.05.06-19.55.22:378][412]LogEditorServer: Finished looking for orphan Actors (0.000 secs)
[2017.05.06-19.55.22:415][412]Cmd: MAP CHECKDEP NOCLEARLOG
[2017.05.06-19.55.22:458][412]MapCheck: Info Map check complete: 0 Error(s), 0 Warning(s), took 42.598ms to complete.
[2017.05.06-19.55.22:458][412]LogFileHelpers: Loading map 'Level2' took 0.106
[2017.05.06-19.55.24:351][516]LogAIModule: Creating AISystem for world MainMenu
[2017.05.06-19.55.24:369][516]Cmd: MAP LOAD FILE="../../../../../../ToJamProject/TOJAM17/Content/Maps/MainMenu.umap" TEMPLATE=0 SHOWPROGRESS=1 FEATURELEVEL=3
[2017.05.06-19.55.24:369][516]LightingResults: New page: Lighting Build
[2017.05.06-19.55.24:370][516]LoadErrors: New page: Loading map: MainMenu.umap
[2017.05.06-19.55.24:371][516]MapCheck: New page: Map Check
[2017.05.06-19.55.24:371][516]LightingResults: New page: Lighting Build
[2017.05.06-19.55.24:389][516]LogEditorServer: Finished looking for orphan Actors (0.000 secs)
[2017.05.06-19.55.24:427][516]Cmd: MAP CHECKDEP NOCLEARLOG
[2017.05.06-19.55.24:471][516]MapCheck: Info Map check complete: 0 Error(s), 0 Warning(s), took 44.13ms to complete.
[2017.05.06-19.55.24:471][516]LogFileHelpers: Loading map 'MainMenu' took 0.103
[2017.05.06-19.55.25:635][585]LogTemp: Repeting last play command: Selected Viewport
[2017.05.06-19.55.25:666][585]LogBlueprintUserMessages: Early PlayInEditor Detection: Level '/Game/Maps/MainMenu.MainMenu:PersistentLevel' has LevelScriptBlueprint '/Game/Maps/MainMenu.MainMenu:PersistentLevel.MainMenu' with GeneratedClass '/Game/Maps/MainMenu.MainMenu_C' with ClassGeneratedBy '/Game/Maps/MainMenu.MainMenu:PersistentLevel.MainMenu'
[2017.05.06-19.55.25:666][585]LogPlayLevel: PlayLevel: No blueprints needed recompiling
[2017.05.06-19.55.25:666][585]PIE: New page: PIE session: MainMenu (May 6, 2017, 11:55:25 AM)
[2017.05.06-19.55.25:666][585]LogPlayLevel: Creating play world package: /Game/Maps/UEDPIE_0_MainMenu
[2017.05.06-19.55.25:668][585]LogPlayLevel: PIE: StaticDuplicateObject took: (0.002259s)
[2017.05.06-19.55.25:669][585]LogAIModule: Creating AISystem for world MainMenu
[2017.05.06-19.55.25:669][585]LogPlayLevel: PIE: World Init took: (0.000678s)
[2017.05.06-19.55.25:669][585]LogPlayLevel: PIE: Created PIE world by copying editor world from /Game/Maps/MainMenu.MainMenu to /Game/Maps/UEDPIE_0_MainMenu.MainMenu (0.003146s)
[2017.05.06-19.55.25:689][585]LogInit: XAudio2 using 'Speakers (Realtek High Definition Audio)' : 2 channels at 48 kHz using 32 bits per sample (channel mask 0x3)
[2017.05.06-19.55.25:699][585]LogInit: FAudioDevice initialized.
[2017.05.06-19.55.25:779][585]LogLoad: Game class is 'BP_GameMode_C'
[2017.05.06-19.55.25:784][585]LogWorld: Bringing World /Game/Maps/UEDPIE_0_MainMenu.MainMenu up for play (max tick rate 60) at 2017.05.06-15.55.25
[2017.05.06-19.55.25:784][585]LogWorld: Bringing up level for play took: 0.002829
[2017.05.06-19.55.25:786][585]LogGameMode: FindPlayerStart: PATHS NOT DEFINED or NO PLAYERSTART with positive rating
[2017.05.06-19.55.25:844][585]LogContentBrowser: Native class hierarchy updated for 'MovieSceneCapture' in 0.0006 seconds. Added 11 classes and 0 folders.
[2017.05.06-19.55.25:845][585]LogPlayerManagement:Error: Failed to Create Player: A local player already exists for controller ID 0,
[2017.05.06-19.55.25:847][585]LogGameMode: FindPlayerStart: PATHS NOT DEFINED or NO PLAYERSTART with positive rating
[2017.05.06-19.55.25:848][585]PIE: Info Play in editor start time for /Game/Maps/UEDPIE_0_MainMenu -0.051
[2017.05.06-19.55.25:848][585]LogBlueprintUserMessages: Late PlayInEditor Detection: Level '/Game/Maps/MainMenu.MainMenu:PersistentLevel' has LevelScriptBlueprint '/Game/Maps/MainMenu.MainMenu:PersistentLevel.MainMenu' with GeneratedClass '/Game/Maps/MainMenu.MainMenu_C' with ClassGeneratedBy '/Game/Maps/MainMenu.MainMenu:PersistentLevel.MainMenu'
[2017.05.06-19.55.26:628][631]LogBlueprintUserMessages: Early EndPlayMap Detection: Level '/Game/Maps/MainMenu.MainMenu:PersistentLevel' has LevelScriptBlueprint '/Game/Maps/MainMenu.MainMenu:PersistentLevel.MainMenu' with GeneratedClass '/Game/Maps/MainMenu.MainMenu_C' with ClassGeneratedBy '/Game/Maps/MainMenu.MainMenu:PersistentLevel.MainMenu'
[2017.05.06-19.55.26:703][631]LogBlueprintUserMessages: Late EndPlayMap Detection: Level '/Game/Maps/MainMenu.MainMenu:PersistentLevel' has LevelScriptBlueprint '/Game/Maps/MainMenu.MainMenu:PersistentLevel.MainMenu' with GeneratedClass '/Game/Maps/MainMenu.MainMenu_C' with ClassGeneratedBy '/Game/Maps/MainMenu.MainMenu:PersistentLevel.MainMenu'
[2017.05.06-19.55.27:418][670]LogTemp: Repeting last play command: Selected Viewport
[2017.05.06-19.55.27:441][670]LogBlueprintUserMessages: Early PlayInEditor Detection: Level '/Game/Maps/MainMenu.MainMenu:PersistentLevel' has LevelScriptBlueprint '/Game/Maps/MainMenu.MainMenu:PersistentLevel.MainMenu' with GeneratedClass '/Game/Maps/MainMenu.MainMenu_C' with ClassGeneratedBy '/Game/Maps/MainMenu.MainMenu:PersistentLevel.MainMenu'
[2017.05.06-19.55.27:441][670]LogPlayLevel: PlayLevel: No blueprints needed recompiling
[2017.05.06-19.55.27:441][670]PIE: New page: PIE session: MainMenu (May 6, 2017, 11:55:27 AM)
[2017.05.06-19.55.27:441][670]LogPlayLevel: Creating play world package: /Game/Maps/UEDPIE_0_MainMenu
[2017.05.06-19.55.27:443][670]LogPlayLevel: PIE: StaticDuplicateObject took: (0.002065s)
[2017.05.06-19.55.27:444][670]LogAIModule: Creating AISystem for world MainMenu
[2017.05.06-19.55.27:444][670]LogPlayLevel: PIE: World Init took: (0.000721s)
[2017.05.06-19.55.27:444][670]LogPlayLevel: PIE: Created PIE world by copying editor world from /Game/Maps/MainMenu.MainMenu to /Game/Maps/UEDPIE_0_MainMenu.MainMenu (0.003059s)
[2017.05.06-19.55.27:462][670]LogInit: XAudio2 using 'Speakers (Realtek High Definition Audio)' : 2 channels at 48 kHz using 32 bits per sample (channel mask 0x3)
[2017.05.06-19.55.27:471][670]LogInit: FAudioDevice initialized.
[2017.05.06-19.55.27:504][670]LogLoad: Game class is 'BP_GameMode_C'
[2017.05.06-19.55.27:506][670]LogWorld: Bringing World /Game/Maps/UEDPIE_0_MainMenu.MainMenu up for play (max tick rate 60) at 2017.05.06-15.55.27
[2017.05.06-19.55.27:507][670]LogWorld: Bringing up level for play took: 0.001087
[2017.05.06-19.55.27:507][670]LogGameMode: FindPlayerStart: PATHS NOT DEFINED or NO PLAYERSTART with positive rating
[2017.05.06-19.55.27:508][670]LogPlayerManagement:Error: Failed to Create Player: A local player already exists for controller ID 0,
[2017.05.06-19.55.27:509][670]LogGameMode: FindPlayerStart: PATHS NOT DEFINED or NO PLAYERSTART with positive rating
[2017.05.06-19.55.27:510][670]PIE: Info Play in editor start time for /Game/Maps/UEDPIE_0_MainMenu -0.39
[2017.05.06-19.55.27:510][670]LogBlueprintUserMessages: Late PlayInEditor Detection: Level '/Game/Maps/MainMenu.MainMenu:PersistentLevel' has LevelScriptBlueprint '/Game/Maps/MainMenu.MainMenu:PersistentLevel.MainMenu' with GeneratedClass '/Game/Maps/MainMenu.MainMenu_C' with ClassGeneratedBy '/Game/Maps/MainMenu.MainMenu:PersistentLevel.MainMenu'
[2017.05.06-19.55.30:575][851]LogPackageName: SearchForPackageOnDisk took   0.050s to resolve Level1.umap.
[2017.05.06-19.55.30:620][851]LogPackageName: SearchForPackageOnDisk took   0.045s to resolve Level1.umap.
[2017.05.06-19.55.30:620][851]LogNet: Browse: /Game/Maps/Level1
[2017.05.06-19.55.30:621][851]LogLoad: LoadMap: /Game/Maps/Level1
[2017.05.06-19.55.30:636][851]Cmd: MEM
[2017.05.06-19.55.30:651][851]LogMemory: Platform Memory Stats for Windows
[2017.05.06-19.55.30:651][851]LogMemory: Process Physical Memory: 1298.95 MB used, 1338.77 MB peak
[2017.05.06-19.55.30:651][851]LogMemory: Process Virtual Memory: 1823.34 MB used, 1871.86 MB peak
[2017.05.06-19.55.30:651][851]LogMemory: Physical Memory: 4531.17 MB used,  3317.19 MB free, 7848.36 MB total
[2017.05.06-19.55.30:651][851]LogMemory: Virtual Memory: 2600.64 MB used,  3317.19 MB free, 134217728.00 MB total
[2017.05.06-19.55.30:651][851]LogMemory: 
[2017.05.06-19.55.30:651][851]Allocator Stats for TBB: (not implemented)
[2017.05.06-19.55.30:894][851]LogStats: FPlatformStackWalk::StackWalkAndDump -  0.200 s
[2017.05.06-19.55.30:894][851]LogOutputDevice:Error: === Handled ensure: ===
[2017.05.06-19.55.30:894][851]LogOutputDevice:Error: 
[2017.05.06-19.55.30:894][851]LogOutputDevice:Error: Ensure condition failed: IsObjectValidForDatabase(AssetObject) [File:D:\Build\++UE4+Release-4.15+Compile\Sync\Engine\Source\Editor\BlueprintGraph\Private\BlueprintActionDatabase.cpp] [Line: 1282]
[2017.05.06-19.55.30:894][851]LogOutputDevice:Error: 
[2017.05.06-19.55.30:894][851]LogOutputDevice:Error: Stack: 
[2017.05.06-19.55.30:894][851]LogOutputDevice:Error: UE4Editor-Core.dll!0x00000000042695E6
[2017.05.06-19.55.30:894][851]LogOutputDevice:Error: UE4Editor-Core.dll!0x0000000004019B82
[2017.05.06-19.55.30:894][851]LogOutputDevice:Error: UE4Editor-Core.dll!0x000000000402B666
[2017.05.06-19.55.30:895][851]LogOutputDevice:Error: UE4Editor-BlueprintGraph.dll!0x000000000186B7A7
[2017.05.06-19.55.30:895][851]LogOutputDevice:Error: UE4Editor-BlueprintGraph.dll!0x000000000183BFCD
[2017.05.06-19.55.30:895][851]LogOutputDevice:Error: UE4Editor-CoreUObject.dll!0x00000000039A0DFA
[2017.05.06-19.55.30:895][851]LogOutputDevice:Error: UE4Editor-CoreUObject.dll!0x0000000003BD158A
[2017.05.06-19.55.30:895][851]LogOutputDevice:Error: UE4Editor-CoreUObject.dll!0x0000000003BE4DC0
[2017.05.06-19.55.30:895][851]LogOutputDevice:Error: UE4Editor-CoreUObject.dll!0x0000000003BE42B7
[2017.05.06-19.55.30:895][851]LogOutputDevice:Error: UE4Editor-Engine.dll!0x00000000FA15890D
[2017.05.06-19.55.30:895][851]LogOutputDevice:Error: UE4Editor-Engine.dll!0x00000000FA10E08E
[2017.05.06-19.55.30:895][851]LogOutputDevice:Error: UE4Editor-Engine.dll!0x00000000FA17C890
[2017.05.06-19.55.30:895][851]LogOutputDevice:Error: UE4Editor-UnrealEd.dll!0x00000000F40D637F
[2017.05.06-19.55.30:895][851]LogOutputDevice:Error: UE4Editor-UnrealEd.dll!0x00000000F48E2156
[2017.05.06-19.55.30:895][851]LogOutputDevice:Error: UE4Editor.exe!0x000000007EB4DEE3
[2017.05.06-19.55.30:895][851]LogOutputDevice:Error: UE4Editor.exe!0x000000007EB3EB40
[2017.05.06-19.55.30:895][851]LogOutputDevice:Error: UE4Editor.exe!0x000000007EB3EBBA
[2017.05.06-19.55.30:895][851]LogOutputDevice:Error: UE4Editor.exe!0x000000007EB50A29
[2017.05.06-19.55.30:895][851]LogOutputDevice:Error: UE4Editor.exe!0x000000007EB522B6
[2017.05.06-19.55.30:895][851]LogOutputDevice:Error: KERNEL32.DLL!0x000000003C628364
[2017.05.06-19.55.30:895][851]LogOutputDevice:Error: ntdll.dll!0x000000003D5470D1
[2017.05.06-19.55.30:895][851]LogOutputDevice:Error: 
[2017.05.06-19.55.30:898][851]LogStats:                SubmitErrorReport -  0.000 s
[2017.05.06-19.55.31:171][851]LogStats:                    SendNewReport -  0.273 s
[2017.05.06-19.55.31:171][851]LogStats:             FDebug::EnsureFailed -  0.477 s
[2017.05.06-19.55.31:173][851]LogAIModule: Creating AISystem for world Level1BAKCup
[2017.05.06-19.55.31:217][851]LogWindows: Windows GetLastError: The operation completed successfully. (0)
[2017.05.06-19.55.31:451][851]LogCrashTracker: 


[2017.05.06-19.55.31:451][851]LogCrashTracker: 


[2017.05.06-19.55.31:451][851]LogWindows:Error: === Critical error: ===
[2017.05.06-19.55.31:451][851]LogWindows:Error: 
[2017.05.06-19.55.31:451][851]LogWindows:Error: Assertion failed: WorldContext.World()->GetOutermost()->HasAnyPackageFlags(PKG_PlayInEditor) [File:D:\Build\++UE4+Release-4.15+Compile\Sync\Engine\Source\Runtime\Engine\Private\UnrealEngine.cpp] [Line: 10108] 
[2017.05.06-19.55.31:451][851]LogWindows:Error: 
[2017.05.06-19.55.31:451][851]LogWindows:Error: 
[2017.05.06-19.55.31:451][851]LogWindows:Error: 
[2017.05.06-19.55.31:451][851]LogWindows:Error: KERNELBASE.dll!0x000000003A303C58
[2017.05.06-19.55.31:451][851]LogWindows:Error: UE4Editor-Core.dll!0x00000000042664EE
[2017.05.06-19.55.31:451][851]LogWindows:Error: UE4Editor-Core.dll!0x000000000408CEEE
[2017.05.06-19.55.31:451][851]LogWindows:Error: UE4Editor-Core.dll!0x0000000004012729
[2017.05.06-19.55.31:451][851]LogWindows:Error: UE4Editor-Engine.dll!0x00000000FA159108
[2017.05.06-19.55.31:451][851]LogWindows:Error: UE4Editor-Engine.dll!0x00000000FA10E08E
[2017.05.06-19.55.31:451][851]LogWindows:Error: UE4Editor-Engine.dll!0x00000000FA17C890
[2017.05.06-19.55.31:451][851]LogWindows:Error: UE4Editor-UnrealEd.dll!0x00000000F40D637F
[2017.05.06-19.55.31:451][851]LogWindows:Error: UE4Editor-UnrealEd.dll!0x00000000F48E2156
[2017.05.06-19.55.31:451][851]LogWindows:Error: UE4Editor.exe!0x000000007EB4DEE3
[2017.05.06-19.55.31:451][851]LogWindows:Error: UE4Editor.exe!0x000000007EB3EB40
[2017.05.06-19.55.31:451][851]LogWindows:Error: UE4Editor.exe!0x000000007EB3EBBA
[2017.05.06-19.55.31:451][851]LogWindows:Error: UE4Editor.exe!0x000000007EB50A29
[2017.05.06-19.55.31:451][851]LogWindows:Error: UE4Editor.exe!0x000000007EB522B6
[2017.05.06-19.55.31:451][851]LogWindows:Error: KERNEL32.DLL!0x000000003C628364
[2017.05.06-19.55.31:451][851]LogWindows:Error: ntdll.dll!0x000000003D5470D1
[2017.05.06-19.55.31:451][851]LogWindows:Error: ntdll.dll!0x000000003D5470D1
[2017.05.06-19.55.31:451][851]LogWindows:Error: 
[2017.05.06-19.55.31:480][851]LogExit: Executing StaticShutdownAfterError
[2017.05.06-19.55.31:482][851]LogWindows: FPlatformMisc::RequestExit(1)
[2017.05.06-19.55.31:493][851]Log file closed, 05/06/17 15:55:31
