Log file open, 05/06/17 13:00:48
LogInit:Display: Running engine for game: TOJam2017
LogPlatformFile: Not using cached read wrapper
LogInit:Display: RandInit(2058969888) SRandInit(2058969888).
LogTaskGraph: Started task graph with 5 named threads and 8 total threads with 1 sets of task threads.
LogStats: Stats thread started at 0.079984
LogInit: Using libcurl 7.47.1
LogInit:  - built for x86_64-pc-win32
LogInit:  - supports SSL with OpenSSL/1.0.2g
LogInit:  - supports HTTP deflate (compression) using libz 1.2.8
LogInit:  - other features:
LogInit:      CURL_VERSION_SSL
LogInit:      CURL_VERSION_LIBZ
LogInit:      CURL_VERSION_IPV6
LogInit:      CURL_VERSION_ASYNCHDNS
LogInit:      CURL_VERSION_LARGEFILE
LogInit:      CURL_VERSION_IDN
LogInit:  CurlRequestOptions (configurable via config and command line):
LogInit:  - bVerifyPeer = false  - Libcurl will NOT verify peer certificate
LogInit:  - bUseHttpProxy = false  - Libcurl will NOT use HTTP proxy
LogInit:  - bDontReuseConnections = false  - Libcurl will reuse connections
LogInit:  - CertBundlePath = nullptr  - Libcurl will use whatever was configured at build time.
LogInit: Build: ++UE4+Release-4.15-CL-3416026
LogInit: Engine Version: 4.15.2-3416026+++UE4+Release-4.15
LogInit: Compatible Engine Version: 4.15.0-3299760+++UE4+Release-4.15
LogInit: Net CL: 3299760
LogDevObjectVersion: Number of dev versions registered: 14
LogDevObjectVersion:   Dev-Blueprints (B0D832E4-1F89-4F0D-ACCF-7EB736FD4AA2): 8
LogDevObjectVersion:   Dev-Build (E1C64328-A22C-4D53-A36C-8E866417BD8C): 0
LogDevObjectVersion:   Dev-Core (375EC13C-06E4-48FB-B500-84F0262A717E): 2
LogDevObjectVersion:   Dev-Editor (E4B068ED-F494-42E9-A231-DA0B2E46BB41): 14
LogDevObjectVersion:   Dev-Framework (CFFC743F-43B0-4480-9391-14DF171D2073): 22
LogDevObjectVersion:   Dev-Mobile (B02B49B5-BB20-44E9-A304-32B752E40360): 0
LogDevObjectVersion:   Dev-Networking (A4E4105C-59A1-49B5-A7C5-40C4547EDFEE): 0
LogDevObjectVersion:   Dev-Online (39C831C9-5AE6-47DC-9A44-9C173E1C8E7C): 0
LogDevObjectVersion:   Dev-Physics (78F01B33-EBEA-4F98-B9B4-84EACCB95AA2): 0
LogDevObjectVersion:   Dev-Platform (6631380F-2D4D-43E0-8009-CF276956A95A): 0
LogDevObjectVersion:   Dev-Rendering (12F88B9F-8875-4AFC-A67C-D90C383ABD29): 12
LogDevObjectVersion:   Dev-Sequencer (7B5AE74C-D270-4C10-A958-57980B212A5A): 3
LogDevObjectVersion:   Dev-VR (D7296918-1DD6-4BDD-9DE2-64A83CC13884): 0
LogDevObjectVersion:   Dev-LoadTimes (C2A15278-BFE7-4AFE-6C17-90FF531DF755): 1
LogInit: Compiled (64-bit): May  1 2017 13:11:28
LogInit: Compiled with Visual C++: 19.00.23026.00
LogInit: Build Configuration: Development
LogInit: Branch Name: ++UE4+Release-4.15
LogInit: Command line:  
LogInit: Base directory: d:/Program Files/Epic Games/UE_4.15/Engine/Binaries/Win64/
LogInit: Installed Engine Build: 1
LogInit: Presizing for max 8388607 objects, including 0 objects not considered by GC, pre-allocating 0 bytes for permanent pool.
LogInit: Object subsystem initialized
[2017.05.06-17.00.49:156][  0]LogInit: Selected Device Profile: [Windows]
[2017.05.06-17.00.49:156][  0]LogInit: Applying CVar settings loaded from the selected device profile: [Windows]
[2017.05.06-17.00.49:373][  0]LogInit: Computer: DESKTOP-QN8JF5I
[2017.05.06-17.00.49:373][  0]LogInit: User: khizer
[2017.05.06-17.00.49:373][  0]LogInit: CPU Page size=65536, Cores=4
[2017.05.06-17.00.49:373][  0]LogInit: High frequency timer resolution =2.143471 MHz
[2017.05.06-17.00.49:374][  0]LogMemory: Memory total: Physical=7.7GB (8GB approx)
[2017.05.06-17.00.49:374][  0]LogMemory: Platform Memory Stats for Windows
[2017.05.06-17.00.49:374][  0]LogMemory: Process Physical Memory: 264.18 MB used, 264.18 MB peak
[2017.05.06-17.00.49:374][  0]LogMemory: Process Virtual Memory: 262.68 MB used, 262.68 MB peak
[2017.05.06-17.00.49:374][  0]LogMemory: Physical Memory: 5121.00 MB used,  2727.36 MB free, 7848.36 MB total
[2017.05.06-17.00.49:374][  0]LogMemory: Virtual Memory: 645.24 MB used,  2727.36 MB free, 134217728.00 MB total
[2017.05.06-17.00.51:076][  0]LogTextLocalizationManager: No specific translations for ('en-CA') exist, so ('en') translations will be used.
[2017.05.06-17.00.54:304][  0]LogD3D11RHI: D3D11 adapters:
[2017.05.06-17.00.55:148][  0]LogD3D11RHI:    0. 'NVIDIA GeForce GTX 760M' (Feature Level 11_0)
[2017.05.06-17.00.55:148][  0]LogD3D11RHI:       2020/0/3924 MB DedicatedVideo/DedicatedSystem/SharedSystem, Outputs:1, VendorId:0x10de
[2017.05.06-17.00.55:222][  0]LogD3D11RHI:    1. 'Intel(R) HD Graphics 4600' (Feature Level 11_0)
[2017.05.06-17.00.55:222][  0]LogD3D11RHI:       112/0/2048 MB DedicatedVideo/DedicatedSystem/SharedSystem, Outputs:0, VendorId:0x8086
[2017.05.06-17.00.55:226][  0]LogD3D11RHI:    2. 'Microsoft Basic Render Driver' (Feature Level 11_0)
[2017.05.06-17.00.55:226][  0]LogD3D11RHI:       0/0/3924 MB DedicatedVideo/DedicatedSystem/SharedSystem, Outputs:0, VendorId:0x1414
[2017.05.06-17.00.55:226][  0]LogD3D11RHI: Chosen D3D11 Adapter: 0
[2017.05.06-17.00.55:237][  0]LogD3D11RHI: Creating new Direct3DDevice
[2017.05.06-17.00.55:238][  0]LogD3D11RHI:     GPU DeviceId: 0x11e3 (for the marketing name, search the web for "GPU Device Id")
[2017.05.06-17.00.55:238][  0]LogWindows: EnumDisplayDevices:
[2017.05.06-17.00.55:238][  0]LogWindows:    0. 'Intel(R) HD Graphics 4600' (P:1 D:1)
[2017.05.06-17.00.55:239][  0]LogWindows:    1. 'Intel(R) HD Graphics 4600' (P:0 D:0)
[2017.05.06-17.00.55:240][  0]LogWindows:    2. 'Intel(R) HD Graphics 4600' (P:0 D:0)
[2017.05.06-17.00.55:240][  0]LogWindows: DebugString: PrimaryIsNotTheChoosenAdapter PrimaryIsNotTheChoosenAdapter PrimaryIsNotTheChoosenAdapter FoundDriverCount:0 
[2017.05.06-17.00.55:240][  0]LogD3D11RHI:     Adapter Name: NVIDIA GeForce GTX 760M
[2017.05.06-17.00.55:240][  0]LogD3D11RHI:   Driver Version: Unknown (internal:Unknown, unified:Unknown)
[2017.05.06-17.00.55:240][  0]LogD3D11RHI:      Driver Date: Unknown
[2017.05.06-17.00.55:240][  0]LogRHI: Texture pool is 1361 MB (70% of 1945 MB)
[2017.05.06-17.00.55:267][  0]LogD3D11RHI:Warning: Timestamp queries are currently disabled on this hardware due to instability. Realtime GPU stats will not be available. You can override this behaviour by setting r.NVIDIATimestampWorkaround to 0
[2017.05.06-17.00.55:270][  0]LogD3D11RHI: [Aftermath] Aftermath enabled but failed to initialize due to reason: NvApiIncompatible
[2017.05.06-17.00.55:270][  0]LogD3D11RHI: Async texture creation enabled
[2017.05.06-17.00.55:394][  0]LogD3D11RHI: GPU Timing Frequency: 1000.000000 (Debug: 2 1)
[2017.05.06-17.00.55:444][  0]LogShaderCompilers: Guid format shader working directory is 9 characters bigger than the processId version (../../../../../../ToJamProject/TOJAM17/Intermediate/Shaders/WorkingDirectory/5720/).
[2017.05.06-17.00.55:444][  0]LogShaderCompilers: Cleaned the shader compiler working directory 'C:/Users/khizer/AppData/Local/Temp/UnrealShaderWorkingDir/7340EC5844E654A5355100876E78E4DD/'.
[2017.05.06-17.00.55:444][  0]LogShaderCompilers:Display: Using Local Shader Compiler.
[2017.05.06-17.00.59:746][  0]LogTemp:Display: Loaded TP AllDesktopTargetPlatform
[2017.05.06-17.00.59:920][  0]LogTemp:Display: Loaded TP MacClientTargetPlatform
[2017.05.06-17.01.00:042][  0]LogTemp:Display: Loaded TP MacNoEditorTargetPlatform
[2017.05.06-17.01.00:118][  0]LogTemp:Display: Loaded TP MacServerTargetPlatform
[2017.05.06-17.01.00:262][  0]LogTemp:Display: Loaded TP MacTargetPlatform
[2017.05.06-17.01.00:328][  0]LogTemp:Display: Loaded TP WindowsClientTargetPlatform
[2017.05.06-17.01.00:421][  0]LogTemp:Display: Loaded TP WindowsNoEditorTargetPlatform
[2017.05.06-17.01.00:466][  0]LogTemp:Display: Loaded TP WindowsServerTargetPlatform
[2017.05.06-17.01.00:502][  0]LogTemp:Display: Loaded TP WindowsTargetPlatform
[2017.05.06-17.01.00:584][  0]LogTemp:Display: Loaded TP AndroidTargetPlatform
[2017.05.06-17.01.00:642][  0]LogTemp:Display: Loaded TP Android_ASTCTargetPlatform
[2017.05.06-17.01.00:709][  0]LogTemp:Display: Loaded TP Android_ATCTargetPlatform
[2017.05.06-17.01.00:772][  0]LogTemp:Display: Loaded TP Android_DXTTargetPlatform
[2017.05.06-17.01.00:834][  0]LogTemp:Display: Loaded TP Android_ETC1TargetPlatform
[2017.05.06-17.01.00:929][  0]LogTemp:Display: Loaded TP Android_ETC2TargetPlatform
[2017.05.06-17.01.01:191][  0]LogTemp:Display: Loaded TP Android_MultiTargetPlatform
[2017.05.06-17.01.01:191][  0]LogTemp:Display: Loaded TP Android_PVRTCTargetPlatform
[2017.05.06-17.01.01:238][  0]LogTemp:Display: Loaded TP HTML5TargetPlatform
[2017.05.06-17.01.01:588][  0]LogTemp:Display: Loaded TP IOSTargetPlatform
[2017.05.06-17.01.01:723][  0]LogTemp:Display: Loaded TP TVOSTargetPlatform
[2017.05.06-17.01.01:866][  0]LogTemp:Display: Loaded TP LinuxClientTargetPlatform
[2017.05.06-17.01.01:937][  0]LogTemp:Display: Loaded TP LinuxNoEditorTargetPlatform
[2017.05.06-17.01.02:001][  0]LogTemp:Display: Loaded TP LinuxServerTargetPlatform
[2017.05.06-17.01.02:076][  0]LogTemp:Display: Loaded TP LinuxTargetPlatform
[2017.05.06-17.01.02:076][  0]LogTargetPlatformManager:Display: Building Assets For Windows
[2017.05.06-17.01.03:470][  0]LogDerivedDataCache:Display: Max Cache Size: 512 MB
[2017.05.06-17.01.04:414][  0]LogDerivedDataCache: Loaded boot cache 0.94s 50MB C:/Users/khizer/AppData/Local/UnrealEngine/4.15/DerivedDataCache/Boot.ddc.
[2017.05.06-17.01.04:414][  0]LogDerivedDataCache:Display: Loaded Boot cache: C:/Users/khizer/AppData/Local/UnrealEngine/4.15/DerivedDataCache/Boot.ddc
[2017.05.06-17.01.04:414][  0]LogDerivedDataCache: FDerivedDataBackendGraph:  Pak pak cache file ../../../../../../ToJamProject/TOJAM17/DerivedDataCache/DDC.ddp not found, will not use a pak cache.
[2017.05.06-17.01.04:414][  0]LogDerivedDataCache: Unable to find inner node Pak for hierarchical cache Hierarchy.
[2017.05.06-17.01.04:415][  0]LogDerivedDataCache: FDerivedDataBackendGraph:  CompressedPak pak cache file ../../../../../../ToJamProject/TOJAM17/DerivedDataCache/Compressed.ddp not found, will not use a pak cache.
[2017.05.06-17.01.04:415][  0]LogDerivedDataCache: Unable to find inner node CompressedPak for hierarchical cache Hierarchy.
[2017.05.06-17.01.04:495][  0]LogDerivedDataCache:Display: Pak cache opened for reading ../../../Engine/DerivedDataCache/Compressed.ddp.
[2017.05.06-17.01.04:508][  0]LogDerivedDataCache: Using Local data cache path C:/Users/khizer/AppData/Local/UnrealEngine/Common/DerivedDataCache: Writable
[2017.05.06-17.01.04:518][  0]LogSlate: Using Freetype 2.6.0
[2017.05.06-17.01.04:543][  0]LogSlate: SlateFontCache - WITH_FREETYPE: 1, WITH_HARFBUZZ: 1
[2017.05.06-17.01.04:543][  0]LogSlate: SlateFontCache - WITH_FREETYPE: 1, WITH_HARFBUZZ: 1
[2017.05.06-17.01.12:056][  0]LogInit: Selected Device Profile: [Windows]
[2017.05.06-17.01.12:070][  0]LogContentStreaming: Texture pool size is 0.00 MB
[2017.05.06-17.01.12:484][  0]LogMeshUtilities: Using QuadricMeshReduction for automatic static mesh reduction
[2017.05.06-17.01.12:535][  0]LogSimplygon: Simplygon DLL not present - disabling.
[2017.05.06-17.01.12:610][  0]LogMeshUtilities: Using SimplygonSwarm for distributed automatic mesh merging
[2017.05.06-17.01.12:610][  0]LogMeshUtilities: No automatic skeletal mesh reduction module available
[2017.05.06-17.01.12:610][  0]LogMeshUtilities: No automatic mesh merging module available
[2017.05.06-17.01.14:872][  0]LogNetVersion: GetLocalNetworkVersion: CL: 3299760, ProjectName: tojam2017, ProjectVersion: , EngineNetworkVersion: 2, GameNetworkVersion: 0, NetworkChecksum: 4065219163
[2017.05.06-17.01.14:976][  0]LogAssetRegistry: FAssetRegistry took 0.0223 seconds to start up
[2017.05.06-17.01.15:046][  0]LogPackageLocalizationCache: Processed 3 localized package path(s) for 2 prioritized culture(s) in 0.031392 seconds
[2017.05.06-17.01.15:052][  0]LogUObjectArray: 32493 objects as part of root set at end of initial load.
[2017.05.06-17.01.15:052][  0]LogUObjectAllocator: 7077032 out of 0 bytes used by permanent object pool.
[2017.05.06-17.01.15:052][  0]LogUObjectArray: CloseDisregardForGC: 0/0 objects in disregard for GC pool
[2017.05.06-17.01.15:187][  0]LogInit: WinSock: version 1.1 (2.2), MaxSocks=32767, MaxUdp=65467
[2017.05.06-17.01.27:280][  0]LogTcpMessaging: Initializing TcpMessaging bridge
[2017.05.06-17.01.27:330][  0]LogUdpMessaging: Initializing bridge on interface 0.0.0.0:0 to multicast group 230.0.0.1:6666.
[2017.05.06-17.01.28:604][  0]LogMaterial: Uniform references updated for custom material expression Custom.
[2017.05.06-17.01.29:483][  0]SourceControl: Info Source control is disabled
[2017.05.06-17.01.33:071][  0]LogEngine: Initializing Engine...
[2017.05.06-17.01.33:073][  0]LogHMD: Failed to initialize OpenVR with code 110
[2017.05.06-17.01.33:396][  0]LogStats: UGameplayTagsManager::ConstructGameplayTagTree: Construct from data asset -  0.000 s
[2017.05.06-17.01.33:433][  0]LogStats: UGameplayTagsManager::ConstructGameplayTagTree: GameplayTagTreeChangedEvent.Broadcast -  0.000 s
[2017.05.06-17.01.33:692][  0]LogAIModule: Creating AISystem for world Untitled
[2017.05.06-17.01.33:712][  0]LogInit: XAudio2 using 'Speakers (Realtek High Definition Audio)' : 2 channels at 48 kHz using 32 bits per sample (channel mask 0x3)
[2017.05.06-17.01.33:748][  0]LogInit: FAudioDevice initialized.
[2017.05.06-17.01.33:804][  0]LogDerivedDataCache: Saved boot cache 0.06s 50MB C:/Users/khizer/AppData/Local/UnrealEngine/4.15/DerivedDataCache/Boot.ddc.
[2017.05.06-17.01.33:815][  0]LogInit: Texture streaming: Enabled
[2017.05.06-17.01.33:981][  0]LogEngineSessionManager: EngineSessionManager initialized
[2017.05.06-17.01.34:535][  0]LogInit: Transaction tracking system initialized
[2017.05.06-17.01.38:827][  0]BlueprintLog: New page: Editor Load
[2017.05.06-17.01.40:498][  0]LocalizationService: Info Localization service is disabled
[2017.05.06-17.01.42:365][  0]LogConsoleResponse:Display: 
[2017.05.06-17.01.43:792][  0]LogCook:Display: Max memory allowance for cook 16384mb min free memory 0mb
[2017.05.06-17.01.43:792][  0]LogCook:Display: Mobile HDR setting 1
[2017.05.06-17.01.44:838][  0]LogFileCache: Scanning file cache for directory 'd:/ToJamProject/TOJAM17/Content/' took 0.02s
[2017.05.06-17.01.46:631][  0]Cmd: MAP LOAD FILE="../../../../../../ToJamProject/TOJAM17/Content/Maps/LevelOne.umap" TEMPLATE=0 SHOWPROGRESS=1 FEATURELEVEL=3
[2017.05.06-17.01.46:740][  0]LogSlate: Took 0.094840 seconds to synchronously load lazily loaded font '../../../Engine/Content/Slate/Fonts/Roboto-Regular.ttf' (155K)
[2017.05.06-17.01.51:106][  0]LogWindowsTextInputMethodSystem:Display: IME system now deactivated.
[2017.05.06-17.01.51:108][  0]LightingResults: New page: Lighting Build
[2017.05.06-17.01.51:149][  0]MapCheck: New page: Map Check
[2017.05.06-17.01.51:149][  0]LightingResults: New page: Lighting Build
[2017.05.06-17.01.51:161][  0]LogAIModule: Creating AISystem for world Untitled
[2017.05.06-17.01.51:165][  0]LoadErrors: New page: New Map
[2017.05.06-17.01.51:234][  0]LogWindowsTextInputMethodSystem:Display: IME system now deactivated.
[2017.05.06-17.01.51:668][  0]LogCollectionManager: Loaded 0 collections in 0.000853 seconds
[2017.05.06-17.01.51:736][  0]LogFileCache: Scanning file cache for directory 'd:/ToJamProject/TOJAM17/Saved/Collections/' took 0.01s
[2017.05.06-17.01.51:736][  0]LogFileCache: Scanning file cache for directory 'd:/ToJamProject/TOJAM17/Content/Developers/khizer/Collections/' took 0.01s
[2017.05.06-17.01.51:736][  0]LogFileCache: Scanning file cache for directory 'd:/ToJamProject/TOJAM17/Content/Collections/' took 0.01s
[2017.05.06-17.01.51:736][  0]LogCollectionManager: Rebuilt the GUID cache for 0 collections in 0.000001 seconds
[2017.05.06-17.01.51:745][  0]LogContentBrowser: Native class hierarchy populated in 0.0093 seconds. Added 2245 classes and 453 folders.
[2017.05.06-17.01.51:796][  0]LogContentBrowser: Native class hierarchy updated for 'WidgetCarousel' in 0.0005 seconds. Added 0 classes and 0 folders.
[2017.05.06-17.01.52:752][  0]LogContentBrowser: Native class hierarchy updated for 'AddContentDialog' in 0.0006 seconds. Added 0 classes and 0 folders.
[2017.05.06-17.01.52:823][  0]LogContentBrowser: Native class hierarchy updated for 'SceneOutliner' in 0.0006 seconds. Added 1 classes and 2 folders.
[2017.05.06-17.01.52:970][  0]LogCrashTracker: Crashtracker disabled due to settings.
[2017.05.06-17.01.52:977][  0]LogUObjectGlobals:Warning: Failed to find object 'Class None.'
[2017.05.06-17.01.53:089][  0]LogContentBrowser: Native class hierarchy updated for 'HierarchicalLODOutliner' in 0.0006 seconds. Added 1 classes and 2 folders.
[2017.05.06-17.01.53:090][  0]LogLoad: (Engine Initialization) Total time: 67.75 seconds
[2017.05.06-17.01.53:090][  0]LogLoad: (Engine Initialization) Total Blueprint compile time: 0.12 seconds
[2017.05.06-17.01.53:090][  0]LogExternalProfiler: Found external profiler: VSPerf
[2017.05.06-17.01.53:090][  0]LogExternalProfiler: Using external profiler: VSPerf
[2017.05.06-17.01.53:108][  0]LogOcInput: OculusInput pre-init called
[2017.05.06-17.01.53:127][  0]SourceControl: Info On branch master
[2017.05.06-17.01.53:127][  0]SourceControl: Info Your branch is up-to-date with 'origin/master'.
[2017.05.06-17.01.53:127][  0]SourceControl: Info Changes to be committed:
[2017.05.06-17.01.53:127][  0]SourceControl: Info   (use "git reset HEAD <file>..." to unstage)
[2017.05.06-17.01.53:127][  0]SourceControl: Info 	new file:   Content/Blueprints/Mirror/Test/Pointing_Base.uasset
[2017.05.06-17.01.53:127][  0]SourceControl: Info 	new file:   Content/Blueprints/Mirror/Test/Pointing_Base_Skeleton.uasset
[2017.05.06-17.01.53:127][  0]SourceControl: Info 	new file:   Content/Blueprints/Mirror/Test/Pointing_Top.uasset
[2017.05.06-17.01.53:127][  0]SourceControl: Info 	new file:   Content/Blueprints/Mirror/Test/Pointing_Top_PhysicsAsset.uasset
[2017.05.06-17.01.53:127][  0]SourceControl: Info 	new file:   Content/Blueprints/Mirror/Test/Pointing_Top_Skeleton.uasset
[2017.05.06-17.01.53:127][  0]SourceControl: Info 	new file:   Content/Blueprints/Mirror/Test/Pointing_Tramp.uasset
[2017.05.06-17.01.53:127][  0]SourceControl: Info 	new file:   Content/Blueprints/Mirror/Test/Pointing_Tramp_Anim.uasset
[2017.05.06-17.01.53:127][  0]SourceControl: Info 	new file:   Content/Blueprints/Mirror/Test/Pointing_Tramp_PhysicsAsset.uasset
[2017.05.06-17.01.53:127][  0]SourceControl: Info 	new file:   Content/Blueprints/Mirror/Test/Pointing_Tramp_Skeleton.uasset
[2017.05.06-17.01.53:127][  0]SourceControl: Info Changes not staged for commit:
[2017.05.06-17.01.53:127][  0]SourceControl: Info   (use "git add/rm <file>..." to update what will be committed)
[2017.05.06-17.01.53:128][  0]SourceControl: Info   (use "git checkout -- <file>..." to discard changes in working directory)
[2017.05.06-17.01.53:128][  0]SourceControl: Info 	modified:   Intermediate/CachedAssetRegistry.bin
[2017.05.06-17.01.53:128][  0]SourceControl: Info 	modified:   Saved/AutoScreenshot.png
[2017.05.06-17.01.53:128][  0]SourceControl: Info 	modified:   Saved/Autosaves/PackageRestoreData.json
[2017.05.06-17.01.53:128][  0]SourceControl: Info 	modified:   Saved/Config/Windows/Editor.ini
[2017.05.06-17.01.53:128][  0]SourceControl: Info 	modified:   Saved/Config/Windows/EditorPerProjectUserSettings.ini
[2017.05.06-17.01.53:128][  0]SourceControl: Info 	deleted:    Saved/Logs/TOJam2017-backup-2017.05.05-20.09.16.log
[2017.05.06-17.01.53:128][  0]SourceControl: Info 	modified:   Saved/Logs/TOJam2017.log
[2017.05.06-17.01.53:128][  0]SourceControl: Info Untracked files:
[2017.05.06-17.01.53:128][  0]SourceControl: Info   (use "git add <file>..." to include in what will be committed)
[2017.05.06-17.01.53:128][  0]SourceControl: Info 	Saved/Logs/TOJam2017-backup-2017.05.06-13.00.48.log
[2017.05.06-17.01.53:128][  0]SourceControl: Info 	Saved/Logs/UE4CC-Windows-4824914E48FAF197AA8A8D9AD0158E7B/
[2017.05.06-17.01.53:128][  0]LogContentStreaming: Texture pool size now 400 MB
[2017.05.06-17.01.53:141][  0]LogSlate: Took 0.009084 seconds to synchronously load lazily loaded font '../../../Engine/Content/Slate/Fonts/Roboto-Bold.ttf' (160K)
[2017.05.06-17.01.53:159][  0]LogSlate: Took 0.013693 seconds to synchronously load lazily loaded font '../../../Engine/Content/Editor/Slate/Fonts/FontAwesome.ttf' (139K)
[2017.05.06-17.01.53:450][  0]LogRenderer: Reallocating scene render targets to support 884x448 NumSamples 1 (Frame:2).
[2017.05.06-17.01.53:626][  2]LogAssetRegistry: Asset discovery search completed in 38.6722 seconds
[2017.05.06-17.01.53:626][  2]LogCollectionManager: Rebuilt the object cache for 0 collections in 0.000006 seconds (found 0 objects)
[2017.05.06-17.01.53:626][  2]LogCollectionManager: Fixed up redirectors for 0 collections in 0.000021 seconds (updated 0 objects)
[2017.05.06-17.01.54:164][ 32]LogSlate: Took 0.032873 seconds to synchronously load lazily loaded font '../../../Engine/Content/Slate/Fonts/Roboto-Light.ttf' (159K)
