Log file open, 05/06/17 16:33:21
LogInit:Display: Running engine for game: TOJam2017
LogPlatformFile: Not using cached read wrapper
LogInit:Display: RandInit(-665524993) SRandInit(-665524992).
LogTaskGraph: Started task graph with 5 named threads and 8 total threads with 1 sets of task threads.
LogStats: Stats thread started at 0.071520
LogInit: Using libcurl 7.47.1
LogInit:  - built for x86_64-pc-win32
LogInit:  - supports SSL with OpenSSL/1.0.2g
LogInit:  - supports HTTP deflate (compression) using libz 1.2.8
LogInit:  - other features:
LogInit:      CURL_VERSION_SSL
LogInit:      CURL_VERSION_LIBZ
LogInit:      CURL_VERSION_IPV6
LogInit:      CURL_VERSION_ASYNCHDNS
LogInit:      CURL_VERSION_LARGEFILE
LogInit:      CURL_VERSION_IDN
LogInit:  CurlRequestOptions (configurable via config and command line):
LogInit:  - bVerifyPeer = false  - Libcurl will NOT verify peer certificate
LogInit:  - bUseHttpProxy = false  - Libcurl will NOT use HTTP proxy
LogInit:  - bDontReuseConnections = false  - Libcurl will reuse connections
LogInit:  - CertBundlePath = nullptr  - Libcurl will use whatever was configured at build time.
LogInit: Build: ++UE4+Release-4.15-CL-3416026
LogInit: Engine Version: 4.15.2-3416026+++UE4+Release-4.15
LogInit: Compatible Engine Version: 4.15.0-3299760+++UE4+Release-4.15
LogInit: Net CL: 3299760
LogDevObjectVersion: Number of dev versions registered: 14
LogDevObjectVersion:   Dev-Blueprints (B0D832E4-1F89-4F0D-ACCF-7EB736FD4AA2): 8
LogDevObjectVersion:   Dev-Build (E1C64328-A22C-4D53-A36C-8E866417BD8C): 0
LogDevObjectVersion:   Dev-Core (375EC13C-06E4-48FB-B500-84F0262A717E): 2
LogDevObjectVersion:   Dev-Editor (E4B068ED-F494-42E9-A231-DA0B2E46BB41): 14
LogDevObjectVersion:   Dev-Framework (CFFC743F-43B0-4480-9391-14DF171D2073): 22
LogDevObjectVersion:   Dev-Mobile (B02B49B5-BB20-44E9-A304-32B752E40360): 0
LogDevObjectVersion:   Dev-Networking (A4E4105C-59A1-49B5-A7C5-40C4547EDFEE): 0
LogDevObjectVersion:   Dev-Online (39C831C9-5AE6-47DC-9A44-9C173E1C8E7C): 0
LogDevObjectVersion:   Dev-Physics (78F01B33-EBEA-4F98-B9B4-84EACCB95AA2): 0
LogDevObjectVersion:   Dev-Platform (6631380F-2D4D-43E0-8009-CF276956A95A): 0
LogDevObjectVersion:   Dev-Rendering (12F88B9F-8875-4AFC-A67C-D90C383ABD29): 12
LogDevObjectVersion:   Dev-Sequencer (7B5AE74C-D270-4C10-A958-57980B212A5A): 3
LogDevObjectVersion:   Dev-VR (D7296918-1DD6-4BDD-9DE2-64A83CC13884): 0
LogDevObjectVersion:   Dev-LoadTimes (C2A15278-BFE7-4AFE-6C17-90FF531DF755): 1
LogInit: Compiled (64-bit): May  1 2017 13:11:28
LogInit: Compiled with Visual C++: 19.00.23026.00
LogInit: Build Configuration: Development
LogInit: Branch Name: ++UE4+Release-4.15
LogInit: Command line:  
LogInit: Base directory: d:/Program Files/Epic Games/UE_4.15/Engine/Binaries/Win64/
LogInit: Installed Engine Build: 1
LogInit: Presizing for max 8388607 objects, including 0 objects not considered by GC, pre-allocating 0 bytes for permanent pool.
LogInit: Object subsystem initialized
[2017.05.06-20.33.22:213][  0]LogInit: Selected Device Profile: [Windows]
[2017.05.06-20.33.22:213][  0]LogInit: Applying CVar settings loaded from the selected device profile: [Windows]
[2017.05.06-20.33.22:225][  0]LogInit: Computer: DESKTOP-QN8JF5I
[2017.05.06-20.33.22:225][  0]LogInit: User: khizer
[2017.05.06-20.33.22:225][  0]LogInit: CPU Page size=65536, Cores=4
[2017.05.06-20.33.22:225][  0]LogInit: High frequency timer resolution =2.143471 MHz
[2017.05.06-20.33.22:225][  0]LogMemory: Memory total: Physical=7.7GB (8GB approx)
[2017.05.06-20.33.22:225][  0]LogMemory: Platform Memory Stats for Windows
[2017.05.06-20.33.22:225][  0]LogMemory: Process Physical Memory: 263.67 MB used, 263.67 MB peak
[2017.05.06-20.33.22:225][  0]LogMemory: Process Virtual Memory: 262.68 MB used, 262.68 MB peak
[2017.05.06-20.33.22:225][  0]LogMemory: Physical Memory: 3301.05 MB used,  4547.31 MB free, 7848.36 MB total
[2017.05.06-20.33.22:225][  0]LogMemory: Virtual Memory: 645.24 MB used,  4547.31 MB free, 134217728.00 MB total
[2017.05.06-20.33.22:289][  0]LogTextLocalizationManager: No specific translations for ('en-CA') exist, so ('en') translations will be used.
[2017.05.06-20.33.22:873][  0]LogD3D11RHI: D3D11 adapters:
[2017.05.06-20.33.22:896][  0]LogD3D11RHI:    0. 'NVIDIA GeForce GTX 760M' (Feature Level 11_0)
[2017.05.06-20.33.22:896][  0]LogD3D11RHI:       2020/0/3924 MB DedicatedVideo/DedicatedSystem/SharedSystem, Outputs:1, VendorId:0x10de
[2017.05.06-20.33.22:902][  0]LogD3D11RHI:    1. 'Intel(R) HD Graphics 4600' (Feature Level 11_0)
[2017.05.06-20.33.22:902][  0]LogD3D11RHI:       112/0/2048 MB DedicatedVideo/DedicatedSystem/SharedSystem, Outputs:0, VendorId:0x8086
[2017.05.06-20.33.22:903][  0]LogD3D11RHI:    2. 'Microsoft Basic Render Driver' (Feature Level 11_0)
[2017.05.06-20.33.22:903][  0]LogD3D11RHI:       0/0/3924 MB DedicatedVideo/DedicatedSystem/SharedSystem, Outputs:0, VendorId:0x1414
[2017.05.06-20.33.22:903][  0]LogD3D11RHI: Chosen D3D11 Adapter: 0
[2017.05.06-20.33.22:907][  0]LogD3D11RHI: Creating new Direct3DDevice
[2017.05.06-20.33.22:907][  0]LogD3D11RHI:     GPU DeviceId: 0x11e3 (for the marketing name, search the web for "GPU Device Id")
[2017.05.06-20.33.22:907][  0]LogWindows: EnumDisplayDevices:
[2017.05.06-20.33.22:907][  0]LogWindows:    0. 'Intel(R) HD Graphics 4600' (P:1 D:1)
[2017.05.06-20.33.22:907][  0]LogWindows:    1. 'Intel(R) HD Graphics 4600' (P:0 D:0)
[2017.05.06-20.33.22:907][  0]LogWindows:    2. 'Intel(R) HD Graphics 4600' (P:0 D:0)
[2017.05.06-20.33.22:908][  0]LogWindows: DebugString: PrimaryIsNotTheChoosenAdapter PrimaryIsNotTheChoosenAdapter PrimaryIsNotTheChoosenAdapter FoundDriverCount:0 
[2017.05.06-20.33.22:908][  0]LogD3D11RHI:     Adapter Name: NVIDIA GeForce GTX 760M
[2017.05.06-20.33.22:908][  0]LogD3D11RHI:   Driver Version: Unknown (internal:Unknown, unified:Unknown)
[2017.05.06-20.33.22:908][  0]LogD3D11RHI:      Driver Date: Unknown
[2017.05.06-20.33.22:908][  0]LogRHI: Texture pool is 1361 MB (70% of 1945 MB)
[2017.05.06-20.33.22:918][  0]LogD3D11RHI:Warning: Timestamp queries are currently disabled on this hardware due to instability. Realtime GPU stats will not be available. You can override this behaviour by setting r.NVIDIATimestampWorkaround to 0
[2017.05.06-20.33.22:920][  0]LogD3D11RHI: [Aftermath] Aftermath enabled but failed to initialize due to reason: NvApiIncompatible
[2017.05.06-20.33.22:920][  0]LogD3D11RHI: Async texture creation enabled
[2017.05.06-20.33.22:930][  0]LogD3D11RHI: GPU Timing Frequency: 1000.000000 (Debug: 2 1)
[2017.05.06-20.33.22:931][  0]LogShaderCompilers: Guid format shader working directory is 9 characters bigger than the processId version (../../../../../../ToJamProject/TOJAM17/Intermediate/Shaders/WorkingDirectory/6208/).
[2017.05.06-20.33.22:931][  0]LogShaderCompilers: Cleaned the shader compiler working directory 'C:/Users/khizer/AppData/Local/Temp/UnrealShaderWorkingDir/A64BCF194880D512B865B9A647C460D7/'.
[2017.05.06-20.33.22:931][  0]LogShaderCompilers:Display: Using Local Shader Compiler.
[2017.05.06-20.33.24:055][  0]LogTemp:Display: Loaded TP AllDesktopTargetPlatform
[2017.05.06-20.33.24:101][  0]LogTemp:Display: Loaded TP MacClientTargetPlatform
[2017.05.06-20.33.24:147][  0]LogTemp:Display: Loaded TP MacNoEditorTargetPlatform
[2017.05.06-20.33.24:195][  0]LogTemp:Display: Loaded TP MacServerTargetPlatform
[2017.05.06-20.33.24:243][  0]LogTemp:Display: Loaded TP MacTargetPlatform
[2017.05.06-20.33.24:290][  0]LogTemp:Display: Loaded TP WindowsClientTargetPlatform
[2017.05.06-20.33.24:341][  0]LogTemp:Display: Loaded TP WindowsNoEditorTargetPlatform
[2017.05.06-20.33.24:392][  0]LogTemp:Display: Loaded TP WindowsServerTargetPlatform
[2017.05.06-20.33.24:429][  0]LogTemp:Display: Loaded TP WindowsTargetPlatform
[2017.05.06-20.33.24:473][  0]LogTemp:Display: Loaded TP AndroidTargetPlatform
[2017.05.06-20.33.24:518][  0]LogTemp:Display: Loaded TP Android_ASTCTargetPlatform
[2017.05.06-20.33.24:563][  0]LogTemp:Display: Loaded TP Android_ATCTargetPlatform
[2017.05.06-20.33.24:608][  0]LogTemp:Display: Loaded TP Android_DXTTargetPlatform
[2017.05.06-20.33.24:653][  0]LogTemp:Display: Loaded TP Android_ETC1TargetPlatform
[2017.05.06-20.33.24:706][  0]LogTemp:Display: Loaded TP Android_ETC2TargetPlatform
[2017.05.06-20.33.24:796][  0]LogTemp:Display: Loaded TP Android_MultiTargetPlatform
[2017.05.06-20.33.24:796][  0]LogTemp:Display: Loaded TP Android_PVRTCTargetPlatform
[2017.05.06-20.33.24:825][  0]LogTemp:Display: Loaded TP HTML5TargetPlatform
[2017.05.06-20.33.24:911][  0]LogTemp:Display: Loaded TP IOSTargetPlatform
[2017.05.06-20.33.24:943][  0]LogTemp:Display: Loaded TP TVOSTargetPlatform
[2017.05.06-20.33.24:987][  0]LogTemp:Display: Loaded TP LinuxClientTargetPlatform
[2017.05.06-20.33.25:032][  0]LogTemp:Display: Loaded TP LinuxNoEditorTargetPlatform
[2017.05.06-20.33.25:077][  0]LogTemp:Display: Loaded TP LinuxServerTargetPlatform
[2017.05.06-20.33.25:121][  0]LogTemp:Display: Loaded TP LinuxTargetPlatform
[2017.05.06-20.33.25:121][  0]LogTargetPlatformManager:Display: Building Assets For Windows
[2017.05.06-20.33.25:456][  0]LogDerivedDataCache:Display: Max Cache Size: 512 MB
[2017.05.06-20.33.25:520][  0]LogDerivedDataCache: Loaded boot cache 0.06s 50MB C:/Users/khizer/AppData/Local/UnrealEngine/4.15/DerivedDataCache/Boot.ddc.
[2017.05.06-20.33.25:521][  0]LogDerivedDataCache:Display: Loaded Boot cache: C:/Users/khizer/AppData/Local/UnrealEngine/4.15/DerivedDataCache/Boot.ddc
[2017.05.06-20.33.25:521][  0]LogDerivedDataCache: FDerivedDataBackendGraph:  Pak pak cache file ../../../../../../ToJamProject/TOJAM17/DerivedDataCache/DDC.ddp not found, will not use a pak cache.
[2017.05.06-20.33.25:521][  0]LogDerivedDataCache: Unable to find inner node Pak for hierarchical cache Hierarchy.
[2017.05.06-20.33.25:521][  0]LogDerivedDataCache: FDerivedDataBackendGraph:  CompressedPak pak cache file ../../../../../../ToJamProject/TOJAM17/DerivedDataCache/Compressed.ddp not found, will not use a pak cache.
[2017.05.06-20.33.25:521][  0]LogDerivedDataCache: Unable to find inner node CompressedPak for hierarchical cache Hierarchy.
[2017.05.06-20.33.25:543][  0]LogDerivedDataCache:Display: Pak cache opened for reading ../../../Engine/DerivedDataCache/Compressed.ddp.
[2017.05.06-20.33.25:555][  0]LogDerivedDataCache: Using Local data cache path C:/Users/khizer/AppData/Local/UnrealEngine/Common/DerivedDataCache: Writable
[2017.05.06-20.33.25:565][  0]LogSlate: Using Freetype 2.6.0
[2017.05.06-20.33.25:566][  0]LogSlate: SlateFontCache - WITH_FREETYPE: 1, WITH_HARFBUZZ: 1
[2017.05.06-20.33.25:566][  0]LogSlate: SlateFontCache - WITH_FREETYPE: 1, WITH_HARFBUZZ: 1
[2017.05.06-20.33.25:849][  0]LogInit: Selected Device Profile: [Windows]
[2017.05.06-20.33.25:853][  0]LogContentStreaming: Texture pool size is 0.00 MB
[2017.05.06-20.33.26:051][  0]LogMeshUtilities: Using QuadricMeshReduction for automatic static mesh reduction
[2017.05.06-20.33.26:084][  0]LogSimplygon: Simplygon DLL not present - disabling.
[2017.05.06-20.33.26:119][  0]LogMeshUtilities: Using SimplygonSwarm for distributed automatic mesh merging
[2017.05.06-20.33.26:119][  0]LogMeshUtilities: No automatic skeletal mesh reduction module available
[2017.05.06-20.33.26:119][  0]LogMeshUtilities: No automatic mesh merging module available
[2017.05.06-20.33.26:625][  0]LogNetVersion: GetLocalNetworkVersion: CL: 3299760, ProjectName: tojam2017, ProjectVersion: , EngineNetworkVersion: 2, GameNetworkVersion: 0, NetworkChecksum: 4065219163
[2017.05.06-20.33.26:665][  0]LogAssetRegistry: FAssetRegistry took 0.0216 seconds to start up
[2017.05.06-20.33.26:701][  0]LogPackageLocalizationCache: Processed 3 localized package path(s) for 2 prioritized culture(s) in 0.020278 seconds
[2017.05.06-20.33.26:707][  0]LogUObjectArray: 32493 objects as part of root set at end of initial load.
[2017.05.06-20.33.26:707][  0]LogUObjectAllocator: 7077032 out of 0 bytes used by permanent object pool.
[2017.05.06-20.33.26:707][  0]LogUObjectArray: CloseDisregardForGC: 0/0 objects in disregard for GC pool
[2017.05.06-20.33.26:753][  0]LogInit: WinSock: version 1.1 (2.2), MaxSocks=32767, MaxUdp=65467
[2017.05.06-20.33.28:087][  0]LogTcpMessaging: Initializing TcpMessaging bridge
[2017.05.06-20.33.28:119][  0]LogUdpMessaging: Initializing bridge on interface 0.0.0.0:0 to multicast group 230.0.0.1:6666.
[2017.05.06-20.33.28:488][  0]LogMaterial: Uniform references updated for custom material expression Custom.
[2017.05.06-20.33.28:783][  0]SourceControl: Info Source control is disabled
[2017.05.06-20.33.28:810][  0]SourceControl: Info Source control is disabled
[2017.05.06-20.33.28:845][  0]SourceControl: Info Source control is disabled
[2017.05.06-20.33.28:877][  0]SourceControl: Info Source control is disabled
[2017.05.06-20.33.29:779][  0]LogEngine: Initializing Engine...
[2017.05.06-20.33.29:779][  0]LogHMD: Failed to initialize OpenVR with code 110
[2017.05.06-20.33.29:904][  0]LogStats: UGameplayTagsManager::ConstructGameplayTagTree: Construct from data asset -  0.000 s
[2017.05.06-20.33.29:904][  0]LogStats: UGameplayTagsManager::ConstructGameplayTagTree: GameplayTagTreeChangedEvent.Broadcast -  0.000 s
[2017.05.06-20.33.30:002][  0]LogAIModule: Creating AISystem for world Untitled
[2017.05.06-20.33.30:008][  0]LogInit: XAudio2 using 'Speakers (Realtek High Definition Audio)' : 2 channels at 48 kHz using 32 bits per sample (channel mask 0x3)
[2017.05.06-20.33.30:034][  0]LogInit: FAudioDevice initialized.
[2017.05.06-20.33.30:061][  0]LogDerivedDataCache: Saved boot cache 0.03s 50MB C:/Users/khizer/AppData/Local/UnrealEngine/4.15/DerivedDataCache/Boot.ddc.
[2017.05.06-20.33.30:070][  0]LogInit: Texture streaming: Enabled
[2017.05.06-20.33.30:139][  0]LogEngineSessionManager: EngineSessionManager initialized
[2017.05.06-20.33.30:207][  0]LogInit: Transaction tracking system initialized
[2017.05.06-20.33.30:451][  0]BlueprintLog: New page: Editor Load
[2017.05.06-20.33.31:090][  0]LocalizationService: Info Localization service is disabled
[2017.05.06-20.33.31:823][  0]LogConsoleResponse:Display: 
[2017.05.06-20.33.31:940][  0]LogCook:Display: Max memory allowance for cook 16384mb min free memory 0mb
[2017.05.06-20.33.31:940][  0]LogCook:Display: Mobile HDR setting 1
[2017.05.06-20.33.32:041][  0]LogFileCache: Scanning file cache for directory 'd:/ToJamProject/TOJAM17/Content/' took 0.01s
[2017.05.06-20.33.32:720][  0]SourceControl: Info Source control is disabled
[2017.05.06-20.33.32:721][  0]Cmd: MAP LOAD FILE="../../../../../../ToJamProject/TOJAM17/Content/Maps/Level1.umap" TEMPLATE=0 SHOWPROGRESS=1 FEATURELEVEL=3
[2017.05.06-20.33.32:721][  0]LightingResults: New page: Lighting Build
[2017.05.06-20.33.32:751][  0]MapCheck: New page: Map Check
[2017.05.06-20.33.32:751][  0]LightingResults: New page: Lighting Build
[2017.05.06-20.33.32:879][  0]LogLinker:Error: bIsDestroyed has an inappropriate outermost, it was probably saved with a deprecated outer (file: ../../../../../../ToJamProject/TOJAM17/Content/Blueprints/BP_GameMode.uasset)
[2017.05.06-20.33.32:885][  0]LogLinker:Error: bIsDestroyed has an inappropriate outermost, it was probably saved with a deprecated outer (file: ../../../../../../ToJamProject/TOJAM17/Content/Blueprints/BP_GameMode.uasset)
[2017.05.06-20.33.32:890][  0]LogBlueprint:Warning: [BP_GameMode] 'bIsDestroyed' variable not found. Base class was probably changed.
[2017.05.06-20.33.32:918][  0]LogBlueprint:Warning: [Compiler BP_GameMode] Warning Could not find a variable named "bIsDestroyed" in 'BP_GameMode'.
Make sure 'BP_GameMode' has been compiled for  Get bIsDestroyed
[2017.05.06-20.33.32:918][  0]LogBlueprint:Warning: [Compiler BP_GameMode] Warning Can't connect pins  Object  and  Item : This cast has an invalid target type (was the class deleted without a redirect?).
[2017.05.06-20.33.32:919][  0]LogBlueprint:Warning: [Compiler BP_GameMode] Warning Can't connect pins  Item  and  Object : This cast has an invalid target type (was the class deleted without a redirect?).
[2017.05.06-20.33.32:919][  0]LogBlueprint:Error: [Compiler BP_GameMode] Error This blueprint (self) is not compatible with ' Target ', therefore that pin must have a connection.
[2017.05.06-20.33.32:919][  0]LogBlueprint:Error: [Compiler BP_GameMode] Error The property associated with  Is Destroyed  could not be found
[2017.05.06-20.33.32:923][  0]LogBlueprint:Warning: [Compiler BP_GameMode] Warning [0012.45] Compile of BP_GameMode failed. 2 Fatal Issue(s) 3 Warning(s) [in 32 ms] (/Game/Blueprints/BP_GameMode.BP_GameMode)
[2017.05.06-20.33.32:923][  0]LogBlueprint:Warning: [Compiler BP_GameMode] Warning [0012.45] Compile of BP_GameMode failed. 2 Fatal Issue(s) 4 Warning(s) [in 0 ms] (/Game/Blueprints/BP_GameMode.BP_GameMode)
[2017.05.06-20.33.32:923][  0]LogBlueprint:Warning: [Compiler BP_GameMode] Warning [0012.45] Compile of BP_GameMode failed. 2 Fatal Issue(s) 5 Warning(s) [in 0 ms] (/Game/Blueprints/BP_GameMode.BP_GameMode)
[2017.05.06-20.33.33:935][  0]LogMaterial: Missing cached shader map for material Rock, compiling. 
[2017.05.06-20.33.33:937][  0]LogTemp:Display: Added material ShaderMap 0x000002A8910E6080 with Material 0x000002A8A3DE3E80 to ShaderMapsBeingCompiled
[2017.05.06-20.33.33:979][  0]LogTemp:Display: Kicking off shader compilation for Rock, GameThreadShaderMap 0x000002A8910E6080
[2017.05.06-20.33.33:982][  0]LogMaterial: Missing cached shader map for material M_Cave_Background, compiling. 
[2017.05.06-20.33.34:000][  0]LogTemp:Display: Added material ShaderMap 0x000002A890FB4B80 with Material 0x000002A88FBC9C00 to ShaderMapsBeingCompiled
[2017.05.06-20.33.34:020][  0]LogTemp:Display: Kicking off shader compilation for M_Cave_Background, GameThreadShaderMap 0x000002A890FB4B80
[2017.05.06-20.33.34:023][  0]LogTexture:Display: Building textures: HQ_Lightmap0_1 (AutoDXT, 512X512) - 48 MB total VRAM
[2017.05.06-20.33.34:063][  0]LogTexture:Display: Building textures: HQ_Lightmap0_2 (AutoDXT, 512X512) - 48 MB total VRAM
[2017.05.06-20.33.34:132][  0]LogTexture:Display: Building textures: HQ_Lightmap0_3 (AutoDXT, 64X64) - 48 MB total VRAM
[2017.05.06-20.33.34:137][  0]LogTexture:Display: Building textures: LQ_Lightmap_0_1 (DXT1, 512X512) - 48 MB total VRAM
[2017.05.06-20.33.34:165][  0]LogTexture:Display: Building textures: LQ_Lightmap_0_2 (DXT1, 512X512) - 48 MB total VRAM
[2017.05.06-20.33.34:204][  0]LogTexture:Display: Building textures: LQ_Lightmap_0_3 (DXT1, 64X64) - 48 MB total VRAM
[2017.05.06-20.33.34:206][  0]LogTexture:Display: Building textures: ShadowMapTexture2D_0 (BGRA8, 512X128) - 48 MB total VRAM
[2017.05.06-20.33.34:210][  0]LogTexture:Display: Building textures: ShadowMapTexture2D_1 (BGRA8, 512X128) - 48 MB total VRAM
[2017.05.06-20.33.34:214][  0]LogTexture:Display: Building textures: ShadowMapTexture2D_2 (G8, 32X32) - 48 MB total VRAM
[2017.05.06-20.33.34:719][  0]LogMaterial: Missing cached shader map for material Material, compiling. 
[2017.05.06-20.33.34:720][  0]LogTemp:Display: Added material ShaderMap 0x000002A8AB7FEB00 with Material 0x000002A8A3DDE980 to ShaderMapsBeingCompiled
[2017.05.06-20.33.34:753][  0]LogTemp:Display: Kicking off shader compilation for Material, GameThreadShaderMap 0x000002A8AB7FEB00
[2017.05.06-20.33.34:898][  0]LogAIModule: Creating AISystem for world Level1
[2017.05.06-20.33.34:949][  0]LogEditorServer: Finished looking for orphan Actors (0.000 secs)
[2017.05.06-20.33.34:950][  0]Cmd: MAP CHECKDEP NOCLEARLOG
[2017.05.06-20.33.35:011][  0]MapCheck: Info Map check complete: 0 Error(s), 0 Warning(s), took 61.133ms to complete.
[2017.05.06-20.33.35:011][  0]LogFileHelpers: Loading map 'Level1' took 2.291
[2017.05.06-20.33.35:258][  0]LogCollectionManager: Loaded 0 collections in 0.001771 seconds
[2017.05.06-20.33.35:357][  0]LogFileCache: Scanning file cache for directory 'd:/ToJamProject/TOJAM17/Saved/Collections/' took 0.01s
[2017.05.06-20.33.35:357][  0]LogFileCache: Scanning file cache for directory 'd:/ToJamProject/TOJAM17/Content/Developers/khizer/Collections/' took 0.01s
[2017.05.06-20.33.35:357][  0]LogFileCache: Scanning file cache for directory 'd:/ToJamProject/TOJAM17/Content/Collections/' took 0.01s
[2017.05.06-20.33.35:357][  0]LogCollectionManager: Rebuilt the GUID cache for 0 collections in 0.000002 seconds
[2017.05.06-20.33.35:374][  0]LogContentBrowser: Native class hierarchy populated in 0.0165 seconds. Added 2245 classes and 453 folders.
[2017.05.06-20.33.35:459][  0]LogContentBrowser: Native class hierarchy updated for 'WidgetCarousel' in 0.0009 seconds. Added 0 classes and 0 folders.
[2017.05.06-20.33.35:525][  0]LogContentBrowser: Native class hierarchy updated for 'AddContentDialog' in 0.0010 seconds. Added 0 classes and 0 folders.
[2017.05.06-20.33.35:586][  0]LogContentBrowser: Native class hierarchy updated for 'SceneOutliner' in 0.0008 seconds. Added 1 classes and 2 folders.
[2017.05.06-20.33.35:657][  0]LogCrashTracker: Crashtracker disabled due to settings.
[2017.05.06-20.33.35:666][  0]LogUObjectGlobals:Warning: Failed to find object 'Class None.'
[2017.05.06-20.33.35:745][  0]LogContentBrowser: Native class hierarchy updated for 'HierarchicalLODOutliner' in 0.0010 seconds. Added 1 classes and 2 folders.
[2017.05.06-20.33.35:746][  0]LogLoad: (Engine Initialization) Total time: 15.27 seconds
[2017.05.06-20.33.35:746][  0]LogLoad: (Engine Initialization) Total Blueprint compile time: 0.36 seconds
[2017.05.06-20.33.35:746][  0]LogExternalProfiler: Found external profiler: VSPerf
[2017.05.06-20.33.35:746][  0]LogExternalProfiler: Using external profiler: VSPerf
[2017.05.06-20.33.36:085][  0]LogOcInput: OculusInput pre-init called
[2017.05.06-20.33.36:111][  0]LogContentStreaming: Texture pool size now 400 MB
[2017.05.06-20.33.36:113][  0]LogSlate: Took 0.000350 seconds to synchronously load lazily loaded font '../../../Engine/Content/Slate/Fonts/Roboto-Regular.ttf' (155K)
[2017.05.06-20.33.36:119][  0]LogSlate: Took 0.000482 seconds to synchronously load lazily loaded font '../../../Engine/Content/Slate/Fonts/Roboto-Bold.ttf' (160K)
[2017.05.06-20.33.36:129][  0]LogSlate: Took 0.000397 seconds to synchronously load lazily loaded font '../../../Engine/Content/Editor/Slate/Fonts/FontAwesome.ttf' (139K)
[2017.05.06-20.33.36:310][  0]LogSlate: Took 0.000321 seconds to synchronously load lazily loaded font '../../../Engine/Content/Slate/Fonts/Roboto-Light.ttf' (159K)
[2017.05.06-20.33.36:385][  0]LogRenderer: Reallocating scene render targets to support 964x428 NumSamples 1 (Frame:2).
[2017.05.06-20.33.37:291][  3]LogTemp:Display: Finished compile of shader map 0x000002A8910E6080
[2017.05.06-20.33.37:292][  3]LogTemp:Display: Shader map Rock complete, GameThreadShaderMap 0x000002A8910E6080, marking material Rock as finished
[2017.05.06-20.33.37:292][  3]LogTemp:Display: Marking material as finished 0x000002A8A3DE3E80
[2017.05.06-20.33.37:297][  3]LogSlate: Took 0.000317 seconds to synchronously load lazily loaded font '../../../Engine/Content/Slate/Fonts/Roboto-Light.ttf' (159K)
[2017.05.06-20.33.38:690][ 80]LogTemp:Display: Finished compile of shader map 0x000002A890FB4B80
[2017.05.06-20.33.38:690][ 80]LogTemp:Display: Shader map M_Cave_Background complete, GameThreadShaderMap 0x000002A890FB4B80, marking material M_Cave_Background as finished
[2017.05.06-20.33.38:690][ 80]LogTemp:Display: Marking material as finished 0x000002A88FBC9C00
[2017.05.06-20.33.38:868][ 91]LogTemp: Repeting last play command: Selected Viewport
[2017.05.06-20.33.38:889][ 91]LogBlueprintUserMessages: Early PlayInEditor Detection: Level '/Game/Maps/Level1.Level1:PersistentLevel' has LevelScriptBlueprint '/Game/Maps/Level1.Level1:PersistentLevel.Level1' with GeneratedClass '/Game/Maps/Level1.Level1_C' with ClassGeneratedBy '/Game/Maps/Level1.Level1:PersistentLevel.Level1'
[2017.05.06-20.33.38:889][ 91]LogPlayLevel: PlayLevel: No blueprints needed recompiling
[2017.05.06-20.33.41:353][ 91]PIE: New page: PIE session: Level1 (May 6, 2017, 12:33:41 PM)
[2017.05.06-20.33.41:353][ 91]LogPlayLevel: Creating play world package: /Game/Maps/UEDPIE_0_Level1
[2017.05.06-20.33.41:373][ 91]LogPlayLevel: PIE: StaticDuplicateObject took: (0.019696s)
[2017.05.06-20.33.41:373][ 91]LogAIModule: Creating AISystem for world Level1
[2017.05.06-20.33.41:374][ 91]LogPlayLevel: PIE: World Init took: (0.000793s)
[2017.05.06-20.33.41:374][ 91]LogPlayLevel: PIE: Created PIE world by copying editor world from /Game/Maps/Level1.Level1 to /Game/Maps/UEDPIE_0_Level1.Level1 (0.020794s)
[2017.05.06-20.33.41:397][ 91]LogInit: XAudio2 using 'Speakers (Realtek High Definition Audio)' : 2 channels at 48 kHz using 32 bits per sample (channel mask 0x3)
[2017.05.06-20.33.41:409][ 91]LogInit: FAudioDevice initialized.
[2017.05.06-20.33.41:452][ 91]LogLoad: Game class is 'BP_GameMode_C'
[2017.05.06-20.33.41:491][ 91]LogWorld: Bringing World /Game/Maps/UEDPIE_0_Level1.Level1 up for play (max tick rate 60) at 2017.05.06-16.33.41
[2017.05.06-20.33.41:542][ 91]LogWorld: Bringing up level for play took: 0.053128
[2017.05.06-20.33.41:543][ 91]LogGameMode: FindPlayerStart: PATHS NOT DEFINED or NO PLAYERSTART with positive rating
[2017.05.06-20.33.41:602][ 91]LogContentBrowser: Native class hierarchy updated for 'MovieSceneCapture' in 0.0006 seconds. Added 11 classes and 0 folders.
[2017.05.06-20.33.41:628][ 91]PIE: Info Play in editor start time for /Game/Maps/UEDPIE_0_Level1 3.729
[2017.05.06-20.33.41:629][ 91]LogBlueprintUserMessages: Late PlayInEditor Detection: Level '/Game/Maps/Level1.Level1:PersistentLevel' has LevelScriptBlueprint '/Game/Maps/Level1.Level1:PersistentLevel.Level1' with GeneratedClass '/Game/Maps/Level1.Level1_C' with ClassGeneratedBy '/Game/Maps/Level1.Level1:PersistentLevel.Level1'
[2017.05.06-20.33.41:722][ 91]LogTemp:Display: Finished compile of shader map 0x000002A8AB7FEB00
[2017.05.06-20.33.41:722][ 91]LogTemp:Display: Shader map Material complete, GameThreadShaderMap 0x000002A8AB7FEB00, marking material Material as finished
[2017.05.06-20.33.41:722][ 91]LogTemp:Display: Marking material as finished 0x000002A8A3DDE980
[2017.05.06-20.33.45:410][308]LogBlueprintUserMessages: [BP_Projectile_C_0] HitTarget!
[2017.05.06-20.33.45:861][335]LogBlueprintUserMessages: Early EndPlayMap Detection: Level '/Game/Maps/Level1.Level1:PersistentLevel' has LevelScriptBlueprint '/Game/Maps/Level1.Level1:PersistentLevel.Level1' with GeneratedClass '/Game/Maps/Level1.Level1_C' with ClassGeneratedBy '/Game/Maps/Level1.Level1:PersistentLevel.Level1'
[2017.05.06-20.33.45:898][335]LogBlueprintUserMessages: Late EndPlayMap Detection: Level '/Game/Maps/Level1.Level1:PersistentLevel' has LevelScriptBlueprint '/Game/Maps/Level1.Level1:PersistentLevel.Level1' with GeneratedClass '/Game/Maps/Level1.Level1_C' with ClassGeneratedBy '/Game/Maps/Level1.Level1:PersistentLevel.Level1'
[2017.05.06-20.33.47:024][402]LogTemp: Repeting last play command: Selected Viewport
[2017.05.06-20.33.47:042][402]LogBlueprintUserMessages: Early PlayInEditor Detection: Level '/Game/Maps/Level1.Level1:PersistentLevel' has LevelScriptBlueprint '/Game/Maps/Level1.Level1:PersistentLevel.Level1' with GeneratedClass '/Game/Maps/Level1.Level1_C' with ClassGeneratedBy '/Game/Maps/Level1.Level1:PersistentLevel.Level1'
[2017.05.06-20.33.47:042][402]LogPlayLevel: PlayLevel: No blueprints needed recompiling
[2017.05.06-20.33.47:043][402]PIE: New page: PIE session: Level1 (May 6, 2017, 12:33:47 PM)
[2017.05.06-20.33.47:043][402]LogPlayLevel: Creating play world package: /Game/Maps/UEDPIE_0_Level1
[2017.05.06-20.33.47:048][402]LogPlayLevel: PIE: StaticDuplicateObject took: (0.005453s)
[2017.05.06-20.33.47:049][402]LogAIModule: Creating AISystem for world Level1
[2017.05.06-20.33.47:049][402]LogPlayLevel: PIE: World Init took: (0.000700s)
[2017.05.06-20.33.47:049][402]LogPlayLevel: PIE: Created PIE world by copying editor world from /Game/Maps/Level1.Level1 to /Game/Maps/UEDPIE_0_Level1.Level1 (0.006375s)
[2017.05.06-20.33.47:060][402]LogInit: XAudio2 using 'Speakers (Realtek High Definition Audio)' : 2 channels at 48 kHz using 32 bits per sample (channel mask 0x3)
[2017.05.06-20.33.47:069][402]LogInit: FAudioDevice initialized.
[2017.05.06-20.33.47:101][402]LogLoad: Game class is 'BP_GameMode_C'
[2017.05.06-20.33.47:104][402]LogWorld: Bringing World /Game/Maps/UEDPIE_0_Level1.Level1 up for play (max tick rate 60) at 2017.05.06-16.33.47
[2017.05.06-20.33.47:104][402]LogWorld: Bringing up level for play took: 0.002391
[2017.05.06-20.33.47:105][402]LogGameMode: FindPlayerStart: PATHS NOT DEFINED or NO PLAYERSTART with positive rating
[2017.05.06-20.33.47:106][402]PIE: Info Play in editor start time for /Game/Maps/UEDPIE_0_Level1 -0.794
[2017.05.06-20.33.47:106][402]LogBlueprintUserMessages: Late PlayInEditor Detection: Level '/Game/Maps/Level1.Level1:PersistentLevel' has LevelScriptBlueprint '/Game/Maps/Level1.Level1:PersistentLevel.Level1' with GeneratedClass '/Game/Maps/Level1.Level1_C' with ClassGeneratedBy '/Game/Maps/Level1.Level1:PersistentLevel.Level1'
[2017.05.06-20.33.49:440][542]LogAssetRegistry: Asset discovery search completed in 22.7968 seconds
[2017.05.06-20.33.49:440][542]LogCollectionManager: Rebuilt the object cache for 0 collections in 0.000006 seconds (found 0 objects)
[2017.05.06-20.33.49:440][542]LogCollectionManager: Fixed up redirectors for 0 collections in 0.000020 seconds (updated 0 objects)
[2017.05.06-20.33.50:540][608]LogBlueprintUserMessages: [BP_Projectile_C_0] HitTarget!
[2017.05.06-20.33.51:991][695]LogBlueprintUserMessages: Early EndPlayMap Detection: Level '/Game/Maps/Level1.Level1:PersistentLevel' has LevelScriptBlueprint '/Game/Maps/Level1.Level1:PersistentLevel.Level1' with GeneratedClass '/Game/Maps/Level1.Level1_C' with ClassGeneratedBy '/Game/Maps/Level1.Level1:PersistentLevel.Level1'
[2017.05.06-20.33.52:022][695]LogBlueprintUserMessages: Late EndPlayMap Detection: Level '/Game/Maps/Level1.Level1:PersistentLevel' has LevelScriptBlueprint '/Game/Maps/Level1.Level1:PersistentLevel.Level1' with GeneratedClass '/Game/Maps/Level1.Level1_C' with ClassGeneratedBy '/Game/Maps/Level1.Level1:PersistentLevel.Level1'
[2017.05.06-20.33.56:553][964]LogSlate: Took 0.000189 seconds to synchronously load lazily loaded font '../../../Engine/Content/Slate/Fonts/Roboto-Light.ttf' (159K)
[2017.05.06-20.33.56:978][964]LogContentBrowser: Native class hierarchy updated for 'BlueprintGraph' in 0.0009 seconds. Added 112 classes and 0 folders.
[2017.05.06-20.33.57:591][964]LogSlate: Took 0.000204 seconds to synchronously load lazily loaded font '../../../Engine/Content/Slate/Fonts/Roboto-Regular.ttf' (155K)
[2017.05.06-20.33.57:673][964]LogSlate: Took 0.000210 seconds to synchronously load lazily loaded font '../../../Engine/Content/Editor/Slate/Fonts/Roboto-BoldCondensed.ttf' (158K)
[2017.05.06-20.33.57:777][965]LogSlate: Took 0.000216 seconds to synchronously load lazily loaded font '../../../Engine/Content/Editor/Slate/Fonts/Roboto-Italic.ttf' (157K)
[2017.05.06-20.34.13:787][912]LogEditorTransaction: Undo Delete current selection
[2017.05.06-20.35.47:743][463]BlueprintLog: New page: Compile BP_Projectile
[2017.05.06-20.35.47:958][467]BlueprintLog: New page: Compile BP_Projectile
[2017.05.06-20.35.48:419][485]Cmd: OBJ SAVEPACKAGE PACKAGE="/Game/Blueprints/Projectile/BP_Projectile" FILE="../../../../../../ToJamProject/TOJAM17/Content/Blueprints/Projectile/BP_Projectile.uasset" SILENT=true
[2017.05.06-20.35.48:479][485]LogSavePackage: Save=48.50ms
[2017.05.06-20.35.48:479][485]LogSavePackage: Moving '../../../../../../ToJamProject/TOJAM17/Saved/BP_Projectile8406B72041548C99AE8529BFF3D316A9.tmp' to '../../../../../../ToJamProject/TOJAM17/Content/Blueprints/Projectile/BP_Projectile.uasset'
[2017.05.06-20.35.48:481][485]LogSavePackage:Display: Finished SavePackage ../../../../../../ToJamProject/TOJAM17/Content/Blueprints/Projectile/BP_Projectile.uasset
[2017.05.06-20.35.51:656][675]LogTemp: Repeting last play command: Selected Viewport
[2017.05.06-20.35.51:683][675]LogBlueprintUserMessages: Early PlayInEditor Detection: Level '/Game/Maps/Level1.Level1:PersistentLevel' has LevelScriptBlueprint '/Game/Maps/Level1.Level1:PersistentLevel.Level1' with GeneratedClass '/Game/Maps/Level1.Level1_C' with ClassGeneratedBy '/Game/Maps/Level1.Level1:PersistentLevel.Level1'
[2017.05.06-20.35.51:683][675]BlueprintLog: New page: Pre-Play auto-recompile
[2017.05.06-20.35.51:683][675]LogPlayLevel: [PlayLevel] Compiling BP_GameMode before play...
[2017.05.06-20.35.51:695][675]LogBlueprint:Warning: [Compiler BP_GameMode] Warning Could not find a variable named "bIsDestroyed" in 'BP_GameMode'.
Make sure 'BP_GameMode' has been compiled for  Get bIsDestroyed
[2017.05.06-20.35.51:695][675]LogBlueprint:Warning: [Compiler BP_GameMode] Warning Can't connect pins  Object  and  Item : This cast has an invalid target type (was the class deleted without a redirect?).
[2017.05.06-20.35.51:695][675]LogBlueprint:Warning: [Compiler BP_GameMode] Warning Can't connect pins  Item  and  Object : This cast has an invalid target type (was the class deleted without a redirect?).
[2017.05.06-20.35.51:695][675]LogBlueprint:Error: [Compiler BP_GameMode] Error This blueprint (self) is not compatible with ' Target ', therefore that pin must have a connection.
[2017.05.06-20.35.51:696][675]LogBlueprint:Error: [Compiler BP_GameMode] Error The property associated with  Is Destroyed  could not be found
[2017.05.06-20.35.51:849][675]LogBlueprint:Warning: [Compiler BP_GameMode] Warning [0151.38] Compile of BP_GameMode failed. 2 Fatal Issue(s) 3 Warning(s) [in 160 ms] (/Game/Blueprints/BP_GameMode.BP_GameMode)
[2017.05.06-20.35.51:850][675]LogBlueprint:Warning: [Compiler BP_GameMode] Warning [0151.38] Compile of BP_GameMode failed. 2 Fatal Issue(s) 4 Warning(s) [in 0 ms] (/Game/Blueprints/BP_GameMode.BP_GameMode)
[2017.05.06-20.35.51:850][675]LogBlueprint:Warning: [Compiler BP_GameMode] Warning [0151.38] Compile of BP_GameMode failed. 2 Fatal Issue(s) 5 Warning(s) [in 0 ms] (/Game/Blueprints/BP_GameMode.BP_GameMode)
[2017.05.06-20.35.51:850][675]LogBlueprint:Warning: [Compiler BP_GameMode] Warning [0151.38] Compile of BP_GameMode failed. 2 Fatal Issue(s) 6 Warning(s) [in 0 ms] (/Game/Blueprints/BP_GameMode.BP_GameMode)
[2017.05.06-20.35.51:851][675]LogBlueprint:Warning: [Compiler BP_GameMode] Warning [0151.38] Compile of BP_GameMode failed. 2 Fatal Issue(s) 7 Warning(s) [in 0 ms] (/Game/Blueprints/BP_GameMode.BP_GameMode)
[2017.05.06-20.35.51:851][675]LogBlueprint:Warning: [Compiler BP_GameMode] Warning [0151.38] Compile of BP_GameMode failed. 2 Fatal Issue(s) 8 Warning(s) [in 0 ms] (/Game/Blueprints/BP_GameMode.BP_GameMode)
[2017.05.06-20.35.51:866][675]LogPlayLevel: PlayLevel: Blueprint regeneration took 183 ms (1 blueprints)
[2017.05.06-20.35.51:866][675]BlueprintLog: Info Blueprint BP_GameMode failed to compile
[2017.05.06-20.35.52:823][675]PIE: New page: PIE session: Level1 (May 6, 2017, 12:35:52 PM)
[2017.05.06-20.35.52:823][675]LogPlayLevel: Creating play world package: /Game/Maps/UEDPIE_0_Level1
[2017.05.06-20.35.52:830][675]LogPlayLevel: PIE: StaticDuplicateObject took: (0.006921s)
[2017.05.06-20.35.52:831][675]LogAIModule: Creating AISystem for world Level1
[2017.05.06-20.35.52:831][675]LogPlayLevel: PIE: World Init took: (0.000740s)
[2017.05.06-20.35.52:831][675]LogPlayLevel: PIE: Created PIE world by copying editor world from /Game/Maps/Level1.Level1 to /Game/Maps/UEDPIE_0_Level1.Level1 (0.007901s)
[2017.05.06-20.35.52:849][675]LogInit: XAudio2 using 'Speakers (Realtek High Definition Audio)' : 2 channels at 48 kHz using 32 bits per sample (channel mask 0x3)
[2017.05.06-20.35.52:859][675]LogInit: FAudioDevice initialized.
[2017.05.06-20.35.52:892][675]LogLoad: Game class is 'BP_GameMode_C'
[2017.05.06-20.35.52:896][675]LogWorld: Bringing World /Game/Maps/UEDPIE_0_Level1.Level1 up for play (max tick rate 60) at 2017.05.06-16.35.52
[2017.05.06-20.35.52:896][675]LogWorld: Bringing up level for play took: 0.002496
[2017.05.06-20.35.52:896][675]LogGameMode: FindPlayerStart: PATHS NOT DEFINED or NO PLAYERSTART with positive rating
[2017.05.06-20.35.52:898][675]PIE: Info Play in editor start time for /Game/Maps/UEDPIE_0_Level1 0.998
[2017.05.06-20.35.52:898][675]LogBlueprintUserMessages: Late PlayInEditor Detection: Level '/Game/Maps/Level1.Level1:PersistentLevel' has LevelScriptBlueprint '/Game/Maps/Level1.Level1:PersistentLevel.Level1' with GeneratedClass '/Game/Maps/Level1.Level1_C' with ClassGeneratedBy '/Game/Maps/Level1.Level1:PersistentLevel.Level1'
[2017.05.06-20.35.54:693][780]LogBlueprintUserMessages: [BP_Mirror5] 135.0
[2017.05.06-20.35.54:693][780]LogBlueprintUserMessages: [BP_Mirror5] 180.0
[2017.05.06-20.35.54:694][780]LogBlueprintUserMessages: [BP_Mirror5] Reached
[2017.05.06-20.35.54:994][798]LogBlueprintUserMessages: [BP_Mirror3] 45.000397
[2017.05.06-20.35.54:994][798]LogBlueprintUserMessages: [BP_Mirror3] 90.000397
[2017.05.06-20.35.55:994][858]LogBlueprintUserMessages: [BP_Mirror4] 5.000618
[2017.05.06-20.35.56:077][863]LogBlueprintUserMessages: [BP_Mirror3] Reached
[2017.05.06-20.35.56:110][865]LogBlueprintUserMessages: [BP_Projectile_C_0] HitTarget!
[2017.05.06-20.35.56:527][890]LogBlueprintUserMessages: [BP_Mirror4] Reached
[2017.05.06-20.36.02:278][235]LogBlueprintUserMessages: Early EndPlayMap Detection: Level '/Game/Maps/Level1.Level1:PersistentLevel' has LevelScriptBlueprint '/Game/Maps/Level1.Level1:PersistentLevel.Level1' with GeneratedClass '/Game/Maps/Level1.Level1_C' with ClassGeneratedBy '/Game/Maps/Level1.Level1:PersistentLevel.Level1'
[2017.05.06-20.36.02:310][235]LogBlueprintUserMessages: Late EndPlayMap Detection: Level '/Game/Maps/Level1.Level1:PersistentLevel' has LevelScriptBlueprint '/Game/Maps/Level1.Level1:PersistentLevel.Level1' with GeneratedClass '/Game/Maps/Level1.Level1_C' with ClassGeneratedBy '/Game/Maps/Level1.Level1:PersistentLevel.Level1'
[2017.05.06-20.36.03:140][282]LogTemp: Repeting last play command: Selected Viewport
[2017.05.06-20.36.03:161][282]LogBlueprintUserMessages: Early PlayInEditor Detection: Level '/Game/Maps/Level1.Level1:PersistentLevel' has LevelScriptBlueprint '/Game/Maps/Level1.Level1:PersistentLevel.Level1' with GeneratedClass '/Game/Maps/Level1.Level1_C' with ClassGeneratedBy '/Game/Maps/Level1.Level1:PersistentLevel.Level1'
[2017.05.06-20.36.03:161][282]LogPlayLevel: PlayLevel: No blueprints needed recompiling
[2017.05.06-20.36.03:161][282]PIE: New page: PIE session: Level1 (May 6, 2017, 12:36:03 PM)
[2017.05.06-20.36.03:161][282]LogPlayLevel: Creating play world package: /Game/Maps/UEDPIE_0_Level1
[2017.05.06-20.36.03:166][282]LogPlayLevel: PIE: StaticDuplicateObject took: (0.005337s)
[2017.05.06-20.36.03:167][282]LogAIModule: Creating AISystem for world Level1
[2017.05.06-20.36.03:167][282]LogPlayLevel: PIE: World Init took: (0.000715s)
[2017.05.06-20.36.03:167][282]LogPlayLevel: PIE: Created PIE world by copying editor world from /Game/Maps/Level1.Level1 to /Game/Maps/UEDPIE_0_Level1.Level1 (0.006266s)
[2017.05.06-20.36.03:184][282]LogInit: XAudio2 using 'Speakers (Realtek High Definition Audio)' : 2 channels at 48 kHz using 32 bits per sample (channel mask 0x3)
[2017.05.06-20.36.03:193][282]LogInit: FAudioDevice initialized.
[2017.05.06-20.36.03:222][282]LogLoad: Game class is 'BP_GameMode_C'
[2017.05.06-20.36.03:226][282]LogWorld: Bringing World /Game/Maps/UEDPIE_0_Level1.Level1 up for play (max tick rate 60) at 2017.05.06-16.36.03
[2017.05.06-20.36.03:226][282]LogWorld: Bringing up level for play took: 0.002209
[2017.05.06-20.36.03:226][282]LogGameMode: FindPlayerStart: PATHS NOT DEFINED or NO PLAYERSTART with positive rating
[2017.05.06-20.36.03:228][282]PIE: Info Play in editor start time for /Game/Maps/UEDPIE_0_Level1 -0.672
[2017.05.06-20.36.03:228][282]LogBlueprintUserMessages: Late PlayInEditor Detection: Level '/Game/Maps/Level1.Level1:PersistentLevel' has LevelScriptBlueprint '/Game/Maps/Level1.Level1:PersistentLevel.Level1' with GeneratedClass '/Game/Maps/Level1.Level1_C' with ClassGeneratedBy '/Game/Maps/Level1.Level1:PersistentLevel.Level1'
[2017.05.06-20.36.04:860][380]LogBlueprintUserMessages: [BP_Mirror5] 135.0
[2017.05.06-20.36.04:860][380]LogBlueprintUserMessages: [BP_Mirror5] 180.0
[2017.05.06-20.36.04:861][380]LogBlueprintUserMessages: [BP_Mirror5] Reached
[2017.05.06-20.36.05:160][398]LogBlueprintUserMessages: [BP_Mirror3] 45.000397
[2017.05.06-20.36.05:160][398]LogBlueprintUserMessages: [BP_Mirror3] 90.000397
[2017.05.06-20.36.06:160][458]LogBlueprintUserMessages: [BP_Mirror4] 5.000618
[2017.05.06-20.36.06:277][465]LogBlueprintUserMessages: [BP_Projectile_C_0] HitTarget!
[2017.05.06-20.36.06:277][465]LogBlueprintUserMessages: [BP_Mirror3] Reached
[2017.05.06-20.36.06:677][489]LogBlueprintUserMessages: [BP_Mirror4] Reached
[2017.05.06-20.36.13:611][905]LogBlueprintUserMessages: Early EndPlayMap Detection: Level '/Game/Maps/Level1.Level1:PersistentLevel' has LevelScriptBlueprint '/Game/Maps/Level1.Level1:PersistentLevel.Level1' with GeneratedClass '/Game/Maps/Level1.Level1_C' with ClassGeneratedBy '/Game/Maps/Level1.Level1:PersistentLevel.Level1'
[2017.05.06-20.36.13:648][905]LogBlueprintUserMessages: Late EndPlayMap Detection: Level '/Game/Maps/Level1.Level1:PersistentLevel' has LevelScriptBlueprint '/Game/Maps/Level1.Level1:PersistentLevel.Level1' with GeneratedClass '/Game/Maps/Level1.Level1_C' with ClassGeneratedBy '/Game/Maps/Level1.Level1:PersistentLevel.Level1'
[2017.05.06-20.42.46:188][376]Cmd: QUIT_EDITOR
[2017.05.06-20.42.47:149][376]LogWindowsTextInputMethodSystem:Display: IME system now deactivated.
[2017.05.06-20.42.47:206][376]LogExit: Preparing to exit.
[2017.05.06-20.42.48:454][376]LogDirectoryWatcher: A directory notification for 'd:/ToJamProject/TOJAM17/Content/' was aborted.
[2017.05.06-20.42.48:494][376]LogExit: Editor shut down
[2017.05.06-20.42.48:494][376]LogExit: Transaction tracking system shut down
[2017.05.06-20.42.48:592][376]LogObj: Freed 0b from 0 cluster array pools.
[2017.05.06-20.42.48:592][376]LogExit: Object subsystem successfully closed.
[2017.05.06-20.42.48:606][376]LogD3D11RHI: Shutdown
[2017.05.06-20.42.48:606][376]LogD3D11RHI: CleanupD3DDevice
[2017.05.06-20.42.48:671][376]LogD3D11RHI: ~FD3D11DynamicRHI
[2017.05.06-20.42.48:678][376]LogModuleManager: Shutting down and abandoning module BlueprintGraph (504)
[2017.05.06-20.42.48:678][376]LogModuleManager: Shutting down and abandoning module BlueprintProfiler (502)
[2017.05.06-20.42.48:678][376]LogModuleManager: Shutting down and abandoning module MovieSceneCapture (500)
[2017.05.06-20.42.48:678][376]LogModuleManager: Shutting down and abandoning module HierarchicalLODOutliner (498)
[2017.05.06-20.42.48:678][376]LogModuleManager: Shutting down and abandoning module CrashTracker (496)
[2017.05.06-20.42.48:678][376]LogModuleManager: Shutting down and abandoning module SceneOutliner (494)
[2017.05.06-20.42.48:678][376]LogModuleManager: Shutting down and abandoning module AddContentDialog (492)
[2017.05.06-20.42.48:679][376]LogDirectoryWatcher: A directory notification for 'd:/Program Files/Epic Games/UE_4.15/FeaturePacks/' was aborted.
[2017.05.06-20.42.48:679][376]LogModuleManager: Shutting down and abandoning module WidgetCarousel (491)
[2017.05.06-20.42.48:679][376]LogModuleManager: Shutting down and abandoning module EditorWidgets (488)
[2017.05.06-20.42.48:680][376]LogModuleManager: Shutting down and abandoning module CollectionManager (486)
[2017.05.06-20.42.48:680][376]LogDirectoryWatcher: A directory notification for 'd:/ToJamProject/TOJAM17/Content/Collections/' was aborted.
[2017.05.06-20.42.48:680][376]LogDirectoryWatcher: A directory notification for 'd:/ToJamProject/TOJAM17/Content/Developers/khizer/Collections/' was aborted.
[2017.05.06-20.42.48:680][376]LogDirectoryWatcher: A directory notification for 'd:/ToJamProject/TOJAM17/Saved/Collections/' was aborted.
[2017.05.06-20.42.48:680][376]LogModuleManager: Shutting down and abandoning module StatsViewer (484)
[2017.05.06-20.42.48:680][376]LogModuleManager: Shutting down and abandoning module FoliageEdit (482)
[2017.05.06-20.42.48:680][376]LogModuleManager: Shutting down and abandoning module LandscapeEditor (480)
[2017.05.06-20.42.48:680][376]LogModuleManager: Shutting down and abandoning module SceneDepthPickerMode (478)
[2017.05.06-20.42.48:680][376]LogModuleManager: Shutting down and abandoning module ActorPickerMode (476)
[2017.05.06-20.42.48:680][376]LogModuleManager: Shutting down and abandoning module GeometryMode (474)
[2017.05.06-20.42.48:680][376]LogModuleManager: Shutting down and abandoning module TextureAlignMode (472)
[2017.05.06-20.42.48:680][376]LogModuleManager: Shutting down and abandoning module BspMode (470)
[2017.05.06-20.42.48:680][376]LogModuleManager: Shutting down and abandoning module HardwareSurvey (468)
[2017.05.06-20.42.48:680][376]LogModuleManager: Shutting down and abandoning module SequenceRecorderSections (466)
[2017.05.06-20.42.48:680][376]LogModuleManager: Shutting down and abandoning module AutomationWorker (464)
[2017.05.06-20.42.48:680][376]LogModuleManager: Shutting down and abandoning module MatineeToLevelSequence (462)
[2017.05.06-20.42.48:680][376]LogModuleManager: Shutting down and abandoning module LevelSequenceEditor (460)
[2017.05.06-20.42.48:680][376]LogModuleManager: Shutting down and abandoning module PlacementMode (459)
[2017.05.06-20.42.48:680][376]LogModuleManager: Shutting down and abandoning module WmfMediaFactory (456)
[2017.05.06-20.42.48:680][376]LogModuleManager: Shutting down and abandoning module WmfMediaEditor (454)
[2017.05.06-20.42.48:680][376]LogModuleManager: Shutting down and abandoning module MfMediaFactory (452)
[2017.05.06-20.42.48:680][376]LogModuleManager: Shutting down and abandoning module MfMediaEditor (450)
[2017.05.06-20.42.48:680][376]LogModuleManager: Shutting down and abandoning module AvfMediaFactory (448)
[2017.05.06-20.42.48:680][376]LogModuleManager: Shutting down and abandoning module AvfMediaEditor (446)
[2017.05.06-20.42.48:680][376]LogModuleManager: Shutting down and abandoning module AndroidMediaFactory (444)
[2017.05.06-20.42.48:680][376]LogModuleManager: Shutting down and abandoning module Media (443)
[2017.05.06-20.42.48:680][376]LogModuleManager: Shutting down and abandoning module AndroidMediaEditor (440)
[2017.05.06-20.42.48:680][376]LogModuleManager: Shutting down and abandoning module CharacterAI (438)
[2017.05.06-20.42.48:680][376]LogModuleManager: Shutting down and abandoning module AudioCapture (436)
[2017.05.06-20.42.48:680][376]LogModuleManager: Shutting down and abandoning module SequenceRecorder (435)
[2017.05.06-20.42.48:680][376]LogModuleManager: Shutting down and abandoning module SmartSnapping (432)
[2017.05.06-20.42.48:680][376]LogModuleManager: Shutting down and abandoning module SessionServices (430)
[2017.05.06-20.42.48:680][376]LogModuleManager: Shutting down and abandoning module ViewportSnapping (428)
[2017.05.06-20.42.48:680][376]LogModuleManager: Shutting down and abandoning module ViewportInteraction (426)
[2017.05.06-20.42.48:680][376]LogModuleManager: Shutting down and abandoning module LogVisualizer (424)
[2017.05.06-20.42.48:680][376]LogModuleManager: Shutting down and abandoning module IntroTutorials (422)
[2017.05.06-20.42.48:680][376]LogModuleManager: Shutting down and abandoning module GameProjectGeneration (421)
[2017.05.06-20.42.48:680][376]LogModuleManager: Shutting down and abandoning module EditorLiveStreaming (418)
[2017.05.06-20.42.48:680][376]LogModuleManager: Shutting down and abandoning module IOSPlatformEditor (416)
[2017.05.06-20.42.48:680][376]LogModuleManager: Shutting down and abandoning module HTML5PlatformEditor (414)
[2017.05.06-20.42.48:680][376]LogModuleManager: Shutting down and abandoning module AndroidPlatformEditor (412)
[2017.05.06-20.42.48:680][376]LogModuleManager: Shutting down and abandoning module AndroidDeviceDetection (411)
[2017.05.06-20.42.49:559][376]LogModuleManager: Shutting down and abandoning module IOSRuntimeSettings (408)
[2017.05.06-20.42.49:559][376]LogModuleManager: Shutting down and abandoning module AndroidRuntimeSettings (406)
[2017.05.06-20.42.49:559][376]LogModuleManager: Shutting down and abandoning module InputBindingEditor (404)
[2017.05.06-20.42.49:559][376]LogModuleManager: Shutting down and abandoning module NiagaraEditor (402)
[2017.05.06-20.42.49:559][376]LogModuleManager: Shutting down and abandoning module MergeActors (400)
[2017.05.06-20.42.49:559][376]LogModuleManager: Shutting down and abandoning module SizeMap (398)
[2017.05.06-20.42.49:559][376]LogModuleManager: Shutting down and abandoning module TreeMap (396)
[2017.05.06-20.42.49:559][376]LogModuleManager: Shutting down and abandoning module ReferenceViewer (394)
[2017.05.06-20.42.49:559][376]LogModuleManager: Shutting down and abandoning module LocalizationDashboard (392)
[2017.05.06-20.42.49:559][376]LogModuleManager: Shutting down and abandoning module LocalizationService (391)
[2017.05.06-20.42.49:560][376]LogModuleManager: Shutting down and abandoning module HardwareTargeting (388)
[2017.05.06-20.42.49:560][376]LogModuleManager: Shutting down and abandoning module DeviceProfileEditor (386)
[2017.05.06-20.42.49:560][376]LogModuleManager: Shutting down and abandoning module UndoHistory (384)
[2017.05.06-20.42.49:560][376]LogModuleManager: Shutting down and abandoning module UserFeedback (382)
[2017.05.06-20.42.49:560][376]LogModuleManager: Shutting down and abandoning module XmlParser (380)
[2017.05.06-20.42.49:560][376]LogModuleManager: Shutting down and abandoning module Blutility (378)
[2017.05.06-20.42.49:560][376]LogModuleManager: Shutting down and abandoning module ProjectSettingsViewer (376)
[2017.05.06-20.42.49:560][376]LogModuleManager: Shutting down and abandoning module ProjectTargetPlatformEditor (375)
[2017.05.06-20.42.49:560][376]LogModuleManager: Shutting down and abandoning module EditorSettingsViewer (372)
[2017.05.06-20.42.49:560][376]LogModuleManager: Shutting down and abandoning module SettingsEditor (370)
[2017.05.06-20.42.49:560][376]LogModuleManager: Shutting down and abandoning module ProjectLauncher (368)
[2017.05.06-20.42.49:560][376]LogModuleManager: Shutting down and abandoning module SessionFrontend (366)
[2017.05.06-20.42.49:560][376]LogModuleManager: Shutting down and abandoning module ProfilerClient (364)
[2017.05.06-20.42.49:561][376]LogModuleManager: Shutting down and abandoning module DeviceManager (362)
[2017.05.06-20.42.49:561][376]LogModuleManager: Shutting down and abandoning module TargetDeviceServices (361)
[2017.05.06-20.42.49:614][376]LogModuleManager: Shutting down and abandoning module AutomationController (358)
[2017.05.06-20.42.49:614][376]LogModuleManager: Shutting down and abandoning module AutomationWindow (356)
[2017.05.06-20.42.49:614][376]LogModuleManager: Shutting down and abandoning module Layers (354)
[2017.05.06-20.42.49:614][376]LogModuleManager: Shutting down and abandoning module ComponentVisualizers (352)
[2017.05.06-20.42.49:614][376]LogModuleManager: Shutting down and abandoning module DetailCustomizations (350)
[2017.05.06-20.42.49:614][376]LogModuleManager: Shutting down and abandoning module PackagesDialog (348)
[2017.05.06-20.42.49:615][376]LogModuleManager: Shutting down and abandoning module Persona (346)
[2017.05.06-20.42.49:615][376]LogModuleManager: Shutting down and abandoning module AnimGraph (345)
[2017.05.06-20.42.49:615][376]LogModuleManager: Shutting down and abandoning module Kismet (342)
[2017.05.06-20.42.49:634][376]LogModuleManager: Shutting down and abandoning module GraphEditor (340)
[2017.05.06-20.42.49:634][376]LogModuleManager: Shutting down and abandoning module ClassViewer (338)
[2017.05.06-20.42.49:634][376]LogModuleManager: Shutting down and abandoning module Toolbox (336)
[2017.05.06-20.42.49:634][376]LogModuleManager: Shutting down and abandoning module ModuleUI (334)
[2017.05.06-20.42.49:634][376]LogModuleManager: Shutting down and abandoning module MovieSceneTools (332)
[2017.05.06-20.42.49:634][376]LogModuleManager: Shutting down and abandoning module OutputLog (330)
[2017.05.06-20.42.49:634][376]LogModuleManager: Shutting down and abandoning module GammaUI (328)
[2017.05.06-20.42.49:634][376]LogModuleManager: Shutting down and abandoning module Documentation (326)
[2017.05.06-20.42.49:635][376]LogModuleManager: Shutting down and abandoning module Niagara (324)
[2017.05.06-20.42.49:635][376]LogModuleManager: Shutting down and abandoning module StreamingPauseRendering (322)
[2017.05.06-20.42.49:635][376]LogModuleManager: Shutting down and abandoning module AnalyticsET (320)
[2017.05.06-20.42.49:635][376]LogModuleManager: Shutting down and abandoning module PortalServices (318)
[2017.05.06-20.42.49:635][376]LogModuleManager: Shutting down and abandoning module PortalRpc (316)
[2017.05.06-20.42.49:635][376]LogModuleManager: Shutting down and abandoning module MessagingRpc (314)
[2017.05.06-20.42.49:635][376]LogModuleManager: Shutting down and abandoning module AIModule (312)
[2017.05.06-20.42.49:635][376]LogModuleManager: Shutting down and abandoning module GameplayDebugger (311)
[2017.05.06-20.42.49:635][376]LogModuleManager: Shutting down and abandoning module AITestSuite (309)
[2017.05.06-20.42.49:635][376]LogModuleManager: Shutting down and abandoning module ProfilerService (306)
[2017.05.06-20.42.49:654][376]LogModuleManager: Shutting down and abandoning module TaskGraph (304)
[2017.05.06-20.42.49:654][376]LogModuleManager: Shutting down and abandoning module SteamVRController (302)
[2017.05.06-20.42.49:654][376]LogModuleManager: Shutting down and abandoning module SteamVR (300)
[2017.05.06-20.42.49:654][376]LogModuleManager: Shutting down and abandoning module ProceduralMeshComponentEditor (298)
[2017.05.06-20.42.49:654][376]LogModuleManager: Shutting down and abandoning module ProceduralMeshComponent (296)
[2017.05.06-20.42.49:654][376]LogModuleManager: Shutting down and abandoning module OculusLibrary (294)
[2017.05.06-20.42.49:654][376]LogModuleManager: Shutting down and abandoning module OculusInput (292)
[2017.05.06-20.42.49:654][376]LogModuleManager: Shutting down and abandoning module MobilePatchingUtils (290)
[2017.05.06-20.42.49:654][376]LogModuleManager: Shutting down and abandoning module CustomMeshComponent (288)
[2017.05.06-20.42.49:654][376]LogModuleManager: Shutting down and abandoning module CableComponent (286)
[2017.05.06-20.42.49:654][376]LogModuleManager: Shutting down and abandoning module ArchVisCharacter (284)
[2017.05.06-20.42.49:654][376]LogModuleManager: Shutting down and abandoning module MediaPlayerEditor (280)
[2017.05.06-20.42.49:655][376]LogModuleManager: Shutting down and abandoning module HTML5Networking (278)
[2017.05.06-20.42.49:655][376]LogModuleManager: Shutting down and abandoning module AlembicImporter (276)
[2017.05.06-20.42.49:655][376]LogModuleManager: Shutting down and abandoning module AlembicLibrary (275)
[2017.05.06-20.42.49:655][376]LogModuleManager: Shutting down and abandoning module GeometryCache (274)
[2017.05.06-20.42.49:655][376]LogModuleManager: Shutting down and abandoning module GeometryCacheEd (273)
[2017.05.06-20.42.49:655][376]LogModuleManager: Shutting down and abandoning module SuperSearchEditor (268)
[2017.05.06-20.42.49:655][376]LogModuleManager: Shutting down and abandoning module SuperSearch (267)
[2017.05.06-20.42.49:655][376]LogModuleManager: Shutting down and abandoning module SpeedTreeImporter (264)
[2017.05.06-20.42.49:655][376]LogModuleManager: Shutting down and abandoning module PluginBrowser (262)
[2017.05.06-20.42.49:655][376]LogModuleManager: Shutting down and abandoning module MobileLauncherProfileWizard (260)
[2017.05.06-20.42.49:655][376]LogModuleManager: Shutting down and abandoning module EpicSurvey (258)
[2017.05.06-20.42.49:655][376]LogModuleManager: Shutting down and abandoning module VisualStudioSourceCodeAccess (256)
[2017.05.06-20.42.49:655][376]LogModuleManager: Shutting down and abandoning module DesktopPlatform (255)
[2017.05.06-20.42.49:655][376]LogModuleManager: Shutting down and abandoning module UObjectPlugin (252)
[2017.05.06-20.42.49:655][376]LogModuleManager: Shutting down and abandoning module SubversionSourceControl (250)
[2017.05.06-20.42.49:655][376]LogModuleManager: Shutting down and abandoning module PerforceSourceControl (248)
[2017.05.06-20.42.49:655][376]LogModuleManager: Shutting down and abandoning module GitSourceControl (246)
[2017.05.06-20.42.49:656][376]LogModuleManager: Shutting down and abandoning module SourceControl (245)
[2017.05.06-20.42.49:656][376]LogModuleManager: Shutting down and abandoning module LightPropagationVolumeEditor (242)
[2017.05.06-20.42.49:656][376]LogModuleManager: Shutting down and abandoning module PaperTiledImporter (240)
[2017.05.06-20.42.49:656][376]LogModuleManager: Shutting down and abandoning module PaperSpriteSheetImporter (238)
[2017.05.06-20.42.49:656][376]LogModuleManager: Shutting down and abandoning module Paper2DEditor (236)
[2017.05.06-20.42.49:656][376]LogModuleManager: Shutting down and abandoning module MeshPaint (235)
[2017.05.06-20.42.49:656][376]LogModuleManager: Shutting down and abandoning module LevelEditor (233)
[2017.05.06-20.42.49:658][376]LogModuleManager: Shutting down and abandoning module PixelInspectorModule (232)
[2017.05.06-20.42.49:658][376]LogModuleManager: Shutting down and abandoning module MainFrame (230)
[2017.05.06-20.42.49:658][376]LogModuleManager: Shutting down and abandoning module HotReload (229)
[2017.05.06-20.42.49:659][376]LogModuleManager: Shutting down and abandoning module ContentBrowser (225)
[2017.05.06-20.42.49:662][376]LogModuleManager: Shutting down and abandoning module PhysXVehiclesEditor (222)
[2017.05.06-20.42.49:662][376]LogModuleManager: Shutting down and abandoning module PhysXVehicles (220)
[2017.05.06-20.42.49:662][376]LogModuleManager: Shutting down and abandoning module LocationServicesBPLibrary (218)
[2017.05.06-20.42.49:662][376]LogModuleManager: Shutting down and abandoning module UdpMessaging (216)
[2017.05.06-20.42.49:762][376]LogModuleManager: Shutting down and abandoning module TcpMessaging (214)
[2017.05.06-20.42.49:863][376]LogModuleManager: Shutting down and abandoning module GameplayTagsEditor (212)
[2017.05.06-20.42.49:863][376]LogModuleManager: Shutting down and abandoning module FacialAnimationEditor (210)
[2017.05.06-20.42.49:863][376]LogModuleManager: Shutting down and abandoning module FacialAnimation (208)
[2017.05.06-20.42.49:863][376]LogModuleManager: Shutting down and abandoning module LightPropagationVolumeRuntime (206)
[2017.05.06-20.42.49:863][376]LogModuleManager: Shutting down and abandoning module Paper2D (204)
[2017.05.06-20.42.49:863][376]LogModuleManager: Shutting down and abandoning module WindowsMoviePlayer (202)
[2017.05.06-20.42.49:863][376]LogModuleManager: Shutting down and abandoning module WmfMedia (200)
[2017.05.06-20.42.49:863][376]LogModuleManager: Shutting down and abandoning module MfMedia (198)
[2017.05.06-20.42.49:863][376]LogModuleManager: Shutting down and abandoning module MediaAssets (196)
[2017.05.06-20.42.49:864][376]LogModuleManager: Shutting down and abandoning module GameLiveStreaming (194)
[2017.05.06-20.42.49:864][376]LogModuleManager: Shutting down and abandoning module VREditor (192)
[2017.05.06-20.42.49:864][376]LogModuleManager: Shutting down and abandoning module GameplayTasksEditor (190)
[2017.05.06-20.42.49:864][376]LogModuleManager: Shutting down and abandoning module BehaviorTreeEditor (188)
[2017.05.06-20.42.49:864][376]LogModuleManager: Shutting down and abandoning module FunctionalTesting (186)
[2017.05.06-20.42.49:864][376]LogModuleManager: Shutting down and abandoning module CollisionAnalyzer (184)
[2017.05.06-20.42.49:864][376]LogModuleManager: Shutting down and abandoning module UMG (182)
[2017.05.06-20.42.49:864][376]LogModuleManager: Shutting down and abandoning module UMGEditor (181)
[2017.05.06-20.42.49:864][376]LogModuleManager: Shutting down and abandoning module Sequencer (180)
[2017.05.06-20.42.49:864][376]LogModuleManager: Shutting down and abandoning module AssetTools (178)
[2017.05.06-20.42.49:865][376]LogModuleManager: Shutting down and abandoning module MessageLog (177)
[2017.05.06-20.42.49:865][376]LogModuleManager: Shutting down and abandoning module WorkspaceMenuStructure (176)
[2017.05.06-20.42.49:865][376]LogModuleManager: Shutting down and abandoning module SlateReflector (170)
[2017.05.06-20.42.49:865][376]LogModuleManager: Shutting down and abandoning module Slate (168)
[2017.05.06-20.42.49:865][376]LogModuleManager: Shutting down and abandoning module EditorStyle (166)
[2017.05.06-20.42.49:872][376]LogModuleManager: Shutting down and abandoning module SourceCodeAccess (164)
[2017.05.06-20.42.49:872][376]LogModuleManager: Shutting down and abandoning module HeadMountedDisplay (162)
[2017.05.06-20.42.49:872][376]LogModuleManager: Shutting down and abandoning module XAudio2 (160)
[2017.05.06-20.42.49:872][376]LogModuleManager: Shutting down and abandoning module Networking (158)
[2017.05.06-20.42.49:872][376]LogModuleManager: Shutting down and abandoning module Core (154)
[2017.05.06-20.42.49:872][376]LogModuleManager: Shutting down and abandoning module AssetRegistry (152)
[2017.05.06-20.42.50:112][376]LogDirectoryWatcher: A directory notification for '../../../Engine/Content/' was aborted.
[2017.05.06-20.42.50:112][376]LogDirectoryWatcher: A directory notification for '../../../../../../ToJamProject/TOJAM17/Content/' was aborted.
[2017.05.06-20.42.50:113][376]LogDirectoryWatcher: A directory notification for '../../../Engine/Plugins/2D/Paper2D/Content/' was aborted.
[2017.05.06-20.42.50:113][376]LogModuleManager: Shutting down and abandoning module DirectoryWatcher (151)
[2017.05.06-20.42.50:113][376]LogModuleManager: Shutting down and abandoning module KismetCompiler (148)
[2017.05.06-20.42.50:113][376]LogModuleManager: Shutting down and abandoning module PhysXFormats (146)
[2017.05.06-20.42.50:113][376]LogModuleManager: Shutting down and abandoning module MeshUtilities (144)
[2017.05.06-20.42.50:113][376]LogModuleManager: Shutting down and abandoning module SimplygonSwarm (143)
[2017.05.06-20.42.50:113][376]LogModuleManager: Shutting down and abandoning module SimplygonMeshReduction (141)
[2017.05.06-20.42.50:113][376]LogModuleManager: Shutting down and abandoning module QuadricMeshReduction (139)
[2017.05.06-20.42.50:113][376]LogModuleManager: Shutting down and abandoning module PropertyEditor (137)
[2017.05.06-20.42.50:113][376]LogModuleManager: Shutting down and abandoning module DerivedDataCache (134)
[2017.05.06-20.42.50:200][376]LogDerivedDataCache: Shutdown
[2017.05.06-20.42.50:200][376]LogModuleManager: Shutting down and abandoning module TargetPlatform (132)
[2017.05.06-20.42.50:200][376]LogModuleManager: Shutting down and abandoning module VulkanShaderFormat (131)
[2017.05.06-20.42.50:200][376]LogModuleManager: Shutting down and abandoning module ShaderFormatOpenGL (129)
[2017.05.06-20.42.50:200][376]LogModuleManager: Shutting down and abandoning module ShaderFormatD3D (127)
[2017.05.06-20.42.50:200][376]LogModuleManager: Shutting down and abandoning module MetalShaderFormat (125)
[2017.05.06-20.42.50:200][376]LogModuleManager: Shutting down and abandoning module TextureFormatUncompressed (123)
[2017.05.06-20.42.50:200][376]LogModuleManager: Shutting down and abandoning module TextureFormatPVR (121)
[2017.05.06-20.42.50:200][376]LogModuleManager: Shutting down and abandoning module TextureFormatDXT (119)
[2017.05.06-20.42.50:200][376]LogModuleManager: Shutting down and abandoning module TextureFormatIntelISPCTexComp (117)
[2017.05.06-20.42.50:200][376]LogModuleManager: Shutting down and abandoning module TextureFormatASTC (115)
[2017.05.06-20.42.50:200][376]LogModuleManager: Shutting down and abandoning module ImageWrapper (114)
[2017.05.06-20.42.50:201][376]LogModuleManager: Shutting down and abandoning module TextureFormatAndroid (111)
[2017.05.06-20.42.50:201][376]LogModuleManager: Shutting down and abandoning module AudioFormatOpus (109)
[2017.05.06-20.42.50:201][376]LogModuleManager: Shutting down and abandoning module AudioFormatOgg (107)
[2017.05.06-20.42.50:201][376]LogModuleManager: Shutting down and abandoning module AudioFormatADPCM (105)
[2017.05.06-20.42.50:201][376]LogModuleManager: Shutting down and abandoning module LinuxTargetPlatform (103)
[2017.05.06-20.42.50:201][376]LogModuleManager: Shutting down and abandoning module LinuxServerTargetPlatform (101)
[2017.05.06-20.42.50:201][376]LogModuleManager: Shutting down and abandoning module LinuxNoEditorTargetPlatform (99)
[2017.05.06-20.42.50:201][376]LogModuleManager: Shutting down and abandoning module LinuxClientTargetPlatform (97)
[2017.05.06-20.42.50:201][376]LogModuleManager: Shutting down and abandoning module TVOSTargetPlatform (95)
[2017.05.06-20.42.50:201][376]LogModuleManager: Shutting down and abandoning module Messaging (93)
[2017.05.06-20.42.50:201][376]LogModuleManager: Shutting down and abandoning module IOSTargetPlatform (91)
[2017.05.06-20.42.50:201][376]LogModuleManager: Shutting down and abandoning module HTML5TargetPlatform (89)
[2017.05.06-20.42.50:201][376]LogModuleManager: Shutting down and abandoning module Android_PVRTCTargetPlatform (87)
[2017.05.06-20.42.50:201][376]LogModuleManager: Shutting down and abandoning module Android_MultiTargetPlatform (85)
[2017.05.06-20.42.50:201][376]LogModuleManager: Shutting down and abandoning module Android_ETC2TargetPlatform (83)
[2017.05.06-20.42.50:201][376]LogModuleManager: Shutting down and abandoning module Android_ETC1TargetPlatform (81)
[2017.05.06-20.42.50:201][376]LogModuleManager: Shutting down and abandoning module Android_DXTTargetPlatform (79)
[2017.05.06-20.42.50:201][376]LogModuleManager: Shutting down and abandoning module Android_ATCTargetPlatform (77)
[2017.05.06-20.42.50:201][376]LogModuleManager: Shutting down and abandoning module Android_ASTCTargetPlatform (75)
[2017.05.06-20.42.50:201][376]LogModuleManager: Shutting down and abandoning module AndroidTargetPlatform (73)
[2017.05.06-20.42.50:201][376]LogModuleManager: Shutting down and abandoning module WindowsTargetPlatform (71)
[2017.05.06-20.42.50:201][376]LogModuleManager: Shutting down and abandoning module WindowsServerTargetPlatform (69)
[2017.05.06-20.42.50:201][376]LogModuleManager: Shutting down and abandoning module WindowsNoEditorTargetPlatform (67)
[2017.05.06-20.42.50:201][376]LogModuleManager: Shutting down and abandoning module WindowsClientTargetPlatform (65)
[2017.05.06-20.42.50:201][376]LogModuleManager: Shutting down and abandoning module MacTargetPlatform (63)
[2017.05.06-20.42.50:201][376]LogModuleManager: Shutting down and abandoning module MacServerTargetPlatform (61)
[2017.05.06-20.42.50:201][376]LogModuleManager: Shutting down and abandoning module MacNoEditorTargetPlatform (59)
[2017.05.06-20.42.50:201][376]LogModuleManager: Shutting down and abandoning module MacClientTargetPlatform (57)
[2017.05.06-20.42.50:201][376]LogModuleManager: Shutting down and abandoning module AllDesktopTargetPlatform (55)
[2017.05.06-20.42.50:201][376]LogModuleManager: Shutting down and abandoning module InputCore (52)
[2017.05.06-20.42.50:201][376]LogModuleManager: Shutting down and abandoning module Settings (50)
[2017.05.06-20.42.50:202][376]LogModuleManager: Shutting down and abandoning module OculusRift (48)
[2017.05.06-20.42.50:202][376]LogModuleManager: Shutting down and abandoning module GearVR (46)
[2017.05.06-20.42.50:202][376]LogModuleManager: Shutting down and abandoning module ExampleDeviceProfileSelector (44)
[2017.05.06-20.42.50:202][376]LogModuleManager: Shutting down and abandoning module OnlineBlueprintSupport (42)
[2017.05.06-20.42.50:202][376]LogModuleManager: Shutting down and abandoning module OnlineSubsystem (38)
[2017.05.06-20.42.50:202][376]LogOnline:Display: Unloading online subsystem: NULL
[2017.05.06-20.42.50:202][376]LogModuleManager: Shutting down and abandoning module XMPP (37)
[2017.05.06-20.42.50:202][376]LogModuleManager: Shutting down and abandoning module HTTP (35)
[2017.05.06-20.42.50:202][376]LogHttp:Display: Http module shutting down, but needs to wait on 1 outstanding Http requests:
[2017.05.06-20.42.50:202][376]LogHttp:Display: 	verb=[POST] url=[https://datarouter.ol.epicgames.com/datarouter/api/v1/public/data?SessionID=%7B5FC5AFE1-40DB-FB23-F950-4595FE8E5F3A%7D&AppID=UEEditor.Rocket.Release&AppVersion=4.15.2-3416026%2B%2B%2BUE4%2BRelease-4.15&UserID=c5b402cf49c63dace635ba838d11588f%7C96dae05c1d2b439eb3e9c8ed0f078533%7C118f4c32-a4b9-44d1-8e1c-bba63ea92925&AppEnvironment=datacollector-binary&UploadType=eteventstream] status=Processing
[2017.05.06-20.42.50:229][376]LogModuleManager: Shutting down and abandoning module SSL (34)
[2017.05.06-20.42.50:234][376]LogModuleManager: Shutting down and abandoning module AudioEditor (30)
[2017.05.06-20.42.50:234][376]LogModuleManager: Shutting down and abandoning module TextureCompressor (28)
[2017.05.06-20.42.50:234][376]LogModuleManager: Shutting down and abandoning module ShaderCore (26)
[2017.05.06-20.42.50:234][376]LogModuleManager: Shutting down and abandoning module Landscape (24)
[2017.05.06-20.42.50:234][376]LogModuleManager: Shutting down and abandoning module SlateRHIRenderer (22)
[2017.05.06-20.42.50:242][376]LogModuleManager: Shutting down and abandoning module OpenGLDrv (20)
[2017.05.06-20.42.50:242][376]LogModuleManager: Shutting down and abandoning module D3D11RHI (18)
[2017.05.06-20.42.50:242][376]LogModuleManager: Shutting down and abandoning module AnimGraphRuntime (16)
[2017.05.06-20.42.50:242][376]LogModuleManager: Shutting down and abandoning module Renderer (14)
[2017.05.06-20.42.50:242][376]LogModuleManager: Shutting down and abandoning module Engine (12)
[2017.05.06-20.42.50:242][376]LogModuleManager: Shutting down and abandoning module CoreUObject (10)
[2017.05.06-20.42.50:242][376]LogModuleManager: Shutting down and abandoning module NetworkFile (8)
[2017.05.06-20.42.50:242][376]LogModuleManager: Shutting down and abandoning module StreamingFile (6)
[2017.05.06-20.42.50:242][376]LogModuleManager: Shutting down and abandoning module SandboxFile (4)
[2017.05.06-20.42.50:242][376]LogModuleManager: Shutting down and abandoning module PakFile (2)
[2017.05.06-20.42.50:248][376]LogExit: Exiting.
[2017.05.06-20.42.50:253][376]Log file closed, 05/06/17 16:42:50
