Log file open, 05/06/17 14:15:54
LogInit:Display: Running engine for game: TOJam2017
LogPlatformFile: Not using cached read wrapper
LogInit:Display: RandInit(-1161442649) SRandInit(-1161442649).
LogTaskGraph: Started task graph with 5 named threads and 8 total threads with 1 sets of task threads.
LogStats: Stats thread started at 0.070305
LogInit: Using libcurl 7.47.1
LogInit:  - built for x86_64-pc-win32
LogInit:  - supports SSL with OpenSSL/1.0.2g
LogInit:  - supports HTTP deflate (compression) using libz 1.2.8
LogInit:  - other features:
LogInit:      CURL_VERSION_SSL
LogInit:      CURL_VERSION_LIBZ
LogInit:      CURL_VERSION_IPV6
LogInit:      CURL_VERSION_ASYNCHDNS
LogInit:      CURL_VERSION_LARGEFILE
LogInit:      CURL_VERSION_IDN
LogInit:  CurlRequestOptions (configurable via config and command line):
LogInit:  - bVerifyPeer = false  - Libcurl will NOT verify peer certificate
LogInit:  - bUseHttpProxy = false  - Libcurl will NOT use HTTP proxy
LogInit:  - bDontReuseConnections = false  - Libcurl will reuse connections
LogInit:  - CertBundlePath = nullptr  - Libcurl will use whatever was configured at build time.
LogInit: Build: ++UE4+Release-4.15-CL-3416026
LogInit: Engine Version: 4.15.2-3416026+++UE4+Release-4.15
LogInit: Compatible Engine Version: 4.15.0-3299760+++UE4+Release-4.15
LogInit: Net CL: 3299760
LogDevObjectVersion: Number of dev versions registered: 14
LogDevObjectVersion:   Dev-Blueprints (B0D832E4-1F89-4F0D-ACCF-7EB736FD4AA2): 8
LogDevObjectVersion:   Dev-Build (E1C64328-A22C-4D53-A36C-8E866417BD8C): 0
LogDevObjectVersion:   Dev-Core (375EC13C-06E4-48FB-B500-84F0262A717E): 2
LogDevObjectVersion:   Dev-Editor (E4B068ED-F494-42E9-A231-DA0B2E46BB41): 14
LogDevObjectVersion:   Dev-Framework (CFFC743F-43B0-4480-9391-14DF171D2073): 22
LogDevObjectVersion:   Dev-Mobile (B02B49B5-BB20-44E9-A304-32B752E40360): 0
LogDevObjectVersion:   Dev-Networking (A4E4105C-59A1-49B5-A7C5-40C4547EDFEE): 0
LogDevObjectVersion:   Dev-Online (39C831C9-5AE6-47DC-9A44-9C173E1C8E7C): 0
LogDevObjectVersion:   Dev-Physics (78F01B33-EBEA-4F98-B9B4-84EACCB95AA2): 0
LogDevObjectVersion:   Dev-Platform (6631380F-2D4D-43E0-8009-CF276956A95A): 0
LogDevObjectVersion:   Dev-Rendering (12F88B9F-8875-4AFC-A67C-D90C383ABD29): 12
LogDevObjectVersion:   Dev-Sequencer (7B5AE74C-D270-4C10-A958-57980B212A5A): 3
LogDevObjectVersion:   Dev-VR (D7296918-1DD6-4BDD-9DE2-64A83CC13884): 0
LogDevObjectVersion:   Dev-LoadTimes (C2A15278-BFE7-4AFE-6C17-90FF531DF755): 1
LogInit: Compiled (64-bit): May  1 2017 13:11:28
LogInit: Compiled with Visual C++: 19.00.23026.00
LogInit: Build Configuration: Development
LogInit: Branch Name: ++UE4+Release-4.15
LogInit: Command line:  
LogInit: Base directory: d:/Program Files/Epic Games/UE_4.15/Engine/Binaries/Win64/
LogInit: Installed Engine Build: 1
LogInit: Presizing for max 8388607 objects, including 0 objects not considered by GC, pre-allocating 0 bytes for permanent pool.
LogInit: Object subsystem initialized
[2017.05.06-18.15.55:826][  0]LogInit: Selected Device Profile: [Windows]
[2017.05.06-18.15.55:826][  0]LogInit: Applying CVar settings loaded from the selected device profile: [Windows]
[2017.05.06-18.15.55:837][  0]LogInit: Computer: DESKTOP-QN8JF5I
[2017.05.06-18.15.55:837][  0]LogInit: User: khizer
[2017.05.06-18.15.55:837][  0]LogInit: CPU Page size=65536, Cores=4
[2017.05.06-18.15.55:837][  0]LogInit: High frequency timer resolution =2.143471 MHz
[2017.05.06-18.15.55:837][  0]LogMemory: Memory total: Physical=7.7GB (8GB approx)
[2017.05.06-18.15.55:837][  0]LogMemory: Platform Memory Stats for Windows
[2017.05.06-18.15.55:837][  0]LogMemory: Process Physical Memory: 263.61 MB used, 263.61 MB peak
[2017.05.06-18.15.55:837][  0]LogMemory: Process Virtual Memory: 262.71 MB used, 262.71 MB peak
[2017.05.06-18.15.55:837][  0]LogMemory: Physical Memory: 3673.11 MB used,  4175.25 MB free, 7848.36 MB total
[2017.05.06-18.15.55:837][  0]LogMemory: Virtual Memory: 645.24 MB used,  4175.25 MB free, 134217728.00 MB total
[2017.05.06-18.15.56:668][  0]LogTextLocalizationManager: No specific translations for ('en-CA') exist, so ('en') translations will be used.
[2017.05.06-18.15.57:322][  0]LogD3D11RHI: D3D11 adapters:
[2017.05.06-18.15.57:343][  0]LogD3D11RHI:    0. 'NVIDIA GeForce GTX 760M' (Feature Level 11_0)
[2017.05.06-18.15.57:343][  0]LogD3D11RHI:       2020/0/3924 MB DedicatedVideo/DedicatedSystem/SharedSystem, Outputs:1, VendorId:0x10de
[2017.05.06-18.15.57:349][  0]LogD3D11RHI:    1. 'Intel(R) HD Graphics 4600' (Feature Level 11_0)
[2017.05.06-18.15.57:349][  0]LogD3D11RHI:       112/0/2048 MB DedicatedVideo/DedicatedSystem/SharedSystem, Outputs:0, VendorId:0x8086
[2017.05.06-18.15.57:351][  0]LogD3D11RHI:    2. 'Microsoft Basic Render Driver' (Feature Level 11_0)
[2017.05.06-18.15.57:351][  0]LogD3D11RHI:       0/0/3924 MB DedicatedVideo/DedicatedSystem/SharedSystem, Outputs:0, VendorId:0x1414
[2017.05.06-18.15.57:351][  0]LogD3D11RHI: Chosen D3D11 Adapter: 0
[2017.05.06-18.15.57:355][  0]LogD3D11RHI: Creating new Direct3DDevice
[2017.05.06-18.15.57:355][  0]LogD3D11RHI:     GPU DeviceId: 0x11e3 (for the marketing name, search the web for "GPU Device Id")
[2017.05.06-18.15.57:355][  0]LogWindows: EnumDisplayDevices:
[2017.05.06-18.15.57:355][  0]LogWindows:    0. 'Intel(R) HD Graphics 4600' (P:1 D:1)
[2017.05.06-18.15.57:355][  0]LogWindows:    1. 'Intel(R) HD Graphics 4600' (P:0 D:0)
[2017.05.06-18.15.57:355][  0]LogWindows:    2. 'Intel(R) HD Graphics 4600' (P:0 D:0)
[2017.05.06-18.15.57:355][  0]LogWindows: DebugString: PrimaryIsNotTheChoosenAdapter PrimaryIsNotTheChoosenAdapter PrimaryIsNotTheChoosenAdapter FoundDriverCount:0 
[2017.05.06-18.15.57:355][  0]LogD3D11RHI:     Adapter Name: NVIDIA GeForce GTX 760M
[2017.05.06-18.15.57:355][  0]LogD3D11RHI:   Driver Version: Unknown (internal:Unknown, unified:Unknown)
[2017.05.06-18.15.57:355][  0]LogD3D11RHI:      Driver Date: Unknown
[2017.05.06-18.15.57:355][  0]LogRHI: Texture pool is 1361 MB (70% of 1945 MB)
[2017.05.06-18.15.57:366][  0]LogD3D11RHI:Warning: Timestamp queries are currently disabled on this hardware due to instability. Realtime GPU stats will not be available. You can override this behaviour by setting r.NVIDIATimestampWorkaround to 0
[2017.05.06-18.15.57:368][  0]LogD3D11RHI: [Aftermath] Aftermath enabled but failed to initialize due to reason: NvApiIncompatible
[2017.05.06-18.15.57:368][  0]LogD3D11RHI: Async texture creation enabled
[2017.05.06-18.15.57:379][  0]LogD3D11RHI: GPU Timing Frequency: 1000.000000 (Debug: 2 1)
[2017.05.06-18.15.57:380][  0]LogShaderCompilers: Guid format shader working directory is 9 characters bigger than the processId version (../../../../../../ToJamProject/TOJAM17/Intermediate/Shaders/WorkingDirectory/6552/).
[2017.05.06-18.15.57:380][  0]LogShaderCompilers: Cleaned the shader compiler working directory 'C:/Users/khizer/AppData/Local/Temp/UnrealShaderWorkingDir/F05E40A14AF98CE4B763E4A5F31192A7/'.
[2017.05.06-18.15.57:380][  0]LogShaderCompilers:Display: Using Local Shader Compiler.
[2017.05.06-18.15.58:495][  0]LogTemp:Display: Loaded TP AllDesktopTargetPlatform
[2017.05.06-18.15.58:538][  0]LogTemp:Display: Loaded TP MacClientTargetPlatform
[2017.05.06-18.15.58:581][  0]LogTemp:Display: Loaded TP MacNoEditorTargetPlatform
[2017.05.06-18.15.58:627][  0]LogTemp:Display: Loaded TP MacServerTargetPlatform
[2017.05.06-18.15.58:671][  0]LogTemp:Display: Loaded TP MacTargetPlatform
[2017.05.06-18.15.58:714][  0]LogTemp:Display: Loaded TP WindowsClientTargetPlatform
[2017.05.06-18.15.58:758][  0]LogTemp:Display: Loaded TP WindowsNoEditorTargetPlatform
[2017.05.06-18.15.58:800][  0]LogTemp:Display: Loaded TP WindowsServerTargetPlatform
[2017.05.06-18.15.58:833][  0]LogTemp:Display: Loaded TP WindowsTargetPlatform
[2017.05.06-18.15.58:875][  0]LogTemp:Display: Loaded TP AndroidTargetPlatform
[2017.05.06-18.15.58:917][  0]LogTemp:Display: Loaded TP Android_ASTCTargetPlatform
[2017.05.06-18.15.58:961][  0]LogTemp:Display: Loaded TP Android_ATCTargetPlatform
[2017.05.06-18.15.59:005][  0]LogTemp:Display: Loaded TP Android_DXTTargetPlatform
[2017.05.06-18.15.59:054][  0]LogTemp:Display: Loaded TP Android_ETC1TargetPlatform
[2017.05.06-18.15.59:104][  0]LogTemp:Display: Loaded TP Android_ETC2TargetPlatform
[2017.05.06-18.15.59:197][  0]LogTemp:Display: Loaded TP Android_MultiTargetPlatform
[2017.05.06-18.15.59:197][  0]LogTemp:Display: Loaded TP Android_PVRTCTargetPlatform
[2017.05.06-18.15.59:226][  0]LogTemp:Display: Loaded TP HTML5TargetPlatform
[2017.05.06-18.15.59:310][  0]LogTemp:Display: Loaded TP IOSTargetPlatform
[2017.05.06-18.15.59:361][  0]LogTemp:Display: Loaded TP TVOSTargetPlatform
[2017.05.06-18.15.59:405][  0]LogTemp:Display: Loaded TP LinuxClientTargetPlatform
[2017.05.06-18.15.59:449][  0]LogTemp:Display: Loaded TP LinuxNoEditorTargetPlatform
[2017.05.06-18.15.59:493][  0]LogTemp:Display: Loaded TP LinuxServerTargetPlatform
[2017.05.06-18.15.59:535][  0]LogTemp:Display: Loaded TP LinuxTargetPlatform
[2017.05.06-18.15.59:536][  0]LogTargetPlatformManager:Display: Building Assets For Windows
[2017.05.06-18.15.59:867][  0]LogDerivedDataCache:Display: Max Cache Size: 512 MB
[2017.05.06-18.15.59:925][  0]LogDerivedDataCache: Loaded boot cache 0.06s 50MB C:/Users/khizer/AppData/Local/UnrealEngine/4.15/DerivedDataCache/Boot.ddc.
[2017.05.06-18.15.59:925][  0]LogDerivedDataCache:Display: Loaded Boot cache: C:/Users/khizer/AppData/Local/UnrealEngine/4.15/DerivedDataCache/Boot.ddc
[2017.05.06-18.15.59:925][  0]LogDerivedDataCache: FDerivedDataBackendGraph:  Pak pak cache file ../../../../../../ToJamProject/TOJAM17/DerivedDataCache/DDC.ddp not found, will not use a pak cache.
[2017.05.06-18.15.59:925][  0]LogDerivedDataCache: Unable to find inner node Pak for hierarchical cache Hierarchy.
[2017.05.06-18.15.59:925][  0]LogDerivedDataCache: FDerivedDataBackendGraph:  CompressedPak pak cache file ../../../../../../ToJamProject/TOJAM17/DerivedDataCache/Compressed.ddp not found, will not use a pak cache.
[2017.05.06-18.15.59:925][  0]LogDerivedDataCache: Unable to find inner node CompressedPak for hierarchical cache Hierarchy.
[2017.05.06-18.15.59:946][  0]LogDerivedDataCache:Display: Pak cache opened for reading ../../../Engine/DerivedDataCache/Compressed.ddp.
[2017.05.06-18.15.59:958][  0]LogDerivedDataCache: Using Local data cache path C:/Users/khizer/AppData/Local/UnrealEngine/Common/DerivedDataCache: Writable
[2017.05.06-18.15.59:968][  0]LogSlate: Using Freetype 2.6.0
[2017.05.06-18.15.59:969][  0]LogSlate: SlateFontCache - WITH_FREETYPE: 1, WITH_HARFBUZZ: 1
[2017.05.06-18.15.59:969][  0]LogSlate: SlateFontCache - WITH_FREETYPE: 1, WITH_HARFBUZZ: 1
[2017.05.06-18.16.00:226][  0]LogInit: Selected Device Profile: [Windows]
[2017.05.06-18.16.00:229][  0]LogContentStreaming: Texture pool size is 0.00 MB
[2017.05.06-18.16.00:444][  0]LogMeshUtilities: Using QuadricMeshReduction for automatic static mesh reduction
[2017.05.06-18.16.00:483][  0]LogSimplygon: Simplygon DLL not present - disabling.
[2017.05.06-18.16.00:518][  0]LogMeshUtilities: Using SimplygonSwarm for distributed automatic mesh merging
[2017.05.06-18.16.00:518][  0]LogMeshUtilities: No automatic skeletal mesh reduction module available
[2017.05.06-18.16.00:518][  0]LogMeshUtilities: No automatic mesh merging module available
[2017.05.06-18.16.01:022][  0]LogNetVersion: GetLocalNetworkVersion: CL: 3299760, ProjectName: tojam2017, ProjectVersion: , EngineNetworkVersion: 2, GameNetworkVersion: 0, NetworkChecksum: 4065219163
[2017.05.06-18.16.01:063][  0]LogAssetRegistry: FAssetRegistry took 0.0218 seconds to start up
[2017.05.06-18.16.01:098][  0]LogPackageLocalizationCache: Processed 3 localized package path(s) for 2 prioritized culture(s) in 0.019688 seconds
[2017.05.06-18.16.01:103][  0]LogUObjectArray: 32493 objects as part of root set at end of initial load.
[2017.05.06-18.16.01:103][  0]LogUObjectAllocator: 7077032 out of 0 bytes used by permanent object pool.
[2017.05.06-18.16.01:103][  0]LogUObjectArray: CloseDisregardForGC: 0/0 objects in disregard for GC pool
[2017.05.06-18.16.01:148][  0]LogInit: WinSock: version 1.1 (2.2), MaxSocks=32767, MaxUdp=65467
[2017.05.06-18.16.02:475][  0]LogTcpMessaging: Initializing TcpMessaging bridge
[2017.05.06-18.16.02:509][  0]LogUdpMessaging: Initializing bridge on interface 0.0.0.0:0 to multicast group 230.0.0.1:6666.
[2017.05.06-18.16.02:872][  0]LogMaterial: Uniform references updated for custom material expression Custom.
[2017.05.06-18.16.03:191][  0]SourceControl: Info Source control is disabled
[2017.05.06-18.16.04:511][  0]LogEngine: Initializing Engine...
[2017.05.06-18.16.04:511][  0]LogHMD: Failed to initialize OpenVR with code 110
[2017.05.06-18.16.04:630][  0]LogStats: UGameplayTagsManager::ConstructGameplayTagTree: Construct from data asset -  0.000 s
[2017.05.06-18.16.04:630][  0]LogStats: UGameplayTagsManager::ConstructGameplayTagTree: GameplayTagTreeChangedEvent.Broadcast -  0.000 s
[2017.05.06-18.16.04:715][  0]LogAIModule: Creating AISystem for world Untitled
[2017.05.06-18.16.04:720][  0]LogInit: XAudio2 using 'Speakers (Realtek High Definition Audio)' : 2 channels at 48 kHz using 32 bits per sample (channel mask 0x3)
[2017.05.06-18.16.04:744][  0]LogInit: FAudioDevice initialized.
[2017.05.06-18.16.04:768][  0]LogDerivedDataCache: Saved boot cache 0.02s 50MB C:/Users/khizer/AppData/Local/UnrealEngine/4.15/DerivedDataCache/Boot.ddc.
[2017.05.06-18.16.04:777][  0]LogInit: Texture streaming: Enabled
[2017.05.06-18.16.04:844][  0]LogEngineSessionManager: EngineSessionManager initialized
[2017.05.06-18.16.04:907][  0]LogInit: Transaction tracking system initialized
[2017.05.06-18.16.05:147][  0]BlueprintLog: New page: Editor Load
[2017.05.06-18.16.05:778][  0]LocalizationService: Info Localization service is disabled
[2017.05.06-18.16.06:533][  0]LogConsoleResponse:Display: 
[2017.05.06-18.16.06:652][  0]LogCook:Display: Max memory allowance for cook 16384mb min free memory 0mb
[2017.05.06-18.16.06:652][  0]LogCook:Display: Mobile HDR setting 1
[2017.05.06-18.16.07:340][  0]LogFileCache: Scanning file cache for directory 'd:/ToJamProject/TOJAM17/Content/' took 0.01s
[2017.05.06-18.16.07:491][  0]Cmd: MAP LOAD FILE="../../../../../../ToJamProject/TOJAM17/Content/Maps/LevelOne.umap" TEMPLATE=0 SHOWPROGRESS=1 FEATURELEVEL=3
[2017.05.06-18.16.07:508][  0]LogSlate: Took 0.000316 seconds to synchronously load lazily loaded font '../../../Engine/Content/Slate/Fonts/Roboto-Regular.ttf' (155K)
[2017.05.06-18.16.10:659][  0]LogWindowsTextInputMethodSystem:Display: IME system now deactivated.
[2017.05.06-18.16.10:664][  0]LightingResults: New page: Lighting Build
[2017.05.06-18.16.10:703][  0]MapCheck: New page: Map Check
[2017.05.06-18.16.10:703][  0]LightingResults: New page: Lighting Build
[2017.05.06-18.16.10:715][  0]LogAIModule: Creating AISystem for world Untitled
[2017.05.06-18.16.10:717][  0]LoadErrors: New page: New Map
[2017.05.06-18.16.10:785][  0]LogWindowsTextInputMethodSystem:Display: IME system now deactivated.
[2017.05.06-18.16.10:934][  0]LogCollectionManager: Loaded 0 collections in 0.000904 seconds
[2017.05.06-18.16.11:021][  0]LogFileCache: Scanning file cache for directory 'd:/ToJamProject/TOJAM17/Saved/Collections/' took 0.01s
[2017.05.06-18.16.11:022][  0]LogFileCache: Scanning file cache for directory 'd:/ToJamProject/TOJAM17/Content/Developers/khizer/Collections/' took 0.01s
[2017.05.06-18.16.11:022][  0]LogFileCache: Scanning file cache for directory 'd:/ToJamProject/TOJAM17/Content/Collections/' took 0.01s
[2017.05.06-18.16.11:022][  0]LogCollectionManager: Rebuilt the GUID cache for 0 collections in 0.000003 seconds
[2017.05.06-18.16.11:035][  0]LogContentBrowser: Native class hierarchy populated in 0.0134 seconds. Added 2245 classes and 453 folders.
[2017.05.06-18.16.11:089][  0]LogContentBrowser: Native class hierarchy updated for 'WidgetCarousel' in 0.0005 seconds. Added 0 classes and 0 folders.
[2017.05.06-18.16.11:123][  0]LogContentBrowser: Native class hierarchy updated for 'AddContentDialog' in 0.0006 seconds. Added 0 classes and 0 folders.
[2017.05.06-18.16.11:155][  0]LogContentBrowser: Native class hierarchy updated for 'SceneOutliner' in 0.0005 seconds. Added 1 classes and 2 folders.
[2017.05.06-18.16.11:243][  0]LogCrashTracker: Crashtracker disabled due to settings.
[2017.05.06-18.16.11:250][  0]LogUObjectGlobals:Warning: Failed to find object 'Class None.'
[2017.05.06-18.16.11:310][  0]LogContentBrowser: Native class hierarchy updated for 'HierarchicalLODOutliner' in 0.0006 seconds. Added 1 classes and 2 folders.
[2017.05.06-18.16.11:310][  0]LogLoad: (Engine Initialization) Total time: 17.18 seconds
[2017.05.06-18.16.11:310][  0]LogLoad: (Engine Initialization) Total Blueprint compile time: 0.03 seconds
[2017.05.06-18.16.11:310][  0]LogExternalProfiler: Found external profiler: VSPerf
[2017.05.06-18.16.11:310][  0]LogExternalProfiler: Using external profiler: VSPerf
[2017.05.06-18.16.11:327][  0]LogOcInput: OculusInput pre-init called
[2017.05.06-18.16.11:348][  0]SourceControl: Info On branch master
[2017.05.06-18.16.11:348][  0]SourceControl: Info Your branch is up-to-date with 'origin/master'.
[2017.05.06-18.16.11:348][  0]SourceControl: Info Changes not staged for commit:
[2017.05.06-18.16.11:348][  0]SourceControl: Info   (use "git add/rm <file>..." to update what will be committed)
[2017.05.06-18.16.11:348][  0]SourceControl: Info   (use "git checkout -- <file>..." to discard changes in working directory)
[2017.05.06-18.16.11:348][  0]SourceControl: Info 	modified:   Content/Blueprints/Characters/BP_BowCharacter.uasset
[2017.05.06-18.16.11:348][  0]SourceControl: Info 	modified:   Content/Blueprints/Characters/BP_ShieldCharacter.uasset
[2017.05.06-18.16.11:348][  0]SourceControl: Info 	modified:   Content/Blueprints/Characters/BaseCharacter.uasset
[2017.05.06-18.16.11:348][  0]SourceControl: Info 	modified:   Content/Blueprints/Projectile/BP_Projectile.uasset
[2017.05.06-18.16.11:348][  0]SourceControl: Info 	modified:   Content/Maps/Level1.umap
[2017.05.06-18.16.11:348][  0]SourceControl: Info 	modified:   Intermediate/CachedAssetRegistry.bin
[2017.05.06-18.16.11:348][  0]SourceControl: Info 	modified:   Saved/AutoScreenshot.png
[2017.05.06-18.16.11:348][  0]SourceControl: Info 	modified:   Saved/Config/Windows/Editor.ini
[2017.05.06-18.16.11:348][  0]SourceControl: Info 	modified:   Saved/Config/Windows/EditorPerProjectUserSettings.ini
[2017.05.06-18.16.11:348][  0]SourceControl: Info 	modified:   Saved/Config/Windows/Engine.ini
[2017.05.06-18.16.11:348][  0]SourceControl: Info 	deleted:    Saved/Logs/TOJam2017-backup-2017.05.05-19.53.42.log
[2017.05.06-18.16.11:348][  0]SourceControl: Info 	deleted:    Saved/Logs/TOJam2017-backup-2017.05.05-20.38.37.log
[2017.05.06-18.16.11:348][  0]SourceControl: Info 	modified:   Saved/Logs/TOJam2017.log
[2017.05.06-18.16.11:348][  0]SourceControl: Info Untracked files:
[2017.05.06-18.16.11:348][  0]SourceControl: Info   (use "git add <file>..." to include in what will be committed)
[2017.05.06-18.16.11:348][  0]SourceControl: Info 	Saved/Backup/BP_BowCharacter_2017-05-06-14-05-36.uasset
[2017.05.06-18.16.11:348][  0]SourceControl: Info 	Saved/Backup/BP_BowCharacter_2017-05-06-14-12-24.uasset
[2017.05.06-18.16.11:348][  0]SourceControl: Info 	Saved/Backup/BP_Projectile_2017-05-06-13-39-12.uasset
[2017.05.06-18.16.11:348][  0]SourceControl: Info 	Saved/Backup/BP_Projectile_2017-05-06-13-44-41.uasset
[2017.05.06-18.16.11:348][  0]SourceControl: Info 	Saved/Backup/BP_Projectile_2017-05-06-13-49-47.uasset
[2017.05.06-18.16.11:348][  0]SourceControl: Info 	Saved/Backup/BP_Projectile_2017-05-06-13-55-44.uasset
[2017.05.06-18.16.11:348][  0]SourceControl: Info 	Saved/Backup/BP_Projectile_2017-05-06-14-00-56.uasset
[2017.05.06-18.16.11:348][  0]SourceControl: Info 	Saved/Backup/BP_ShieldCharacter_2017-05-06-13-40-16.uasset
[2017.05.06-18.16.11:348][  0]SourceControl: Info 	Saved/Backup/BP_ShieldCharacter_2017-05-06-13-46-53.uasset
[2017.05.06-18.16.11:348][  0]SourceControl: Info 	Saved/Backup/BP_ShieldCharacter_2017-05-06-13-59-49.uasset
[2017.05.06-18.16.11:348][  0]SourceControl: Info 	Saved/Backup/BaseCharacter_2017-05-06-14-14-17.uasset
[2017.05.06-18.16.11:348][  0]SourceControl: Info 	Saved/Backup/Level1_2017-05-06-13-42-03.umap
[2017.05.06-18.16.11:348][  0]SourceControl: Info 	Saved/Backup/Level1_2017-05-06-13-51-26.umap
[2017.05.06-18.16.11:348][  0]SourceControl: Info 	Saved/Backup/Level1_2017-05-06-13-59-49.umap
[2017.05.06-18.16.11:348][  0]SourceControl: Info 	Saved/Backup/Level1_2017-05-06-14-12-24.umap
[2017.05.06-18.16.11:348][  0]SourceControl: Info 	Saved/Logs/TOJam2017-backup-2017.05.06-13.36.55.log
[2017.05.06-18.16.11:348][  0]SourceControl: Info 	Saved/Logs/TOJam2017-backup-2017.05.06-14.15.54.log
[2017.05.06-18.16.11:348][  0]SourceControl: Info 	Saved/Logs/UE4CC-Windows-B02B07B144CCEE78A5ACB49D633BF12D/
[2017.05.06-18.16.11:348][  0]SourceControl: Info 	Saved/Logs/UE4CC-Windows-EECCEEF6407E32567DA071BCF1C54898/
[2017.05.06-18.16.11:348][  0]SourceControl: Info no changes added to commit (use "git add" and/or "git commit -a")
[2017.05.06-18.16.11:349][  0]LogContentStreaming: Texture pool size now 400 MB
[2017.05.06-18.16.11:353][  0]LogSlate: Took 0.000211 seconds to synchronously load lazily loaded font '../../../Engine/Content/Slate/Fonts/Roboto-Bold.ttf' (160K)
[2017.05.06-18.16.11:357][  0]LogSlate: Took 0.000171 seconds to synchronously load lazily loaded font '../../../Engine/Content/Editor/Slate/Fonts/FontAwesome.ttf' (139K)
[2017.05.06-18.16.11:470][  0]LogSlate: Took 0.000234 seconds to synchronously load lazily loaded font '../../../Engine/Content/Slate/Fonts/Roboto-Light.ttf' (159K)
[2017.05.06-18.16.11:521][  0]LogRenderer: Reallocating scene render targets to support 912x468 NumSamples 1 (Frame:2).
[2017.05.06-18.16.11:639][  1]LogAssetRegistry: Asset discovery search completed in 10.5976 seconds
[2017.05.06-18.16.11:639][  1]LogCollectionManager: Rebuilt the object cache for 0 collections in 0.000005 seconds (found 0 objects)
[2017.05.06-18.16.11:639][  1]LogCollectionManager: Fixed up redirectors for 0 collections in 0.000020 seconds (updated 0 objects)
[2017.05.06-18.16.15:027][193]LogLinker:Error: bIsDestroyed has an inappropriate outermost, it was probably saved with a deprecated outer (file: ../../../../../../ToJamProject/TOJAM17/Content/Blueprints/BP_GameMode.uasset)
[2017.05.06-18.16.15:033][193]LogLinker:Error: bIsDestroyed has an inappropriate outermost, it was probably saved with a deprecated outer (file: ../../../../../../ToJamProject/TOJAM17/Content/Blueprints/BP_GameMode.uasset)
[2017.05.06-18.16.15:522][193]LogSlate: Took 0.000215 seconds to synchronously load lazily loaded font '../../../Engine/Content/Slate/Fonts/Roboto-Light.ttf' (159K)
[2017.05.06-18.16.15:598][193]LogContentBrowser: Native class hierarchy updated for 'SkeletonEditor' in 0.0005 seconds. Added 1 classes and 2 folders.
[2017.05.06-18.16.15:748][193]LogActorComponent: RegisterComponentWithWorld: (/Engine/Transient.World_1:PersistentLevel.Actor_0.DebugSkelMeshComponent_0) Already registered. Aborting.
[2017.05.06-18.16.16:101][193]LogSlate: Took 0.000141 seconds to synchronously load lazily loaded font '../../../Engine/Content/Slate/Fonts/Roboto-Regular.ttf' (155K)
[2017.05.06-18.16.16:182][193]LogContentBrowser: Native class hierarchy updated for 'BlueprintGraph' in 0.0009 seconds. Added 112 classes and 0 folders.
[2017.05.06-18.16.16:557][193]LogSkeletalMesh: USkeletalMeshComponent::InitArticulated : Bodies already created (/Engine/Transient.World_1:PersistentLevel.Actor_0.DebugSkelMeshComponent_0) - call TermArticulated first.
[2017.05.06-18.16.16:676][193]LogSlate: Took 0.000246 seconds to synchronously load lazily loaded font '../../../Engine/Content/Editor/Slate/Fonts/Roboto-BoldCondensed.ttf' (158K)
[2017.05.06-18.16.23:728][595]LogAIModule: Creating AISystem for world Level1
[2017.05.06-18.16.23:773][595]Cmd: MAP LOAD FILE="../../../../../../ToJamProject/TOJAM17/Content/Maps/Level1.umap" TEMPLATE=0 SHOWPROGRESS=1 FEATURELEVEL=3
[2017.05.06-18.16.23:773][595]LightingResults: New page: Lighting Build
[2017.05.06-18.16.23:775][595]LoadErrors: New page: Loading map: Level1.umap
[2017.05.06-18.16.23:775][595]MapCheck: New page: Map Check
[2017.05.06-18.16.23:775][595]LightingResults: New page: Lighting Build
[2017.05.06-18.16.23:875][595]LogEditorServer: Finished looking for orphan Actors (0.000 secs)
[2017.05.06-18.16.23:908][595]Cmd: MAP CHECKDEP NOCLEARLOG
[2017.05.06-18.16.23:948][595]MapCheck: Info Map check complete: 0 Error(s), 0 Warning(s), took 39.554ms to complete.
[2017.05.06-18.16.23:949][595]LogFileHelpers: Loading map 'Level1' took 0.176
[2017.05.06-18.17.06:362][232]LogActorComponent: RegisterComponentWithWorld: (/Engine/Transient.World_11:PersistentLevel.Actor_1.DebugSkelMeshComponent_2) Already registered. Aborting.
[2017.05.06-18.17.06:493][232]LogSkeletalMesh: USkeletalMeshComponent::InitArticulated : Bodies already created (/Engine/Transient.World_11:PersistentLevel.Actor_1.DebugSkelMeshComponent_2) - call TermArticulated first.
[2017.05.06-18.17.10:055][423]Cmd: OBJ SAVEPACKAGE PACKAGE="/Game/Blueprints/Characters/BowGuy/BP_BowAnim2" FILE="../../../../../../ToJamProject/TOJAM17/Content/Blueprints/Characters/BowGuy/BP_BowAnim2.uasset" SILENT=true
[2017.05.06-18.17.10:121][423]LogSavePackage: Save=65.28ms
[2017.05.06-18.17.10:121][423]LogSavePackage: Moving '../../../../../../ToJamProject/TOJAM17/Saved/BP_BowAnim23526702D4E3DFD08B0EEE396B6B5DA1C.tmp' to '../../../../../../ToJamProject/TOJAM17/Content/Blueprints/Characters/BowGuy/BP_BowAnim2.uasset'
[2017.05.06-18.17.10:122][423]LogSavePackage:Display: Finished SavePackage ../../../../../../ToJamProject/TOJAM17/Content/Blueprints/Characters/BowGuy/BP_BowAnim2.uasset
[2017.05.06-18.17.10:809][451]LogActorComponent: RegisterComponentWithWorld: (/Engine/Transient.World_15:PersistentLevel.Actor_2.DebugSkelMeshComponent_4) Already registered. Aborting.
[2017.05.06-18.17.10:940][451]LogSkeletalMesh: USkeletalMeshComponent::InitArticulated : Bodies already created (/Engine/Transient.World_15:PersistentLevel.Actor_2.DebugSkelMeshComponent_4) - call TermArticulated first.
[2017.05.06-18.17.14:416][516]LogActorComponent: RegisterComponentWithWorld: (/Engine/Transient.World_18:PersistentLevel.Actor_3.DebugSkelMeshComponent_6) Already registered. Aborting.
[2017.05.06-18.17.14:564][516]LogSkeletalMesh: USkeletalMeshComponent::InitArticulated : Bodies already created (/Engine/Transient.World_18:PersistentLevel.Actor_3.DebugSkelMeshComponent_6) - call TermArticulated first.
[2017.05.06-18.17.42:021][345]LogPackageName:Error: DoesPackageExist: DoesPackageExist FAILED: 'bIsDestroyed' is not a standard unreal filename or a long path name. Reason: Path should start with a '/'
[2017.05.06-18.17.42:021][345]LogAssetTools:Warning: bIsDestroyed does not exist on disk.
[2017.05.06-18.17.42:746][345]SourceControl:Error: Error fatal: D:/ToJamProject/BackUp/Blueprints/Characters/BowGuy/BP_BowAnim.uasset: 'D:/ToJamProject/BackUp/Blueprints/Characters/BowGuy/BP_BowAnim.uasset' is outside repository
[2017.05.06-18.17.42:746][345]SourceControl:Error: Error fatal: D:/ToJamProject/BackUp/Blueprints/Characters/ShieldGuy/Props/Sword/sword_c.uasset: 'D:/ToJamProject/BackUp/Blueprints/Characters/ShieldGuy/Props/Sword/sword_c.uasset' is outside repository
[2017.05.06-18.17.42:746][345]SourceControl:Error: Error fatal: D:/ToJamProject/BackUp/Blueprints/Characters/BowGuy/BP_BowAnim.uasset: 'D:/ToJamProject/BackUp/Blueprints/Characters/BowGuy/BP_BowAnim.uasset' is outside repository
[2017.05.06-18.17.42:746][345]SourceControl:Error: Error fatal: D:/ToJamProject/BackUp/Blueprints/Characters/BowGuy/Animations/Shooting.uasset: 'D:/ToJamProject/BackUp/Blueprints/Characters/BowGuy/Animations/Shooting.uasset' is outside repository
[2017.05.06-18.17.42:746][345]SourceControl:Error: Error fatal: D:/ToJamProject/BackUp/Blueprints/Characters/BowGuy/Props/Bow/Bow00_mesh.uasset: 'D:/ToJamProject/BackUp/Blueprints/Characters/BowGuy/Props/Bow/Bow00_mesh.uasset' is outside repository
[2017.05.06-18.17.42:746][345]SourceControl:Error: Error fatal: D:/ToJamProject/BackUp/Blueprints/Characters/BowGuy/Props/Arrow/Arrow00_mesh.uasset: 'D:/ToJamProject/BackUp/Blueprints/Characters/BowGuy/Props/Arrow/Arrow00_mesh.uasset' is outside repository
[2017.05.06-18.17.42:746][345]SourceControl:Error: Error fatal: D:/ToJamProject/BackUp/Blueprints/Characters/BowGuy/Props/Quiver/Quiver.uasset: 'D:/ToJamProject/BackUp/Blueprints/Characters/BowGuy/Props/Quiver/Quiver.uasset' is outside repository
[2017.05.06-18.17.42:746][345]SourceControl:Error: Error fatal: D:/ToJamProject/BackUp/Blueprints/Characters/BaseCharacter.uasset: 'D:/ToJamProject/BackUp/Blueprints/Characters/BaseCharacter.uasset' is outside repository
[2017.05.06-18.17.42:746][345]SourceControl:Error: Error fatal: D:/ToJamProject/BackUp/Blueprints/Mirror/BP_Mirror.uasset: 'D:/ToJamProject/BackUp/Blueprints/Mirror/BP_Mirror.uasset' is outside repository
[2017.05.06-18.17.42:746][345]SourceControl:Error: Error fatal: D:/ToJamProject/BackUp/Blueprints/Characters/ShieldGuy/Paladin_J_Nordstrom.uasset: 'D:/ToJamProject/BackUp/Blueprints/Characters/ShieldGuy/Paladin_J_Nordstrom.uasset' is outside repository
[2017.05.06-18.17.42:746][345]SourceControl:Error: Error fatal: D:/ToJamProject/BackUp/Blueprints/Characters/ShieldGuy/Props/Shield/Shield00_mesh.uasset: 'D:/ToJamProject/BackUp/Blueprints/Characters/ShieldGuy/Props/Shield/Shield00_mesh.uasset' is outside repository
[2017.05.06-18.17.42:746][345]SourceControl:Error: Error fatal: D:/ToJamProject/BackUp/Blueprints/Characters/ShieldGuy/Props/Sword/Broadsword.uasset: 'D:/ToJamProject/BackUp/Blueprints/Characters/ShieldGuy/Props/Sword/Broadsword.uasset' is outside repository
[2017.05.06-18.17.42:746][345]SourceControl:Error: Error fatal: D:/ToJamProject/BackUp/Blueprints/Projectile/BP_Projectile.uasset: 'D:/ToJamProject/BackUp/Blueprints/Projectile/BP_Projectile.uasset' is outside repository
[2017.05.06-18.17.42:746][345]SourceControl:Error: Error fatal: D:/ToJamProject/BackUp/Blueprints/BP_GameMode.uasset: 'D:/ToJamProject/BackUp/Blueprints/BP_GameMode.uasset' is outside repository
[2017.05.06-18.17.42:746][345]SourceControl:Error: Error fatal: D:/ToJamProject/BackUp/Blueprints/Target/BP_Target.uasset: 'D:/ToJamProject/BackUp/Blueprints/Target/BP_Target.uasset' is outside repository
[2017.05.06-18.17.42:746][345]SourceControl:Error: Error fatal: D:/ToJamProject/BackUp/Blueprints/Target/Test/Material.uasset: 'D:/ToJamProject/BackUp/Blueprints/Target/Test/Material.uasset' is outside repository
[2017.05.06-18.17.42:746][345]SourceControl:Error: Error fatal: D:/ToJamProject/BackUp/Blueprints/UI/UI_WinLoSe.uasset: 'D:/ToJamProject/BackUp/Blueprints/UI/UI_WinLoSe.uasset' is outside repository
[2017.05.06-18.17.42:746][345]SourceControl:Error: Error fatal: D:/ToJamProject/BackUp/Blueprints/Characters/ShieldGuy/Animations/BlockMontage.uasset: 'D:/ToJamProject/BackUp/Blueprints/Characters/ShieldGuy/Animations/BlockMontage.uasset' is outside repository
[2017.05.06-18.17.42:746][345]SourceControl:Error: Error fatal: D:/ToJamProject/BackUp/Blueprints/UI/DEBUG/UI_DEBUG.uasset: 'D:/ToJamProject/BackUp/Blueprints/UI/DEBUG/UI_DEBUG.uasset' is outside repository
[2017.05.06-18.17.42:746][345]SourceControl:Error: Error fatal: D:/ToJamProject/BackUp/Sound/Bow_String_pull.uasset: 'D:/ToJamProject/BackUp/Sound/Bow_String_pull.uasset' is outside repository
[2017.05.06-18.17.42:750][345]AssetTools: New page: Copy Errors
[2017.05.06-18.17.42:750][345]AssetTools:Error: Error bIsDestroyed does not exist on disk.

[2017.05.06-18.17.42:750][345]AssetTools: New page: Source Control Errors
[2017.05.06-18.17.42:750][345]AssetTools:Error: Error D:/ToJamProject/BackUp/Blueprints/Characters/BowGuy/BP_BowAnim.uasset could not be added to source control
D:/ToJamProject/BackUp/Blueprints/Characters/BowGuy/Animations/Shooting.uasset could not be added to source control
D:/ToJamProject/BackUp/Blueprints/Characters/BowGuy/Animations/standing_aim_overdraw_Mirrored.uasset could not be added to source control
D:/ToJamProject/BackUp/Blueprints/Characters/BowGuy/Ganfaul_M_Aure_Skeleton.uasset could not be added to source control
D:/ToJamProject/BackUp/Blueprints/Characters/BowGuy/Ganfaul_M_Aure.uasset could not be added to source control
D:/ToJamProject/BackUp/Blueprints/Characters/BowGuy/Ganfaul_Body.uasset could not be added to source control
D:/ToJamProject/BackUp/Blueprints/Characters/BowGuy/Ganfaul_diffuse.uasset could not be added to source control
D:/ToJamProject/BackUp/Blueprints/Characters/BowGuy/Ganfaul_glow.uasset could not be added to source control
D:/ToJamProject/BackUp/Blueprints/Characters/BowGuy/Ganfaul_normal.uasset could not be added to source control
D:/ToJamProject/BackUp/Blueprints/Characters/BowGuy/Ganfaul_specular.uasset could not be added to source control
D:/ToJamProject/BackUp/Blueprints/Characters/BowGuy/Ganfaul_M_Aure_PhysicsAsset.uasset could not be added to source control
D:/ToJamProject/BackUp/Blueprints/Characters/BowGuy/Props/Bow/Bow00_mesh.uasset could not be added to source control
D:/ToJamProject/BackUp/Blueprints/Characters/BowGuy/Props/Bow/Bow00_mat.uasset could not be added to source control
D:/ToJamProject/BackUp/Blueprints/Characters/BowGuy/Props/Bow/Bow00_diff.uasset could not be added to source control
D:/ToJamProject/BackUp/Blueprints/Characters/BowGuy/Props/Bow/Bow00_mesh_PhysicsAsset.uasset could not be added to source control
D:/ToJamProject/BackUp/Blueprints/Characters/BowGuy/Props/Bow/Bow00_mesh_Skeleton.uasset could not be added to source control
D:/ToJamProject/BackUp/Blueprints/Characters/BowGuy/Props/Arrow/Arrow00_mesh.uasset could not be added to source control
D:/ToJamProject/BackUp/Blueprints/Characters/BowGuy/Props/Arrow/Arrow00_mat.uasset could not be added to source control
D:/ToJamProject/BackUp/Blueprints/Characters/BowGuy/Props/Arrow/Arrow00_diff.uasset could not be added to source control
D:/ToJamProject/BackUp/Blueprints/Characters/BowGuy/Props/Arrow/Arrow00_mesh_PhysicsAsset.uasset could not be added to source control
D:/ToJamProject/BackUp/Blueprints/Characters/BowGuy/Props/Arrow/Arrow00_mesh_Skeleton.uasset could not be added to source control
D:/ToJamProject/BackUp/Blueprints/Characters/BowGuy/Props/Quiver/Quiver.uasset could not be added to source control
D:/ToJamProject/BackUp/Blueprints/Characters/BowGuy/Props/Quiver/07_-_Default.uasset could not be added to source control
D:/ToJamProject/BackUp/Blueprints/Characters/BowGuy/Props/Quiver/Weapons.uasset could not be added to source control
D:/ToJamProject/BackUp/Blueprints/Characters/BowGuy/Props/Quiver/Quiver_PhysicsAsset.uasset could not be added to source control
D:/ToJamProject/BackUp/Blueprints/Characters/BowGuy/Props/Quiver/Quiver_Skeleton.uasset could not be added to source control
D:/ToJamProject/BackUp/Blueprints/Characters/BowGuy/Animations/standing_draw_arrow_Mirrored.uasset could not be added to source control
D:/ToJamProject/BackUp/Blueprints/Characters/BowGuy/Animations/sword_and_shield_jump_inPlace.uasset could not be added to source control
D:/ToJamProject/BackUp/Blueprints/Characters/BowGuy/Animations/Idle_Run.uasset could not be added to source control
D:/ToJamProject/BackUp/Blueprints/Characters/BowGuy/Animations/standing_idle_01_Mirrored.uasset could not be added to source control
D:/ToJamProject/BackUp/Blueprints/Characters/BowGuy/Animations/standing_run_forward_inPlace_Mirrored.uasset could not be added to source control
D:/ToJamProject/BackUp/Blueprints/Characters/BowGuy/Animations/standing_walk_back_inPlace_Mirrored.uasset could not be added to source control
D:/ToJamProject/BackUp/Blueprints/Characters/BowGuy/Animations/standing_walk_forward_inPlace_Mirrored.uasset could not be added to source control
D:/ToJamProject/BackUp/Blueprints/Characters/BaseCharacter.uasset could not be added to source control
D:/ToJamProject/BackUp/Blueprints/Mirror/BP_Mirror.uasset could not be added to source control
D:/ToJamProject/BackUp/Blueprints/Mirror/BP_MirrorEnum.uasset could not be added to source control
D:/ToJamProject/BackUp/Blueprints/Characters/ShieldGuy/Paladin_J_Nordstrom.uasset could not be added to source control
D:/ToJamProject/BackUp/Blueprints/Characters/ShieldGuy/Paladin_MAT.uasset could not be added to source control
D:/ToJamProject/BackUp/Blueprints/Characters/ShieldGuy/Paladin_diffuse.uasset could not be added to source control
D:/ToJamProject/BackUp/Blueprints/Characters/ShieldGuy/Paladin_normal.uasset could not be added to source control
D:/ToJamProject/BackUp/Blueprints/Characters/ShieldGuy/Paladin_specular.uasset could not be added to source control
D:/ToJamProject/BackUp/Blueprints/Characters/ShieldGuy/Paladin_J_Nordstrom_PhysicsAsset.uasset could not be added to source control
D:/ToJamProject/BackUp/Blueprints/Characters/ShieldGuy/Paladin_J_Nordstrom_Skeleton.uasset could not be added to source control
D:/ToJamProject/BackUp/Blueprints/Characters/ShieldGuy/Props/Shield/Shield00_mesh.uasset could not be added to source control
D:/ToJamProject/BackUp/Blueprints/Characters/ShieldGuy/Props/Shield/Shield00_mat.uasset could not be added to source control
D:/ToJamProject/BackUp/Blueprints/Characters/ShieldGuy/Props/Shield/Shield00_diff.uasset could not be added to source control
D:/ToJamProject/BackUp/Blueprints/Characters/ShieldGuy/Props/Shield/Shield00_mesh_PhysicsAsset.uasset could not be added to source control
D:/ToJamProject/BackUp/Blueprints/Characters/ShieldGuy/Props/Shield/Shield00_mesh_Skeleton.uasset could not be added to source control
D:/ToJamProject/BackUp/Blueprints/Characters/ShieldGuy/Props/Sword/Broadsword.uasset could not be added to source control
D:/ToJamProject/BackUp/Blueprints/Characters/ShieldGuy/Props/Sword/01_-_Default.uasset could not be added to source control
D:/ToJamProject/BackUp/Blueprints/Characters/ShieldGuy/Props/Sword/sword_c.uasset could not be added to source control
D:/ToJamProject/BackUp/Blueprints/Characters/ShieldGuy/Props/Sword/Broadsword_PhysicsAsset.uasset could not be added to source control
D:/ToJamProject/BackUp/Blueprints/Characters/ShieldGuy/Props/Sword/Broadsword_Skeleton.uasset could not be added to source control
D:/ToJamProject/BackUp/Blueprints/Characters/BP_BowCharacter.uasset could not be added to source control
D:/ToJamProject/BackUp/Blueprints/Projectile/BP_Projectile.uasset could not be added to source control
D:/ToJamProject/BackUp/Blueprints/BP_GameMode.uasset could not be added to source control
D:/ToJamProject/BackUp/Blueprints/Target/BP_Target.uasset could not be added to source control
D:/ToJamProject/BackUp/Blueprints/Target/Test/Material.uasset could not be added to source control
D:/ToJamProject/BackUp/Blueprints/Target/Test/Rock.uasset could not be added to source control
D:/ToJamProject/BackUp/Blueprints/Target/Test/Rune.uasset could not be added to source control
D:/ToJamProject/BackUp/Blueprints/Target/Test/StoneRune.uasset could not be added to source control
D:/ToJamProject/BackUp/Blueprints/Target/Test/Rock_Rock.uasset could not be added to source control
D:/ToJamProject/BackUp/Blueprints/Target/Test/Rock_Rune.uasset could not be added to source control
D:/ToJamProject/BackUp/Blueprints/UI/UI_WinLoSe.uasset could not be added to source control
D:/ToJamProject/BackUp/Blueprints/Characters/BP_ShieldCharacter.uasset could not be added to source control
D:/ToJamProject/BackUp/Blueprints/Characters/ShieldGuy/BP_ShieldAnim.uasset could not be added to source control
D:/ToJamProject/BackUp/Blueprints/Characters/ShieldGuy/Animations/BlockMontage.uasset could not be added to source control
D:/ToJamProject/BackUp/Blueprints/Characters/ShieldGuy/Animations/sword_and_shield_block_idle.uasset could not be added to source control
D:/ToJamProject/BackUp/Blueprints/Characters/ShieldGuy/Animations/sword_and_shield_idle_3.uasset could not be added to source control
D:/ToJamProject/BackUp/Blueprints/Characters/ShieldGuy/Animations/sword_and_shield_jump.uasset could not be added to source control
D:/ToJamProject/BackUp/Blueprints/Characters/ShieldGuy/Animations/sword_and_shield_jump_inPlace.uasset could not be added to source control
D:/ToJamProject/BackUp/Blueprints/Characters/ShieldGuy/Animations/animWalkShieldGuy.uasset could not be added to source control
D:/ToJamProject/BackUp/Blueprints/Characters/ShieldGuy/Animations/sword_and_shield_run_inPlace.uasset could not be added to source control
D:/ToJamProject/BackUp/Blueprints/Characters/ShieldGuy/Animations/sword_and_shield_walk_inPlace.uasset could not be added to source control
D:/ToJamProject/BackUp/Blueprints/Characters/ShieldGuy/Animations/sword_and_shield_walk_inPlace_1.uasset could not be added to source control
D:/ToJamProject/BackUp/Blueprints/UI/DEBUG/UI_DEBUG.uasset could not be added to source control
D:/ToJamProject/BackUp/Sound/Bow_String_pull.uasset could not be added to source control

[2017.05.06-18.17.42:750][345]AssetTools: New page: Copied Successfully
[2017.05.06-18.17.42:750][345]AssetTools: Info D:/ToJamProject/BackUp/Blueprints/Characters/BowGuy/BP_BowAnim.uasset could not be added to source control
D:/ToJamProject/BackUp/Blueprints/Characters/BowGuy/Animations/Shooting.uasset could not be added to source control
D:/ToJamProject/BackUp/Blueprints/Characters/BowGuy/Animations/standing_aim_overdraw_Mirrored.uasset could not be added to source control
D:/ToJamProject/BackUp/Blueprints/Characters/BowGuy/Ganfaul_M_Aure_Skeleton.uasset could not be added to source control
D:/ToJamProject/BackUp/Blueprints/Characters/BowGuy/Ganfaul_M_Aure.uasset could not be added to source control
D:/ToJamProject/BackUp/Blueprints/Characters/BowGuy/Ganfaul_Body.uasset could not be added to source control
D:/ToJamProject/BackUp/Blueprints/Characters/BowGuy/Ganfaul_diffuse.uasset could not be added to source control
D:/ToJamProject/BackUp/Blueprints/Characters/BowGuy/Ganfaul_glow.uasset could not be added to source control
D:/ToJamProject/BackUp/Blueprints/Characters/BowGuy/Ganfaul_normal.uasset could not be added to source control
D:/ToJamProject/BackUp/Blueprints/Characters/BowGuy/Ganfaul_specular.uasset could not be added to source control
D:/ToJamProject/BackUp/Blueprints/Characters/BowGuy/Ganfaul_M_Aure_PhysicsAsset.uasset could not be added to source control
D:/ToJamProject/BackUp/Blueprints/Characters/BowGuy/Props/Bow/Bow00_mesh.uasset could not be added to source control
D:/ToJamProject/BackUp/Blueprints/Characters/BowGuy/Props/Bow/Bow00_mat.uasset could not be added to source control
D:/ToJamProject/BackUp/Blueprints/Characters/BowGuy/Props/Bow/Bow00_diff.uasset could not be added to source control
D:/ToJamProject/BackUp/Blueprints/Characters/BowGuy/Props/Bow/Bow00_mesh_PhysicsAsset.uasset could not be added to source control
D:/ToJamProject/BackUp/Blueprints/Characters/BowGuy/Props/Bow/Bow00_mesh_Skeleton.uasset could not be added to source control
D:/ToJamProject/BackUp/Blueprints/Characters/BowGuy/Props/Arrow/Arrow00_mesh.uasset could not be added to source control
D:/ToJamProject/BackUp/Blueprints/Characters/BowGuy/Props/Arrow/Arrow00_mat.uasset could not be added to source control
D:/ToJamProject/BackUp/Blueprints/Characters/BowGuy/Props/Arrow/Arrow00_diff.uasset could not be added to source control
D:/ToJamProject/BackUp/Blueprints/Characters/BowGuy/Props/Arrow/Arrow00_mesh_PhysicsAsset.uasset could not be added to source control
D:/ToJamProject/BackUp/Blueprints/Characters/BowGuy/Props/Arrow/Arrow00_mesh_Skeleton.uasset could not be added to source control
D:/ToJamProject/BackUp/Blueprints/Characters/BowGuy/Props/Quiver/Quiver.uasset could not be added to source control
D:/ToJamProject/BackUp/Blueprints/Characters/BowGuy/Props/Quiver/07_-_Default.uasset could not be added to source control
D:/ToJamProject/BackUp/Blueprints/Characters/BowGuy/Props/Quiver/Weapons.uasset could not be added to source control
D:/ToJamProject/BackUp/Blueprints/Characters/BowGuy/Props/Quiver/Quiver_PhysicsAsset.uasset could not be added to source control
D:/ToJamProject/BackUp/Blueprints/Characters/BowGuy/Props/Quiver/Quiver_Skeleton.uasset could not be added to source control
D:/ToJamProject/BackUp/Blueprints/Characters/BowGuy/Animations/standing_draw_arrow_Mirrored.uasset could not be added to source control
D:/ToJamProject/BackUp/Blueprints/Characters/BowGuy/Animations/sword_and_shield_jump_inPlace.uasset could not be added to source control
D:/ToJamProject/BackUp/Blueprints/Characters/BowGuy/Animations/Idle_Run.uasset could not be added to source control
D:/ToJamProject/BackUp/Blueprints/Characters/BowGuy/Animations/standing_idle_01_Mirrored.uasset could not be added to source control
D:/ToJamProject/BackUp/Blueprints/Characters/BowGuy/Animations/standing_run_forward_inPlace_Mirrored.uasset could not be added to source control
D:/ToJamProject/BackUp/Blueprints/Characters/BowGuy/Animations/standing_walk_back_inPlace_Mirrored.uasset could not be added to source control
D:/ToJamProject/BackUp/Blueprints/Characters/BowGuy/Animations/standing_walk_forward_inPlace_Mirrored.uasset could not be added to source control
D:/ToJamProject/BackUp/Blueprints/Characters/BaseCharacter.uasset could not be added to source control
D:/ToJamProject/BackUp/Blueprints/Mirror/BP_Mirror.uasset could not be added to source control
D:/ToJamProject/BackUp/Blueprints/Mirror/BP_MirrorEnum.uasset could not be added to source control
D:/ToJamProject/BackUp/Blueprints/Characters/ShieldGuy/Paladin_J_Nordstrom.uasset could not be added to source control
D:/ToJamProject/BackUp/Blueprints/Characters/ShieldGuy/Paladin_MAT.uasset could not be added to source control
D:/ToJamProject/BackUp/Blueprints/Characters/ShieldGuy/Paladin_diffuse.uasset could not be added to source control
D:/ToJamProject/BackUp/Blueprints/Characters/ShieldGuy/Paladin_normal.uasset could not be added to source control
D:/ToJamProject/BackUp/Blueprints/Characters/ShieldGuy/Paladin_specular.uasset could not be added to source control
D:/ToJamProject/BackUp/Blueprints/Characters/ShieldGuy/Paladin_J_Nordstrom_PhysicsAsset.uasset could not be added to source control
D:/ToJamProject/BackUp/Blueprints/Characters/ShieldGuy/Paladin_J_Nordstrom_Skeleton.uasset could not be added to source control
D:/ToJamProject/BackUp/Blueprints/Characters/ShieldGuy/Props/Shield/Shield00_mesh.uasset could not be added to source control
D:/ToJamProject/BackUp/Blueprints/Characters/ShieldGuy/Props/Shield/Shield00_mat.uasset could not be added to source control
D:/ToJamProject/BackUp/Blueprints/Characters/ShieldGuy/Props/Shield/Shield00_diff.uasset could not be added to source control
D:/ToJamProject/BackUp/Blueprints/Characters/ShieldGuy/Props/Shield/Shield00_mesh_PhysicsAsset.uasset could not be added to source control
D:/ToJamProject/BackUp/Blueprints/Characters/ShieldGuy/Props/Shield/Shield00_mesh_Skeleton.uasset could not be added to source control
D:/ToJamProject/BackUp/Blueprints/Characters/ShieldGuy/Props/Sword/Broadsword.uasset could not be added to source control
D:/ToJamProject/BackUp/Blueprints/Characters/ShieldGuy/Props/Sword/01_-_Default.uasset could not be added to source control
D:/ToJamProject/BackUp/Blueprints/Characters/ShieldGuy/Props/Sword/sword_c.uasset could not be added to source control
D:/ToJamProject/BackUp/Blueprints/Characters/ShieldGuy/Props/Sword/Broadsword_PhysicsAsset.uasset could not be added to source control
D:/ToJamProject/BackUp/Blueprints/Characters/ShieldGuy/Props/Sword/Broadsword_Skeleton.uasset could not be added to source control
D:/ToJamProject/BackUp/Blueprints/Characters/BP_BowCharacter.uasset could not be added to source control
D:/ToJamProject/BackUp/Blueprints/Projectile/BP_Projectile.uasset could not be added to source control
D:/ToJamProject/BackUp/Blueprints/BP_GameMode.uasset could not be added to source control
D:/ToJamProject/BackUp/Blueprints/Target/BP_Target.uasset could not be added to source control
D:/ToJamProject/BackUp/Blueprints/Target/Test/Material.uasset could not be added to source control
D:/ToJamProject/BackUp/Blueprints/Target/Test/Rock.uasset could not be added to source control
D:/ToJamProject/BackUp/Blueprints/Target/Test/Rune.uasset could not be added to source control
D:/ToJamProject/BackUp/Blueprints/Target/Test/StoneRune.uasset could not be added to source control
D:/ToJamProject/BackUp/Blueprints/Target/Test/Rock_Rock.uasset could not be added to source control
D:/ToJamProject/BackUp/Blueprints/Target/Test/Rock_Rune.uasset could not be added to source control
D:/ToJamProject/BackUp/Blueprints/UI/UI_WinLoSe.uasset could not be added to source control
D:/ToJamProject/BackUp/Blueprints/Characters/BP_ShieldCharacter.uasset could not be added to source control
D:/ToJamProject/BackUp/Blueprints/Characters/ShieldGuy/BP_ShieldAnim.uasset could not be added to source control
D:/ToJamProject/BackUp/Blueprints/Characters/ShieldGuy/Animations/BlockMontage.uasset could not be added to source control
D:/ToJamProject/BackUp/Blueprints/Characters/ShieldGuy/Animations/sword_and_shield_block_idle.uasset could not be added to source control
D:/ToJamProject/BackUp/Blueprints/Characters/ShieldGuy/Animations/sword_and_shield_idle_3.uasset could not be added to source control
D:/ToJamProject/BackUp/Blueprints/Characters/ShieldGuy/Animations/sword_and_shield_jump.uasset could not be added to source control
D:/ToJamProject/BackUp/Blueprints/Characters/ShieldGuy/Animations/sword_and_shield_jump_inPlace.uasset could not be added to source control
D:/ToJamProject/BackUp/Blueprints/Characters/ShieldGuy/Animations/animWalkShieldGuy.uasset could not be added to source control
D:/ToJamProject/BackUp/Blueprints/Characters/ShieldGuy/Animations/sword_and_shield_run_inPlace.uasset could not be added to source control
D:/ToJamProject/BackUp/Blueprints/Characters/ShieldGuy/Animations/sword_and_shield_walk_inPlace.uasset could not be added to source control
D:/ToJamProject/BackUp/Blueprints/Characters/ShieldGuy/Animations/sword_and_shield_walk_inPlace_1.uasset could not be added to source control
D:/ToJamProject/BackUp/Blueprints/UI/DEBUG/UI_DEBUG.uasset could not be added to source control
D:/ToJamProject/BackUp/Sound/Bow_String_pull.uasset could not be added to source control

[2017.05.06-18.17.42:751][345]AssetTools: Info /Game/Blueprints/Characters/BowGuy/BP_BowAnim
[2017.05.06-18.17.42:751][345]AssetTools: Info /Game/Blueprints/Characters/BowGuy/Animations/Shooting
[2017.05.06-18.17.42:751][345]AssetTools: Info /Game/Blueprints/Characters/BowGuy/Animations/standing_aim_overdraw_Mirrored
[2017.05.06-18.17.42:751][345]AssetTools: Info /Game/Blueprints/Characters/BowGuy/Ganfaul_M_Aure_Skeleton
[2017.05.06-18.17.42:751][345]AssetTools: Info /Game/Blueprints/Characters/BowGuy/Ganfaul_M_Aure
[2017.05.06-18.17.42:751][345]AssetTools: Info /Game/Blueprints/Characters/BowGuy/Ganfaul_Body
[2017.05.06-18.17.42:751][345]AssetTools: Info /Game/Blueprints/Characters/BowGuy/Ganfaul_diffuse
[2017.05.06-18.17.42:751][345]AssetTools: Info /Game/Blueprints/Characters/BowGuy/Ganfaul_glow
[2017.05.06-18.17.42:751][345]AssetTools: Info /Game/Blueprints/Characters/BowGuy/Ganfaul_normal
[2017.05.06-18.17.42:751][345]AssetTools: Info /Game/Blueprints/Characters/BowGuy/Ganfaul_specular
[2017.05.06-18.17.42:751][345]AssetTools: Info /Game/Blueprints/Characters/BowGuy/Ganfaul_M_Aure_PhysicsAsset
[2017.05.06-18.17.42:751][345]AssetTools: Info /Game/Blueprints/Characters/BowGuy/Props/Bow/Bow00_mesh
[2017.05.06-18.17.42:751][345]AssetTools: Info /Game/Blueprints/Characters/BowGuy/Props/Bow/Bow00_mat
[2017.05.06-18.17.42:751][345]AssetTools: Info /Game/Blueprints/Characters/BowGuy/Props/Bow/Bow00_diff
[2017.05.06-18.17.42:751][345]AssetTools: Info /Game/Blueprints/Characters/BowGuy/Props/Bow/Bow00_mesh_PhysicsAsset
[2017.05.06-18.17.42:751][345]AssetTools: Info /Game/Blueprints/Characters/BowGuy/Props/Bow/Bow00_mesh_Skeleton
[2017.05.06-18.17.42:751][345]AssetTools: Info /Game/Blueprints/Characters/BowGuy/Props/Arrow/Arrow00_mesh
[2017.05.06-18.17.42:751][345]AssetTools: Info /Game/Blueprints/Characters/BowGuy/Props/Arrow/Arrow00_mat
[2017.05.06-18.17.42:751][345]AssetTools: Info /Game/Blueprints/Characters/BowGuy/Props/Arrow/Arrow00_diff
[2017.05.06-18.17.42:751][345]AssetTools: Info /Game/Blueprints/Characters/BowGuy/Props/Arrow/Arrow00_mesh_PhysicsAsset
[2017.05.06-18.17.42:751][345]AssetTools: Info /Game/Blueprints/Characters/BowGuy/Props/Arrow/Arrow00_mesh_Skeleton
[2017.05.06-18.17.42:751][345]AssetTools: Info /Game/Blueprints/Characters/BowGuy/Props/Quiver/Quiver
[2017.05.06-18.17.42:751][345]AssetTools: Info /Game/Blueprints/Characters/BowGuy/Props/Quiver/07_-_Default
[2017.05.06-18.17.42:751][345]AssetTools: Info /Game/Blueprints/Characters/BowGuy/Props/Quiver/Weapons
[2017.05.06-18.17.42:751][345]AssetTools: Info /Game/Blueprints/Characters/BowGuy/Props/Quiver/Quiver_PhysicsAsset
[2017.05.06-18.17.42:751][345]AssetTools: Info /Game/Blueprints/Characters/BowGuy/Props/Quiver/Quiver_Skeleton
[2017.05.06-18.17.42:751][345]AssetTools: Info /Game/Blueprints/Characters/BowGuy/Animations/standing_draw_arrow_Mirrored
[2017.05.06-18.17.42:751][345]AssetTools: Info /Game/Blueprints/Characters/BowGuy/Animations/sword_and_shield_jump_inPlace
[2017.05.06-18.17.42:751][345]AssetTools: Info /Game/Blueprints/Characters/BowGuy/Animations/Idle_Run
[2017.05.06-18.17.42:751][345]AssetTools: Info /Game/Blueprints/Characters/BowGuy/Animations/standing_idle_01_Mirrored
[2017.05.06-18.17.42:751][345]AssetTools: Info /Game/Blueprints/Characters/BowGuy/Animations/standing_run_forward_inPlace_Mirrored
[2017.05.06-18.17.42:751][345]AssetTools: Info /Game/Blueprints/Characters/BowGuy/Animations/standing_walk_back_inPlace_Mirrored
[2017.05.06-18.17.42:751][345]AssetTools: Info /Game/Blueprints/Characters/BowGuy/Animations/standing_walk_forward_inPlace_Mirrored
[2017.05.06-18.17.42:751][345]AssetTools: Info /Game/Blueprints/Characters/BaseCharacter
[2017.05.06-18.17.42:751][345]AssetTools: Info /Game/Blueprints/Mirror/BP_Mirror
[2017.05.06-18.17.42:751][345]AssetTools: Info /Game/Blueprints/Mirror/BP_MirrorEnum
[2017.05.06-18.17.42:751][345]AssetTools: Info /Game/Blueprints/Characters/ShieldGuy/Paladin_J_Nordstrom
[2017.05.06-18.17.42:751][345]AssetTools: Info /Game/Blueprints/Characters/ShieldGuy/Paladin_MAT
[2017.05.06-18.17.42:751][345]AssetTools: Info /Game/Blueprints/Characters/ShieldGuy/Paladin_diffuse
[2017.05.06-18.17.42:751][345]AssetTools: Info /Game/Blueprints/Characters/ShieldGuy/Paladin_normal
[2017.05.06-18.17.42:751][345]AssetTools: Info /Game/Blueprints/Characters/ShieldGuy/Paladin_specular
[2017.05.06-18.17.42:751][345]AssetTools: Info /Game/Blueprints/Characters/ShieldGuy/Paladin_J_Nordstrom_PhysicsAsset
[2017.05.06-18.17.42:751][345]AssetTools: Info /Game/Blueprints/Characters/ShieldGuy/Paladin_J_Nordstrom_Skeleton
[2017.05.06-18.17.42:751][345]AssetTools: Info /Game/Blueprints/Characters/ShieldGuy/Props/Shield/Shield00_mesh
[2017.05.06-18.17.42:751][345]AssetTools: Info /Game/Blueprints/Characters/ShieldGuy/Props/Shield/Shield00_mat
[2017.05.06-18.17.42:751][345]AssetTools: Info /Game/Blueprints/Characters/ShieldGuy/Props/Shield/Shield00_diff
[2017.05.06-18.17.42:751][345]AssetTools: Info /Game/Blueprints/Characters/ShieldGuy/Props/Shield/Shield00_mesh_PhysicsAsset
[2017.05.06-18.17.42:751][345]AssetTools: Info /Game/Blueprints/Characters/ShieldGuy/Props/Shield/Shield00_mesh_Skeleton
[2017.05.06-18.17.42:751][345]AssetTools: Info /Game/Blueprints/Characters/ShieldGuy/Props/Sword/Broadsword
[2017.05.06-18.17.42:751][345]AssetTools: Info /Game/Blueprints/Characters/ShieldGuy/Props/Sword/01_-_Default
[2017.05.06-18.17.42:751][345]AssetTools: Info /Game/Blueprints/Characters/ShieldGuy/Props/Sword/sword_c
[2017.05.06-18.17.42:751][345]AssetTools: Info /Game/Blueprints/Characters/ShieldGuy/Props/Sword/Broadsword_PhysicsAsset
[2017.05.06-18.17.42:751][345]AssetTools: Info /Game/Blueprints/Characters/ShieldGuy/Props/Sword/Broadsword_Skeleton
[2017.05.06-18.17.42:751][345]AssetTools: Info /Game/Blueprints/Characters/BP_BowCharacter
[2017.05.06-18.17.42:751][345]AssetTools: Info /Game/Blueprints/Projectile/BP_Projectile
[2017.05.06-18.17.42:751][345]AssetTools: Info /Game/Blueprints/BP_GameMode
[2017.05.06-18.17.42:751][345]AssetTools: Info /Game/Blueprints/Target/BP_Target
[2017.05.06-18.17.42:751][345]AssetTools: Info /Game/Blueprints/Target/Test/Material
[2017.05.06-18.17.42:751][345]AssetTools: Info /Game/Blueprints/Target/Test/Rock
[2017.05.06-18.17.42:751][345]AssetTools: Info /Game/Blueprints/Target/Test/Rune
[2017.05.06-18.17.42:751][345]AssetTools: Info /Game/Blueprints/Target/Test/StoneRune
[2017.05.06-18.17.42:751][345]AssetTools: Info /Game/Blueprints/Target/Test/Rock_Rock
[2017.05.06-18.17.42:751][345]AssetTools: Info /Game/Blueprints/Target/Test/Rock_Rune
[2017.05.06-18.17.42:751][345]AssetTools: Info /Game/Blueprints/UI/UI_WinLoSe
[2017.05.06-18.17.42:751][345]AssetTools: Info /Game/Blueprints/Characters/BP_ShieldCharacter
[2017.05.06-18.17.42:751][345]AssetTools: Info /Game/Blueprints/Characters/ShieldGuy/BP_ShieldAnim
[2017.05.06-18.17.42:751][345]AssetTools: Info /Game/Blueprints/Characters/ShieldGuy/Animations/BlockMontage
[2017.05.06-18.17.42:751][345]AssetTools: Info /Game/Blueprints/Characters/ShieldGuy/Animations/sword_and_shield_block_idle
[2017.05.06-18.17.42:751][345]AssetTools: Info /Game/Blueprints/Characters/ShieldGuy/Animations/sword_and_shield_idle_3
[2017.05.06-18.17.42:751][345]AssetTools: Info /Game/Blueprints/Characters/ShieldGuy/Animations/sword_and_shield_jump
[2017.05.06-18.17.42:751][345]AssetTools: Info /Game/Blueprints/Characters/ShieldGuy/Animations/sword_and_shield_jump_inPlace
[2017.05.06-18.17.42:751][345]AssetTools: Info /Game/Blueprints/Characters/ShieldGuy/Animations/animWalkShieldGuy
[2017.05.06-18.17.42:751][345]AssetTools: Info /Game/Blueprints/Characters/ShieldGuy/Animations/sword_and_shield_run_inPlace
[2017.05.06-18.17.42:751][345]AssetTools: Info /Game/Blueprints/Characters/ShieldGuy/Animations/sword_and_shield_walk_inPlace
[2017.05.06-18.17.42:751][345]AssetTools: Info /Game/Blueprints/Characters/ShieldGuy/Animations/sword_and_shield_walk_inPlace_1
[2017.05.06-18.17.42:751][345]AssetTools: Info /Game/Blueprints/UI/DEBUG/UI_DEBUG
[2017.05.06-18.17.42:751][345]AssetTools: Info /Game/Sound/Bow_String_pull
[2017.05.06-18.18.34:587][999]LogActorComponent: RegisterComponentWithWorld: (/Engine/Transient.World_21:PersistentLevel.Actor_4.DebugSkelMeshComponent_8) Already registered. Aborting.
[2017.05.06-18.18.34:723][999]LogSkeletalMesh: USkeletalMeshComponent::InitArticulated : Bodies already created (/Engine/Transient.World_21:PersistentLevel.Actor_4.DebugSkelMeshComponent_8) - call TermArticulated first.
[2017.05.06-18.18.35:401][ 33]LogActorComponent: RegisterComponentWithWorld: (/Engine/Transient.World_24:PersistentLevel.Actor_5.DebugSkelMeshComponent_10) Already registered. Aborting.
[2017.05.06-18.18.35:538][ 33]LogSkeletalMesh: USkeletalMeshComponent::InitArticulated : Bodies already created (/Engine/Transient.World_24:PersistentLevel.Actor_5.DebugSkelMeshComponent_10) - call TermArticulated first.
[2017.05.06-18.18.42:063][316]SourceControl: Info Source control is disabled
[2017.05.06-18.18.42:951][368]LogActorComponent: RegisterComponentWithWorld: (/Engine/Transient.World_27:PersistentLevel.Actor_6.DebugSkelMeshComponent_12) Already registered. Aborting.
[2017.05.06-18.18.43:086][368]LogSkeletalMesh: USkeletalMeshComponent::InitArticulated : Bodies already created (/Engine/Transient.World_27:PersistentLevel.Actor_6.DebugSkelMeshComponent_12) - call TermArticulated first.
[2017.05.06-18.18.44:465][444]LogActorComponent: RegisterComponentWithWorld: (/Engine/Transient.World_30:PersistentLevel.Actor_7.DebugSkelMeshComponent_14) Already registered. Aborting.
[2017.05.06-18.18.44:600][444]LogSkeletalMesh: USkeletalMeshComponent::InitArticulated : Bodies already created (/Engine/Transient.World_30:PersistentLevel.Actor_7.DebugSkelMeshComponent_14) - call TermArticulated first.
[2017.05.06-18.21.39:891][921]Cmd: CLOSE_SLATE_MAINFRAME
[2017.05.06-18.21.39:936][921]LogWindowsTextInputMethodSystem:Display: IME system now deactivated.
[2017.05.06-18.21.40:152][922]Cmd: QUIT_EDITOR
[2017.05.06-18.21.40:226][922]LogExit: Preparing to exit.
[2017.05.06-18.21.40:744][922]LogDirectoryWatcher: A directory notification for 'd:/ToJamProject/TOJAM17/Content/' was aborted.
[2017.05.06-18.21.40:776][922]LogExit: Editor shut down
[2017.05.06-18.21.40:776][922]LogExit: Transaction tracking system shut down
[2017.05.06-18.21.40:872][922]LogObj: Freed 0b from 0 cluster array pools.
[2017.05.06-18.21.40:872][922]LogExit: Object subsystem successfully closed.
[2017.05.06-18.21.40:882][922]LogD3D11RHI: Shutdown
[2017.05.06-18.21.40:882][922]LogD3D11RHI: CleanupD3DDevice
[2017.05.06-18.21.40:960][922]LogD3D11RHI: ~FD3D11DynamicRHI
[2017.05.06-18.21.40:967][922]LogModuleManager: Shutting down and abandoning module BlueprintGraph (506)
[2017.05.06-18.21.40:967][922]LogModuleManager: Shutting down and abandoning module BlueprintProfiler (504)
[2017.05.06-18.21.40:967][922]LogModuleManager: Shutting down and abandoning module SkeletonEditor (502)
[2017.05.06-18.21.40:967][922]LogModuleManager: Shutting down and abandoning module AnimationBlueprintEditor (500)
[2017.05.06-18.21.40:967][922]LogModuleManager: Shutting down and abandoning module HierarchicalLODOutliner (498)
[2017.05.06-18.21.40:967][922]LogModuleManager: Shutting down and abandoning module CrashTracker (496)
[2017.05.06-18.21.40:967][922]LogModuleManager: Shutting down and abandoning module SceneOutliner (494)
[2017.05.06-18.21.40:967][922]LogModuleManager: Shutting down and abandoning module AddContentDialog (492)
[2017.05.06-18.21.40:967][922]LogDirectoryWatcher: A directory notification for 'd:/Program Files/Epic Games/UE_4.15/FeaturePacks/' was aborted.
[2017.05.06-18.21.40:968][922]LogModuleManager: Shutting down and abandoning module WidgetCarousel (491)
[2017.05.06-18.21.40:968][922]LogModuleManager: Shutting down and abandoning module EditorWidgets (488)
[2017.05.06-18.21.40:968][922]LogModuleManager: Shutting down and abandoning module CollectionManager (486)
[2017.05.06-18.21.40:968][922]LogDirectoryWatcher: A directory notification for 'd:/ToJamProject/TOJAM17/Content/Collections/' was aborted.
[2017.05.06-18.21.40:968][922]LogDirectoryWatcher: A directory notification for 'd:/ToJamProject/TOJAM17/Content/Developers/khizer/Collections/' was aborted.
[2017.05.06-18.21.40:968][922]LogDirectoryWatcher: A directory notification for 'd:/ToJamProject/TOJAM17/Saved/Collections/' was aborted.
[2017.05.06-18.21.40:968][922]LogModuleManager: Shutting down and abandoning module StatsViewer (484)
[2017.05.06-18.21.40:968][922]LogModuleManager: Shutting down and abandoning module FoliageEdit (482)
[2017.05.06-18.21.40:968][922]LogModuleManager: Shutting down and abandoning module LandscapeEditor (480)
[2017.05.06-18.21.40:968][922]LogModuleManager: Shutting down and abandoning module SceneDepthPickerMode (478)
[2017.05.06-18.21.40:968][922]LogModuleManager: Shutting down and abandoning module ActorPickerMode (476)
[2017.05.06-18.21.40:968][922]LogModuleManager: Shutting down and abandoning module GeometryMode (474)
[2017.05.06-18.21.40:968][922]LogModuleManager: Shutting down and abandoning module TextureAlignMode (472)
[2017.05.06-18.21.40:968][922]LogModuleManager: Shutting down and abandoning module BspMode (470)
[2017.05.06-18.21.40:968][922]LogModuleManager: Shutting down and abandoning module HardwareSurvey (468)
[2017.05.06-18.21.40:968][922]LogModuleManager: Shutting down and abandoning module SequenceRecorderSections (466)
[2017.05.06-18.21.40:968][922]LogModuleManager: Shutting down and abandoning module AutomationWorker (464)
[2017.05.06-18.21.40:968][922]LogModuleManager: Shutting down and abandoning module MatineeToLevelSequence (462)
[2017.05.06-18.21.40:968][922]LogModuleManager: Shutting down and abandoning module LevelSequenceEditor (460)
[2017.05.06-18.21.40:968][922]LogModuleManager: Shutting down and abandoning module PlacementMode (459)
[2017.05.06-18.21.40:968][922]LogModuleManager: Shutting down and abandoning module WmfMediaFactory (456)
[2017.05.06-18.21.40:968][922]LogModuleManager: Shutting down and abandoning module WmfMediaEditor (454)
[2017.05.06-18.21.40:968][922]LogModuleManager: Shutting down and abandoning module MfMediaFactory (452)
[2017.05.06-18.21.40:968][922]LogModuleManager: Shutting down and abandoning module MfMediaEditor (450)
[2017.05.06-18.21.40:968][922]LogModuleManager: Shutting down and abandoning module AvfMediaFactory (448)
[2017.05.06-18.21.40:968][922]LogModuleManager: Shutting down and abandoning module AvfMediaEditor (446)
[2017.05.06-18.21.40:968][922]LogModuleManager: Shutting down and abandoning module AndroidMediaFactory (444)
[2017.05.06-18.21.40:968][922]LogModuleManager: Shutting down and abandoning module Media (443)
[2017.05.06-18.21.40:968][922]LogModuleManager: Shutting down and abandoning module AndroidMediaEditor (440)
[2017.05.06-18.21.40:968][922]LogModuleManager: Shutting down and abandoning module CharacterAI (438)
[2017.05.06-18.21.40:968][922]LogModuleManager: Shutting down and abandoning module AudioCapture (436)
[2017.05.06-18.21.40:968][922]LogModuleManager: Shutting down and abandoning module SequenceRecorder (435)
[2017.05.06-18.21.40:968][922]LogModuleManager: Shutting down and abandoning module SmartSnapping (432)
[2017.05.06-18.21.40:968][922]LogModuleManager: Shutting down and abandoning module SessionServices (430)
[2017.05.06-18.21.40:968][922]LogModuleManager: Shutting down and abandoning module ViewportSnapping (428)
[2017.05.06-18.21.40:969][922]LogModuleManager: Shutting down and abandoning module ViewportInteraction (426)
[2017.05.06-18.21.40:969][922]LogModuleManager: Shutting down and abandoning module LogVisualizer (424)
[2017.05.06-18.21.40:969][922]LogModuleManager: Shutting down and abandoning module IntroTutorials (422)
[2017.05.06-18.21.40:969][922]LogModuleManager: Shutting down and abandoning module GameProjectGeneration (421)
[2017.05.06-18.21.40:969][922]LogModuleManager: Shutting down and abandoning module EditorLiveStreaming (418)
[2017.05.06-18.21.40:969][922]LogModuleManager: Shutting down and abandoning module IOSPlatformEditor (416)
[2017.05.06-18.21.40:969][922]LogModuleManager: Shutting down and abandoning module HTML5PlatformEditor (414)
[2017.05.06-18.21.40:969][922]LogModuleManager: Shutting down and abandoning module AndroidPlatformEditor (412)
[2017.05.06-18.21.40:969][922]LogModuleManager: Shutting down and abandoning module AndroidDeviceDetection (411)
[2017.05.06-18.21.41:162][922]LogModuleManager: Shutting down and abandoning module IOSRuntimeSettings (408)
[2017.05.06-18.21.41:162][922]LogModuleManager: Shutting down and abandoning module AndroidRuntimeSettings (406)
[2017.05.06-18.21.41:162][922]LogModuleManager: Shutting down and abandoning module InputBindingEditor (404)
[2017.05.06-18.21.41:162][922]LogModuleManager: Shutting down and abandoning module NiagaraEditor (402)
[2017.05.06-18.21.41:162][922]LogModuleManager: Shutting down and abandoning module MergeActors (400)
[2017.05.06-18.21.41:162][922]LogModuleManager: Shutting down and abandoning module SizeMap (398)
[2017.05.06-18.21.41:162][922]LogModuleManager: Shutting down and abandoning module TreeMap (396)
[2017.05.06-18.21.41:162][922]LogModuleManager: Shutting down and abandoning module ReferenceViewer (394)
[2017.05.06-18.21.41:162][922]LogModuleManager: Shutting down and abandoning module LocalizationDashboard (392)
[2017.05.06-18.21.41:162][922]LogModuleManager: Shutting down and abandoning module LocalizationService (391)
[2017.05.06-18.21.41:162][922]LogModuleManager: Shutting down and abandoning module HardwareTargeting (388)
[2017.05.06-18.21.41:162][922]LogModuleManager: Shutting down and abandoning module DeviceProfileEditor (386)
[2017.05.06-18.21.41:162][922]LogModuleManager: Shutting down and abandoning module UndoHistory (384)
[2017.05.06-18.21.41:162][922]LogModuleManager: Shutting down and abandoning module UserFeedback (382)
[2017.05.06-18.21.41:162][922]LogModuleManager: Shutting down and abandoning module XmlParser (380)
[2017.05.06-18.21.41:162][922]LogModuleManager: Shutting down and abandoning module Blutility (378)
[2017.05.06-18.21.41:162][922]LogModuleManager: Shutting down and abandoning module ProjectSettingsViewer (376)
[2017.05.06-18.21.41:162][922]LogModuleManager: Shutting down and abandoning module ProjectTargetPlatformEditor (375)
[2017.05.06-18.21.41:163][922]LogModuleManager: Shutting down and abandoning module EditorSettingsViewer (372)
[2017.05.06-18.21.41:163][922]LogModuleManager: Shutting down and abandoning module SettingsEditor (370)
[2017.05.06-18.21.41:163][922]LogModuleManager: Shutting down and abandoning module ProjectLauncher (368)
[2017.05.06-18.21.41:163][922]LogModuleManager: Shutting down and abandoning module SessionFrontend (366)
[2017.05.06-18.21.41:163][922]LogModuleManager: Shutting down and abandoning module ProfilerClient (364)
[2017.05.06-18.21.41:163][922]LogModuleManager: Shutting down and abandoning module DeviceManager (362)
[2017.05.06-18.21.41:163][922]LogModuleManager: Shutting down and abandoning module TargetDeviceServices (361)
[2017.05.06-18.21.41:218][922]LogModuleManager: Shutting down and abandoning module AutomationController (358)
[2017.05.06-18.21.41:218][922]LogModuleManager: Shutting down and abandoning module AutomationWindow (356)
[2017.05.06-18.21.41:218][922]LogModuleManager: Shutting down and abandoning module Layers (354)
[2017.05.06-18.21.41:218][922]LogModuleManager: Shutting down and abandoning module ComponentVisualizers (352)
[2017.05.06-18.21.41:218][922]LogModuleManager: Shutting down and abandoning module DetailCustomizations (350)
[2017.05.06-18.21.41:218][922]LogModuleManager: Shutting down and abandoning module PackagesDialog (348)
[2017.05.06-18.21.41:218][922]LogModuleManager: Shutting down and abandoning module Persona (346)
[2017.05.06-18.21.41:218][922]LogModuleManager: Shutting down and abandoning module AnimGraph (345)
[2017.05.06-18.21.41:218][922]LogModuleManager: Shutting down and abandoning module Kismet (342)
[2017.05.06-18.21.41:225][922]LogModuleManager: Shutting down and abandoning module GraphEditor (340)
[2017.05.06-18.21.41:225][922]LogModuleManager: Shutting down and abandoning module ClassViewer (338)
[2017.05.06-18.21.41:225][922]LogModuleManager: Shutting down and abandoning module Toolbox (336)
[2017.05.06-18.21.41:225][922]LogModuleManager: Shutting down and abandoning module ModuleUI (334)
[2017.05.06-18.21.41:225][922]LogModuleManager: Shutting down and abandoning module MovieSceneTools (332)
[2017.05.06-18.21.41:225][922]LogModuleManager: Shutting down and abandoning module OutputLog (330)
[2017.05.06-18.21.41:225][922]LogModuleManager: Shutting down and abandoning module GammaUI (328)
[2017.05.06-18.21.41:225][922]LogModuleManager: Shutting down and abandoning module Documentation (326)
[2017.05.06-18.21.41:225][922]LogModuleManager: Shutting down and abandoning module Niagara (324)
[2017.05.06-18.21.41:225][922]LogModuleManager: Shutting down and abandoning module StreamingPauseRendering (322)
[2017.05.06-18.21.41:225][922]LogModuleManager: Shutting down and abandoning module AnalyticsET (320)
[2017.05.06-18.21.41:225][922]LogModuleManager: Shutting down and abandoning module PortalServices (318)
[2017.05.06-18.21.41:225][922]LogModuleManager: Shutting down and abandoning module PortalRpc (316)
[2017.05.06-18.21.41:225][922]LogModuleManager: Shutting down and abandoning module MessagingRpc (314)
[2017.05.06-18.21.41:225][922]LogModuleManager: Shutting down and abandoning module AIModule (312)
[2017.05.06-18.21.41:225][922]LogModuleManager: Shutting down and abandoning module GameplayDebugger (311)
[2017.05.06-18.21.41:225][922]LogModuleManager: Shutting down and abandoning module AITestSuite (309)
[2017.05.06-18.21.41:225][922]LogModuleManager: Shutting down and abandoning module ProfilerService (306)
[2017.05.06-18.21.41:397][922]LogModuleManager: Shutting down and abandoning module TaskGraph (304)
[2017.05.06-18.21.41:397][922]LogModuleManager: Shutting down and abandoning module SteamVRController (302)
[2017.05.06-18.21.41:397][922]LogModuleManager: Shutting down and abandoning module SteamVR (300)
[2017.05.06-18.21.41:397][922]LogModuleManager: Shutting down and abandoning module ProceduralMeshComponentEditor (298)
[2017.05.06-18.21.41:397][922]LogModuleManager: Shutting down and abandoning module ProceduralMeshComponent (296)
[2017.05.06-18.21.41:397][922]LogModuleManager: Shutting down and abandoning module OculusLibrary (294)
[2017.05.06-18.21.41:397][922]LogModuleManager: Shutting down and abandoning module OculusInput (292)
[2017.05.06-18.21.41:397][922]LogModuleManager: Shutting down and abandoning module MobilePatchingUtils (290)
[2017.05.06-18.21.41:397][922]LogModuleManager: Shutting down and abandoning module CustomMeshComponent (288)
[2017.05.06-18.21.41:397][922]LogModuleManager: Shutting down and abandoning module CableComponent (286)
[2017.05.06-18.21.41:397][922]LogModuleManager: Shutting down and abandoning module ArchVisCharacter (284)
[2017.05.06-18.21.41:397][922]LogModuleManager: Shutting down and abandoning module MediaPlayerEditor (280)
[2017.05.06-18.21.41:397][922]LogModuleManager: Shutting down and abandoning module HTML5Networking (278)
[2017.05.06-18.21.41:397][922]LogModuleManager: Shutting down and abandoning module AlembicImporter (276)
[2017.05.06-18.21.41:397][922]LogModuleManager: Shutting down and abandoning module AlembicLibrary (275)
[2017.05.06-18.21.41:397][922]LogModuleManager: Shutting down and abandoning module GeometryCache (274)
[2017.05.06-18.21.41:397][922]LogModuleManager: Shutting down and abandoning module GeometryCacheEd (273)
[2017.05.06-18.21.41:397][922]LogModuleManager: Shutting down and abandoning module SuperSearchEditor (268)
[2017.05.06-18.21.41:397][922]LogModuleManager: Shutting down and abandoning module SuperSearch (267)
[2017.05.06-18.21.41:397][922]LogModuleManager: Shutting down and abandoning module SpeedTreeImporter (264)
[2017.05.06-18.21.41:397][922]LogModuleManager: Shutting down and abandoning module PluginBrowser (262)
[2017.05.06-18.21.41:397][922]LogModuleManager: Shutting down and abandoning module MobileLauncherProfileWizard (260)
[2017.05.06-18.21.41:397][922]LogModuleManager: Shutting down and abandoning module EpicSurvey (258)
[2017.05.06-18.21.41:397][922]LogModuleManager: Shutting down and abandoning module VisualStudioSourceCodeAccess (256)
[2017.05.06-18.21.41:397][922]LogModuleManager: Shutting down and abandoning module DesktopPlatform (255)
[2017.05.06-18.21.41:397][922]LogModuleManager: Shutting down and abandoning module UObjectPlugin (252)
[2017.05.06-18.21.41:397][922]LogModuleManager: Shutting down and abandoning module SubversionSourceControl (250)
[2017.05.06-18.21.41:397][922]LogModuleManager: Shutting down and abandoning module PerforceSourceControl (248)
[2017.05.06-18.21.41:397][922]LogModuleManager: Shutting down and abandoning module GitSourceControl (246)
[2017.05.06-18.21.41:397][922]LogModuleManager: Shutting down and abandoning module SourceControl (245)
[2017.05.06-18.21.41:397][922]LogModuleManager: Shutting down and abandoning module LightPropagationVolumeEditor (242)
[2017.05.06-18.21.41:397][922]LogModuleManager: Shutting down and abandoning module PaperTiledImporter (240)
[2017.05.06-18.21.41:398][922]LogModuleManager: Shutting down and abandoning module PaperSpriteSheetImporter (238)
[2017.05.06-18.21.41:398][922]LogModuleManager: Shutting down and abandoning module Paper2DEditor (236)
[2017.05.06-18.21.41:398][922]LogModuleManager: Shutting down and abandoning module MeshPaint (235)
[2017.05.06-18.21.41:398][922]LogModuleManager: Shutting down and abandoning module LevelEditor (233)
[2017.05.06-18.21.41:398][922]LogModuleManager: Shutting down and abandoning module PixelInspectorModule (232)
[2017.05.06-18.21.41:398][922]LogModuleManager: Shutting down and abandoning module MainFrame (230)
[2017.05.06-18.21.41:398][922]LogModuleManager: Shutting down and abandoning module HotReload (229)
[2017.05.06-18.21.41:399][922]LogModuleManager: Shutting down and abandoning module ContentBrowser (225)
[2017.05.06-18.21.41:400][922]LogModuleManager: Shutting down and abandoning module PhysXVehiclesEditor (222)
[2017.05.06-18.21.41:400][922]LogModuleManager: Shutting down and abandoning module PhysXVehicles (220)
[2017.05.06-18.21.41:400][922]LogModuleManager: Shutting down and abandoning module LocationServicesBPLibrary (218)
[2017.05.06-18.21.41:400][922]LogModuleManager: Shutting down and abandoning module UdpMessaging (216)
[2017.05.06-18.21.41:501][922]LogModuleManager: Shutting down and abandoning module TcpMessaging (214)
[2017.05.06-18.21.41:602][922]LogModuleManager: Shutting down and abandoning module GameplayTagsEditor (212)
[2017.05.06-18.21.41:602][922]LogModuleManager: Shutting down and abandoning module FacialAnimationEditor (210)
[2017.05.06-18.21.41:602][922]LogModuleManager: Shutting down and abandoning module FacialAnimation (208)
[2017.05.06-18.21.41:602][922]LogModuleManager: Shutting down and abandoning module LightPropagationVolumeRuntime (206)
[2017.05.06-18.21.41:602][922]LogModuleManager: Shutting down and abandoning module Paper2D (204)
[2017.05.06-18.21.41:602][922]LogModuleManager: Shutting down and abandoning module WindowsMoviePlayer (202)
[2017.05.06-18.21.41:602][922]LogModuleManager: Shutting down and abandoning module WmfMedia (200)
[2017.05.06-18.21.41:602][922]LogModuleManager: Shutting down and abandoning module MfMedia (198)
[2017.05.06-18.21.41:602][922]LogModuleManager: Shutting down and abandoning module MediaAssets (196)
[2017.05.06-18.21.41:602][922]LogModuleManager: Shutting down and abandoning module GameLiveStreaming (194)
[2017.05.06-18.21.41:602][922]LogModuleManager: Shutting down and abandoning module VREditor (192)
[2017.05.06-18.21.41:602][922]LogModuleManager: Shutting down and abandoning module GameplayTasksEditor (190)
[2017.05.06-18.21.41:602][922]LogModuleManager: Shutting down and abandoning module BehaviorTreeEditor (188)
[2017.05.06-18.21.41:602][922]LogModuleManager: Shutting down and abandoning module FunctionalTesting (186)
[2017.05.06-18.21.41:602][922]LogModuleManager: Shutting down and abandoning module CollisionAnalyzer (184)
[2017.05.06-18.21.41:602][922]LogModuleManager: Shutting down and abandoning module UMG (182)
[2017.05.06-18.21.41:602][922]LogModuleManager: Shutting down and abandoning module UMGEditor (181)
[2017.05.06-18.21.41:602][922]LogModuleManager: Shutting down and abandoning module Sequencer (180)
[2017.05.06-18.21.41:602][922]LogModuleManager: Shutting down and abandoning module AssetTools (178)
[2017.05.06-18.21.41:602][922]LogModuleManager: Shutting down and abandoning module MessageLog (177)
[2017.05.06-18.21.41:602][922]LogModuleManager: Shutting down and abandoning module WorkspaceMenuStructure (176)
[2017.05.06-18.21.41:602][922]LogModuleManager: Shutting down and abandoning module SlateReflector (170)
[2017.05.06-18.21.41:602][922]LogModuleManager: Shutting down and abandoning module Slate (168)
[2017.05.06-18.21.41:602][922]LogModuleManager: Shutting down and abandoning module EditorStyle (166)
[2017.05.06-18.21.41:604][922]LogModuleManager: Shutting down and abandoning module SourceCodeAccess (164)
[2017.05.06-18.21.41:604][922]LogModuleManager: Shutting down and abandoning module HeadMountedDisplay (162)
[2017.05.06-18.21.41:604][922]LogModuleManager: Shutting down and abandoning module XAudio2 (160)
[2017.05.06-18.21.41:604][922]LogModuleManager: Shutting down and abandoning module Networking (158)
[2017.05.06-18.21.41:604][922]LogModuleManager: Shutting down and abandoning module Core (154)
[2017.05.06-18.21.41:604][922]LogModuleManager: Shutting down and abandoning module AssetRegistry (152)
[2017.05.06-18.21.41:646][922]LogDirectoryWatcher: A directory notification for '../../../Engine/Content/' was aborted.
[2017.05.06-18.21.41:646][922]LogDirectoryWatcher: A directory notification for '../../../../../../ToJamProject/TOJAM17/Content/' was aborted.
[2017.05.06-18.21.41:646][922]LogDirectoryWatcher: A directory notification for '../../../Engine/Plugins/2D/Paper2D/Content/' was aborted.
[2017.05.06-18.21.41:646][922]LogModuleManager: Shutting down and abandoning module DirectoryWatcher (151)
[2017.05.06-18.21.41:647][922]LogModuleManager: Shutting down and abandoning module KismetCompiler (148)
[2017.05.06-18.21.41:647][922]LogModuleManager: Shutting down and abandoning module PhysXFormats (146)
[2017.05.06-18.21.41:647][922]LogModuleManager: Shutting down and abandoning module MeshUtilities (144)
[2017.05.06-18.21.41:647][922]LogModuleManager: Shutting down and abandoning module SimplygonSwarm (143)
[2017.05.06-18.21.41:647][922]LogModuleManager: Shutting down and abandoning module SimplygonMeshReduction (141)
[2017.05.06-18.21.41:647][922]LogModuleManager: Shutting down and abandoning module QuadricMeshReduction (139)
[2017.05.06-18.21.41:647][922]LogModuleManager: Shutting down and abandoning module PropertyEditor (137)
[2017.05.06-18.21.41:647][922]LogModuleManager: Shutting down and abandoning module DerivedDataCache (134)
[2017.05.06-18.21.41:659][922]LogDerivedDataCache: Shutdown
[2017.05.06-18.21.41:659][922]LogModuleManager: Shutting down and abandoning module TargetPlatform (132)
[2017.05.06-18.21.41:659][922]LogModuleManager: Shutting down and abandoning module VulkanShaderFormat (131)
[2017.05.06-18.21.41:659][922]LogModuleManager: Shutting down and abandoning module ShaderFormatOpenGL (129)
[2017.05.06-18.21.41:659][922]LogModuleManager: Shutting down and abandoning module ShaderFormatD3D (127)
[2017.05.06-18.21.41:659][922]LogModuleManager: Shutting down and abandoning module MetalShaderFormat (125)
[2017.05.06-18.21.41:659][922]LogModuleManager: Shutting down and abandoning module TextureFormatUncompressed (123)
[2017.05.06-18.21.41:659][922]LogModuleManager: Shutting down and abandoning module TextureFormatPVR (121)
[2017.05.06-18.21.41:659][922]LogModuleManager: Shutting down and abandoning module TextureFormatDXT (119)
[2017.05.06-18.21.41:659][922]LogModuleManager: Shutting down and abandoning module TextureFormatIntelISPCTexComp (117)
[2017.05.06-18.21.41:659][922]LogModuleManager: Shutting down and abandoning module TextureFormatASTC (115)
[2017.05.06-18.21.41:659][922]LogModuleManager: Shutting down and abandoning module ImageWrapper (114)
[2017.05.06-18.21.41:659][922]LogModuleManager: Shutting down and abandoning module TextureFormatAndroid (111)
[2017.05.06-18.21.41:659][922]LogModuleManager: Shutting down and abandoning module AudioFormatOpus (109)
[2017.05.06-18.21.41:659][922]LogModuleManager: Shutting down and abandoning module AudioFormatOgg (107)
[2017.05.06-18.21.41:659][922]LogModuleManager: Shutting down and abandoning module AudioFormatADPCM (105)
[2017.05.06-18.21.41:659][922]LogModuleManager: Shutting down and abandoning module LinuxTargetPlatform (103)
[2017.05.06-18.21.41:659][922]LogModuleManager: Shutting down and abandoning module LinuxServerTargetPlatform (101)
[2017.05.06-18.21.41:659][922]LogModuleManager: Shutting down and abandoning module LinuxNoEditorTargetPlatform (99)
[2017.05.06-18.21.41:659][922]LogModuleManager: Shutting down and abandoning module LinuxClientTargetPlatform (97)
[2017.05.06-18.21.41:659][922]LogModuleManager: Shutting down and abandoning module TVOSTargetPlatform (95)
[2017.05.06-18.21.41:659][922]LogModuleManager: Shutting down and abandoning module Messaging (93)
[2017.05.06-18.21.41:659][922]LogModuleManager: Shutting down and abandoning module IOSTargetPlatform (91)
[2017.05.06-18.21.41:659][922]LogModuleManager: Shutting down and abandoning module HTML5TargetPlatform (89)
[2017.05.06-18.21.41:659][922]LogModuleManager: Shutting down and abandoning module Android_PVRTCTargetPlatform (87)
[2017.05.06-18.21.41:659][922]LogModuleManager: Shutting down and abandoning module Android_MultiTargetPlatform (85)
[2017.05.06-18.21.41:659][922]LogModuleManager: Shutting down and abandoning module Android_ETC2TargetPlatform (83)
[2017.05.06-18.21.41:659][922]LogModuleManager: Shutting down and abandoning module Android_ETC1TargetPlatform (81)
[2017.05.06-18.21.41:659][922]LogModuleManager: Shutting down and abandoning module Android_DXTTargetPlatform (79)
[2017.05.06-18.21.41:659][922]LogModuleManager: Shutting down and abandoning module Android_ATCTargetPlatform (77)
[2017.05.06-18.21.41:659][922]LogModuleManager: Shutting down and abandoning module Android_ASTCTargetPlatform (75)
[2017.05.06-18.21.41:659][922]LogModuleManager: Shutting down and abandoning module AndroidTargetPlatform (73)
[2017.05.06-18.21.41:659][922]LogModuleManager: Shutting down and abandoning module WindowsTargetPlatform (71)
[2017.05.06-18.21.41:659][922]LogModuleManager: Shutting down and abandoning module WindowsServerTargetPlatform (69)
[2017.05.06-18.21.41:659][922]LogModuleManager: Shutting down and abandoning module WindowsNoEditorTargetPlatform (67)
[2017.05.06-18.21.41:659][922]LogModuleManager: Shutting down and abandoning module WindowsClientTargetPlatform (65)
[2017.05.06-18.21.41:660][922]LogModuleManager: Shutting down and abandoning module MacTargetPlatform (63)
[2017.05.06-18.21.41:660][922]LogModuleManager: Shutting down and abandoning module MacServerTargetPlatform (61)
[2017.05.06-18.21.41:660][922]LogModuleManager: Shutting down and abandoning module MacNoEditorTargetPlatform (59)
[2017.05.06-18.21.41:660][922]LogModuleManager: Shutting down and abandoning module MacClientTargetPlatform (57)
[2017.05.06-18.21.41:660][922]LogModuleManager: Shutting down and abandoning module AllDesktopTargetPlatform (55)
[2017.05.06-18.21.41:660][922]LogModuleManager: Shutting down and abandoning module InputCore (52)
[2017.05.06-18.21.41:660][922]LogModuleManager: Shutting down and abandoning module Settings (50)
[2017.05.06-18.21.41:660][922]LogModuleManager: Shutting down and abandoning module OculusRift (48)
[2017.05.06-18.21.41:660][922]LogModuleManager: Shutting down and abandoning module GearVR (46)
[2017.05.06-18.21.41:660][922]LogModuleManager: Shutting down and abandoning module ExampleDeviceProfileSelector (44)
[2017.05.06-18.21.41:660][922]LogModuleManager: Shutting down and abandoning module OnlineBlueprintSupport (42)
[2017.05.06-18.21.41:660][922]LogModuleManager: Shutting down and abandoning module OnlineSubsystem (38)
[2017.05.06-18.21.41:660][922]LogOnline:Display: Unloading online subsystem: NULL
[2017.05.06-18.21.41:660][922]LogModuleManager: Shutting down and abandoning module XMPP (37)
[2017.05.06-18.21.41:660][922]LogModuleManager: Shutting down and abandoning module HTTP (35)
[2017.05.06-18.21.41:660][922]LogHttp:Display: Http module shutting down, but needs to wait on 1 outstanding Http requests:
[2017.05.06-18.21.41:660][922]LogHttp:Display: 	verb=[POST] url=[https://datarouter.ol.epicgames.com/datarouter/api/v1/public/data?SessionID=%7BCD51B983-4ADB-19C2-4ABA-FB9BBBC9B0F9%7D&AppID=UEEditor.Rocket.Release&AppVersion=4.15.2-3416026%2B%2B%2BUE4%2BRelease-4.15&UserID=c5b402cf49c63dace635ba838d11588f%7C96dae05c1d2b439eb3e9c8ed0f078533%7C118f4c32-a4b9-44d1-8e1c-bba63ea92925&AppEnvironment=datacollector-binary&UploadType=eteventstream] status=Processing
[2017.05.06-18.21.41:692][922]LogModuleManager: Shutting down and abandoning module SSL (34)
[2017.05.06-18.21.41:693][922]LogModuleManager: Shutting down and abandoning module AudioEditor (30)
[2017.05.06-18.21.41:693][922]LogModuleManager: Shutting down and abandoning module TextureCompressor (28)
[2017.05.06-18.21.41:693][922]LogModuleManager: Shutting down and abandoning module ShaderCore (26)
[2017.05.06-18.21.41:693][922]LogModuleManager: Shutting down and abandoning module Landscape (24)
[2017.05.06-18.21.41:693][922]LogModuleManager: Shutting down and abandoning module SlateRHIRenderer (22)
[2017.05.06-18.21.41:694][922]LogModuleManager: Shutting down and abandoning module OpenGLDrv (20)
[2017.05.06-18.21.41:694][922]LogModuleManager: Shutting down and abandoning module D3D11RHI (18)
[2017.05.06-18.21.41:694][922]LogModuleManager: Shutting down and abandoning module AnimGraphRuntime (16)
[2017.05.06-18.21.41:694][922]LogModuleManager: Shutting down and abandoning module Renderer (14)
[2017.05.06-18.21.41:694][922]LogModuleManager: Shutting down and abandoning module Engine (12)
[2017.05.06-18.21.41:694][922]LogModuleManager: Shutting down and abandoning module CoreUObject (10)
[2017.05.06-18.21.41:694][922]LogModuleManager: Shutting down and abandoning module NetworkFile (8)
[2017.05.06-18.21.41:694][922]LogModuleManager: Shutting down and abandoning module StreamingFile (6)
[2017.05.06-18.21.41:694][922]LogModuleManager: Shutting down and abandoning module SandboxFile (4)
[2017.05.06-18.21.41:694][922]LogModuleManager: Shutting down and abandoning module PakFile (2)
[2017.05.06-18.21.41:696][922]LogExit: Exiting.
[2017.05.06-18.21.41:698][922]Log file closed, 05/06/17 14:21:41
